ARM GAS  C:\Users\Steve\AppData\Local\Temp\ccCmFJdH.s 			page 1


   1              		.cpu cortex-m0
   2              		.fpu softvfp
   3              		.eabi_attribute 20, 1
   4              		.eabi_attribute 21, 1
   5              		.eabi_attribute 23, 3
   6              		.eabi_attribute 24, 1
   7              		.eabi_attribute 25, 1
   8              		.eabi_attribute 26, 1
   9              		.eabi_attribute 30, 2
  10              		.eabi_attribute 34, 0
  11              		.eabi_attribute 18, 4
  12              		.code	16
  13              		.file	"ADC_SAR_Seq_1_PM.c"
  14              		.text
  15              	.Ltext0:
  16              		.cfi_sections	.debug_frame
  17              		.section	.text.ADC_SAR_Seq_1_SaveConfig,"ax",%progbits
  18              		.align	2
  19              		.global	ADC_SAR_Seq_1_SaveConfig
  20              		.code	16
  21              		.thumb_func
  22              		.type	ADC_SAR_Seq_1_SaveConfig, %function
  23              	ADC_SAR_Seq_1_SaveConfig:
  24              	.LFB0:
  25              		.file 1 ".\\Generated_Source\\PSoC4\\ADC_SAR_Seq_1_PM.c"
   1:.\Generated_Source\PSoC4/ADC_SAR_Seq_1_PM.c **** /*******************************************************************************
   2:.\Generated_Source\PSoC4/ADC_SAR_Seq_1_PM.c **** * File Name: ADC_SAR_Seq_1_PM.c
   3:.\Generated_Source\PSoC4/ADC_SAR_Seq_1_PM.c **** * Version 1.10
   4:.\Generated_Source\PSoC4/ADC_SAR_Seq_1_PM.c **** *
   5:.\Generated_Source\PSoC4/ADC_SAR_Seq_1_PM.c **** * Description:
   6:.\Generated_Source\PSoC4/ADC_SAR_Seq_1_PM.c **** *  This file provides Sleep/WakeUp APIs functionality.
   7:.\Generated_Source\PSoC4/ADC_SAR_Seq_1_PM.c **** *
   8:.\Generated_Source\PSoC4/ADC_SAR_Seq_1_PM.c **** * Note:
   9:.\Generated_Source\PSoC4/ADC_SAR_Seq_1_PM.c **** *
  10:.\Generated_Source\PSoC4/ADC_SAR_Seq_1_PM.c **** ********************************************************************************
  11:.\Generated_Source\PSoC4/ADC_SAR_Seq_1_PM.c **** * Copyright 2008-2013, Cypress Semiconductor Corporation.  All rights reserved.
  12:.\Generated_Source\PSoC4/ADC_SAR_Seq_1_PM.c **** * You may use this file only in accordance with the license, terms, conditions,
  13:.\Generated_Source\PSoC4/ADC_SAR_Seq_1_PM.c **** * disclaimers, and limitations in the end user license agreement accompanying
  14:.\Generated_Source\PSoC4/ADC_SAR_Seq_1_PM.c **** * the software package with which this file was provided.
  15:.\Generated_Source\PSoC4/ADC_SAR_Seq_1_PM.c **** *******************************************************************************/
  16:.\Generated_Source\PSoC4/ADC_SAR_Seq_1_PM.c **** 
  17:.\Generated_Source\PSoC4/ADC_SAR_Seq_1_PM.c **** #include "CyLib.h"
  18:.\Generated_Source\PSoC4/ADC_SAR_Seq_1_PM.c **** #include "ADC_SAR_Seq_1.h"
  19:.\Generated_Source\PSoC4/ADC_SAR_Seq_1_PM.c **** 
  20:.\Generated_Source\PSoC4/ADC_SAR_Seq_1_PM.c **** 
  21:.\Generated_Source\PSoC4/ADC_SAR_Seq_1_PM.c **** /***************************************
  22:.\Generated_Source\PSoC4/ADC_SAR_Seq_1_PM.c **** * Local data allocation
  23:.\Generated_Source\PSoC4/ADC_SAR_Seq_1_PM.c **** ***************************************/
  24:.\Generated_Source\PSoC4/ADC_SAR_Seq_1_PM.c **** 
  25:.\Generated_Source\PSoC4/ADC_SAR_Seq_1_PM.c **** static ADC_SAR_Seq_1_BACKUP_STRUCT  ADC_SAR_Seq_1_backup =
  26:.\Generated_Source\PSoC4/ADC_SAR_Seq_1_PM.c **** {
  27:.\Generated_Source\PSoC4/ADC_SAR_Seq_1_PM.c ****     ADC_SAR_Seq_1_DISABLED
  28:.\Generated_Source\PSoC4/ADC_SAR_Seq_1_PM.c **** };
  29:.\Generated_Source\PSoC4/ADC_SAR_Seq_1_PM.c **** 
  30:.\Generated_Source\PSoC4/ADC_SAR_Seq_1_PM.c **** 
  31:.\Generated_Source\PSoC4/ADC_SAR_Seq_1_PM.c **** /*******************************************************************************
  32:.\Generated_Source\PSoC4/ADC_SAR_Seq_1_PM.c **** * Function Name: ADC_SAR_Seq_1_SaveConfig
ARM GAS  C:\Users\Steve\AppData\Local\Temp\ccCmFJdH.s 			page 2


  33:.\Generated_Source\PSoC4/ADC_SAR_Seq_1_PM.c **** ********************************************************************************
  34:.\Generated_Source\PSoC4/ADC_SAR_Seq_1_PM.c **** *
  35:.\Generated_Source\PSoC4/ADC_SAR_Seq_1_PM.c **** * Summary:
  36:.\Generated_Source\PSoC4/ADC_SAR_Seq_1_PM.c **** *  Saves the current user configuration.
  37:.\Generated_Source\PSoC4/ADC_SAR_Seq_1_PM.c **** *
  38:.\Generated_Source\PSoC4/ADC_SAR_Seq_1_PM.c **** * Parameters:
  39:.\Generated_Source\PSoC4/ADC_SAR_Seq_1_PM.c **** *  None.
  40:.\Generated_Source\PSoC4/ADC_SAR_Seq_1_PM.c **** *
  41:.\Generated_Source\PSoC4/ADC_SAR_Seq_1_PM.c **** * Return:
  42:.\Generated_Source\PSoC4/ADC_SAR_Seq_1_PM.c **** *  None.
  43:.\Generated_Source\PSoC4/ADC_SAR_Seq_1_PM.c **** *
  44:.\Generated_Source\PSoC4/ADC_SAR_Seq_1_PM.c **** *******************************************************************************/
  45:.\Generated_Source\PSoC4/ADC_SAR_Seq_1_PM.c **** void ADC_SAR_Seq_1_SaveConfig(void)
  46:.\Generated_Source\PSoC4/ADC_SAR_Seq_1_PM.c **** {
  26              		.loc 1 46 0
  27              		.cfi_startproc
  47:.\Generated_Source\PSoC4/ADC_SAR_Seq_1_PM.c ****     /* All configuration registers are marked as [reset_all_retention] */
  48:.\Generated_Source\PSoC4/ADC_SAR_Seq_1_PM.c **** }
  28              		.loc 1 48 0
  29              		@ sp needed for prologue
  30 0000 7047     		bx	lr
  31              		.cfi_endproc
  32              	.LFE0:
  33              		.size	ADC_SAR_Seq_1_SaveConfig, .-ADC_SAR_Seq_1_SaveConfig
  34 0002 C046     		.section	.text.ADC_SAR_Seq_1_RestoreConfig,"ax",%progbits
  35              		.align	2
  36              		.global	ADC_SAR_Seq_1_RestoreConfig
  37              		.code	16
  38              		.thumb_func
  39              		.type	ADC_SAR_Seq_1_RestoreConfig, %function
  40              	ADC_SAR_Seq_1_RestoreConfig:
  41              	.LFB1:
  49:.\Generated_Source\PSoC4/ADC_SAR_Seq_1_PM.c **** 
  50:.\Generated_Source\PSoC4/ADC_SAR_Seq_1_PM.c **** 
  51:.\Generated_Source\PSoC4/ADC_SAR_Seq_1_PM.c **** /*******************************************************************************
  52:.\Generated_Source\PSoC4/ADC_SAR_Seq_1_PM.c **** * Function Name: ADC_SAR_Seq_1_RestoreConfig
  53:.\Generated_Source\PSoC4/ADC_SAR_Seq_1_PM.c **** ********************************************************************************
  54:.\Generated_Source\PSoC4/ADC_SAR_Seq_1_PM.c **** *
  55:.\Generated_Source\PSoC4/ADC_SAR_Seq_1_PM.c **** * Summary:
  56:.\Generated_Source\PSoC4/ADC_SAR_Seq_1_PM.c **** *  Restores the current user configuration.
  57:.\Generated_Source\PSoC4/ADC_SAR_Seq_1_PM.c **** *
  58:.\Generated_Source\PSoC4/ADC_SAR_Seq_1_PM.c **** * Parameters:
  59:.\Generated_Source\PSoC4/ADC_SAR_Seq_1_PM.c **** *  None.
  60:.\Generated_Source\PSoC4/ADC_SAR_Seq_1_PM.c **** *
  61:.\Generated_Source\PSoC4/ADC_SAR_Seq_1_PM.c **** * Return:
  62:.\Generated_Source\PSoC4/ADC_SAR_Seq_1_PM.c **** *  None.
  63:.\Generated_Source\PSoC4/ADC_SAR_Seq_1_PM.c **** *
  64:.\Generated_Source\PSoC4/ADC_SAR_Seq_1_PM.c **** *******************************************************************************/
  65:.\Generated_Source\PSoC4/ADC_SAR_Seq_1_PM.c **** void ADC_SAR_Seq_1_RestoreConfig(void)
  66:.\Generated_Source\PSoC4/ADC_SAR_Seq_1_PM.c **** {
  42              		.loc 1 66 0
  43              		.cfi_startproc
  67:.\Generated_Source\PSoC4/ADC_SAR_Seq_1_PM.c ****     /* All congiguration registers are marked as [reset_all_retention] */
  68:.\Generated_Source\PSoC4/ADC_SAR_Seq_1_PM.c **** }
  44              		.loc 1 68 0
  45              		@ sp needed for prologue
  46 0000 7047     		bx	lr
ARM GAS  C:\Users\Steve\AppData\Local\Temp\ccCmFJdH.s 			page 3


  47              		.cfi_endproc
  48              	.LFE1:
  49              		.size	ADC_SAR_Seq_1_RestoreConfig, .-ADC_SAR_Seq_1_RestoreConfig
  50 0002 C046     		.section	.text.ADC_SAR_Seq_1_Sleep,"ax",%progbits
  51              		.align	2
  52              		.global	ADC_SAR_Seq_1_Sleep
  53              		.code	16
  54              		.thumb_func
  55              		.type	ADC_SAR_Seq_1_Sleep, %function
  56              	ADC_SAR_Seq_1_Sleep:
  57              	.LFB2:
  69:.\Generated_Source\PSoC4/ADC_SAR_Seq_1_PM.c **** 
  70:.\Generated_Source\PSoC4/ADC_SAR_Seq_1_PM.c **** 
  71:.\Generated_Source\PSoC4/ADC_SAR_Seq_1_PM.c **** /*******************************************************************************
  72:.\Generated_Source\PSoC4/ADC_SAR_Seq_1_PM.c **** * Function Name: ADC_SAR_Seq_1_Sleep
  73:.\Generated_Source\PSoC4/ADC_SAR_Seq_1_PM.c **** ********************************************************************************
  74:.\Generated_Source\PSoC4/ADC_SAR_Seq_1_PM.c **** *
  75:.\Generated_Source\PSoC4/ADC_SAR_Seq_1_PM.c **** * Summary:
  76:.\Generated_Source\PSoC4/ADC_SAR_Seq_1_PM.c **** *  Stops the ADC operation and saves the configuration registers and component
  77:.\Generated_Source\PSoC4/ADC_SAR_Seq_1_PM.c **** *  enable state. Should be called just prior to entering sleep.
  78:.\Generated_Source\PSoC4/ADC_SAR_Seq_1_PM.c **** *
  79:.\Generated_Source\PSoC4/ADC_SAR_Seq_1_PM.c **** * Parameters:
  80:.\Generated_Source\PSoC4/ADC_SAR_Seq_1_PM.c **** *  None.
  81:.\Generated_Source\PSoC4/ADC_SAR_Seq_1_PM.c **** *
  82:.\Generated_Source\PSoC4/ADC_SAR_Seq_1_PM.c **** * Return:
  83:.\Generated_Source\PSoC4/ADC_SAR_Seq_1_PM.c **** *  None.
  84:.\Generated_Source\PSoC4/ADC_SAR_Seq_1_PM.c **** *
  85:.\Generated_Source\PSoC4/ADC_SAR_Seq_1_PM.c **** * Global Variables:
  86:.\Generated_Source\PSoC4/ADC_SAR_Seq_1_PM.c **** *  ADC_SAR_Seq_1_backup - modified.
  87:.\Generated_Source\PSoC4/ADC_SAR_Seq_1_PM.c **** *
  88:.\Generated_Source\PSoC4/ADC_SAR_Seq_1_PM.c **** *******************************************************************************/
  89:.\Generated_Source\PSoC4/ADC_SAR_Seq_1_PM.c **** void ADC_SAR_Seq_1_Sleep(void)
  90:.\Generated_Source\PSoC4/ADC_SAR_Seq_1_PM.c **** {
  58              		.loc 1 90 0
  59              		.cfi_startproc
  60 0000 08B5     		push	{r3, lr}
  61              	.LCFI0:
  62              		.cfi_def_cfa_offset 8
  63              		.cfi_offset 3, -8
  64              		.cfi_offset 14, -4
  91:.\Generated_Source\PSoC4/ADC_SAR_Seq_1_PM.c ****     /* During deepsleep/ hibernate mode keep SARMUX active, i.e. do not open
  92:.\Generated_Source\PSoC4/ADC_SAR_Seq_1_PM.c ****     *   all switches (disconnect), to be used for ADFT
  93:.\Generated_Source\PSoC4/ADC_SAR_Seq_1_PM.c ****     */
  94:.\Generated_Source\PSoC4/ADC_SAR_Seq_1_PM.c ****     ADC_SAR_Seq_1_SAR_DFT_CTRL_REG |= ADC_SAR_Seq_1_ADFT_OVERRIDE;
  65              		.loc 1 94 0
  66 0002 0F4B     		ldr	r3, .L11
  67 0004 8022     		mov	r2, #128
  68 0006 1968     		ldr	r1, [r3]
  69 0008 1006     		lsl	r0, r2, #24
  70 000a 0843     		orr	r0, r1
  71 000c 1860     		str	r0, [r3]
  95:.\Generated_Source\PSoC4/ADC_SAR_Seq_1_PM.c ****     if((ADC_SAR_Seq_1_SAR_CTRL_REG  & ADC_SAR_Seq_1_ENABLE) != 0u)
  72              		.loc 1 95 0
  73 000e 0D4B     		ldr	r3, .L11+4
  74 0010 1968     		ldr	r1, [r3]
  75 0012 0029     		cmp	r1, #0
  76 0014 03DB     		blt	.L9
ARM GAS  C:\Users\Steve\AppData\Local\Temp\ccCmFJdH.s 			page 4


  96:.\Generated_Source\PSoC4/ADC_SAR_Seq_1_PM.c ****     {
  97:.\Generated_Source\PSoC4/ADC_SAR_Seq_1_PM.c ****         if((ADC_SAR_Seq_1_SAR_SAMPLE_CTRL_REG & ADC_SAR_Seq_1_CONTINUOUS_EN) != 0u)
  98:.\Generated_Source\PSoC4/ADC_SAR_Seq_1_PM.c ****         {
  99:.\Generated_Source\PSoC4/ADC_SAR_Seq_1_PM.c ****             ADC_SAR_Seq_1_backup.enableState = ADC_SAR_Seq_1_ENABLED | ADC_SAR_Seq_1_STARTED;
 100:.\Generated_Source\PSoC4/ADC_SAR_Seq_1_PM.c ****         }
 101:.\Generated_Source\PSoC4/ADC_SAR_Seq_1_PM.c ****         else
 102:.\Generated_Source\PSoC4/ADC_SAR_Seq_1_PM.c ****         {
 103:.\Generated_Source\PSoC4/ADC_SAR_Seq_1_PM.c ****             ADC_SAR_Seq_1_backup.enableState = ADC_SAR_Seq_1_ENABLED;
 104:.\Generated_Source\PSoC4/ADC_SAR_Seq_1_PM.c ****         }
 105:.\Generated_Source\PSoC4/ADC_SAR_Seq_1_PM.c ****         ADC_SAR_Seq_1_StopConvert();
 106:.\Generated_Source\PSoC4/ADC_SAR_Seq_1_PM.c ****         ADC_SAR_Seq_1_Stop();
 107:.\Generated_Source\PSoC4/ADC_SAR_Seq_1_PM.c ****     }
 108:.\Generated_Source\PSoC4/ADC_SAR_Seq_1_PM.c ****     else
 109:.\Generated_Source\PSoC4/ADC_SAR_Seq_1_PM.c ****     {
 110:.\Generated_Source\PSoC4/ADC_SAR_Seq_1_PM.c ****         ADC_SAR_Seq_1_backup.enableState = ADC_SAR_Seq_1_DISABLED;
  77              		.loc 1 110 0
  78 0016 0C48     		ldr	r0, .L11+8
  79 0018 0022     		mov	r2, #0
  80 001a 0270     		strb	r2, [r0]
  81              	.L3:
 111:.\Generated_Source\PSoC4/ADC_SAR_Seq_1_PM.c ****     }
 112:.\Generated_Source\PSoC4/ADC_SAR_Seq_1_PM.c **** }
  82              		.loc 1 112 0
  83              		@ sp needed for prologue
  84 001c 08BD     		pop	{r3, pc}
  85              	.L9:
  97:.\Generated_Source\PSoC4/ADC_SAR_Seq_1_PM.c ****         if((ADC_SAR_Seq_1_SAR_SAMPLE_CTRL_REG & ADC_SAR_Seq_1_CONTINUOUS_EN) != 0u)
  86              		.loc 1 97 0
  87 001e 0B4B     		ldr	r3, .L11+12
  88 0020 1968     		ldr	r1, [r3]
  89 0022 CA03     		lsl	r2, r1, #15
  90 0024 07D4     		bmi	.L10
 103:.\Generated_Source\PSoC4/ADC_SAR_Seq_1_PM.c ****             ADC_SAR_Seq_1_backup.enableState = ADC_SAR_Seq_1_ENABLED;
  91              		.loc 1 103 0
  92 0026 0848     		ldr	r0, .L11+8
  93 0028 0122     		mov	r2, #1
  94 002a 0270     		strb	r2, [r0]
  95              	.L6:
 105:.\Generated_Source\PSoC4/ADC_SAR_Seq_1_PM.c ****         ADC_SAR_Seq_1_StopConvert();
  96              		.loc 1 105 0
  97 002c FFF7FEFF 		bl	ADC_SAR_Seq_1_StopConvert
  98              	.LVL0:
 106:.\Generated_Source\PSoC4/ADC_SAR_Seq_1_PM.c ****         ADC_SAR_Seq_1_Stop();
  99              		.loc 1 106 0
 100 0030 FFF7FEFF 		bl	ADC_SAR_Seq_1_Stop
 101              	.LVL1:
 102 0034 F2E7     		b	.L3
 103              	.L10:
  99:.\Generated_Source\PSoC4/ADC_SAR_Seq_1_PM.c ****             ADC_SAR_Seq_1_backup.enableState = ADC_SAR_Seq_1_ENABLED | ADC_SAR_Seq_1_STARTED;
 104              		.loc 1 99 0
 105 0036 044B     		ldr	r3, .L11+8
 106 0038 0321     		mov	r1, #3
 107 003a 1970     		strb	r1, [r3]
 108 003c F6E7     		b	.L6
 109              	.L12:
 110 003e C046     		.align	2
 111              	.L11:
ARM GAS  C:\Users\Steve\AppData\Local\Temp\ccCmFJdH.s 			page 5


 112 0040 30001A40 		.word	1075445808
 113 0044 00001A40 		.word	1075445760
 114 0048 00000000 		.word	.LANCHOR0
 115 004c 04001A40 		.word	1075445764
 116              		.cfi_endproc
 117              	.LFE2:
 118              		.size	ADC_SAR_Seq_1_Sleep, .-ADC_SAR_Seq_1_Sleep
 119              		.section	.text.ADC_SAR_Seq_1_Wakeup,"ax",%progbits
 120              		.align	2
 121              		.global	ADC_SAR_Seq_1_Wakeup
 122              		.code	16
 123              		.thumb_func
 124              		.type	ADC_SAR_Seq_1_Wakeup, %function
 125              	ADC_SAR_Seq_1_Wakeup:
 126              	.LFB3:
 113:.\Generated_Source\PSoC4/ADC_SAR_Seq_1_PM.c **** 
 114:.\Generated_Source\PSoC4/ADC_SAR_Seq_1_PM.c **** 
 115:.\Generated_Source\PSoC4/ADC_SAR_Seq_1_PM.c **** /*******************************************************************************
 116:.\Generated_Source\PSoC4/ADC_SAR_Seq_1_PM.c **** * Function Name: ADC_SAR_Seq_1_Wakeup
 117:.\Generated_Source\PSoC4/ADC_SAR_Seq_1_PM.c **** ********************************************************************************
 118:.\Generated_Source\PSoC4/ADC_SAR_Seq_1_PM.c **** *
 119:.\Generated_Source\PSoC4/ADC_SAR_Seq_1_PM.c **** * Summary:
 120:.\Generated_Source\PSoC4/ADC_SAR_Seq_1_PM.c **** *  Restores the component enable state and configuration registers.
 121:.\Generated_Source\PSoC4/ADC_SAR_Seq_1_PM.c **** *  This should be called just after awaking from sleep mode.
 122:.\Generated_Source\PSoC4/ADC_SAR_Seq_1_PM.c **** *
 123:.\Generated_Source\PSoC4/ADC_SAR_Seq_1_PM.c **** * Parameters:
 124:.\Generated_Source\PSoC4/ADC_SAR_Seq_1_PM.c **** *  None.
 125:.\Generated_Source\PSoC4/ADC_SAR_Seq_1_PM.c **** *
 126:.\Generated_Source\PSoC4/ADC_SAR_Seq_1_PM.c **** * Return:
 127:.\Generated_Source\PSoC4/ADC_SAR_Seq_1_PM.c **** *  None.
 128:.\Generated_Source\PSoC4/ADC_SAR_Seq_1_PM.c **** *
 129:.\Generated_Source\PSoC4/ADC_SAR_Seq_1_PM.c **** * Global Variables:
 130:.\Generated_Source\PSoC4/ADC_SAR_Seq_1_PM.c **** *  ADC_SAR_Seq_1_backup - used.
 131:.\Generated_Source\PSoC4/ADC_SAR_Seq_1_PM.c **** *
 132:.\Generated_Source\PSoC4/ADC_SAR_Seq_1_PM.c **** *******************************************************************************/
 133:.\Generated_Source\PSoC4/ADC_SAR_Seq_1_PM.c **** void ADC_SAR_Seq_1_Wakeup(void)
 134:.\Generated_Source\PSoC4/ADC_SAR_Seq_1_PM.c **** {
 127              		.loc 1 134 0
 128              		.cfi_startproc
 135:.\Generated_Source\PSoC4/ADC_SAR_Seq_1_PM.c ****     ADC_SAR_Seq_1_SAR_DFT_CTRL_REG &= (uint32)~ADC_SAR_Seq_1_ADFT_OVERRIDE;
 129              		.loc 1 135 0
 130 0000 094B     		ldr	r3, .L21
 134:.\Generated_Source\PSoC4/ADC_SAR_Seq_1_PM.c **** {
 131              		.loc 1 134 0
 132 0002 10B5     		push	{r4, lr}
 133              	.LCFI1:
 134              		.cfi_def_cfa_offset 8
 135              		.cfi_offset 4, -8
 136              		.cfi_offset 14, -4
 137              		.loc 1 135 0
 138 0004 1A68     		ldr	r2, [r3]
 136:.\Generated_Source\PSoC4/ADC_SAR_Seq_1_PM.c ****     if(ADC_SAR_Seq_1_backup.enableState != ADC_SAR_Seq_1_DISABLED)
 139              		.loc 1 136 0
 140 0006 094C     		ldr	r4, .L21+4
 135:.\Generated_Source\PSoC4/ADC_SAR_Seq_1_PM.c ****     ADC_SAR_Seq_1_SAR_DFT_CTRL_REG &= (uint32)~ADC_SAR_Seq_1_ADFT_OVERRIDE;
 141              		.loc 1 135 0
 142 0008 5000     		lsl	r0, r2, #1
ARM GAS  C:\Users\Steve\AppData\Local\Temp\ccCmFJdH.s 			page 6


 143 000a 4108     		lsr	r1, r0, #1
 144 000c 1960     		str	r1, [r3]
 145              		.loc 1 136 0
 146 000e 2378     		ldrb	r3, [r4]
 147 0010 002B     		cmp	r3, #0
 148 0012 00D1     		bne	.L20
 149              	.L13:
 137:.\Generated_Source\PSoC4/ADC_SAR_Seq_1_PM.c ****     {
 138:.\Generated_Source\PSoC4/ADC_SAR_Seq_1_PM.c ****         ADC_SAR_Seq_1_Start();
 139:.\Generated_Source\PSoC4/ADC_SAR_Seq_1_PM.c ****         if((ADC_SAR_Seq_1_backup.enableState & ADC_SAR_Seq_1_STARTED) != 0u)
 140:.\Generated_Source\PSoC4/ADC_SAR_Seq_1_PM.c ****         {
 141:.\Generated_Source\PSoC4/ADC_SAR_Seq_1_PM.c ****             ADC_SAR_Seq_1_StartConvert();
 142:.\Generated_Source\PSoC4/ADC_SAR_Seq_1_PM.c ****         }
 143:.\Generated_Source\PSoC4/ADC_SAR_Seq_1_PM.c ****     }
 144:.\Generated_Source\PSoC4/ADC_SAR_Seq_1_PM.c **** }
 150              		.loc 1 144 0
 151              		@ sp needed for prologue
 152 0014 10BD     		pop	{r4, pc}
 153              	.L20:
 138:.\Generated_Source\PSoC4/ADC_SAR_Seq_1_PM.c ****         ADC_SAR_Seq_1_Start();
 154              		.loc 1 138 0
 155 0016 FFF7FEFF 		bl	ADC_SAR_Seq_1_Start
 156              	.LVL2:
 139:.\Generated_Source\PSoC4/ADC_SAR_Seq_1_PM.c ****         if((ADC_SAR_Seq_1_backup.enableState & ADC_SAR_Seq_1_STARTED) != 0u)
 157              		.loc 1 139 0
 158 001a 2278     		ldrb	r2, [r4]
 159 001c 9207     		lsl	r2, r2, #30
 160 001e F9D5     		bpl	.L13
 141:.\Generated_Source\PSoC4/ADC_SAR_Seq_1_PM.c ****             ADC_SAR_Seq_1_StartConvert();
 161              		.loc 1 141 0
 162 0020 FFF7FEFF 		bl	ADC_SAR_Seq_1_StartConvert
 163              	.LVL3:
 164 0024 F6E7     		b	.L13
 165              	.L22:
 166 0026 C046     		.align	2
 167              	.L21:
 168 0028 30001A40 		.word	1075445808
 169 002c 00000000 		.word	.LANCHOR0
 170              		.cfi_endproc
 171              	.LFE3:
 172              		.size	ADC_SAR_Seq_1_Wakeup, .-ADC_SAR_Seq_1_Wakeup
 173              		.bss
 174              		.align	2
 175              		.set	.LANCHOR0,. + 0
 176              		.type	ADC_SAR_Seq_1_backup, %object
 177              		.size	ADC_SAR_Seq_1_backup, 1
 178              	ADC_SAR_Seq_1_backup:
 179 0000 00       		.space	1
 180 0001 000000   		.text
 181              	.Letext0:
 182              		.file 2 ".\\Generated_Source\\PSoC4\\cytypes.h"
 183              		.file 3 ".\\Generated_Source\\PSoC4\\ADC_SAR_Seq_1.h"
 184              		.section	.debug_info,"",%progbits
 185              	.Ldebug_info0:
 186 0000 8D010000 		.4byte	0x18d
 187 0004 0200     		.2byte	0x2
 188 0006 00000000 		.4byte	.Ldebug_abbrev0
ARM GAS  C:\Users\Steve\AppData\Local\Temp\ccCmFJdH.s 			page 7


 189 000a 04       		.byte	0x4
 190 000b 01       		.uleb128 0x1
 191 000c 6C010000 		.4byte	.LASF25
 192 0010 01       		.byte	0x1
 193 0011 05020000 		.4byte	.LASF26
 194 0015 B5010000 		.4byte	.LASF27
 195 0019 00000000 		.4byte	.Ldebug_ranges0+0
 196 001d 00000000 		.4byte	0
 197 0021 00000000 		.4byte	0
 198 0025 00000000 		.4byte	.Ldebug_line0
 199 0029 02       		.uleb128 0x2
 200 002a 01       		.byte	0x1
 201 002b 06       		.byte	0x6
 202 002c 31020000 		.4byte	.LASF0
 203 0030 02       		.uleb128 0x2
 204 0031 01       		.byte	0x1
 205 0032 08       		.byte	0x8
 206 0033 7B000000 		.4byte	.LASF1
 207 0037 02       		.uleb128 0x2
 208 0038 02       		.byte	0x2
 209 0039 05       		.byte	0x5
 210 003a 62010000 		.4byte	.LASF2
 211 003e 02       		.uleb128 0x2
 212 003f 02       		.byte	0x2
 213 0040 07       		.byte	0x7
 214 0041 39000000 		.4byte	.LASF3
 215 0045 02       		.uleb128 0x2
 216 0046 04       		.byte	0x4
 217 0047 05       		.byte	0x5
 218 0048 F0010000 		.4byte	.LASF4
 219 004c 02       		.uleb128 0x2
 220 004d 04       		.byte	0x4
 221 004e 07       		.byte	0x7
 222 004f 9C000000 		.4byte	.LASF5
 223 0053 02       		.uleb128 0x2
 224 0054 08       		.byte	0x8
 225 0055 05       		.byte	0x5
 226 0056 1E010000 		.4byte	.LASF6
 227 005a 02       		.uleb128 0x2
 228 005b 08       		.byte	0x8
 229 005c 07       		.byte	0x7
 230 005d FE000000 		.4byte	.LASF7
 231 0061 03       		.uleb128 0x3
 232 0062 04       		.byte	0x4
 233 0063 05       		.byte	0x5
 234 0064 696E7400 		.ascii	"int\000"
 235 0068 02       		.uleb128 0x2
 236 0069 04       		.byte	0x4
 237 006a 07       		.byte	0x7
 238 006b D6000000 		.4byte	.LASF8
 239 006f 04       		.uleb128 0x4
 240 0070 AE000000 		.4byte	.LASF9
 241 0074 02       		.byte	0x2
 242 0075 5B       		.byte	0x5b
 243 0076 30000000 		.4byte	0x30
 244 007a 04       		.uleb128 0x4
 245 007b CF000000 		.4byte	.LASF10
ARM GAS  C:\Users\Steve\AppData\Local\Temp\ccCmFJdH.s 			page 8


 246 007f 02       		.byte	0x2
 247 0080 5D       		.byte	0x5d
 248 0081 4C000000 		.4byte	0x4c
 249 0085 02       		.uleb128 0x2
 250 0086 04       		.byte	0x4
 251 0087 04       		.byte	0x4
 252 0088 60000000 		.4byte	.LASF11
 253 008c 02       		.uleb128 0x2
 254 008d 08       		.byte	0x8
 255 008e 04       		.byte	0x4
 256 008f C8000000 		.4byte	.LASF12
 257 0093 02       		.uleb128 0x2
 258 0094 01       		.byte	0x1
 259 0095 08       		.byte	0x8
 260 0096 41010000 		.4byte	.LASF13
 261 009a 04       		.uleb128 0x4
 262 009b 1A000000 		.4byte	.LASF14
 263 009f 02       		.byte	0x2
 264 00a0 F2       		.byte	0xf2
 265 00a1 A5000000 		.4byte	0xa5
 266 00a5 05       		.uleb128 0x5
 267 00a6 7A000000 		.4byte	0x7a
 268 00aa 02       		.uleb128 0x2
 269 00ab 04       		.byte	0x4
 270 00ac 07       		.byte	0x7
 271 00ad 15010000 		.4byte	.LASF15
 272 00b1 06       		.uleb128 0x6
 273 00b2 01       		.byte	0x1
 274 00b3 03       		.byte	0x3
 275 00b4 1B       		.byte	0x1b
 276 00b5 C8000000 		.4byte	0xc8
 277 00b9 07       		.uleb128 0x7
 278 00ba F9010000 		.4byte	.LASF28
 279 00be 03       		.byte	0x3
 280 00bf 1D       		.byte	0x1d
 281 00c0 6F000000 		.4byte	0x6f
 282 00c4 02       		.byte	0x2
 283 00c5 23       		.byte	0x23
 284 00c6 00       		.uleb128 0
 285 00c7 00       		.byte	0
 286 00c8 04       		.uleb128 0x4
 287 00c9 46010000 		.4byte	.LASF16
 288 00cd 03       		.byte	0x3
 289 00ce 1E       		.byte	0x1e
 290 00cf B1000000 		.4byte	0xb1
 291 00d3 08       		.uleb128 0x8
 292 00d4 01       		.byte	0x1
 293 00d5 20000000 		.4byte	.LASF17
 294 00d9 01       		.byte	0x1
 295 00da 2D       		.byte	0x2d
 296 00db 01       		.byte	0x1
 297 00dc 00000000 		.4byte	.LFB0
 298 00e0 02000000 		.4byte	.LFE0
 299 00e4 02       		.byte	0x2
 300 00e5 7D       		.byte	0x7d
 301 00e6 00       		.sleb128 0
 302 00e7 01       		.byte	0x1
ARM GAS  C:\Users\Steve\AppData\Local\Temp\ccCmFJdH.s 			page 9


 303 00e8 08       		.uleb128 0x8
 304 00e9 01       		.byte	0x1
 305 00ea 3D020000 		.4byte	.LASF18
 306 00ee 01       		.byte	0x1
 307 00ef 41       		.byte	0x41
 308 00f0 01       		.byte	0x1
 309 00f1 00000000 		.4byte	.LFB1
 310 00f5 02000000 		.4byte	.LFE1
 311 00f9 02       		.byte	0x2
 312 00fa 7D       		.byte	0x7d
 313 00fb 00       		.sleb128 0
 314 00fc 01       		.byte	0x1
 315 00fd 09       		.uleb128 0x9
 316 00fe 01       		.byte	0x1
 317 00ff 4C000000 		.4byte	.LASF19
 318 0103 01       		.byte	0x1
 319 0104 59       		.byte	0x59
 320 0105 01       		.byte	0x1
 321 0106 00000000 		.4byte	.LFB2
 322 010a 50000000 		.4byte	.LFE2
 323 010e 00000000 		.4byte	.LLST0
 324 0112 01       		.byte	0x1
 325 0113 2A010000 		.4byte	0x12a
 326 0117 0A       		.uleb128 0xa
 327 0118 30000000 		.4byte	.LVL0
 328 011c 68010000 		.4byte	0x168
 329 0120 0A       		.uleb128 0xa
 330 0121 34000000 		.4byte	.LVL1
 331 0125 72010000 		.4byte	0x172
 332 0129 00       		.byte	0
 333 012a 09       		.uleb128 0x9
 334 012b 01       		.byte	0x1
 335 012c 66000000 		.4byte	.LASF20
 336 0130 01       		.byte	0x1
 337 0131 85       		.byte	0x85
 338 0132 01       		.byte	0x1
 339 0133 00000000 		.4byte	.LFB3
 340 0137 30000000 		.4byte	.LFE3
 341 013b 20000000 		.4byte	.LLST1
 342 013f 01       		.byte	0x1
 343 0140 57010000 		.4byte	0x157
 344 0144 0A       		.uleb128 0xa
 345 0145 1A000000 		.4byte	.LVL2
 346 0149 7C010000 		.4byte	0x17c
 347 014d 0A       		.uleb128 0xa
 348 014e 24000000 		.4byte	.LVL3
 349 0152 86010000 		.4byte	0x186
 350 0156 00       		.byte	0
 351 0157 0B       		.uleb128 0xb
 352 0158 2C010000 		.4byte	.LASF29
 353 015c 01       		.byte	0x1
 354 015d 19       		.byte	0x19
 355 015e C8000000 		.4byte	0xc8
 356 0162 05       		.byte	0x5
 357 0163 03       		.byte	0x3
 358 0164 00000000 		.4byte	ADC_SAR_Seq_1_backup
 359 0168 0C       		.uleb128 0xc
ARM GAS  C:\Users\Steve\AppData\Local\Temp\ccCmFJdH.s 			page 10


 360 0169 01       		.byte	0x1
 361 016a 00000000 		.4byte	.LASF21
 362 016e 03       		.byte	0x3
 363 016f 8C       		.byte	0x8c
 364 0170 01       		.byte	0x1
 365 0171 01       		.byte	0x1
 366 0172 0C       		.uleb128 0xc
 367 0173 01       		.byte	0x1
 368 0174 89000000 		.4byte	.LASF22
 369 0178 03       		.byte	0x3
 370 0179 88       		.byte	0x88
 371 017a 01       		.byte	0x1
 372 017b 01       		.byte	0x1
 373 017c 0C       		.uleb128 0xc
 374 017d 01       		.byte	0x1
 375 017e B4000000 		.4byte	.LASF23
 376 0182 03       		.byte	0x3
 377 0183 87       		.byte	0x87
 378 0184 01       		.byte	0x1
 379 0185 01       		.byte	0x1
 380 0186 0C       		.uleb128 0xc
 381 0187 01       		.byte	0x1
 382 0188 E3000000 		.4byte	.LASF24
 383 018c 03       		.byte	0x3
 384 018d 8B       		.byte	0x8b
 385 018e 01       		.byte	0x1
 386 018f 01       		.byte	0x1
 387 0190 00       		.byte	0
 388              		.section	.debug_abbrev,"",%progbits
 389              	.Ldebug_abbrev0:
 390 0000 01       		.uleb128 0x1
 391 0001 11       		.uleb128 0x11
 392 0002 01       		.byte	0x1
 393 0003 25       		.uleb128 0x25
 394 0004 0E       		.uleb128 0xe
 395 0005 13       		.uleb128 0x13
 396 0006 0B       		.uleb128 0xb
 397 0007 03       		.uleb128 0x3
 398 0008 0E       		.uleb128 0xe
 399 0009 1B       		.uleb128 0x1b
 400 000a 0E       		.uleb128 0xe
 401 000b 55       		.uleb128 0x55
 402 000c 06       		.uleb128 0x6
 403 000d 11       		.uleb128 0x11
 404 000e 01       		.uleb128 0x1
 405 000f 52       		.uleb128 0x52
 406 0010 01       		.uleb128 0x1
 407 0011 10       		.uleb128 0x10
 408 0012 06       		.uleb128 0x6
 409 0013 00       		.byte	0
 410 0014 00       		.byte	0
 411 0015 02       		.uleb128 0x2
 412 0016 24       		.uleb128 0x24
 413 0017 00       		.byte	0
 414 0018 0B       		.uleb128 0xb
 415 0019 0B       		.uleb128 0xb
 416 001a 3E       		.uleb128 0x3e
ARM GAS  C:\Users\Steve\AppData\Local\Temp\ccCmFJdH.s 			page 11


 417 001b 0B       		.uleb128 0xb
 418 001c 03       		.uleb128 0x3
 419 001d 0E       		.uleb128 0xe
 420 001e 00       		.byte	0
 421 001f 00       		.byte	0
 422 0020 03       		.uleb128 0x3
 423 0021 24       		.uleb128 0x24
 424 0022 00       		.byte	0
 425 0023 0B       		.uleb128 0xb
 426 0024 0B       		.uleb128 0xb
 427 0025 3E       		.uleb128 0x3e
 428 0026 0B       		.uleb128 0xb
 429 0027 03       		.uleb128 0x3
 430 0028 08       		.uleb128 0x8
 431 0029 00       		.byte	0
 432 002a 00       		.byte	0
 433 002b 04       		.uleb128 0x4
 434 002c 16       		.uleb128 0x16
 435 002d 00       		.byte	0
 436 002e 03       		.uleb128 0x3
 437 002f 0E       		.uleb128 0xe
 438 0030 3A       		.uleb128 0x3a
 439 0031 0B       		.uleb128 0xb
 440 0032 3B       		.uleb128 0x3b
 441 0033 0B       		.uleb128 0xb
 442 0034 49       		.uleb128 0x49
 443 0035 13       		.uleb128 0x13
 444 0036 00       		.byte	0
 445 0037 00       		.byte	0
 446 0038 05       		.uleb128 0x5
 447 0039 35       		.uleb128 0x35
 448 003a 00       		.byte	0
 449 003b 49       		.uleb128 0x49
 450 003c 13       		.uleb128 0x13
 451 003d 00       		.byte	0
 452 003e 00       		.byte	0
 453 003f 06       		.uleb128 0x6
 454 0040 13       		.uleb128 0x13
 455 0041 01       		.byte	0x1
 456 0042 0B       		.uleb128 0xb
 457 0043 0B       		.uleb128 0xb
 458 0044 3A       		.uleb128 0x3a
 459 0045 0B       		.uleb128 0xb
 460 0046 3B       		.uleb128 0x3b
 461 0047 0B       		.uleb128 0xb
 462 0048 01       		.uleb128 0x1
 463 0049 13       		.uleb128 0x13
 464 004a 00       		.byte	0
 465 004b 00       		.byte	0
 466 004c 07       		.uleb128 0x7
 467 004d 0D       		.uleb128 0xd
 468 004e 00       		.byte	0
 469 004f 03       		.uleb128 0x3
 470 0050 0E       		.uleb128 0xe
 471 0051 3A       		.uleb128 0x3a
 472 0052 0B       		.uleb128 0xb
 473 0053 3B       		.uleb128 0x3b
ARM GAS  C:\Users\Steve\AppData\Local\Temp\ccCmFJdH.s 			page 12


 474 0054 0B       		.uleb128 0xb
 475 0055 49       		.uleb128 0x49
 476 0056 13       		.uleb128 0x13
 477 0057 38       		.uleb128 0x38
 478 0058 0A       		.uleb128 0xa
 479 0059 00       		.byte	0
 480 005a 00       		.byte	0
 481 005b 08       		.uleb128 0x8
 482 005c 2E       		.uleb128 0x2e
 483 005d 00       		.byte	0
 484 005e 3F       		.uleb128 0x3f
 485 005f 0C       		.uleb128 0xc
 486 0060 03       		.uleb128 0x3
 487 0061 0E       		.uleb128 0xe
 488 0062 3A       		.uleb128 0x3a
 489 0063 0B       		.uleb128 0xb
 490 0064 3B       		.uleb128 0x3b
 491 0065 0B       		.uleb128 0xb
 492 0066 27       		.uleb128 0x27
 493 0067 0C       		.uleb128 0xc
 494 0068 11       		.uleb128 0x11
 495 0069 01       		.uleb128 0x1
 496 006a 12       		.uleb128 0x12
 497 006b 01       		.uleb128 0x1
 498 006c 40       		.uleb128 0x40
 499 006d 0A       		.uleb128 0xa
 500 006e 9742     		.uleb128 0x2117
 501 0070 0C       		.uleb128 0xc
 502 0071 00       		.byte	0
 503 0072 00       		.byte	0
 504 0073 09       		.uleb128 0x9
 505 0074 2E       		.uleb128 0x2e
 506 0075 01       		.byte	0x1
 507 0076 3F       		.uleb128 0x3f
 508 0077 0C       		.uleb128 0xc
 509 0078 03       		.uleb128 0x3
 510 0079 0E       		.uleb128 0xe
 511 007a 3A       		.uleb128 0x3a
 512 007b 0B       		.uleb128 0xb
 513 007c 3B       		.uleb128 0x3b
 514 007d 0B       		.uleb128 0xb
 515 007e 27       		.uleb128 0x27
 516 007f 0C       		.uleb128 0xc
 517 0080 11       		.uleb128 0x11
 518 0081 01       		.uleb128 0x1
 519 0082 12       		.uleb128 0x12
 520 0083 01       		.uleb128 0x1
 521 0084 40       		.uleb128 0x40
 522 0085 06       		.uleb128 0x6
 523 0086 9742     		.uleb128 0x2117
 524 0088 0C       		.uleb128 0xc
 525 0089 01       		.uleb128 0x1
 526 008a 13       		.uleb128 0x13
 527 008b 00       		.byte	0
 528 008c 00       		.byte	0
 529 008d 0A       		.uleb128 0xa
 530 008e 898201   		.uleb128 0x4109
ARM GAS  C:\Users\Steve\AppData\Local\Temp\ccCmFJdH.s 			page 13


 531 0091 00       		.byte	0
 532 0092 11       		.uleb128 0x11
 533 0093 01       		.uleb128 0x1
 534 0094 31       		.uleb128 0x31
 535 0095 13       		.uleb128 0x13
 536 0096 00       		.byte	0
 537 0097 00       		.byte	0
 538 0098 0B       		.uleb128 0xb
 539 0099 34       		.uleb128 0x34
 540 009a 00       		.byte	0
 541 009b 03       		.uleb128 0x3
 542 009c 0E       		.uleb128 0xe
 543 009d 3A       		.uleb128 0x3a
 544 009e 0B       		.uleb128 0xb
 545 009f 3B       		.uleb128 0x3b
 546 00a0 0B       		.uleb128 0xb
 547 00a1 49       		.uleb128 0x49
 548 00a2 13       		.uleb128 0x13
 549 00a3 02       		.uleb128 0x2
 550 00a4 0A       		.uleb128 0xa
 551 00a5 00       		.byte	0
 552 00a6 00       		.byte	0
 553 00a7 0C       		.uleb128 0xc
 554 00a8 2E       		.uleb128 0x2e
 555 00a9 00       		.byte	0
 556 00aa 3F       		.uleb128 0x3f
 557 00ab 0C       		.uleb128 0xc
 558 00ac 03       		.uleb128 0x3
 559 00ad 0E       		.uleb128 0xe
 560 00ae 3A       		.uleb128 0x3a
 561 00af 0B       		.uleb128 0xb
 562 00b0 3B       		.uleb128 0x3b
 563 00b1 0B       		.uleb128 0xb
 564 00b2 27       		.uleb128 0x27
 565 00b3 0C       		.uleb128 0xc
 566 00b4 3C       		.uleb128 0x3c
 567 00b5 0C       		.uleb128 0xc
 568 00b6 00       		.byte	0
 569 00b7 00       		.byte	0
 570 00b8 00       		.byte	0
 571              		.section	.debug_loc,"",%progbits
 572              	.Ldebug_loc0:
 573              	.LLST0:
 574 0000 00000000 		.4byte	.LFB2
 575 0004 02000000 		.4byte	.LCFI0
 576 0008 0200     		.2byte	0x2
 577 000a 7D       		.byte	0x7d
 578 000b 00       		.sleb128 0
 579 000c 02000000 		.4byte	.LCFI0
 580 0010 50000000 		.4byte	.LFE2
 581 0014 0200     		.2byte	0x2
 582 0016 7D       		.byte	0x7d
 583 0017 08       		.sleb128 8
 584 0018 00000000 		.4byte	0
 585 001c 00000000 		.4byte	0
 586              	.LLST1:
 587 0020 00000000 		.4byte	.LFB3
ARM GAS  C:\Users\Steve\AppData\Local\Temp\ccCmFJdH.s 			page 14


 588 0024 04000000 		.4byte	.LCFI1
 589 0028 0200     		.2byte	0x2
 590 002a 7D       		.byte	0x7d
 591 002b 00       		.sleb128 0
 592 002c 04000000 		.4byte	.LCFI1
 593 0030 30000000 		.4byte	.LFE3
 594 0034 0200     		.2byte	0x2
 595 0036 7D       		.byte	0x7d
 596 0037 08       		.sleb128 8
 597 0038 00000000 		.4byte	0
 598 003c 00000000 		.4byte	0
 599              		.section	.debug_aranges,"",%progbits
 600 0000 34000000 		.4byte	0x34
 601 0004 0200     		.2byte	0x2
 602 0006 00000000 		.4byte	.Ldebug_info0
 603 000a 04       		.byte	0x4
 604 000b 00       		.byte	0
 605 000c 0000     		.2byte	0
 606 000e 0000     		.2byte	0
 607 0010 00000000 		.4byte	.LFB0
 608 0014 02000000 		.4byte	.LFE0-.LFB0
 609 0018 00000000 		.4byte	.LFB1
 610 001c 02000000 		.4byte	.LFE1-.LFB1
 611 0020 00000000 		.4byte	.LFB2
 612 0024 50000000 		.4byte	.LFE2-.LFB2
 613 0028 00000000 		.4byte	.LFB3
 614 002c 30000000 		.4byte	.LFE3-.LFB3
 615 0030 00000000 		.4byte	0
 616 0034 00000000 		.4byte	0
 617              		.section	.debug_ranges,"",%progbits
 618              	.Ldebug_ranges0:
 619 0000 00000000 		.4byte	.LFB0
 620 0004 02000000 		.4byte	.LFE0
 621 0008 00000000 		.4byte	.LFB1
 622 000c 02000000 		.4byte	.LFE1
 623 0010 00000000 		.4byte	.LFB2
 624 0014 50000000 		.4byte	.LFE2
 625 0018 00000000 		.4byte	.LFB3
 626 001c 30000000 		.4byte	.LFE3
 627 0020 00000000 		.4byte	0
 628 0024 00000000 		.4byte	0
 629              		.section	.debug_line,"",%progbits
 630              	.Ldebug_line0:
 631 0000 C4000000 		.section	.debug_str,"MS",%progbits,1
 631      02006200 
 631      00000201 
 631      FB0E0D00 
 631      01010101 
 632              	.LASF21:
 633 0000 4144435F 		.ascii	"ADC_SAR_Seq_1_StopConvert\000"
 633      5341525F 
 633      5365715F 
 633      315F5374 
 633      6F70436F 
 634              	.LASF14:
 635 001a 72656733 		.ascii	"reg32\000"
 635      3200
ARM GAS  C:\Users\Steve\AppData\Local\Temp\ccCmFJdH.s 			page 15


 636              	.LASF17:
 637 0020 4144435F 		.ascii	"ADC_SAR_Seq_1_SaveConfig\000"
 637      5341525F 
 637      5365715F 
 637      315F5361 
 637      7665436F 
 638              	.LASF3:
 639 0039 73686F72 		.ascii	"short unsigned int\000"
 639      7420756E 
 639      7369676E 
 639      65642069 
 639      6E7400
 640              	.LASF19:
 641 004c 4144435F 		.ascii	"ADC_SAR_Seq_1_Sleep\000"
 641      5341525F 
 641      5365715F 
 641      315F536C 
 641      65657000 
 642              	.LASF11:
 643 0060 666C6F61 		.ascii	"float\000"
 643      7400
 644              	.LASF20:
 645 0066 4144435F 		.ascii	"ADC_SAR_Seq_1_Wakeup\000"
 645      5341525F 
 645      5365715F 
 645      315F5761 
 645      6B657570 
 646              	.LASF1:
 647 007b 756E7369 		.ascii	"unsigned char\000"
 647      676E6564 
 647      20636861 
 647      7200
 648              	.LASF22:
 649 0089 4144435F 		.ascii	"ADC_SAR_Seq_1_Stop\000"
 649      5341525F 
 649      5365715F 
 649      315F5374 
 649      6F7000
 650              	.LASF5:
 651 009c 6C6F6E67 		.ascii	"long unsigned int\000"
 651      20756E73 
 651      69676E65 
 651      6420696E 
 651      7400
 652              	.LASF9:
 653 00ae 75696E74 		.ascii	"uint8\000"
 653      3800
 654              	.LASF23:
 655 00b4 4144435F 		.ascii	"ADC_SAR_Seq_1_Start\000"
 655      5341525F 
 655      5365715F 
 655      315F5374 
 655      61727400 
 656              	.LASF12:
 657 00c8 646F7562 		.ascii	"double\000"
 657      6C6500
 658              	.LASF10:
ARM GAS  C:\Users\Steve\AppData\Local\Temp\ccCmFJdH.s 			page 16


 659 00cf 75696E74 		.ascii	"uint32\000"
 659      333200
 660              	.LASF8:
 661 00d6 756E7369 		.ascii	"unsigned int\000"
 661      676E6564 
 661      20696E74 
 661      00
 662              	.LASF24:
 663 00e3 4144435F 		.ascii	"ADC_SAR_Seq_1_StartConvert\000"
 663      5341525F 
 663      5365715F 
 663      315F5374 
 663      61727443 
 664              	.LASF7:
 665 00fe 6C6F6E67 		.ascii	"long long unsigned int\000"
 665      206C6F6E 
 665      6720756E 
 665      7369676E 
 665      65642069 
 666              	.LASF15:
 667 0115 73697A65 		.ascii	"sizetype\000"
 667      74797065 
 667      00
 668              	.LASF6:
 669 011e 6C6F6E67 		.ascii	"long long int\000"
 669      206C6F6E 
 669      6720696E 
 669      7400
 670              	.LASF29:
 671 012c 4144435F 		.ascii	"ADC_SAR_Seq_1_backup\000"
 671      5341525F 
 671      5365715F 
 671      315F6261 
 671      636B7570 
 672              	.LASF13:
 673 0141 63686172 		.ascii	"char\000"
 673      00
 674              	.LASF16:
 675 0146 4144435F 		.ascii	"ADC_SAR_Seq_1_BACKUP_STRUCT\000"
 675      5341525F 
 675      5365715F 
 675      315F4241 
 675      434B5550 
 676              	.LASF2:
 677 0162 73686F72 		.ascii	"short int\000"
 677      7420696E 
 677      7400
 678              	.LASF25:
 679 016c 474E5520 		.ascii	"GNU C 4.7.3 20130312 (release) [ARM/embedded-4_7-br"
 679      4320342E 
 679      372E3320 
 679      32303133 
 679      30333132 
 680 019f 616E6368 		.ascii	"anch revision 196615]\000"
 680      20726576 
 680      6973696F 
 680      6E203139 
ARM GAS  C:\Users\Steve\AppData\Local\Temp\ccCmFJdH.s 			page 17


 680      36363135 
 681              	.LASF27:
 682 01b5 433A5C55 		.ascii	"C:\\Users\\Steve\\Documents\\Git\\GlowTime\\RGB_LED"
 682      73657273 
 682      5C537465 
 682      76655C44 
 682      6F63756D 
 683 01e2 5F4D6174 		.ascii	"_Matrix.cydsn\000"
 683      7269782E 
 683      63796473 
 683      6E00
 684              	.LASF4:
 685 01f0 6C6F6E67 		.ascii	"long int\000"
 685      20696E74 
 685      00
 686              	.LASF28:
 687 01f9 656E6162 		.ascii	"enableState\000"
 687      6C655374 
 687      61746500 
 688              	.LASF26:
 689 0205 2E5C4765 		.ascii	".\\Generated_Source\\PSoC4\\ADC_SAR_Seq_1_PM.c\000"
 689      6E657261 
 689      7465645F 
 689      536F7572 
 689      63655C50 
 690              	.LASF0:
 691 0231 7369676E 		.ascii	"signed char\000"
 691      65642063 
 691      68617200 
 692              	.LASF18:
 693 023d 4144435F 		.ascii	"ADC_SAR_Seq_1_RestoreConfig\000"
 693      5341525F 
 693      5365715F 
 693      315F5265 
 693      73746F72 
 694              		.ident	"GCC: (GNU Tools for ARM Embedded Processors) 4.7.3 20130312 (release) [ARM/embedded-4_7-br
