ARM GAS  C:\Users\Computer\AppData\Local\Temp\cczU5wMb.s 			page 1


   1              		.cpu cortex-m0
   2              		.fpu softvfp
   3              		.eabi_attribute 20, 1
   4              		.eabi_attribute 21, 1
   5              		.eabi_attribute 23, 3
   6              		.eabi_attribute 24, 1
   7              		.eabi_attribute 25, 1
   8              		.eabi_attribute 26, 1
   9              		.eabi_attribute 30, 2
  10              		.eabi_attribute 34, 0
  11              		.eabi_attribute 18, 4
  12              		.code	16
  13              		.file	"ADC_INT.c"
  14              		.text
  15              	.Ltext0:
  16              		.cfi_sections	.debug_frame
  17              		.section	.text.ADC_ISR,"ax",%progbits
  18              		.align	2
  19              		.global	ADC_ISR
  20              		.code	16
  21              		.thumb_func
  22              		.type	ADC_ISR, %function
  23              	ADC_ISR:
  24              	.LFB0:
  25              		.file 1 ".\\Generated_Source\\PSoC4\\ADC_INT.c"
   1:.\Generated_Source\PSoC4/ADC_INT.c **** /*******************************************************************************
   2:.\Generated_Source\PSoC4/ADC_INT.c **** * File Name: ADC_INT.c
   3:.\Generated_Source\PSoC4/ADC_INT.c **** * Version 1.10
   4:.\Generated_Source\PSoC4/ADC_INT.c **** *
   5:.\Generated_Source\PSoC4/ADC_INT.c **** *  Description:
   6:.\Generated_Source\PSoC4/ADC_INT.c **** *    This file contains the code that operates during the ADC_SAR interrupt
   7:.\Generated_Source\PSoC4/ADC_INT.c **** *    service routine.
   8:.\Generated_Source\PSoC4/ADC_INT.c **** *
   9:.\Generated_Source\PSoC4/ADC_INT.c **** *   Note:
  10:.\Generated_Source\PSoC4/ADC_INT.c **** *
  11:.\Generated_Source\PSoC4/ADC_INT.c **** ********************************************************************************
  12:.\Generated_Source\PSoC4/ADC_INT.c **** * Copyright 2008-2013, Cypress Semiconductor Corporation.  All rights reserved.
  13:.\Generated_Source\PSoC4/ADC_INT.c **** * You may use this file only in accordance with the license, terms, conditions,
  14:.\Generated_Source\PSoC4/ADC_INT.c **** * disclaimers, and limitations in the end user license agreement accompanying
  15:.\Generated_Source\PSoC4/ADC_INT.c **** * the software package with which this file was provided.
  16:.\Generated_Source\PSoC4/ADC_INT.c **** *******************************************************************************/
  17:.\Generated_Source\PSoC4/ADC_INT.c **** 
  18:.\Generated_Source\PSoC4/ADC_INT.c **** #include "CyLib.h"
  19:.\Generated_Source\PSoC4/ADC_INT.c **** #include "ADC.h"
  20:.\Generated_Source\PSoC4/ADC_INT.c **** 
  21:.\Generated_Source\PSoC4/ADC_INT.c **** 
  22:.\Generated_Source\PSoC4/ADC_INT.c **** /******************************************************************************
  23:.\Generated_Source\PSoC4/ADC_INT.c **** * Custom Declarations and Variables
  24:.\Generated_Source\PSoC4/ADC_INT.c **** * - add user inlcude files, prototypes and variables between the following
  25:.\Generated_Source\PSoC4/ADC_INT.c **** *   #START and #END tags
  26:.\Generated_Source\PSoC4/ADC_INT.c **** ******************************************************************************/
  27:.\Generated_Source\PSoC4/ADC_INT.c **** /* `#START ADC_SYS_VAR`  */
  28:.\Generated_Source\PSoC4/ADC_INT.c **** 
  29:.\Generated_Source\PSoC4/ADC_INT.c **** /* `#END`  */
  30:.\Generated_Source\PSoC4/ADC_INT.c **** 
  31:.\Generated_Source\PSoC4/ADC_INT.c **** #if(ADC_IRQ_REMOVE == 0u)
  32:.\Generated_Source\PSoC4/ADC_INT.c **** 
ARM GAS  C:\Users\Computer\AppData\Local\Temp\cczU5wMb.s 			page 2


  33:.\Generated_Source\PSoC4/ADC_INT.c **** 
  34:.\Generated_Source\PSoC4/ADC_INT.c ****     /******************************************************************************
  35:.\Generated_Source\PSoC4/ADC_INT.c ****     * Function Name: ADC_ISR
  36:.\Generated_Source\PSoC4/ADC_INT.c ****     *******************************************************************************
  37:.\Generated_Source\PSoC4/ADC_INT.c ****     *
  38:.\Generated_Source\PSoC4/ADC_INT.c ****     * Summary:
  39:.\Generated_Source\PSoC4/ADC_INT.c ****     *  Handle Interrupt Service Routine.
  40:.\Generated_Source\PSoC4/ADC_INT.c ****     *
  41:.\Generated_Source\PSoC4/ADC_INT.c ****     * Parameters:
  42:.\Generated_Source\PSoC4/ADC_INT.c ****     *  None.
  43:.\Generated_Source\PSoC4/ADC_INT.c ****     *
  44:.\Generated_Source\PSoC4/ADC_INT.c ****     * Return:
  45:.\Generated_Source\PSoC4/ADC_INT.c ****     *  None.
  46:.\Generated_Source\PSoC4/ADC_INT.c ****     *
  47:.\Generated_Source\PSoC4/ADC_INT.c ****     * Reentrant:
  48:.\Generated_Source\PSoC4/ADC_INT.c ****     *  No.
  49:.\Generated_Source\PSoC4/ADC_INT.c ****     *
  50:.\Generated_Source\PSoC4/ADC_INT.c ****     ******************************************************************************/
  51:.\Generated_Source\PSoC4/ADC_INT.c ****     CY_ISR( ADC_ISR )
  52:.\Generated_Source\PSoC4/ADC_INT.c ****     {
  26              		.loc 1 52 0
  27              		.cfi_startproc
  53:.\Generated_Source\PSoC4/ADC_INT.c ****         uint32 intr_status;
  54:.\Generated_Source\PSoC4/ADC_INT.c **** 
  55:.\Generated_Source\PSoC4/ADC_INT.c ****         /* Read interrupt status register */
  56:.\Generated_Source\PSoC4/ADC_INT.c ****         intr_status = ADC_SAR_INTR_REG;
  28              		.loc 1 56 0
  29 0000 014B     		ldr	r3, .L2
  57:.\Generated_Source\PSoC4/ADC_INT.c **** 
  58:.\Generated_Source\PSoC4/ADC_INT.c ****         /************************************************************************
  59:.\Generated_Source\PSoC4/ADC_INT.c ****         *  Custom Code
  60:.\Generated_Source\PSoC4/ADC_INT.c ****         *  - add user ISR code between the following #START and #END tags
  61:.\Generated_Source\PSoC4/ADC_INT.c ****         *************************************************************************/
  62:.\Generated_Source\PSoC4/ADC_INT.c ****         /* `#START MAIN_ADC_ISR`  */
  63:.\Generated_Source\PSoC4/ADC_INT.c **** 
  64:.\Generated_Source\PSoC4/ADC_INT.c ****         /* `#END`  */
  65:.\Generated_Source\PSoC4/ADC_INT.c **** 
  66:.\Generated_Source\PSoC4/ADC_INT.c ****         /* Clear handled interrupt */
  67:.\Generated_Source\PSoC4/ADC_INT.c ****         ADC_SAR_INTR_REG = intr_status;
  68:.\Generated_Source\PSoC4/ADC_INT.c ****     }
  30              		.loc 1 68 0
  31              		@ sp needed for prologue
  56:.\Generated_Source\PSoC4/ADC_INT.c ****         intr_status = ADC_SAR_INTR_REG;
  32              		.loc 1 56 0
  33 0002 1A68     		ldr	r2, [r3]
  34              	.LVL0:
  67:.\Generated_Source\PSoC4/ADC_INT.c ****         ADC_SAR_INTR_REG = intr_status;
  35              		.loc 1 67 0
  36 0004 1A60     		str	r2, [r3]
  37              		.loc 1 68 0
  38 0006 7047     		bx	lr
  39              	.L3:
  40              		.align	2
  41              	.L2:
  42 0008 10021A40 		.word	1075446288
  43              		.cfi_endproc
  44              	.LFE0:
ARM GAS  C:\Users\Computer\AppData\Local\Temp\cczU5wMb.s 			page 3


  45              		.size	ADC_ISR, .-ADC_ISR
  46              		.text
  47              	.Letext0:
  48              		.file 2 ".\\Generated_Source\\PSoC4\\cytypes.h"
  49              		.section	.debug_info,"",%progbits
  50              	.Ldebug_info0:
  51 0000 C6000000 		.4byte	0xc6
  52 0004 0200     		.2byte	0x2
  53 0006 00000000 		.4byte	.Ldebug_abbrev0
  54 000a 04       		.byte	0x4
  55 000b 01       		.uleb128 0x1
  56 000c 60000000 		.4byte	.LASF15
  57 0010 01       		.byte	0x1
  58 0011 02010000 		.4byte	.LASF16
  59 0015 22000000 		.4byte	.LASF17
  60 0019 00000000 		.4byte	.Ldebug_ranges0+0
  61 001d 00000000 		.4byte	0
  62 0021 00000000 		.4byte	0
  63 0025 00000000 		.4byte	.Ldebug_line0
  64 0029 02       		.uleb128 0x2
  65 002a 01       		.byte	0x1
  66 002b 06       		.byte	0x6
  67 002c 45010000 		.4byte	.LASF0
  68 0030 02       		.uleb128 0x2
  69 0031 01       		.byte	0x1
  70 0032 08       		.byte	0x8
  71 0033 E6000000 		.4byte	.LASF1
  72 0037 02       		.uleb128 0x2
  73 0038 02       		.byte	0x2
  74 0039 05       		.byte	0x5
  75 003a 57010000 		.4byte	.LASF2
  76 003e 02       		.uleb128 0x2
  77 003f 02       		.byte	0x2
  78 0040 07       		.byte	0x7
  79 0041 32010000 		.4byte	.LASF3
  80 0045 02       		.uleb128 0x2
  81 0046 04       		.byte	0x4
  82 0047 05       		.byte	0x5
  83 0048 F9000000 		.4byte	.LASF4
  84 004c 02       		.uleb128 0x2
  85 004d 04       		.byte	0x4
  86 004e 07       		.byte	0x7
  87 004f B1000000 		.4byte	.LASF5
  88 0053 02       		.uleb128 0x2
  89 0054 08       		.byte	0x8
  90 0055 05       		.byte	0x5
  91 0056 00000000 		.4byte	.LASF6
  92 005a 02       		.uleb128 0x2
  93 005b 08       		.byte	0x8
  94 005c 07       		.byte	0x7
  95 005d C3000000 		.4byte	.LASF7
  96 0061 03       		.uleb128 0x3
  97 0062 04       		.byte	0x4
  98 0063 05       		.byte	0x5
  99 0064 696E7400 		.ascii	"int\000"
 100 0068 02       		.uleb128 0x2
 101 0069 04       		.byte	0x4
ARM GAS  C:\Users\Computer\AppData\Local\Temp\cczU5wMb.s 			page 4


 102 006a 07       		.byte	0x7
 103 006b 15000000 		.4byte	.LASF8
 104 006f 04       		.uleb128 0x4
 105 0070 0E000000 		.4byte	.LASF12
 106 0074 02       		.byte	0x2
 107 0075 5D       		.byte	0x5d
 108 0076 4C000000 		.4byte	0x4c
 109 007a 02       		.uleb128 0x2
 110 007b 04       		.byte	0x4
 111 007c 04       		.byte	0x4
 112 007d 51010000 		.4byte	.LASF9
 113 0081 02       		.uleb128 0x2
 114 0082 08       		.byte	0x8
 115 0083 04       		.byte	0x4
 116 0084 25010000 		.4byte	.LASF10
 117 0088 02       		.uleb128 0x2
 118 0089 01       		.byte	0x1
 119 008a 08       		.byte	0x8
 120 008b F4000000 		.4byte	.LASF11
 121 008f 04       		.uleb128 0x4
 122 0090 2C010000 		.4byte	.LASF13
 123 0094 02       		.byte	0x2
 124 0095 F2       		.byte	0xf2
 125 0096 9A000000 		.4byte	0x9a
 126 009a 05       		.uleb128 0x5
 127 009b 6F000000 		.4byte	0x6f
 128 009f 02       		.uleb128 0x2
 129 00a0 04       		.byte	0x4
 130 00a1 07       		.byte	0x7
 131 00a2 61010000 		.4byte	.LASF14
 132 00a6 06       		.uleb128 0x6
 133 00a7 01       		.byte	0x1
 134 00a8 A9000000 		.4byte	.LASF18
 135 00ac 01       		.byte	0x1
 136 00ad 33       		.byte	0x33
 137 00ae 01       		.byte	0x1
 138 00af 00000000 		.4byte	.LFB0
 139 00b3 0C000000 		.4byte	.LFE0
 140 00b7 02       		.byte	0x2
 141 00b8 7D       		.byte	0x7d
 142 00b9 00       		.sleb128 0
 143 00ba 01       		.byte	0x1
 144 00bb 07       		.uleb128 0x7
 145 00bc DA000000 		.4byte	.LASF19
 146 00c0 01       		.byte	0x1
 147 00c1 35       		.byte	0x35
 148 00c2 6F000000 		.4byte	0x6f
 149 00c6 01       		.byte	0x1
 150 00c7 52       		.byte	0x52
 151 00c8 00       		.byte	0
 152 00c9 00       		.byte	0
 153              		.section	.debug_abbrev,"",%progbits
 154              	.Ldebug_abbrev0:
 155 0000 01       		.uleb128 0x1
 156 0001 11       		.uleb128 0x11
 157 0002 01       		.byte	0x1
 158 0003 25       		.uleb128 0x25
ARM GAS  C:\Users\Computer\AppData\Local\Temp\cczU5wMb.s 			page 5


 159 0004 0E       		.uleb128 0xe
 160 0005 13       		.uleb128 0x13
 161 0006 0B       		.uleb128 0xb
 162 0007 03       		.uleb128 0x3
 163 0008 0E       		.uleb128 0xe
 164 0009 1B       		.uleb128 0x1b
 165 000a 0E       		.uleb128 0xe
 166 000b 55       		.uleb128 0x55
 167 000c 06       		.uleb128 0x6
 168 000d 11       		.uleb128 0x11
 169 000e 01       		.uleb128 0x1
 170 000f 52       		.uleb128 0x52
 171 0010 01       		.uleb128 0x1
 172 0011 10       		.uleb128 0x10
 173 0012 06       		.uleb128 0x6
 174 0013 00       		.byte	0
 175 0014 00       		.byte	0
 176 0015 02       		.uleb128 0x2
 177 0016 24       		.uleb128 0x24
 178 0017 00       		.byte	0
 179 0018 0B       		.uleb128 0xb
 180 0019 0B       		.uleb128 0xb
 181 001a 3E       		.uleb128 0x3e
 182 001b 0B       		.uleb128 0xb
 183 001c 03       		.uleb128 0x3
 184 001d 0E       		.uleb128 0xe
 185 001e 00       		.byte	0
 186 001f 00       		.byte	0
 187 0020 03       		.uleb128 0x3
 188 0021 24       		.uleb128 0x24
 189 0022 00       		.byte	0
 190 0023 0B       		.uleb128 0xb
 191 0024 0B       		.uleb128 0xb
 192 0025 3E       		.uleb128 0x3e
 193 0026 0B       		.uleb128 0xb
 194 0027 03       		.uleb128 0x3
 195 0028 08       		.uleb128 0x8
 196 0029 00       		.byte	0
 197 002a 00       		.byte	0
 198 002b 04       		.uleb128 0x4
 199 002c 16       		.uleb128 0x16
 200 002d 00       		.byte	0
 201 002e 03       		.uleb128 0x3
 202 002f 0E       		.uleb128 0xe
 203 0030 3A       		.uleb128 0x3a
 204 0031 0B       		.uleb128 0xb
 205 0032 3B       		.uleb128 0x3b
 206 0033 0B       		.uleb128 0xb
 207 0034 49       		.uleb128 0x49
 208 0035 13       		.uleb128 0x13
 209 0036 00       		.byte	0
 210 0037 00       		.byte	0
 211 0038 05       		.uleb128 0x5
 212 0039 35       		.uleb128 0x35
 213 003a 00       		.byte	0
 214 003b 49       		.uleb128 0x49
 215 003c 13       		.uleb128 0x13
ARM GAS  C:\Users\Computer\AppData\Local\Temp\cczU5wMb.s 			page 6


 216 003d 00       		.byte	0
 217 003e 00       		.byte	0
 218 003f 06       		.uleb128 0x6
 219 0040 2E       		.uleb128 0x2e
 220 0041 01       		.byte	0x1
 221 0042 3F       		.uleb128 0x3f
 222 0043 0C       		.uleb128 0xc
 223 0044 03       		.uleb128 0x3
 224 0045 0E       		.uleb128 0xe
 225 0046 3A       		.uleb128 0x3a
 226 0047 0B       		.uleb128 0xb
 227 0048 3B       		.uleb128 0x3b
 228 0049 0B       		.uleb128 0xb
 229 004a 27       		.uleb128 0x27
 230 004b 0C       		.uleb128 0xc
 231 004c 11       		.uleb128 0x11
 232 004d 01       		.uleb128 0x1
 233 004e 12       		.uleb128 0x12
 234 004f 01       		.uleb128 0x1
 235 0050 40       		.uleb128 0x40
 236 0051 0A       		.uleb128 0xa
 237 0052 9742     		.uleb128 0x2117
 238 0054 0C       		.uleb128 0xc
 239 0055 00       		.byte	0
 240 0056 00       		.byte	0
 241 0057 07       		.uleb128 0x7
 242 0058 34       		.uleb128 0x34
 243 0059 00       		.byte	0
 244 005a 03       		.uleb128 0x3
 245 005b 0E       		.uleb128 0xe
 246 005c 3A       		.uleb128 0x3a
 247 005d 0B       		.uleb128 0xb
 248 005e 3B       		.uleb128 0x3b
 249 005f 0B       		.uleb128 0xb
 250 0060 49       		.uleb128 0x49
 251 0061 13       		.uleb128 0x13
 252 0062 02       		.uleb128 0x2
 253 0063 0A       		.uleb128 0xa
 254 0064 00       		.byte	0
 255 0065 00       		.byte	0
 256 0066 00       		.byte	0
 257              		.section	.debug_aranges,"",%progbits
 258 0000 1C000000 		.4byte	0x1c
 259 0004 0200     		.2byte	0x2
 260 0006 00000000 		.4byte	.Ldebug_info0
 261 000a 04       		.byte	0x4
 262 000b 00       		.byte	0
 263 000c 0000     		.2byte	0
 264 000e 0000     		.2byte	0
 265 0010 00000000 		.4byte	.LFB0
 266 0014 0C000000 		.4byte	.LFE0-.LFB0
 267 0018 00000000 		.4byte	0
 268 001c 00000000 		.4byte	0
 269              		.section	.debug_ranges,"",%progbits
 270              	.Ldebug_ranges0:
 271 0000 00000000 		.4byte	.LFB0
 272 0004 0C000000 		.4byte	.LFE0
ARM GAS  C:\Users\Computer\AppData\Local\Temp\cczU5wMb.s 			page 7


 273 0008 00000000 		.4byte	0
 274 000c 00000000 		.4byte	0
 275              		.section	.debug_line,"",%progbits
 276              	.Ldebug_line0:
 277 0000 66000000 		.section	.debug_str,"MS",%progbits,1
 277      02004600 
 277      00000201 
 277      FB0E0D00 
 277      01010101 
 278              	.LASF6:
 279 0000 6C6F6E67 		.ascii	"long long int\000"
 279      206C6F6E 
 279      6720696E 
 279      7400
 280              	.LASF12:
 281 000e 75696E74 		.ascii	"uint32\000"
 281      333200
 282              	.LASF8:
 283 0015 756E7369 		.ascii	"unsigned int\000"
 283      676E6564 
 283      20696E74 
 283      00
 284              	.LASF17:
 285 0022 433A5C55 		.ascii	"C:\\Users\\Computer\\Documents\\Git\\GlowTime\\RGB_"
 285      73657273 
 285      5C436F6D 
 285      70757465 
 285      725C446F 
 286 004f 4C45445F 		.ascii	"LED_Matrix.cydsn\000"
 286      4D617472 
 286      69782E63 
 286      7964736E 
 286      00
 287              	.LASF15:
 288 0060 474E5520 		.ascii	"GNU C 4.7.3 20130312 (release) [ARM/embedded-4_7-br"
 288      4320342E 
 288      372E3320 
 288      32303133 
 288      30333132 
 289 0093 616E6368 		.ascii	"anch revision 196615]\000"
 289      20726576 
 289      6973696F 
 289      6E203139 
 289      36363135 
 290              	.LASF18:
 291 00a9 4144435F 		.ascii	"ADC_ISR\000"
 291      49535200 
 292              	.LASF5:
 293 00b1 6C6F6E67 		.ascii	"long unsigned int\000"
 293      20756E73 
 293      69676E65 
 293      6420696E 
 293      7400
 294              	.LASF7:
 295 00c3 6C6F6E67 		.ascii	"long long unsigned int\000"
 295      206C6F6E 
 295      6720756E 
ARM GAS  C:\Users\Computer\AppData\Local\Temp\cczU5wMb.s 			page 8


 295      7369676E 
 295      65642069 
 296              	.LASF19:
 297 00da 696E7472 		.ascii	"intr_status\000"
 297      5F737461 
 297      74757300 
 298              	.LASF1:
 299 00e6 756E7369 		.ascii	"unsigned char\000"
 299      676E6564 
 299      20636861 
 299      7200
 300              	.LASF11:
 301 00f4 63686172 		.ascii	"char\000"
 301      00
 302              	.LASF4:
 303 00f9 6C6F6E67 		.ascii	"long int\000"
 303      20696E74 
 303      00
 304              	.LASF16:
 305 0102 2E5C4765 		.ascii	".\\Generated_Source\\PSoC4\\ADC_INT.c\000"
 305      6E657261 
 305      7465645F 
 305      536F7572 
 305      63655C50 
 306              	.LASF10:
 307 0125 646F7562 		.ascii	"double\000"
 307      6C6500
 308              	.LASF13:
 309 012c 72656733 		.ascii	"reg32\000"
 309      3200
 310              	.LASF3:
 311 0132 73686F72 		.ascii	"short unsigned int\000"
 311      7420756E 
 311      7369676E 
 311      65642069 
 311      6E7400
 312              	.LASF0:
 313 0145 7369676E 		.ascii	"signed char\000"
 313      65642063 
 313      68617200 
 314              	.LASF9:
 315 0151 666C6F61 		.ascii	"float\000"
 315      7400
 316              	.LASF2:
 317 0157 73686F72 		.ascii	"short int\000"
 317      7420696E 
 317      7400
 318              	.LASF14:
 319 0161 73697A65 		.ascii	"sizetype\000"
 319      74797065 
 319      00
 320              		.ident	"GCC: (GNU Tools for ARM Embedded Processors) 4.7.3 20130312 (release) [ARM/embedded-4_7-br
