ARM GAS  C:\Users\Steve\AppData\Local\Temp\ccVpM98z.s 			page 1


   1              		.cpu cortex-m0
   2              		.fpu softvfp
   3              		.eabi_attribute 20, 1
   4              		.eabi_attribute 21, 1
   5              		.eabi_attribute 23, 3
   6              		.eabi_attribute 24, 1
   7              		.eabi_attribute 25, 1
   8              		.eabi_attribute 26, 1
   9              		.eabi_attribute 30, 2
  10              		.eabi_attribute 34, 0
  11              		.eabi_attribute 18, 4
  12              		.code	16
  13              		.file	"Cm0Start.c"
  14              		.text
  15              	.Ltext0:
  16              		.cfi_sections	.debug_frame
  17              		.section	.text.IntDefaultHandler,"ax",%progbits
  18              		.align	2
  19              		.global	IntDefaultHandler
  20              		.code	16
  21              		.thumb_func
  22              		.type	IntDefaultHandler, %function
  23              	IntDefaultHandler:
  24              	.LFB0:
  25              		.file 1 ".\\Generated_Source\\PSoC4\\Cm0Start.c"
   1:.\Generated_Source\PSoC4/Cm0Start.c **** /*******************************************************************************
   2:.\Generated_Source\PSoC4/Cm0Start.c **** * File Name: Cm0Start.c
   3:.\Generated_Source\PSoC4/Cm0Start.c **** * Version 4.0
   4:.\Generated_Source\PSoC4/Cm0Start.c **** *
   5:.\Generated_Source\PSoC4/Cm0Start.c **** *  Description:
   6:.\Generated_Source\PSoC4/Cm0Start.c **** *  Startup code for the ARM CM0.
   7:.\Generated_Source\PSoC4/Cm0Start.c **** *
   8:.\Generated_Source\PSoC4/Cm0Start.c **** ********************************************************************************
   9:.\Generated_Source\PSoC4/Cm0Start.c **** * Copyright 2010-2013, Cypress Semiconductor Corporation.  All rights reserved.
  10:.\Generated_Source\PSoC4/Cm0Start.c **** * You may use this file only in accordance with the license, terms, conditions,
  11:.\Generated_Source\PSoC4/Cm0Start.c **** * disclaimers, and limitations in the end user license agreement accompanying
  12:.\Generated_Source\PSoC4/Cm0Start.c **** * the software package with which this file was provided.
  13:.\Generated_Source\PSoC4/Cm0Start.c **** *******************************************************************************/
  14:.\Generated_Source\PSoC4/Cm0Start.c **** 
  15:.\Generated_Source\PSoC4/Cm0Start.c **** #include <limits.h>
  16:.\Generated_Source\PSoC4/Cm0Start.c **** #include "cydevice_trm.h"
  17:.\Generated_Source\PSoC4/Cm0Start.c **** #include "cytypes.h"
  18:.\Generated_Source\PSoC4/Cm0Start.c **** #include "cyfitter_cfg.h"
  19:.\Generated_Source\PSoC4/Cm0Start.c **** #include "CyLib.h"
  20:.\Generated_Source\PSoC4/Cm0Start.c **** #include "cyfitter.h"
  21:.\Generated_Source\PSoC4/Cm0Start.c **** 
  22:.\Generated_Source\PSoC4/Cm0Start.c **** #define CY_NUM_VECTORS              (CY_INT_IRQ_BASE + CY_NUM_INTERRUPTS)
  23:.\Generated_Source\PSoC4/Cm0Start.c **** #define CY_CPUSS_CONFIG             ((reg32 *) CYREG_CPUSS_CONFIG)
  24:.\Generated_Source\PSoC4/Cm0Start.c **** 
  25:.\Generated_Source\PSoC4/Cm0Start.c **** #if defined (__ICCARM__)
  26:.\Generated_Source\PSoC4/Cm0Start.c ****     #define CY_NUM_ROM_VECTORS      (CY_NUM_VECTORS)
  27:.\Generated_Source\PSoC4/Cm0Start.c **** #else
  28:.\Generated_Source\PSoC4/Cm0Start.c ****     #define CY_NUM_ROM_VECTORS      (4u)
  29:.\Generated_Source\PSoC4/Cm0Start.c **** #endif  /* defined (__ICCARM__) */
  30:.\Generated_Source\PSoC4/Cm0Start.c **** 
  31:.\Generated_Source\PSoC4/Cm0Start.c **** #if defined(__ARMCC_VERSION)
  32:.\Generated_Source\PSoC4/Cm0Start.c ****     #define INITIAL_STACK_POINTER ((cyisraddress)(uint32)&Image$$ARM_LIB_STACK$$ZI$$Limit)
ARM GAS  C:\Users\Steve\AppData\Local\Temp\ccVpM98z.s 			page 2


  33:.\Generated_Source\PSoC4/Cm0Start.c **** #elif defined (__GNUC__)
  34:.\Generated_Source\PSoC4/Cm0Start.c ****     #define INITIAL_STACK_POINTER (&__cy_stack)
  35:.\Generated_Source\PSoC4/Cm0Start.c **** #elif defined (__ICCARM__)
  36:.\Generated_Source\PSoC4/Cm0Start.c ****     #pragma language=extended
  37:.\Generated_Source\PSoC4/Cm0Start.c ****     #pragma segment="CSTACK"
  38:.\Generated_Source\PSoC4/Cm0Start.c ****     #define INITIAL_STACK_POINTER  { .__ptr = __sfe( "CSTACK" ) }
  39:.\Generated_Source\PSoC4/Cm0Start.c **** 
  40:.\Generated_Source\PSoC4/Cm0Start.c ****     extern void __iar_program_start( void );
  41:.\Generated_Source\PSoC4/Cm0Start.c ****     extern void __iar_data_init3 (void);
  42:.\Generated_Source\PSoC4/Cm0Start.c **** #endif  /* (__ARMCC_VERSION) */
  43:.\Generated_Source\PSoC4/Cm0Start.c **** 
  44:.\Generated_Source\PSoC4/Cm0Start.c **** /* Extern functions */
  45:.\Generated_Source\PSoC4/Cm0Start.c **** extern void CyBtldr_CheckLaunch(void);
  46:.\Generated_Source\PSoC4/Cm0Start.c **** 
  47:.\Generated_Source\PSoC4/Cm0Start.c **** /* Function prototypes */
  48:.\Generated_Source\PSoC4/Cm0Start.c **** void initialize_psoc(void);
  49:.\Generated_Source\PSoC4/Cm0Start.c **** 
  50:.\Generated_Source\PSoC4/Cm0Start.c **** /* Global variables */
  51:.\Generated_Source\PSoC4/Cm0Start.c **** #if !defined (__ICCARM__)
  52:.\Generated_Source\PSoC4/Cm0Start.c ****     CY_NOINIT static uint32 cySysNoInitDataValid;
  53:.\Generated_Source\PSoC4/Cm0Start.c **** #endif  /* !defined (__ICCARM__) */
  54:.\Generated_Source\PSoC4/Cm0Start.c **** 
  55:.\Generated_Source\PSoC4/Cm0Start.c **** 
  56:.\Generated_Source\PSoC4/Cm0Start.c **** #if (CYDEV_PROJ_TYPE != CYDEV_PROJ_TYPE_STANDARD)
  57:.\Generated_Source\PSoC4/Cm0Start.c **** 
  58:.\Generated_Source\PSoC4/Cm0Start.c ****     /*******************************************************************************
  59:.\Generated_Source\PSoC4/Cm0Start.c ****     This variable is used by Bootloader/Bootloadable components to schedule
  60:.\Generated_Source\PSoC4/Cm0Start.c ****     what application will be started after software reset.
  61:.\Generated_Source\PSoC4/Cm0Start.c ****     *******************************************************************************/
  62:.\Generated_Source\PSoC4/Cm0Start.c ****     #if (__ARMCC_VERSION)
  63:.\Generated_Source\PSoC4/Cm0Start.c ****         __attribute__ ((section(".bootloaderruntype"), zero_init))
  64:.\Generated_Source\PSoC4/Cm0Start.c ****     #elif defined (__GNUC__)
  65:.\Generated_Source\PSoC4/Cm0Start.c ****         __attribute__ ((section(".bootloaderruntype")))
  66:.\Generated_Source\PSoC4/Cm0Start.c ****     #elif defined (__ICCARM__)
  67:.\Generated_Source\PSoC4/Cm0Start.c ****         #pragma location=".bootloaderruntype"
  68:.\Generated_Source\PSoC4/Cm0Start.c ****     #endif
  69:.\Generated_Source\PSoC4/Cm0Start.c ****     volatile uint32 cyBtldrRunType;
  70:.\Generated_Source\PSoC4/Cm0Start.c **** 
  71:.\Generated_Source\PSoC4/Cm0Start.c **** #endif  /* (CYDEV_PROJ_TYPE != CYDEV_PROJ_TYPE_STANDARD) */
  72:.\Generated_Source\PSoC4/Cm0Start.c **** 
  73:.\Generated_Source\PSoC4/Cm0Start.c **** 
  74:.\Generated_Source\PSoC4/Cm0Start.c **** /*******************************************************************************
  75:.\Generated_Source\PSoC4/Cm0Start.c **** * Function Name: IntDefaultHandler
  76:.\Generated_Source\PSoC4/Cm0Start.c **** ********************************************************************************
  77:.\Generated_Source\PSoC4/Cm0Start.c **** *
  78:.\Generated_Source\PSoC4/Cm0Start.c **** * Summary:
  79:.\Generated_Source\PSoC4/Cm0Start.c **** *  This function is called for all interrupts, other than reset, that get called
  80:.\Generated_Source\PSoC4/Cm0Start.c **** *  before the system is setup.
  81:.\Generated_Source\PSoC4/Cm0Start.c **** *
  82:.\Generated_Source\PSoC4/Cm0Start.c **** * Parameters:
  83:.\Generated_Source\PSoC4/Cm0Start.c **** *  None
  84:.\Generated_Source\PSoC4/Cm0Start.c **** *
  85:.\Generated_Source\PSoC4/Cm0Start.c **** * Return:
  86:.\Generated_Source\PSoC4/Cm0Start.c **** *  None
  87:.\Generated_Source\PSoC4/Cm0Start.c **** *
  88:.\Generated_Source\PSoC4/Cm0Start.c **** * Theory:
  89:.\Generated_Source\PSoC4/Cm0Start.c **** *   Any value other than zero is acceptable.
ARM GAS  C:\Users\Steve\AppData\Local\Temp\ccVpM98z.s 			page 3


  90:.\Generated_Source\PSoC4/Cm0Start.c **** *
  91:.\Generated_Source\PSoC4/Cm0Start.c **** *******************************************************************************/
  92:.\Generated_Source\PSoC4/Cm0Start.c **** CY_NORETURN
  93:.\Generated_Source\PSoC4/Cm0Start.c **** CY_ISR(IntDefaultHandler)
  94:.\Generated_Source\PSoC4/Cm0Start.c **** {
  26              		.loc 1 94 0
  27              		.cfi_startproc
  28 0000 00B5     		push	{lr}
  29              	.LCFI0:
  30              		.cfi_def_cfa_offset 4
  31              		.cfi_offset 14, -4
  32              	.L2:
  33 0002 FEE7     		b	.L2
  34              		.cfi_endproc
  35              	.LFE0:
  36              		.size	IntDefaultHandler, .-IntDefaultHandler
  37              		.section	.text._exit,"ax",%progbits
  38              		.align	2
  39              		.weak	_exit
  40              		.code	16
  41              		.thumb_func
  42              		.type	_exit, %function
  43              	_exit:
  44              	.LFB1:
  95:.\Generated_Source\PSoC4/Cm0Start.c ****     /***************************************************************************
  96:.\Generated_Source\PSoC4/Cm0Start.c ****     * We should never get here. If we do, a serious problem occured, so go into
  97:.\Generated_Source\PSoC4/Cm0Start.c ****     * an infinite loop.
  98:.\Generated_Source\PSoC4/Cm0Start.c ****     ***************************************************************************/
  99:.\Generated_Source\PSoC4/Cm0Start.c ****     while(1)
 100:.\Generated_Source\PSoC4/Cm0Start.c ****     {
 101:.\Generated_Source\PSoC4/Cm0Start.c **** 
 102:.\Generated_Source\PSoC4/Cm0Start.c ****     }
 103:.\Generated_Source\PSoC4/Cm0Start.c **** }
 104:.\Generated_Source\PSoC4/Cm0Start.c **** 
 105:.\Generated_Source\PSoC4/Cm0Start.c **** #if defined(__ARMCC_VERSION)
 106:.\Generated_Source\PSoC4/Cm0Start.c **** 
 107:.\Generated_Source\PSoC4/Cm0Start.c **** /* Local function for the device reset. */
 108:.\Generated_Source\PSoC4/Cm0Start.c **** extern void Reset(void);
 109:.\Generated_Source\PSoC4/Cm0Start.c **** 
 110:.\Generated_Source\PSoC4/Cm0Start.c **** /* Application entry point. */
 111:.\Generated_Source\PSoC4/Cm0Start.c **** extern void $Super$$main(void);
 112:.\Generated_Source\PSoC4/Cm0Start.c **** 
 113:.\Generated_Source\PSoC4/Cm0Start.c **** /* Linker-generated Stack Base addresses, Two Region and One Region */
 114:.\Generated_Source\PSoC4/Cm0Start.c **** extern unsigned long Image$$ARM_LIB_STACK$$ZI$$Limit;
 115:.\Generated_Source\PSoC4/Cm0Start.c **** 
 116:.\Generated_Source\PSoC4/Cm0Start.c **** /* RealView C Library initialization. */
 117:.\Generated_Source\PSoC4/Cm0Start.c **** extern int __main(void);
 118:.\Generated_Source\PSoC4/Cm0Start.c **** 
 119:.\Generated_Source\PSoC4/Cm0Start.c **** 
 120:.\Generated_Source\PSoC4/Cm0Start.c **** /*******************************************************************************
 121:.\Generated_Source\PSoC4/Cm0Start.c **** * Function Name: Reset
 122:.\Generated_Source\PSoC4/Cm0Start.c **** ********************************************************************************
 123:.\Generated_Source\PSoC4/Cm0Start.c **** *
 124:.\Generated_Source\PSoC4/Cm0Start.c **** * Summary:
 125:.\Generated_Source\PSoC4/Cm0Start.c **** *  This function handles the reset interrupt for the RVDS/MDK toolchains.
 126:.\Generated_Source\PSoC4/Cm0Start.c **** *  This is the first bit of code that is executed at startup.
 127:.\Generated_Source\PSoC4/Cm0Start.c **** *
ARM GAS  C:\Users\Steve\AppData\Local\Temp\ccVpM98z.s 			page 4


 128:.\Generated_Source\PSoC4/Cm0Start.c **** * Parameters:
 129:.\Generated_Source\PSoC4/Cm0Start.c **** *  None
 130:.\Generated_Source\PSoC4/Cm0Start.c **** *
 131:.\Generated_Source\PSoC4/Cm0Start.c **** * Return:
 132:.\Generated_Source\PSoC4/Cm0Start.c **** *  None
 133:.\Generated_Source\PSoC4/Cm0Start.c **** *
 134:.\Generated_Source\PSoC4/Cm0Start.c **** *******************************************************************************/
 135:.\Generated_Source\PSoC4/Cm0Start.c **** void Reset(void)
 136:.\Generated_Source\PSoC4/Cm0Start.c **** {
 137:.\Generated_Source\PSoC4/Cm0Start.c ****     #if (CYDEV_PROJ_TYPE == CYDEV_PROJ_TYPE_LOADABLE)
 138:.\Generated_Source\PSoC4/Cm0Start.c ****         /* The bootloadable application image is started at Reset() handler
 139:.\Generated_Source\PSoC4/Cm0Start.c ****         * as a result of branch instruction execution from the bootloader.
 140:.\Generated_Source\PSoC4/Cm0Start.c ****         * So, the stack pointer needs to be reseted to be sure that
 141:.\Generated_Source\PSoC4/Cm0Start.c ****         * there is no garbage in the stack.
 142:.\Generated_Source\PSoC4/Cm0Start.c ****         */
 143:.\Generated_Source\PSoC4/Cm0Start.c ****         register uint32_t msp __asm("msp");
 144:.\Generated_Source\PSoC4/Cm0Start.c ****         msp = (uint32_t)&Image$$ARM_LIB_STACK$$ZI$$Limit;
 145:.\Generated_Source\PSoC4/Cm0Start.c ****     #endif /* CYDEV_PROJ_TYPE_LOADABLE */
 146:.\Generated_Source\PSoC4/Cm0Start.c **** 
 147:.\Generated_Source\PSoC4/Cm0Start.c ****     #if (CYDEV_BOOTLOADER_ENABLE)
 148:.\Generated_Source\PSoC4/Cm0Start.c ****         CyBtldr_CheckLaunch();
 149:.\Generated_Source\PSoC4/Cm0Start.c ****     #endif /* CYDEV_BOOTLOADER_ENABLE */
 150:.\Generated_Source\PSoC4/Cm0Start.c ****     __main();
 151:.\Generated_Source\PSoC4/Cm0Start.c **** }
 152:.\Generated_Source\PSoC4/Cm0Start.c **** 
 153:.\Generated_Source\PSoC4/Cm0Start.c **** /*******************************************************************************
 154:.\Generated_Source\PSoC4/Cm0Start.c **** * Function Name: $Sub$$main
 155:.\Generated_Source\PSoC4/Cm0Start.c **** ********************************************************************************
 156:.\Generated_Source\PSoC4/Cm0Start.c **** *
 157:.\Generated_Source\PSoC4/Cm0Start.c **** * Summary:
 158:.\Generated_Source\PSoC4/Cm0Start.c **** *  This function is called imediatly before the users main
 159:.\Generated_Source\PSoC4/Cm0Start.c **** *
 160:.\Generated_Source\PSoC4/Cm0Start.c **** * Parameters:
 161:.\Generated_Source\PSoC4/Cm0Start.c **** *  None
 162:.\Generated_Source\PSoC4/Cm0Start.c **** *
 163:.\Generated_Source\PSoC4/Cm0Start.c **** * Return:
 164:.\Generated_Source\PSoC4/Cm0Start.c **** *  None
 165:.\Generated_Source\PSoC4/Cm0Start.c **** *
 166:.\Generated_Source\PSoC4/Cm0Start.c **** *******************************************************************************/
 167:.\Generated_Source\PSoC4/Cm0Start.c **** __attribute__ ((noreturn))
 168:.\Generated_Source\PSoC4/Cm0Start.c **** void $Sub$$main(void)
 169:.\Generated_Source\PSoC4/Cm0Start.c **** {
 170:.\Generated_Source\PSoC4/Cm0Start.c ****     initialize_psoc();
 171:.\Generated_Source\PSoC4/Cm0Start.c **** 
 172:.\Generated_Source\PSoC4/Cm0Start.c ****     /* Call original main */
 173:.\Generated_Source\PSoC4/Cm0Start.c ****     $Super$$main();
 174:.\Generated_Source\PSoC4/Cm0Start.c **** 
 175:.\Generated_Source\PSoC4/Cm0Start.c ****     while (1)
 176:.\Generated_Source\PSoC4/Cm0Start.c ****     {
 177:.\Generated_Source\PSoC4/Cm0Start.c ****         /* If main returns it is undefined what we should do. */
 178:.\Generated_Source\PSoC4/Cm0Start.c ****     }
 179:.\Generated_Source\PSoC4/Cm0Start.c **** }
 180:.\Generated_Source\PSoC4/Cm0Start.c **** 
 181:.\Generated_Source\PSoC4/Cm0Start.c **** #elif defined(__GNUC__)
 182:.\Generated_Source\PSoC4/Cm0Start.c **** 
 183:.\Generated_Source\PSoC4/Cm0Start.c **** /* Stack Base address */
 184:.\Generated_Source\PSoC4/Cm0Start.c **** extern void __cy_stack(void);
ARM GAS  C:\Users\Steve\AppData\Local\Temp\ccVpM98z.s 			page 5


 185:.\Generated_Source\PSoC4/Cm0Start.c **** 
 186:.\Generated_Source\PSoC4/Cm0Start.c **** /* Application entry point. */
 187:.\Generated_Source\PSoC4/Cm0Start.c **** extern int main(void);
 188:.\Generated_Source\PSoC4/Cm0Start.c **** 
 189:.\Generated_Source\PSoC4/Cm0Start.c **** /* The static objects constructors initializer */
 190:.\Generated_Source\PSoC4/Cm0Start.c **** extern void __libc_init_array(void);
 191:.\Generated_Source\PSoC4/Cm0Start.c **** 
 192:.\Generated_Source\PSoC4/Cm0Start.c **** typedef unsigned char __cy_byte_align8 __attribute ((aligned (8)));
 193:.\Generated_Source\PSoC4/Cm0Start.c **** 
 194:.\Generated_Source\PSoC4/Cm0Start.c **** struct __cy_region
 195:.\Generated_Source\PSoC4/Cm0Start.c **** {
 196:.\Generated_Source\PSoC4/Cm0Start.c ****     __cy_byte_align8 *init; /* Initial contents of this region.  */
 197:.\Generated_Source\PSoC4/Cm0Start.c ****     __cy_byte_align8 *data; /* Start address of region.  */
 198:.\Generated_Source\PSoC4/Cm0Start.c ****     size_t init_size;       /* Size of initial data.  */
 199:.\Generated_Source\PSoC4/Cm0Start.c ****     size_t zero_size;       /* Additional size to be zeroed.  */
 200:.\Generated_Source\PSoC4/Cm0Start.c **** };
 201:.\Generated_Source\PSoC4/Cm0Start.c **** 
 202:.\Generated_Source\PSoC4/Cm0Start.c **** extern const struct __cy_region __cy_regions[];
 203:.\Generated_Source\PSoC4/Cm0Start.c **** extern const char __cy_region_num __attribute__((weak));
 204:.\Generated_Source\PSoC4/Cm0Start.c **** #define __cy_region_num ((size_t)&__cy_region_num)
 205:.\Generated_Source\PSoC4/Cm0Start.c **** 
 206:.\Generated_Source\PSoC4/Cm0Start.c **** __attribute__((weak))
 207:.\Generated_Source\PSoC4/Cm0Start.c **** void _exit(int status)
 208:.\Generated_Source\PSoC4/Cm0Start.c **** {
  45              		.loc 1 208 0
  46              		.cfi_startproc
  47              	.LVL0:
  48              		.loc 1 208 0
  49 0000 00B5     		push	{lr}
  50              	.LCFI1:
  51              		.cfi_def_cfa_offset 4
  52              		.cfi_offset 14, -4
  53              	.L5:
  54 0002 FEE7     		b	.L5
  55              		.cfi_endproc
  56              	.LFE1:
  57              		.size	_exit, .-_exit
  58              		.section	.text.Start_c,"ax",%progbits
  59              		.align	2
  60              		.global	Start_c
  61              		.code	16
  62              		.thumb_func
  63              		.type	Start_c, %function
  64              	Start_c:
  65              	.LFB2:
 209:.\Generated_Source\PSoC4/Cm0Start.c ****     /* Cause a divide by 0 exception */
 210:.\Generated_Source\PSoC4/Cm0Start.c ****     int x = status / INT_MAX;
 211:.\Generated_Source\PSoC4/Cm0Start.c ****     x = 4 / x;
 212:.\Generated_Source\PSoC4/Cm0Start.c **** 
 213:.\Generated_Source\PSoC4/Cm0Start.c ****     while(1)
 214:.\Generated_Source\PSoC4/Cm0Start.c ****     {
 215:.\Generated_Source\PSoC4/Cm0Start.c **** 
 216:.\Generated_Source\PSoC4/Cm0Start.c ****     }
 217:.\Generated_Source\PSoC4/Cm0Start.c **** }
 218:.\Generated_Source\PSoC4/Cm0Start.c **** 
 219:.\Generated_Source\PSoC4/Cm0Start.c **** /*******************************************************************************
 220:.\Generated_Source\PSoC4/Cm0Start.c **** * Function Name: Start_c
ARM GAS  C:\Users\Steve\AppData\Local\Temp\ccVpM98z.s 			page 6


 221:.\Generated_Source\PSoC4/Cm0Start.c **** ********************************************************************************
 222:.\Generated_Source\PSoC4/Cm0Start.c **** *
 223:.\Generated_Source\PSoC4/Cm0Start.c **** * Summary:
 224:.\Generated_Source\PSoC4/Cm0Start.c **** *  This function handles initializing the .data and .bss sections in
 225:.\Generated_Source\PSoC4/Cm0Start.c **** *  preperation for running standard c code.  Once initialization is complete
 226:.\Generated_Source\PSoC4/Cm0Start.c **** *  it will call main().  This function will never return.
 227:.\Generated_Source\PSoC4/Cm0Start.c **** *
 228:.\Generated_Source\PSoC4/Cm0Start.c **** * Parameters:
 229:.\Generated_Source\PSoC4/Cm0Start.c **** *  None
 230:.\Generated_Source\PSoC4/Cm0Start.c **** *
 231:.\Generated_Source\PSoC4/Cm0Start.c **** * Return:
 232:.\Generated_Source\PSoC4/Cm0Start.c **** *  None
 233:.\Generated_Source\PSoC4/Cm0Start.c **** *
 234:.\Generated_Source\PSoC4/Cm0Start.c **** *******************************************************************************/
 235:.\Generated_Source\PSoC4/Cm0Start.c **** void Start_c(void)  __attribute__ ((noreturn));
 236:.\Generated_Source\PSoC4/Cm0Start.c **** void Start_c(void)
 237:.\Generated_Source\PSoC4/Cm0Start.c **** {
  66              		.loc 1 237 0
  67              		.cfi_startproc
  68              	.LVL1:
  69              		.loc 1 237 0
  70 0000 F8B5     		push	{r3, r4, r5, r6, r7, lr}
  71              	.LCFI2:
  72              		.cfi_def_cfa_offset 24
  73              		.cfi_offset 3, -24
  74              		.cfi_offset 4, -20
  75              		.cfi_offset 5, -16
  76              		.cfi_offset 6, -12
  77              		.cfi_offset 7, -8
  78              		.cfi_offset 14, -4
 238:.\Generated_Source\PSoC4/Cm0Start.c ****     unsigned regions = __cy_region_num;
 239:.\Generated_Source\PSoC4/Cm0Start.c ****     const struct __cy_region *rptr = __cy_regions;
 240:.\Generated_Source\PSoC4/Cm0Start.c **** 
 241:.\Generated_Source\PSoC4/Cm0Start.c ****     /* Initialize memory */
 242:.\Generated_Source\PSoC4/Cm0Start.c ****     for (regions = __cy_region_num, rptr = __cy_regions; regions--; rptr++)
  79              		.loc 1 242 0
  80 0002 2A4B     		ldr	r3, .L35
  81              	.LVL2:
 237:.\Generated_Source\PSoC4/Cm0Start.c **** {
  82              		.loc 1 237 0
  83 0004 4F46     		mov	r7, r9
  84 0006 4646     		mov	r6, r8
  85              		.loc 1 242 0
  86 0008 581E     		sub	r0, r3, #1
 237:.\Generated_Source\PSoC4/Cm0Start.c **** {
  87              		.loc 1 237 0
  88 000a C0B4     		push	{r6, r7}
  89              	.LCFI3:
  90              		.cfi_def_cfa_offset 32
  91              		.cfi_offset 8, -32
  92              		.cfi_offset 9, -28
  93              		.loc 1 242 0
  94 000c 8446     		mov	ip, r0
  95              	.LVL3:
  96 000e 002B     		cmp	r3, #0
  97 0010 47D0     		beq	.L12
  98 0012 274F     		ldr	r7, .L35+4
ARM GAS  C:\Users\Steve\AppData\Local\Temp\ccVpM98z.s 			page 7


  99              	.LBB2:
 243:.\Generated_Source\PSoC4/Cm0Start.c ****     {
 244:.\Generated_Source\PSoC4/Cm0Start.c ****         uint32 *src = (uint32 *)rptr->init;
 245:.\Generated_Source\PSoC4/Cm0Start.c ****         uint32 *dst = (uint32 *)rptr->data;
 246:.\Generated_Source\PSoC4/Cm0Start.c ****         unsigned limit = rptr->init_size;
 247:.\Generated_Source\PSoC4/Cm0Start.c ****         unsigned count;
 248:.\Generated_Source\PSoC4/Cm0Start.c **** 
 249:.\Generated_Source\PSoC4/Cm0Start.c ****         for (count = 0u; count != limit; count += sizeof (uint32))
 250:.\Generated_Source\PSoC4/Cm0Start.c ****         {
 251:.\Generated_Source\PSoC4/Cm0Start.c ****             *dst++ = *src++;
 252:.\Generated_Source\PSoC4/Cm0Start.c ****         }
 253:.\Generated_Source\PSoC4/Cm0Start.c ****         limit = rptr->zero_size;
 254:.\Generated_Source\PSoC4/Cm0Start.c ****         for (count = 0u; count != limit; count += sizeof (uint32))
 255:.\Generated_Source\PSoC4/Cm0Start.c ****         {
 256:.\Generated_Source\PSoC4/Cm0Start.c ****             *dst++ = 0u;
 100              		.loc 1 256 0
 101 0014 0024     		mov	r4, #0
 102              	.LVL4:
 103              	.L7:
 246:.\Generated_Source\PSoC4/Cm0Start.c ****         unsigned limit = rptr->init_size;
 104              		.loc 1 246 0
 105 0016 BA68     		ldr	r2, [r7, #8]
 244:.\Generated_Source\PSoC4/Cm0Start.c ****         uint32 *src = (uint32 *)rptr->init;
 106              		.loc 1 244 0
 107 0018 3E68     		ldr	r6, [r7]
 108              	.LVL5:
 245:.\Generated_Source\PSoC4/Cm0Start.c ****         uint32 *dst = (uint32 *)rptr->data;
 109              		.loc 1 245 0
 110 001a 7968     		ldr	r1, [r7, #4]
 111              	.LVL6:
 246:.\Generated_Source\PSoC4/Cm0Start.c ****         unsigned limit = rptr->init_size;
 112              		.loc 1 246 0
 113 001c 9146     		mov	r9, r2
 114              	.LVL7:
 249:.\Generated_Source\PSoC4/Cm0Start.c ****         for (count = 0u; count != limit; count += sizeof (uint32))
 115              		.loc 1 249 0
 116 001e 002A     		cmp	r2, #0
 117 0020 22D0     		beq	.L9
 118 0022 131C     		mov	r3, r2
 119 0024 043B     		sub	r3, r3, #4
 120 0026 5807     		lsl	r0, r3, #29
 251:.\Generated_Source\PSoC4/Cm0Start.c ****             *dst++ = *src++;
 121              		.loc 1 251 0
 122 0028 331C     		mov	r3, r6
 123 002a 04CB     		ldmia	r3!, {r2}
 124              	.LVL8:
 125 002c C50F     		lsr	r5, r0, #31
 126 002e 9046     		mov	r8, r2
 127 0030 0A1C     		mov	r2, r1
 128 0032 4146     		mov	r1, r8
 129              	.LVL9:
 130 0034 02C2     		stmia	r2!, {r1}
 131              	.LVL10:
 132 0036 111C     		mov	r1, r2
 133              	.LVL11:
 249:.\Generated_Source\PSoC4/Cm0Start.c ****         for (count = 0u; count != limit; count += sizeof (uint32))
 134              		.loc 1 249 0
ARM GAS  C:\Users\Steve\AppData\Local\Temp\ccVpM98z.s 			page 8


 135 0038 981B     		sub	r0, r3, r6
 136 003a 8145     		cmp	r9, r0
 137 003c 14D0     		beq	.L9
 138 003e 002D     		cmp	r5, #0
 139 0040 06D0     		beq	.L10
 251:.\Generated_Source\PSoC4/Cm0Start.c ****             *dst++ = *src++;
 140              		.loc 1 251 0
 141 0042 7568     		ldr	r5, [r6, #4]
 142 0044 0433     		add	r3, r3, #4
 143 0046 20C2     		stmia	r2!, {r5}
 144 0048 111C     		mov	r1, r2
 249:.\Generated_Source\PSoC4/Cm0Start.c ****         for (count = 0u; count != limit; count += sizeof (uint32))
 145              		.loc 1 249 0
 146 004a 981B     		sub	r0, r3, r6
 147 004c 8145     		cmp	r9, r0
 148 004e 0BD0     		beq	.L9
 149              	.L10:
 251:.\Generated_Source\PSoC4/Cm0Start.c ****             *dst++ = *src++;
 150              		.loc 1 251 0 discriminator 2
 151 0050 181C     		mov	r0, r3
 152 0052 20C8     		ldmia	r0!, {r5}
 153 0054 111C     		mov	r1, r2
 154 0056 20C1     		stmia	r1!, {r5}
 155 0058 5B68     		ldr	r3, [r3, #4]
 156 005a 5360     		str	r3, [r2, #4]
 157 005c 031D     		add	r3, r0, #4
 158 005e 0A1D     		add	r2, r1, #4
 159 0060 111C     		mov	r1, r2
 249:.\Generated_Source\PSoC4/Cm0Start.c ****         for (count = 0u; count != limit; count += sizeof (uint32))
 160              		.loc 1 249 0 discriminator 2
 161 0062 981B     		sub	r0, r3, r6
 162 0064 8145     		cmp	r9, r0
 163 0066 F3D1     		bne	.L10
 164              	.L9:
 253:.\Generated_Source\PSoC4/Cm0Start.c ****         limit = rptr->zero_size;
 165              		.loc 1 253 0
 166 0068 FE68     		ldr	r6, [r7, #12]
 167              	.LVL12:
 254:.\Generated_Source\PSoC4/Cm0Start.c ****         for (count = 0u; count != limit; count += sizeof (uint32))
 168              		.loc 1 254 0
 169 006a 002E     		cmp	r6, #0
 170 006c 14D0     		beq	.L14
 171 006e 321F     		sub	r2, r6, #4
 172              		.loc 1 256 0 discriminator 2
 173 0070 0B1C     		mov	r3, r1
 174 0072 5507     		lsl	r5, r2, #29
 175 0074 10C3     		stmia	r3!, {r4}
 176              	.LVL13:
 177 0076 E80F     		lsr	r0, r5, #31
 254:.\Generated_Source\PSoC4/Cm0Start.c ****         for (count = 0u; count != limit; count += sizeof (uint32))
 178              		.loc 1 254 0 discriminator 2
 179 0078 5A1A     		sub	r2, r3, r1
 180 007a 9642     		cmp	r6, r2
 181 007c 0CD0     		beq	.L14
 182 007e 0028     		cmp	r0, #0
 183 0080 03D0     		beq	.L18
 184              		.loc 1 256 0
ARM GAS  C:\Users\Steve\AppData\Local\Temp\ccVpM98z.s 			page 9


 185 0082 10C3     		stmia	r3!, {r4}
 254:.\Generated_Source\PSoC4/Cm0Start.c ****         for (count = 0u; count != limit; count += sizeof (uint32))
 186              		.loc 1 254 0
 187 0084 5D1A     		sub	r5, r3, r1
 188 0086 AE42     		cmp	r6, r5
 189 0088 06D0     		beq	.L14
 190              	.L18:
 191              		.loc 1 256 0 discriminator 2
 192 008a 181C     		mov	r0, r3
 193 008c 10C0     		stmia	r0!, {r4}
 194 008e 5C60     		str	r4, [r3, #4]
 195 0090 031D     		add	r3, r0, #4
 254:.\Generated_Source\PSoC4/Cm0Start.c ****         for (count = 0u; count != limit; count += sizeof (uint32))
 196              		.loc 1 254 0 discriminator 2
 197 0092 5A1A     		sub	r2, r3, r1
 198 0094 9642     		cmp	r6, r2
 199 0096 F8D1     		bne	.L18
 200              	.L14:
 201              	.LBE2:
 242:.\Generated_Source\PSoC4/Cm0Start.c ****     for (regions = __cy_region_num, rptr = __cy_regions; regions--; rptr++)
 202              		.loc 1 242 0
 203 0098 6146     		mov	r1, ip
 204              	.LVL14:
 205 009a 1037     		add	r7, r7, #16
 206              	.LVL15:
 207 009c 481E     		sub	r0, r1, #1
 208 009e 8446     		mov	ip, r0
 209 00a0 B9D2     		bcs	.L7
 210              	.LVL16:
 211              	.L12:
 257:.\Generated_Source\PSoC4/Cm0Start.c ****         }
 258:.\Generated_Source\PSoC4/Cm0Start.c ****     }
 259:.\Generated_Source\PSoC4/Cm0Start.c **** 
 260:.\Generated_Source\PSoC4/Cm0Start.c ****     /* Invoke static objects constructors */
 261:.\Generated_Source\PSoC4/Cm0Start.c ****     __libc_init_array();
 212              		.loc 1 261 0
 213 00a2 FFF7FEFF 		bl	__libc_init_array
 214              	.LVL17:
 262:.\Generated_Source\PSoC4/Cm0Start.c ****     (void) main();
 215              		.loc 1 262 0
 216 00a6 FFF7FEFF 		bl	main
 217              	.LVL18:
 218              	.L8:
 219 00aa FEE7     		b	.L8
 220              	.L36:
 221              		.align	2
 222              	.L35:
 223 00ac 00000000 		.word	__cy_region_num
 224 00b0 00000000 		.word	__cy_regions
 225              		.cfi_endproc
 226              	.LFE2:
 227              		.size	Start_c, .-Start_c
 228              		.section	.text.Reset,"ax",%progbits
 229              		.align	2
 230              		.global	Reset
 231              		.code	16
 232              		.thumb_func
ARM GAS  C:\Users\Steve\AppData\Local\Temp\ccVpM98z.s 			page 10


 233              		.type	Reset, %function
 234              	Reset:
 235              	.LFB3:
 263:.\Generated_Source\PSoC4/Cm0Start.c **** 
 264:.\Generated_Source\PSoC4/Cm0Start.c ****     while (1)
 265:.\Generated_Source\PSoC4/Cm0Start.c ****     {
 266:.\Generated_Source\PSoC4/Cm0Start.c ****         /* If main returns, make sure we don't return. */
 267:.\Generated_Source\PSoC4/Cm0Start.c ****     }
 268:.\Generated_Source\PSoC4/Cm0Start.c **** }
 269:.\Generated_Source\PSoC4/Cm0Start.c **** 
 270:.\Generated_Source\PSoC4/Cm0Start.c **** 
 271:.\Generated_Source\PSoC4/Cm0Start.c **** /*******************************************************************************
 272:.\Generated_Source\PSoC4/Cm0Start.c **** * Function Name: Reset
 273:.\Generated_Source\PSoC4/Cm0Start.c **** ********************************************************************************
 274:.\Generated_Source\PSoC4/Cm0Start.c **** *
 275:.\Generated_Source\PSoC4/Cm0Start.c **** * Summary:
 276:.\Generated_Source\PSoC4/Cm0Start.c **** *  This function handles the reset interrupt for the GCC toolchain.  This is
 277:.\Generated_Source\PSoC4/Cm0Start.c **** *  the first bit of code that is executed at startup.
 278:.\Generated_Source\PSoC4/Cm0Start.c **** *
 279:.\Generated_Source\PSoC4/Cm0Start.c **** * Parameters:
 280:.\Generated_Source\PSoC4/Cm0Start.c **** *  None
 281:.\Generated_Source\PSoC4/Cm0Start.c **** *
 282:.\Generated_Source\PSoC4/Cm0Start.c **** * Return:
 283:.\Generated_Source\PSoC4/Cm0Start.c **** *  None
 284:.\Generated_Source\PSoC4/Cm0Start.c **** *
 285:.\Generated_Source\PSoC4/Cm0Start.c **** *******************************************************************************/
 286:.\Generated_Source\PSoC4/Cm0Start.c **** void Reset(void)
 287:.\Generated_Source\PSoC4/Cm0Start.c **** {
 236              		.loc 1 287 0
 237              		.cfi_startproc
 238 0000 08B5     		push	{r3, lr}
 239              	.LCFI4:
 240              		.cfi_def_cfa_offset 8
 241              		.cfi_offset 3, -8
 242              		.cfi_offset 14, -4
 288:.\Generated_Source\PSoC4/Cm0Start.c ****     #if (CYDEV_PROJ_TYPE == CYDEV_PROJ_TYPE_LOADABLE)
 289:.\Generated_Source\PSoC4/Cm0Start.c ****         /* The bootloadable application image is started at Reset() handler
 290:.\Generated_Source\PSoC4/Cm0Start.c ****         * as a result of branch instruction execution from the bootloader.
 291:.\Generated_Source\PSoC4/Cm0Start.c ****         * So, the stack pointer needs to be reseted to be sure that
 292:.\Generated_Source\PSoC4/Cm0Start.c ****         * there is no garbage in the stack.
 293:.\Generated_Source\PSoC4/Cm0Start.c ****         */
 294:.\Generated_Source\PSoC4/Cm0Start.c ****         __asm volatile ("MSR msp, %0\n" : : "r" ((uint32)&__cy_stack) : "sp");
 295:.\Generated_Source\PSoC4/Cm0Start.c ****     #endif /* CYDEV_PROJ_TYPE_LOADABLE */
 296:.\Generated_Source\PSoC4/Cm0Start.c **** 
 297:.\Generated_Source\PSoC4/Cm0Start.c ****     #if (CYDEV_BOOTLOADER_ENABLE)
 298:.\Generated_Source\PSoC4/Cm0Start.c ****         CyBtldr_CheckLaunch();
 299:.\Generated_Source\PSoC4/Cm0Start.c ****     #endif /* CYDEV_BOOTLOADER_ENABLE */
 300:.\Generated_Source\PSoC4/Cm0Start.c ****     Start_c();
 243              		.loc 1 300 0
 244 0002 FFF7FEFF 		bl	Start_c
 245              	.LVL19:
 246              		.cfi_endproc
 247              	.LFE3:
 248              		.size	Reset, .-Reset
 249 0006 C046     		.section	.text.startup.initialize_psoc,"ax",%progbits
 250              		.align	2
 251              		.global	initialize_psoc
ARM GAS  C:\Users\Steve\AppData\Local\Temp\ccVpM98z.s 			page 11


 252              		.code	16
 253              		.thumb_func
 254              		.type	initialize_psoc, %function
 255              	initialize_psoc:
 256              	.LFB4:
 301:.\Generated_Source\PSoC4/Cm0Start.c **** }
 302:.\Generated_Source\PSoC4/Cm0Start.c **** 
 303:.\Generated_Source\PSoC4/Cm0Start.c **** #elif defined (__ICCARM__)
 304:.\Generated_Source\PSoC4/Cm0Start.c **** 
 305:.\Generated_Source\PSoC4/Cm0Start.c **** 
 306:.\Generated_Source\PSoC4/Cm0Start.c **** /*******************************************************************************
 307:.\Generated_Source\PSoC4/Cm0Start.c **** * Function Name: __low_level_init
 308:.\Generated_Source\PSoC4/Cm0Start.c **** ********************************************************************************
 309:.\Generated_Source\PSoC4/Cm0Start.c **** *
 310:.\Generated_Source\PSoC4/Cm0Start.c **** * Summary:
 311:.\Generated_Source\PSoC4/Cm0Start.c **** *  This function perform early initializations for the IAR Embedded
 312:.\Generated_Source\PSoC4/Cm0Start.c **** *  Workbench IDE. It is executed in the context of reset interrupt handler
 313:.\Generated_Source\PSoC4/Cm0Start.c **** *  before the data sections are initialized.
 314:.\Generated_Source\PSoC4/Cm0Start.c **** *
 315:.\Generated_Source\PSoC4/Cm0Start.c **** * Parameters:
 316:.\Generated_Source\PSoC4/Cm0Start.c **** *  None
 317:.\Generated_Source\PSoC4/Cm0Start.c **** *
 318:.\Generated_Source\PSoC4/Cm0Start.c **** * Return:
 319:.\Generated_Source\PSoC4/Cm0Start.c **** *  The value that determines whether or not data sections should be initialized
 320:.\Generated_Source\PSoC4/Cm0Start.c **** *  by the system startup code:
 321:.\Generated_Source\PSoC4/Cm0Start.c **** *    0 - skip data sections initialization;
 322:.\Generated_Source\PSoC4/Cm0Start.c **** *    1 - initialize data sections;
 323:.\Generated_Source\PSoC4/Cm0Start.c **** *
 324:.\Generated_Source\PSoC4/Cm0Start.c **** *******************************************************************************/
 325:.\Generated_Source\PSoC4/Cm0Start.c **** int __low_level_init(void)
 326:.\Generated_Source\PSoC4/Cm0Start.c **** {
 327:.\Generated_Source\PSoC4/Cm0Start.c **** #if (CYDEV_BOOTLOADER_ENABLE)
 328:.\Generated_Source\PSoC4/Cm0Start.c ****     CyBtldr_CheckLaunch();
 329:.\Generated_Source\PSoC4/Cm0Start.c **** #endif /* CYDEV_BOOTLOADER_ENABLE */
 330:.\Generated_Source\PSoC4/Cm0Start.c **** 
 331:.\Generated_Source\PSoC4/Cm0Start.c ****     /* Initialize data sections */
 332:.\Generated_Source\PSoC4/Cm0Start.c ****     __iar_data_init3();
 333:.\Generated_Source\PSoC4/Cm0Start.c **** 
 334:.\Generated_Source\PSoC4/Cm0Start.c ****     initialize_psoc();
 335:.\Generated_Source\PSoC4/Cm0Start.c **** 
 336:.\Generated_Source\PSoC4/Cm0Start.c ****     return 0;
 337:.\Generated_Source\PSoC4/Cm0Start.c **** }
 338:.\Generated_Source\PSoC4/Cm0Start.c **** 
 339:.\Generated_Source\PSoC4/Cm0Start.c **** #endif /* __GNUC__ */
 340:.\Generated_Source\PSoC4/Cm0Start.c **** 
 341:.\Generated_Source\PSoC4/Cm0Start.c **** 
 342:.\Generated_Source\PSoC4/Cm0Start.c **** /*******************************************************************************
 343:.\Generated_Source\PSoC4/Cm0Start.c **** * Ram Interrupt Vector table storage area. Must be placed at 0x20000000.
 344:.\Generated_Source\PSoC4/Cm0Start.c **** *******************************************************************************/
 345:.\Generated_Source\PSoC4/Cm0Start.c **** 
 346:.\Generated_Source\PSoC4/Cm0Start.c **** #if defined (__ICCARM__)
 347:.\Generated_Source\PSoC4/Cm0Start.c ****     #pragma location=".ramvectors"
 348:.\Generated_Source\PSoC4/Cm0Start.c **** #else
 349:.\Generated_Source\PSoC4/Cm0Start.c ****     CY_SECTION(".ramvectors")
 350:.\Generated_Source\PSoC4/Cm0Start.c **** #endif  /* defined (__ICCARM__) */
 351:.\Generated_Source\PSoC4/Cm0Start.c **** cyisraddress CyRamVectors[CY_NUM_VECTORS];
 352:.\Generated_Source\PSoC4/Cm0Start.c **** 
ARM GAS  C:\Users\Steve\AppData\Local\Temp\ccVpM98z.s 			page 12


 353:.\Generated_Source\PSoC4/Cm0Start.c **** 
 354:.\Generated_Source\PSoC4/Cm0Start.c **** /*******************************************************************************
 355:.\Generated_Source\PSoC4/Cm0Start.c **** * Rom Interrupt Vector table storage area. Must be 256-byte aligned.
 356:.\Generated_Source\PSoC4/Cm0Start.c **** *******************************************************************************/
 357:.\Generated_Source\PSoC4/Cm0Start.c **** 
 358:.\Generated_Source\PSoC4/Cm0Start.c **** #if defined(__ARMCC_VERSION)
 359:.\Generated_Source\PSoC4/Cm0Start.c ****     /* Suppress diagnostic message 1296-D: extended constant initialiser used */
 360:.\Generated_Source\PSoC4/Cm0Start.c ****     #pragma diag_suppress 1296
 361:.\Generated_Source\PSoC4/Cm0Start.c **** #endif  /* defined(__ARMCC_VERSION) */
 362:.\Generated_Source\PSoC4/Cm0Start.c **** 
 363:.\Generated_Source\PSoC4/Cm0Start.c **** #if defined (__ICCARM__)
 364:.\Generated_Source\PSoC4/Cm0Start.c ****     #pragma location=".romvectors"
 365:.\Generated_Source\PSoC4/Cm0Start.c ****     const intvec_elem __vector_table[CY_NUM_ROM_VECTORS] =
 366:.\Generated_Source\PSoC4/Cm0Start.c **** #else
 367:.\Generated_Source\PSoC4/Cm0Start.c ****     CY_SECTION(".romvectors")
 368:.\Generated_Source\PSoC4/Cm0Start.c ****     const cyisraddress RomVectors[CY_NUM_ROM_VECTORS] =
 369:.\Generated_Source\PSoC4/Cm0Start.c **** #endif  /* defined (__ICCARM__) */
 370:.\Generated_Source\PSoC4/Cm0Start.c **** {
 371:.\Generated_Source\PSoC4/Cm0Start.c ****     INITIAL_STACK_POINTER,   /* The initial stack pointer  0 */
 372:.\Generated_Source\PSoC4/Cm0Start.c ****     #if defined (__ICCARM__) /* The reset handler          1 */
 373:.\Generated_Source\PSoC4/Cm0Start.c ****         __iar_program_start,
 374:.\Generated_Source\PSoC4/Cm0Start.c ****     #else
 375:.\Generated_Source\PSoC4/Cm0Start.c ****         (cyisraddress)&Reset,
 376:.\Generated_Source\PSoC4/Cm0Start.c ****     #endif  /* defined (__ICCARM__) */
 377:.\Generated_Source\PSoC4/Cm0Start.c ****     &IntDefaultHandler,      /* The NMI handler            2 */
 378:.\Generated_Source\PSoC4/Cm0Start.c ****     &IntDefaultHandler,      /* The hard fault handler     3 */
 379:.\Generated_Source\PSoC4/Cm0Start.c **** };
 380:.\Generated_Source\PSoC4/Cm0Start.c **** 
 381:.\Generated_Source\PSoC4/Cm0Start.c **** #if defined(__ARMCC_VERSION)
 382:.\Generated_Source\PSoC4/Cm0Start.c ****     #pragma diag_default 1296
 383:.\Generated_Source\PSoC4/Cm0Start.c **** #endif  /* defined(__ARMCC_VERSION) */
 384:.\Generated_Source\PSoC4/Cm0Start.c **** 
 385:.\Generated_Source\PSoC4/Cm0Start.c **** 
 386:.\Generated_Source\PSoC4/Cm0Start.c **** /*******************************************************************************
 387:.\Generated_Source\PSoC4/Cm0Start.c **** * Function Name: initialize_psoc
 388:.\Generated_Source\PSoC4/Cm0Start.c **** ********************************************************************************
 389:.\Generated_Source\PSoC4/Cm0Start.c **** *
 390:.\Generated_Source\PSoC4/Cm0Start.c **** * Summary:
 391:.\Generated_Source\PSoC4/Cm0Start.c **** *  This function used to initialize the PSoC chip before calling main.
 392:.\Generated_Source\PSoC4/Cm0Start.c **** *
 393:.\Generated_Source\PSoC4/Cm0Start.c **** * Parameters:
 394:.\Generated_Source\PSoC4/Cm0Start.c **** *  None
 395:.\Generated_Source\PSoC4/Cm0Start.c **** *
 396:.\Generated_Source\PSoC4/Cm0Start.c **** * Return:
 397:.\Generated_Source\PSoC4/Cm0Start.c **** *  None
 398:.\Generated_Source\PSoC4/Cm0Start.c **** *
 399:.\Generated_Source\PSoC4/Cm0Start.c **** *******************************************************************************/
 400:.\Generated_Source\PSoC4/Cm0Start.c **** #if(defined(__GNUC__) && !defined(__ARMCC_VERSION))
 401:.\Generated_Source\PSoC4/Cm0Start.c **** __attribute__ ((constructor(101)))
 402:.\Generated_Source\PSoC4/Cm0Start.c **** #endif  /* (defined(__GNUC__) && !defined(__ARMCC_VERSION)) */
 403:.\Generated_Source\PSoC4/Cm0Start.c **** void initialize_psoc(void)
 404:.\Generated_Source\PSoC4/Cm0Start.c **** {
 257              		.loc 1 404 0
 258              		.cfi_startproc
 259              	.LVL20:
 260 0000 10B5     		push	{r4, lr}
 261              	.LCFI5:
ARM GAS  C:\Users\Steve\AppData\Local\Temp\ccVpM98z.s 			page 13


 262              		.cfi_def_cfa_offset 8
 263              		.cfi_offset 4, -8
 264              		.cfi_offset 14, -4
 265 0002 0F4A     		ldr	r2, .L48
 405:.\Generated_Source\PSoC4/Cm0Start.c ****     uint32 indexInit;
 406:.\Generated_Source\PSoC4/Cm0Start.c **** 
 407:.\Generated_Source\PSoC4/Cm0Start.c ****     /* Set Ram interrupt vectors to default functions. */
 408:.\Generated_Source\PSoC4/Cm0Start.c ****     for (indexInit = 0u; indexInit < CY_NUM_VECTORS; indexInit++)
 409:.\Generated_Source\PSoC4/Cm0Start.c ****     {
 410:.\Generated_Source\PSoC4/Cm0Start.c ****         CyRamVectors[indexInit] = (indexInit < CY_NUM_ROM_VECTORS) ?
 411:.\Generated_Source\PSoC4/Cm0Start.c ****             #if defined (__ICCARM__)
 412:.\Generated_Source\PSoC4/Cm0Start.c ****                 __vector_table[indexInit].__fun : &IntDefaultHandler;
 413:.\Generated_Source\PSoC4/Cm0Start.c ****             #else
 414:.\Generated_Source\PSoC4/Cm0Start.c ****                 RomVectors[indexInit] : &IntDefaultHandler;
 266              		.loc 1 414 0
 267 0004 0F48     		ldr	r0, .L48+4
 268 0006 104C     		ldr	r4, .L48+8
 408:.\Generated_Source\PSoC4/Cm0Start.c ****     for (indexInit = 0u; indexInit < CY_NUM_VECTORS; indexInit++)
 269              		.loc 1 408 0
 270 0008 0023     		mov	r3, #0
 271              	.LVL21:
 272              	.L40:
 273              		.loc 1 414 0
 274 000a 011C     		mov	r1, r0
 275 000c 032B     		cmp	r3, #3
 276 000e 01D8     		bhi	.L39
 403:.\Generated_Source\PSoC4/Cm0Start.c **** void initialize_psoc(void)
 277              		.loc 1 403 0 discriminator 1
 278 0010 9900     		lsl	r1, r3, #2
 279              		.loc 1 414 0 discriminator 1
 280 0012 0959     		ldr	r1, [r1, r4]
 281              	.L39:
 408:.\Generated_Source\PSoC4/Cm0Start.c ****     for (indexInit = 0u; indexInit < CY_NUM_VECTORS; indexInit++)
 282              		.loc 1 408 0
 283 0014 0133     		add	r3, r3, #1
 410:.\Generated_Source\PSoC4/Cm0Start.c ****         CyRamVectors[indexInit] = (indexInit < CY_NUM_ROM_VECTORS) ?
 284              		.loc 1 410 0
 285 0016 02C2     		stmia	r2!, {r1}
 286              		.loc 1 414 0
 287 0018 011C     		mov	r1, r0
 288 001a 032B     		cmp	r3, #3
 289 001c 01D8     		bhi	.L45
 403:.\Generated_Source\PSoC4/Cm0Start.c **** void initialize_psoc(void)
 290              		.loc 1 403 0
 291 001e 9900     		lsl	r1, r3, #2
 292              		.loc 1 414 0
 293 0020 0959     		ldr	r1, [r1, r4]
 294              	.L45:
 408:.\Generated_Source\PSoC4/Cm0Start.c ****     for (indexInit = 0u; indexInit < CY_NUM_VECTORS; indexInit++)
 295              		.loc 1 408 0
 296 0022 0133     		add	r3, r3, #1
 297              	.LVL22:
 410:.\Generated_Source\PSoC4/Cm0Start.c ****         CyRamVectors[indexInit] = (indexInit < CY_NUM_ROM_VECTORS) ?
 298              		.loc 1 410 0
 299 0024 02C2     		stmia	r2!, {r1}
 408:.\Generated_Source\PSoC4/Cm0Start.c ****     for (indexInit = 0u; indexInit < CY_NUM_VECTORS; indexInit++)
 300              		.loc 1 408 0
ARM GAS  C:\Users\Steve\AppData\Local\Temp\ccVpM98z.s 			page 14


 301 0026 302B     		cmp	r3, #48
 302 0028 EFD1     		bne	.L40
 415:.\Generated_Source\PSoC4/Cm0Start.c ****             #endif  /* defined (__ICCARM__) */
 416:.\Generated_Source\PSoC4/Cm0Start.c ****     }
 417:.\Generated_Source\PSoC4/Cm0Start.c **** 
 418:.\Generated_Source\PSoC4/Cm0Start.c ****     /* Initialize the configuration registers. */
 419:.\Generated_Source\PSoC4/Cm0Start.c ****     cyfitter_cfg();
 303              		.loc 1 419 0
 304 002a FFF7FEFF 		bl	cyfitter_cfg
 305              	.LVL23:
 420:.\Generated_Source\PSoC4/Cm0Start.c **** 
 421:.\Generated_Source\PSoC4/Cm0Start.c ****     #if !defined (__ICCARM__)
 422:.\Generated_Source\PSoC4/Cm0Start.c ****         /* Actually, no need to clean this variable, just to make compiler happy. */
 423:.\Generated_Source\PSoC4/Cm0Start.c ****         cySysNoInitDataValid = 0u;
 424:.\Generated_Source\PSoC4/Cm0Start.c ****     #endif  /* !defined (__ICCARM__) */
 425:.\Generated_Source\PSoC4/Cm0Start.c **** 
 426:.\Generated_Source\PSoC4/Cm0Start.c ****     #if (CYDEV_PROJ_TYPE != CYDEV_PROJ_TYPE_STANDARD)
 427:.\Generated_Source\PSoC4/Cm0Start.c **** 
 428:.\Generated_Source\PSoC4/Cm0Start.c ****         /* Need to make sure that this variable will not be optimized out */
 429:.\Generated_Source\PSoC4/Cm0Start.c ****         if (0u == cyBtldrRunType)
 430:.\Generated_Source\PSoC4/Cm0Start.c ****         {
 431:.\Generated_Source\PSoC4/Cm0Start.c ****             cyBtldrRunType = 0u;
 432:.\Generated_Source\PSoC4/Cm0Start.c ****         }
 433:.\Generated_Source\PSoC4/Cm0Start.c **** 
 434:.\Generated_Source\PSoC4/Cm0Start.c ****     #endif  /* (CYDEV_PROJ_TYPE != CYDEV_PROJ_TYPE_STANDARD) */
 435:.\Generated_Source\PSoC4/Cm0Start.c **** 
 436:.\Generated_Source\PSoC4/Cm0Start.c ****     /* Point Vector Table at the RAM vector table. */
 437:.\Generated_Source\PSoC4/Cm0Start.c ****     #if(CYDEV_CONFIG_READ_ACCELERATOR)
 438:.\Generated_Source\PSoC4/Cm0Start.c ****         *CY_CPUSS_CONFIG = 1u;
 306              		.loc 1 438 0
 307 002e 8024     		mov	r4, #128
 423:.\Generated_Source\PSoC4/Cm0Start.c ****         cySysNoInitDataValid = 0u;
 308              		.loc 1 423 0
 309 0030 064B     		ldr	r3, .L48+12
 310 0032 0022     		mov	r2, #0
 311              		.loc 1 438 0
 312 0034 0120     		mov	r0, #1
 313 0036 E105     		lsl	r1, r4, #23
 423:.\Generated_Source\PSoC4/Cm0Start.c ****         cySysNoInitDataValid = 0u;
 314              		.loc 1 423 0
 315 0038 1A60     		str	r2, [r3]
 439:.\Generated_Source\PSoC4/Cm0Start.c ****     #else
 440:.\Generated_Source\PSoC4/Cm0Start.c ****         *CY_CPUSS_CONFIG = 3u;
 441:.\Generated_Source\PSoC4/Cm0Start.c ****     #endif  /* (CYDEV_CONFIG_READ_ACCELERATOR) */
 442:.\Generated_Source\PSoC4/Cm0Start.c **** }
 316              		.loc 1 442 0
 317              		@ sp needed for prologue
 438:.\Generated_Source\PSoC4/Cm0Start.c ****         *CY_CPUSS_CONFIG = 1u;
 318              		.loc 1 438 0
 319 003a 0860     		str	r0, [r1]
 320              		.loc 1 442 0
 321 003c 10BD     		pop	{r4, pc}
 322              	.L49:
 323 003e C046     		.align	2
 324              	.L48:
 325 0040 00000000 		.word	.LANCHOR0
 326 0044 00000000 		.word	IntDefaultHandler
ARM GAS  C:\Users\Steve\AppData\Local\Temp\ccVpM98z.s 			page 15


 327 0048 00000000 		.word	.LANCHOR1
 328 004c 00000000 		.word	.LANCHOR2
 329              		.cfi_endproc
 330              	.LFE4:
 331              		.size	initialize_psoc, .-initialize_psoc
 332              		.section	.init_array,"aw",%init_array
 333              		.align	2
 334 0000 00000000 		.word	initialize_psoc(target1)
 335              		.global	RomVectors
 336              		.global	CyRamVectors
 337              		.section	.romvectors,"a",%progbits
 338              		.align	2
 339              		.set	.LANCHOR1,. + 0
 340              		.type	RomVectors, %object
 341              		.size	RomVectors, 16
 342              	RomVectors:
 343 0000 00000000 		.word	__cy_stack
 344 0004 00000000 		.word	Reset
 345 0008 00000000 		.word	IntDefaultHandler
 346 000c 00000000 		.word	IntDefaultHandler
 347              		.section	.noinit,"aw",%progbits
 348              		.align	2
 349              		.set	.LANCHOR2,. + 0
 350              		.type	cySysNoInitDataValid, %object
 351              		.size	cySysNoInitDataValid, 4
 352              	cySysNoInitDataValid:
 353 0000 00000000 		.space	4
 354              		.section	.ramvectors,"aw",%progbits
 355              		.align	2
 356              		.set	.LANCHOR0,. + 0
 357              		.type	CyRamVectors, %object
 358              		.size	CyRamVectors, 192
 359              	CyRamVectors:
 360 0000 00000000 		.space	192
 360      00000000 
 360      00000000 
 360      00000000 
 360      00000000 
 361              		.weak	__cy_region_num
 362              		.text
 363              	.Letext0:
 364              		.file 2 ".\\Generated_Source\\PSoC4\\cytypes.h"
 365              		.file 3 "c:\\program files (x86)\\cypress\\psoc creator\\3.0\\psoc creator\\import\\gnu_cs\\arm\\4
 366              		.file 4 ".\\Generated_Source\\PSoC4\\cyfitter_cfg.h"
 367              		.section	.debug_info,"",%progbits
 368              	.Ldebug_info0:
 369 0000 0C030000 		.4byte	0x30c
 370 0004 0200     		.2byte	0x2
 371 0006 00000000 		.4byte	.Ldebug_abbrev0
 372 000a 04       		.byte	0x4
 373 000b 01       		.uleb128 0x1
 374 000c B7010000 		.4byte	.LASF38
 375 0010 01       		.byte	0x1
 376 0011 89010000 		.4byte	.LASF39
 377 0015 00020000 		.4byte	.LASF40
 378 0019 00000000 		.4byte	.Ldebug_ranges0+0
 379 001d 00000000 		.4byte	0
ARM GAS  C:\Users\Steve\AppData\Local\Temp\ccVpM98z.s 			page 16


 380 0021 00000000 		.4byte	0
 381 0025 00000000 		.4byte	.Ldebug_line0
 382 0029 02       		.uleb128 0x2
 383 002a 01       		.byte	0x1
 384 002b 06       		.byte	0x6
 385 002c 44020000 		.4byte	.LASF0
 386 0030 02       		.uleb128 0x2
 387 0031 01       		.byte	0x1
 388 0032 08       		.byte	0x8
 389 0033 70000000 		.4byte	.LASF1
 390 0037 02       		.uleb128 0x2
 391 0038 02       		.byte	0x2
 392 0039 05       		.byte	0x5
 393 003a AD010000 		.4byte	.LASF2
 394 003e 02       		.uleb128 0x2
 395 003f 02       		.byte	0x2
 396 0040 07       		.byte	0x7
 397 0041 B0000000 		.4byte	.LASF3
 398 0045 02       		.uleb128 0x2
 399 0046 04       		.byte	0x4
 400 0047 05       		.byte	0x5
 401 0048 3B020000 		.4byte	.LASF4
 402 004c 02       		.uleb128 0x2
 403 004d 04       		.byte	0x4
 404 004e 07       		.byte	0x7
 405 004f 89000000 		.4byte	.LASF5
 406 0053 02       		.uleb128 0x2
 407 0054 08       		.byte	0x8
 408 0055 05       		.byte	0x5
 409 0056 76010000 		.4byte	.LASF6
 410 005a 02       		.uleb128 0x2
 411 005b 08       		.byte	0x8
 412 005c 07       		.byte	0x7
 413 005d 28010000 		.4byte	.LASF7
 414 0061 03       		.uleb128 0x3
 415 0062 04       		.byte	0x4
 416 0063 05       		.byte	0x5
 417 0064 696E7400 		.ascii	"int\000"
 418 0068 02       		.uleb128 0x2
 419 0069 04       		.byte	0x4
 420 006a 07       		.byte	0x7
 421 006b 0E010000 		.4byte	.LASF8
 422 006f 04       		.uleb128 0x4
 423 0070 FD000000 		.4byte	.LASF12
 424 0074 02       		.byte	0x2
 425 0075 5D       		.byte	0x5d
 426 0076 4C000000 		.4byte	0x4c
 427 007a 02       		.uleb128 0x2
 428 007b 04       		.byte	0x4
 429 007c 04       		.byte	0x4
 430 007d 65000000 		.4byte	.LASF9
 431 0081 02       		.uleb128 0x2
 432 0082 08       		.byte	0x8
 433 0083 04       		.byte	0x4
 434 0084 E1000000 		.4byte	.LASF10
 435 0088 02       		.uleb128 0x2
 436 0089 01       		.byte	0x1
ARM GAS  C:\Users\Steve\AppData\Local\Temp\ccVpM98z.s 			page 17


 437 008a 08       		.byte	0x8
 438 008b 84010000 		.4byte	.LASF11
 439 008f 04       		.uleb128 0x4
 440 0090 00000000 		.4byte	.LASF13
 441 0094 02       		.byte	0x2
 442 0095 F2       		.byte	0xf2
 443 0096 9A000000 		.4byte	0x9a
 444 009a 05       		.uleb128 0x5
 445 009b 6F000000 		.4byte	0x6f
 446 009f 06       		.uleb128 0x6
 447 00a0 45010000 		.4byte	.LASF14
 448 00a4 02       		.byte	0x2
 449 00a5 0201     		.2byte	0x102
 450 00a7 AB000000 		.4byte	0xab
 451 00ab 07       		.uleb128 0x7
 452 00ac 04       		.byte	0x4
 453 00ad B1000000 		.4byte	0xb1
 454 00b1 08       		.uleb128 0x8
 455 00b2 01       		.byte	0x1
 456 00b3 02       		.uleb128 0x2
 457 00b4 04       		.byte	0x4
 458 00b5 07       		.byte	0x7
 459 00b6 6D010000 		.4byte	.LASF15
 460 00ba 09       		.uleb128 0x9
 461 00bb 88000000 		.4byte	0x88
 462 00bf 04       		.uleb128 0x4
 463 00c0 06000000 		.4byte	.LASF16
 464 00c4 03       		.byte	0x3
 465 00c5 D5       		.byte	0xd5
 466 00c6 68000000 		.4byte	0x68
 467 00ca 04       		.uleb128 0x4
 468 00cb 5C010000 		.4byte	.LASF17
 469 00cf 01       		.byte	0x1
 470 00d0 C0       		.byte	0xc0
 471 00d1 30000000 		.4byte	0x30
 472 00d5 0A       		.uleb128 0xa
 473 00d6 65020000 		.4byte	.LASF41
 474 00da 10       		.byte	0x10
 475 00db 01       		.byte	0x1
 476 00dc C2       		.byte	0xc2
 477 00dd 1A010000 		.4byte	0x11a
 478 00e1 0B       		.uleb128 0xb
 479 00e2 4A000000 		.4byte	.LASF18
 480 00e6 01       		.byte	0x1
 481 00e7 C4       		.byte	0xc4
 482 00e8 1A010000 		.4byte	0x11a
 483 00ec 02       		.byte	0x2
 484 00ed 23       		.byte	0x23
 485 00ee 00       		.uleb128 0
 486 00ef 0B       		.uleb128 0xb
 487 00f0 6B000000 		.4byte	.LASF19
 488 00f4 01       		.byte	0x1
 489 00f5 C5       		.byte	0xc5
 490 00f6 1A010000 		.4byte	0x11a
 491 00fa 02       		.byte	0x2
 492 00fb 23       		.byte	0x23
 493 00fc 04       		.uleb128 0x4
ARM GAS  C:\Users\Steve\AppData\Local\Temp\ccVpM98z.s 			page 18


 494 00fd 0B       		.uleb128 0xb
 495 00fe 52010000 		.4byte	.LASF20
 496 0102 01       		.byte	0x1
 497 0103 C6       		.byte	0xc6
 498 0104 BF000000 		.4byte	0xbf
 499 0108 02       		.byte	0x2
 500 0109 23       		.byte	0x23
 501 010a 08       		.uleb128 0x8
 502 010b 0B       		.uleb128 0xb
 503 010c 56000000 		.4byte	.LASF21
 504 0110 01       		.byte	0x1
 505 0111 C7       		.byte	0xc7
 506 0112 BF000000 		.4byte	0xbf
 507 0116 02       		.byte	0x2
 508 0117 23       		.byte	0x23
 509 0118 0C       		.uleb128 0xc
 510 0119 00       		.byte	0
 511 011a 07       		.uleb128 0x7
 512 011b 04       		.byte	0x4
 513 011c CA000000 		.4byte	0xca
 514 0120 0C       		.uleb128 0xc
 515 0121 01       		.byte	0x1
 516 0122 CF000000 		.4byte	.LASF42
 517 0126 01       		.byte	0x1
 518 0127 5D       		.byte	0x5d
 519 0128 01       		.byte	0x1
 520 0129 00000000 		.4byte	.LFB0
 521 012d 04000000 		.4byte	.LFE0
 522 0131 00000000 		.4byte	.LLST0
 523 0135 01       		.byte	0x1
 524 0136 0D       		.uleb128 0xd
 525 0137 01       		.byte	0x1
 526 0138 C9000000 		.4byte	.LASF22
 527 013c 01       		.byte	0x1
 528 013d CF       		.byte	0xcf
 529 013e 01       		.byte	0x1
 530 013f 00000000 		.4byte	.LFB1
 531 0143 04000000 		.4byte	.LFE1
 532 0147 20000000 		.4byte	.LLST1
 533 014b 01       		.byte	0x1
 534 014c 67010000 		.4byte	0x167
 535 0150 0E       		.uleb128 0xe
 536 0151 4F000000 		.4byte	.LASF43
 537 0155 01       		.byte	0x1
 538 0156 CF       		.byte	0xcf
 539 0157 61000000 		.4byte	0x61
 540 015b 01       		.byte	0x1
 541 015c 50       		.byte	0x50
 542 015d 0F       		.uleb128 0xf
 543 015e 7800     		.ascii	"x\000"
 544 0160 01       		.byte	0x1
 545 0161 D2       		.byte	0xd2
 546 0162 61000000 		.4byte	0x61
 547 0166 00       		.byte	0
 548 0167 0D       		.uleb128 0xd
 549 0168 01       		.byte	0x1
 550 0169 2C000000 		.4byte	.LASF23
ARM GAS  C:\Users\Steve\AppData\Local\Temp\ccVpM98z.s 			page 19


 551 016d 01       		.byte	0x1
 552 016e EC       		.byte	0xec
 553 016f 01       		.byte	0x1
 554 0170 00000000 		.4byte	.LFB2
 555 0174 B4000000 		.4byte	.LFE2
 556 0178 40000000 		.4byte	.LLST2
 557 017c 01       		.byte	0x1
 558 017d FC010000 		.4byte	0x1fc
 559 0181 10       		.uleb128 0x10
 560 0182 5D020000 		.4byte	.LASF24
 561 0186 01       		.byte	0x1
 562 0187 EE       		.byte	0xee
 563 0188 68000000 		.4byte	0x68
 564 018c 6C000000 		.4byte	.LLST3
 565 0190 10       		.uleb128 0x10
 566 0191 60000000 		.4byte	.LASF25
 567 0195 01       		.byte	0x1
 568 0196 EF       		.byte	0xef
 569 0197 FC010000 		.4byte	0x1fc
 570 019b AD000000 		.4byte	.LLST4
 571 019f 11       		.uleb128 0x11
 572 01a0 14000000 		.4byte	.LBB2
 573 01a4 98000000 		.4byte	.LBE2
 574 01a8 E9010000 		.4byte	0x1e9
 575 01ac 12       		.uleb128 0x12
 576 01ad 73726300 		.ascii	"src\000"
 577 01b1 01       		.byte	0x1
 578 01b2 F4       		.byte	0xf4
 579 01b3 07020000 		.4byte	0x207
 580 01b7 C0000000 		.4byte	.LLST5
 581 01bb 12       		.uleb128 0x12
 582 01bc 64737400 		.ascii	"dst\000"
 583 01c0 01       		.byte	0x1
 584 01c1 F5       		.byte	0xf5
 585 01c2 07020000 		.4byte	0x207
 586 01c6 D3000000 		.4byte	.LLST6
 587 01ca 10       		.uleb128 0x10
 588 01cb 3F010000 		.4byte	.LASF26
 589 01cf 01       		.byte	0x1
 590 01d0 F6       		.byte	0xf6
 591 01d1 68000000 		.4byte	0x68
 592 01d5 08010000 		.4byte	.LLST7
 593 01d9 10       		.uleb128 0x10
 594 01da 34000000 		.4byte	.LASF27
 595 01de 01       		.byte	0x1
 596 01df F7       		.byte	0xf7
 597 01e0 68000000 		.4byte	0x68
 598 01e4 31010000 		.4byte	.LLST8
 599 01e8 00       		.byte	0
 600 01e9 13       		.uleb128 0x13
 601 01ea A6000000 		.4byte	.LVL17
 602 01ee ED020000 		.4byte	0x2ed
 603 01f2 13       		.uleb128 0x13
 604 01f3 AA000000 		.4byte	.LVL18
 605 01f7 F7020000 		.4byte	0x2f7
 606 01fb 00       		.byte	0
 607 01fc 07       		.uleb128 0x7
ARM GAS  C:\Users\Steve\AppData\Local\Temp\ccVpM98z.s 			page 20


 608 01fd 04       		.byte	0x4
 609 01fe 02020000 		.4byte	0x202
 610 0202 09       		.uleb128 0x9
 611 0203 D5000000 		.4byte	0xd5
 612 0207 07       		.uleb128 0x7
 613 0208 04       		.byte	0x4
 614 0209 6F000000 		.4byte	0x6f
 615 020d 14       		.uleb128 0x14
 616 020e 01       		.byte	0x1
 617 020f C3000000 		.4byte	.LASF28
 618 0213 01       		.byte	0x1
 619 0214 1E01     		.2byte	0x11e
 620 0216 01       		.byte	0x1
 621 0217 00000000 		.4byte	.LFB3
 622 021b 06000000 		.4byte	.LFE3
 623 021f 51010000 		.4byte	.LLST9
 624 0223 01       		.byte	0x1
 625 0224 32020000 		.4byte	0x232
 626 0228 13       		.uleb128 0x13
 627 0229 06000000 		.4byte	.LVL19
 628 022d 67010000 		.4byte	0x167
 629 0231 00       		.byte	0
 630 0232 14       		.uleb128 0x14
 631 0233 01       		.byte	0x1
 632 0234 ED000000 		.4byte	.LASF29
 633 0238 01       		.byte	0x1
 634 0239 9301     		.2byte	0x193
 635 023b 01       		.byte	0x1
 636 023c 00000000 		.4byte	.LFB4
 637 0240 50000000 		.4byte	.LFE4
 638 0244 71010000 		.4byte	.LLST10
 639 0248 01       		.byte	0x1
 640 0249 67020000 		.4byte	0x267
 641 024d 15       		.uleb128 0x15
 642 024e 04010000 		.4byte	.LASF30
 643 0252 01       		.byte	0x1
 644 0253 9501     		.2byte	0x195
 645 0255 6F000000 		.4byte	0x6f
 646 0259 91010000 		.4byte	.LLST11
 647 025d 13       		.uleb128 0x13
 648 025e 2E000000 		.4byte	.LVL23
 649 0262 05030000 		.4byte	0x305
 650 0266 00       		.byte	0
 651 0267 16       		.uleb128 0x16
 652 0268 9B000000 		.4byte	.LASF31
 653 026c 01       		.byte	0x1
 654 026d 34       		.byte	0x34
 655 026e 6F000000 		.4byte	0x6f
 656 0272 05       		.byte	0x5
 657 0273 03       		.byte	0x3
 658 0274 00000000 		.4byte	cySysNoInitDataValid
 659 0278 17       		.uleb128 0x17
 660 0279 D5000000 		.4byte	0xd5
 661 027d 83020000 		.4byte	0x283
 662 0281 18       		.uleb128 0x18
 663 0282 00       		.byte	0
 664 0283 19       		.uleb128 0x19
ARM GAS  C:\Users\Steve\AppData\Local\Temp\ccVpM98z.s 			page 21


 665 0284 50020000 		.4byte	.LASF32
 666 0288 01       		.byte	0x1
 667 0289 CA       		.byte	0xca
 668 028a 90020000 		.4byte	0x290
 669 028e 01       		.byte	0x1
 670 028f 01       		.byte	0x1
 671 0290 09       		.uleb128 0x9
 672 0291 78020000 		.4byte	0x278
 673 0295 19       		.uleb128 0x19
 674 0296 3A000000 		.4byte	.LASF33
 675 029a 01       		.byte	0x1
 676 029b CB       		.byte	0xcb
 677 029c BA000000 		.4byte	0xba
 678 02a0 01       		.byte	0x1
 679 02a1 01       		.byte	0x1
 680 02a2 17       		.uleb128 0x17
 681 02a3 9F000000 		.4byte	0x9f
 682 02a7 B2020000 		.4byte	0x2b2
 683 02ab 1A       		.uleb128 0x1a
 684 02ac B3000000 		.4byte	0xb3
 685 02b0 2F       		.byte	0x2f
 686 02b1 00       		.byte	0
 687 02b2 1B       		.uleb128 0x1b
 688 02b3 1F000000 		.4byte	.LASF34
 689 02b7 01       		.byte	0x1
 690 02b8 5F01     		.2byte	0x15f
 691 02ba A2020000 		.4byte	0x2a2
 692 02be 01       		.byte	0x1
 693 02bf 05       		.byte	0x5
 694 02c0 03       		.byte	0x3
 695 02c1 00000000 		.4byte	CyRamVectors
 696 02c5 17       		.uleb128 0x17
 697 02c6 9F000000 		.4byte	0x9f
 698 02ca D5020000 		.4byte	0x2d5
 699 02ce 1A       		.uleb128 0x1a
 700 02cf B3000000 		.4byte	0xb3
 701 02d3 03       		.byte	0x3
 702 02d4 00       		.byte	0
 703 02d5 1B       		.uleb128 0x1b
 704 02d6 7E000000 		.4byte	.LASF35
 705 02da 01       		.byte	0x1
 706 02db 7001     		.2byte	0x170
 707 02dd E8020000 		.4byte	0x2e8
 708 02e1 01       		.byte	0x1
 709 02e2 05       		.byte	0x5
 710 02e3 03       		.byte	0x3
 711 02e4 00000000 		.4byte	RomVectors
 712 02e8 09       		.uleb128 0x9
 713 02e9 C5020000 		.4byte	0x2c5
 714 02ed 1C       		.uleb128 0x1c
 715 02ee 01       		.byte	0x1
 716 02ef 0D000000 		.4byte	.LASF36
 717 02f3 01       		.byte	0x1
 718 02f4 BE       		.byte	0xbe
 719 02f5 01       		.byte	0x1
 720 02f6 01       		.byte	0x1
 721 02f7 1D       		.uleb128 0x1d
ARM GAS  C:\Users\Steve\AppData\Local\Temp\ccVpM98z.s 			page 22


 722 02f8 01       		.byte	0x1
 723 02f9 E8000000 		.4byte	.LASF44
 724 02fd 01       		.byte	0x1
 725 02fe BB       		.byte	0xbb
 726 02ff 01       		.byte	0x1
 727 0300 61000000 		.4byte	0x61
 728 0304 01       		.byte	0x1
 729 0305 1C       		.uleb128 0x1c
 730 0306 01       		.byte	0x1
 731 0307 1B010000 		.4byte	.LASF37
 732 030b 04       		.byte	0x4
 733 030c 14       		.byte	0x14
 734 030d 01       		.byte	0x1
 735 030e 01       		.byte	0x1
 736 030f 00       		.byte	0
 737              		.section	.debug_abbrev,"",%progbits
 738              	.Ldebug_abbrev0:
 739 0000 01       		.uleb128 0x1
 740 0001 11       		.uleb128 0x11
 741 0002 01       		.byte	0x1
 742 0003 25       		.uleb128 0x25
 743 0004 0E       		.uleb128 0xe
 744 0005 13       		.uleb128 0x13
 745 0006 0B       		.uleb128 0xb
 746 0007 03       		.uleb128 0x3
 747 0008 0E       		.uleb128 0xe
 748 0009 1B       		.uleb128 0x1b
 749 000a 0E       		.uleb128 0xe
 750 000b 55       		.uleb128 0x55
 751 000c 06       		.uleb128 0x6
 752 000d 11       		.uleb128 0x11
 753 000e 01       		.uleb128 0x1
 754 000f 52       		.uleb128 0x52
 755 0010 01       		.uleb128 0x1
 756 0011 10       		.uleb128 0x10
 757 0012 06       		.uleb128 0x6
 758 0013 00       		.byte	0
 759 0014 00       		.byte	0
 760 0015 02       		.uleb128 0x2
 761 0016 24       		.uleb128 0x24
 762 0017 00       		.byte	0
 763 0018 0B       		.uleb128 0xb
 764 0019 0B       		.uleb128 0xb
 765 001a 3E       		.uleb128 0x3e
 766 001b 0B       		.uleb128 0xb
 767 001c 03       		.uleb128 0x3
 768 001d 0E       		.uleb128 0xe
 769 001e 00       		.byte	0
 770 001f 00       		.byte	0
 771 0020 03       		.uleb128 0x3
 772 0021 24       		.uleb128 0x24
 773 0022 00       		.byte	0
 774 0023 0B       		.uleb128 0xb
 775 0024 0B       		.uleb128 0xb
 776 0025 3E       		.uleb128 0x3e
 777 0026 0B       		.uleb128 0xb
 778 0027 03       		.uleb128 0x3
ARM GAS  C:\Users\Steve\AppData\Local\Temp\ccVpM98z.s 			page 23


 779 0028 08       		.uleb128 0x8
 780 0029 00       		.byte	0
 781 002a 00       		.byte	0
 782 002b 04       		.uleb128 0x4
 783 002c 16       		.uleb128 0x16
 784 002d 00       		.byte	0
 785 002e 03       		.uleb128 0x3
 786 002f 0E       		.uleb128 0xe
 787 0030 3A       		.uleb128 0x3a
 788 0031 0B       		.uleb128 0xb
 789 0032 3B       		.uleb128 0x3b
 790 0033 0B       		.uleb128 0xb
 791 0034 49       		.uleb128 0x49
 792 0035 13       		.uleb128 0x13
 793 0036 00       		.byte	0
 794 0037 00       		.byte	0
 795 0038 05       		.uleb128 0x5
 796 0039 35       		.uleb128 0x35
 797 003a 00       		.byte	0
 798 003b 49       		.uleb128 0x49
 799 003c 13       		.uleb128 0x13
 800 003d 00       		.byte	0
 801 003e 00       		.byte	0
 802 003f 06       		.uleb128 0x6
 803 0040 16       		.uleb128 0x16
 804 0041 00       		.byte	0
 805 0042 03       		.uleb128 0x3
 806 0043 0E       		.uleb128 0xe
 807 0044 3A       		.uleb128 0x3a
 808 0045 0B       		.uleb128 0xb
 809 0046 3B       		.uleb128 0x3b
 810 0047 05       		.uleb128 0x5
 811 0048 49       		.uleb128 0x49
 812 0049 13       		.uleb128 0x13
 813 004a 00       		.byte	0
 814 004b 00       		.byte	0
 815 004c 07       		.uleb128 0x7
 816 004d 0F       		.uleb128 0xf
 817 004e 00       		.byte	0
 818 004f 0B       		.uleb128 0xb
 819 0050 0B       		.uleb128 0xb
 820 0051 49       		.uleb128 0x49
 821 0052 13       		.uleb128 0x13
 822 0053 00       		.byte	0
 823 0054 00       		.byte	0
 824 0055 08       		.uleb128 0x8
 825 0056 15       		.uleb128 0x15
 826 0057 00       		.byte	0
 827 0058 27       		.uleb128 0x27
 828 0059 0C       		.uleb128 0xc
 829 005a 00       		.byte	0
 830 005b 00       		.byte	0
 831 005c 09       		.uleb128 0x9
 832 005d 26       		.uleb128 0x26
 833 005e 00       		.byte	0
 834 005f 49       		.uleb128 0x49
 835 0060 13       		.uleb128 0x13
ARM GAS  C:\Users\Steve\AppData\Local\Temp\ccVpM98z.s 			page 24


 836 0061 00       		.byte	0
 837 0062 00       		.byte	0
 838 0063 0A       		.uleb128 0xa
 839 0064 13       		.uleb128 0x13
 840 0065 01       		.byte	0x1
 841 0066 03       		.uleb128 0x3
 842 0067 0E       		.uleb128 0xe
 843 0068 0B       		.uleb128 0xb
 844 0069 0B       		.uleb128 0xb
 845 006a 3A       		.uleb128 0x3a
 846 006b 0B       		.uleb128 0xb
 847 006c 3B       		.uleb128 0x3b
 848 006d 0B       		.uleb128 0xb
 849 006e 01       		.uleb128 0x1
 850 006f 13       		.uleb128 0x13
 851 0070 00       		.byte	0
 852 0071 00       		.byte	0
 853 0072 0B       		.uleb128 0xb
 854 0073 0D       		.uleb128 0xd
 855 0074 00       		.byte	0
 856 0075 03       		.uleb128 0x3
 857 0076 0E       		.uleb128 0xe
 858 0077 3A       		.uleb128 0x3a
 859 0078 0B       		.uleb128 0xb
 860 0079 3B       		.uleb128 0x3b
 861 007a 0B       		.uleb128 0xb
 862 007b 49       		.uleb128 0x49
 863 007c 13       		.uleb128 0x13
 864 007d 38       		.uleb128 0x38
 865 007e 0A       		.uleb128 0xa
 866 007f 00       		.byte	0
 867 0080 00       		.byte	0
 868 0081 0C       		.uleb128 0xc
 869 0082 2E       		.uleb128 0x2e
 870 0083 00       		.byte	0
 871 0084 3F       		.uleb128 0x3f
 872 0085 0C       		.uleb128 0xc
 873 0086 03       		.uleb128 0x3
 874 0087 0E       		.uleb128 0xe
 875 0088 3A       		.uleb128 0x3a
 876 0089 0B       		.uleb128 0xb
 877 008a 3B       		.uleb128 0x3b
 878 008b 0B       		.uleb128 0xb
 879 008c 27       		.uleb128 0x27
 880 008d 0C       		.uleb128 0xc
 881 008e 11       		.uleb128 0x11
 882 008f 01       		.uleb128 0x1
 883 0090 12       		.uleb128 0x12
 884 0091 01       		.uleb128 0x1
 885 0092 40       		.uleb128 0x40
 886 0093 06       		.uleb128 0x6
 887 0094 9742     		.uleb128 0x2117
 888 0096 0C       		.uleb128 0xc
 889 0097 00       		.byte	0
 890 0098 00       		.byte	0
 891 0099 0D       		.uleb128 0xd
 892 009a 2E       		.uleb128 0x2e
ARM GAS  C:\Users\Steve\AppData\Local\Temp\ccVpM98z.s 			page 25


 893 009b 01       		.byte	0x1
 894 009c 3F       		.uleb128 0x3f
 895 009d 0C       		.uleb128 0xc
 896 009e 03       		.uleb128 0x3
 897 009f 0E       		.uleb128 0xe
 898 00a0 3A       		.uleb128 0x3a
 899 00a1 0B       		.uleb128 0xb
 900 00a2 3B       		.uleb128 0x3b
 901 00a3 0B       		.uleb128 0xb
 902 00a4 27       		.uleb128 0x27
 903 00a5 0C       		.uleb128 0xc
 904 00a6 11       		.uleb128 0x11
 905 00a7 01       		.uleb128 0x1
 906 00a8 12       		.uleb128 0x12
 907 00a9 01       		.uleb128 0x1
 908 00aa 40       		.uleb128 0x40
 909 00ab 06       		.uleb128 0x6
 910 00ac 9742     		.uleb128 0x2117
 911 00ae 0C       		.uleb128 0xc
 912 00af 01       		.uleb128 0x1
 913 00b0 13       		.uleb128 0x13
 914 00b1 00       		.byte	0
 915 00b2 00       		.byte	0
 916 00b3 0E       		.uleb128 0xe
 917 00b4 05       		.uleb128 0x5
 918 00b5 00       		.byte	0
 919 00b6 03       		.uleb128 0x3
 920 00b7 0E       		.uleb128 0xe
 921 00b8 3A       		.uleb128 0x3a
 922 00b9 0B       		.uleb128 0xb
 923 00ba 3B       		.uleb128 0x3b
 924 00bb 0B       		.uleb128 0xb
 925 00bc 49       		.uleb128 0x49
 926 00bd 13       		.uleb128 0x13
 927 00be 02       		.uleb128 0x2
 928 00bf 0A       		.uleb128 0xa
 929 00c0 00       		.byte	0
 930 00c1 00       		.byte	0
 931 00c2 0F       		.uleb128 0xf
 932 00c3 34       		.uleb128 0x34
 933 00c4 00       		.byte	0
 934 00c5 03       		.uleb128 0x3
 935 00c6 08       		.uleb128 0x8
 936 00c7 3A       		.uleb128 0x3a
 937 00c8 0B       		.uleb128 0xb
 938 00c9 3B       		.uleb128 0x3b
 939 00ca 0B       		.uleb128 0xb
 940 00cb 49       		.uleb128 0x49
 941 00cc 13       		.uleb128 0x13
 942 00cd 00       		.byte	0
 943 00ce 00       		.byte	0
 944 00cf 10       		.uleb128 0x10
 945 00d0 34       		.uleb128 0x34
 946 00d1 00       		.byte	0
 947 00d2 03       		.uleb128 0x3
 948 00d3 0E       		.uleb128 0xe
 949 00d4 3A       		.uleb128 0x3a
ARM GAS  C:\Users\Steve\AppData\Local\Temp\ccVpM98z.s 			page 26


 950 00d5 0B       		.uleb128 0xb
 951 00d6 3B       		.uleb128 0x3b
 952 00d7 0B       		.uleb128 0xb
 953 00d8 49       		.uleb128 0x49
 954 00d9 13       		.uleb128 0x13
 955 00da 02       		.uleb128 0x2
 956 00db 06       		.uleb128 0x6
 957 00dc 00       		.byte	0
 958 00dd 00       		.byte	0
 959 00de 11       		.uleb128 0x11
 960 00df 0B       		.uleb128 0xb
 961 00e0 01       		.byte	0x1
 962 00e1 11       		.uleb128 0x11
 963 00e2 01       		.uleb128 0x1
 964 00e3 12       		.uleb128 0x12
 965 00e4 01       		.uleb128 0x1
 966 00e5 01       		.uleb128 0x1
 967 00e6 13       		.uleb128 0x13
 968 00e7 00       		.byte	0
 969 00e8 00       		.byte	0
 970 00e9 12       		.uleb128 0x12
 971 00ea 34       		.uleb128 0x34
 972 00eb 00       		.byte	0
 973 00ec 03       		.uleb128 0x3
 974 00ed 08       		.uleb128 0x8
 975 00ee 3A       		.uleb128 0x3a
 976 00ef 0B       		.uleb128 0xb
 977 00f0 3B       		.uleb128 0x3b
 978 00f1 0B       		.uleb128 0xb
 979 00f2 49       		.uleb128 0x49
 980 00f3 13       		.uleb128 0x13
 981 00f4 02       		.uleb128 0x2
 982 00f5 06       		.uleb128 0x6
 983 00f6 00       		.byte	0
 984 00f7 00       		.byte	0
 985 00f8 13       		.uleb128 0x13
 986 00f9 898201   		.uleb128 0x4109
 987 00fc 00       		.byte	0
 988 00fd 11       		.uleb128 0x11
 989 00fe 01       		.uleb128 0x1
 990 00ff 31       		.uleb128 0x31
 991 0100 13       		.uleb128 0x13
 992 0101 00       		.byte	0
 993 0102 00       		.byte	0
 994 0103 14       		.uleb128 0x14
 995 0104 2E       		.uleb128 0x2e
 996 0105 01       		.byte	0x1
 997 0106 3F       		.uleb128 0x3f
 998 0107 0C       		.uleb128 0xc
 999 0108 03       		.uleb128 0x3
 1000 0109 0E       		.uleb128 0xe
 1001 010a 3A       		.uleb128 0x3a
 1002 010b 0B       		.uleb128 0xb
 1003 010c 3B       		.uleb128 0x3b
 1004 010d 05       		.uleb128 0x5
 1005 010e 27       		.uleb128 0x27
 1006 010f 0C       		.uleb128 0xc
ARM GAS  C:\Users\Steve\AppData\Local\Temp\ccVpM98z.s 			page 27


 1007 0110 11       		.uleb128 0x11
 1008 0111 01       		.uleb128 0x1
 1009 0112 12       		.uleb128 0x12
 1010 0113 01       		.uleb128 0x1
 1011 0114 40       		.uleb128 0x40
 1012 0115 06       		.uleb128 0x6
 1013 0116 9742     		.uleb128 0x2117
 1014 0118 0C       		.uleb128 0xc
 1015 0119 01       		.uleb128 0x1
 1016 011a 13       		.uleb128 0x13
 1017 011b 00       		.byte	0
 1018 011c 00       		.byte	0
 1019 011d 15       		.uleb128 0x15
 1020 011e 34       		.uleb128 0x34
 1021 011f 00       		.byte	0
 1022 0120 03       		.uleb128 0x3
 1023 0121 0E       		.uleb128 0xe
 1024 0122 3A       		.uleb128 0x3a
 1025 0123 0B       		.uleb128 0xb
 1026 0124 3B       		.uleb128 0x3b
 1027 0125 05       		.uleb128 0x5
 1028 0126 49       		.uleb128 0x49
 1029 0127 13       		.uleb128 0x13
 1030 0128 02       		.uleb128 0x2
 1031 0129 06       		.uleb128 0x6
 1032 012a 00       		.byte	0
 1033 012b 00       		.byte	0
 1034 012c 16       		.uleb128 0x16
 1035 012d 34       		.uleb128 0x34
 1036 012e 00       		.byte	0
 1037 012f 03       		.uleb128 0x3
 1038 0130 0E       		.uleb128 0xe
 1039 0131 3A       		.uleb128 0x3a
 1040 0132 0B       		.uleb128 0xb
 1041 0133 3B       		.uleb128 0x3b
 1042 0134 0B       		.uleb128 0xb
 1043 0135 49       		.uleb128 0x49
 1044 0136 13       		.uleb128 0x13
 1045 0137 02       		.uleb128 0x2
 1046 0138 0A       		.uleb128 0xa
 1047 0139 00       		.byte	0
 1048 013a 00       		.byte	0
 1049 013b 17       		.uleb128 0x17
 1050 013c 01       		.uleb128 0x1
 1051 013d 01       		.byte	0x1
 1052 013e 49       		.uleb128 0x49
 1053 013f 13       		.uleb128 0x13
 1054 0140 01       		.uleb128 0x1
 1055 0141 13       		.uleb128 0x13
 1056 0142 00       		.byte	0
 1057 0143 00       		.byte	0
 1058 0144 18       		.uleb128 0x18
 1059 0145 21       		.uleb128 0x21
 1060 0146 00       		.byte	0
 1061 0147 00       		.byte	0
 1062 0148 00       		.byte	0
 1063 0149 19       		.uleb128 0x19
ARM GAS  C:\Users\Steve\AppData\Local\Temp\ccVpM98z.s 			page 28


 1064 014a 34       		.uleb128 0x34
 1065 014b 00       		.byte	0
 1066 014c 03       		.uleb128 0x3
 1067 014d 0E       		.uleb128 0xe
 1068 014e 3A       		.uleb128 0x3a
 1069 014f 0B       		.uleb128 0xb
 1070 0150 3B       		.uleb128 0x3b
 1071 0151 0B       		.uleb128 0xb
 1072 0152 49       		.uleb128 0x49
 1073 0153 13       		.uleb128 0x13
 1074 0154 3F       		.uleb128 0x3f
 1075 0155 0C       		.uleb128 0xc
 1076 0156 3C       		.uleb128 0x3c
 1077 0157 0C       		.uleb128 0xc
 1078 0158 00       		.byte	0
 1079 0159 00       		.byte	0
 1080 015a 1A       		.uleb128 0x1a
 1081 015b 21       		.uleb128 0x21
 1082 015c 00       		.byte	0
 1083 015d 49       		.uleb128 0x49
 1084 015e 13       		.uleb128 0x13
 1085 015f 2F       		.uleb128 0x2f
 1086 0160 0B       		.uleb128 0xb
 1087 0161 00       		.byte	0
 1088 0162 00       		.byte	0
 1089 0163 1B       		.uleb128 0x1b
 1090 0164 34       		.uleb128 0x34
 1091 0165 00       		.byte	0
 1092 0166 03       		.uleb128 0x3
 1093 0167 0E       		.uleb128 0xe
 1094 0168 3A       		.uleb128 0x3a
 1095 0169 0B       		.uleb128 0xb
 1096 016a 3B       		.uleb128 0x3b
 1097 016b 05       		.uleb128 0x5
 1098 016c 49       		.uleb128 0x49
 1099 016d 13       		.uleb128 0x13
 1100 016e 3F       		.uleb128 0x3f
 1101 016f 0C       		.uleb128 0xc
 1102 0170 02       		.uleb128 0x2
 1103 0171 0A       		.uleb128 0xa
 1104 0172 00       		.byte	0
 1105 0173 00       		.byte	0
 1106 0174 1C       		.uleb128 0x1c
 1107 0175 2E       		.uleb128 0x2e
 1108 0176 00       		.byte	0
 1109 0177 3F       		.uleb128 0x3f
 1110 0178 0C       		.uleb128 0xc
 1111 0179 03       		.uleb128 0x3
 1112 017a 0E       		.uleb128 0xe
 1113 017b 3A       		.uleb128 0x3a
 1114 017c 0B       		.uleb128 0xb
 1115 017d 3B       		.uleb128 0x3b
 1116 017e 0B       		.uleb128 0xb
 1117 017f 27       		.uleb128 0x27
 1118 0180 0C       		.uleb128 0xc
 1119 0181 3C       		.uleb128 0x3c
 1120 0182 0C       		.uleb128 0xc
ARM GAS  C:\Users\Steve\AppData\Local\Temp\ccVpM98z.s 			page 29


 1121 0183 00       		.byte	0
 1122 0184 00       		.byte	0
 1123 0185 1D       		.uleb128 0x1d
 1124 0186 2E       		.uleb128 0x2e
 1125 0187 00       		.byte	0
 1126 0188 3F       		.uleb128 0x3f
 1127 0189 0C       		.uleb128 0xc
 1128 018a 03       		.uleb128 0x3
 1129 018b 0E       		.uleb128 0xe
 1130 018c 3A       		.uleb128 0x3a
 1131 018d 0B       		.uleb128 0xb
 1132 018e 3B       		.uleb128 0x3b
 1133 018f 0B       		.uleb128 0xb
 1134 0190 27       		.uleb128 0x27
 1135 0191 0C       		.uleb128 0xc
 1136 0192 49       		.uleb128 0x49
 1137 0193 13       		.uleb128 0x13
 1138 0194 3C       		.uleb128 0x3c
 1139 0195 0C       		.uleb128 0xc
 1140 0196 00       		.byte	0
 1141 0197 00       		.byte	0
 1142 0198 00       		.byte	0
 1143              		.section	.debug_loc,"",%progbits
 1144              	.Ldebug_loc0:
 1145              	.LLST0:
 1146 0000 00000000 		.4byte	.LFB0
 1147 0004 02000000 		.4byte	.LCFI0
 1148 0008 0200     		.2byte	0x2
 1149 000a 7D       		.byte	0x7d
 1150 000b 00       		.sleb128 0
 1151 000c 02000000 		.4byte	.LCFI0
 1152 0010 04000000 		.4byte	.LFE0
 1153 0014 0200     		.2byte	0x2
 1154 0016 7D       		.byte	0x7d
 1155 0017 04       		.sleb128 4
 1156 0018 00000000 		.4byte	0
 1157 001c 00000000 		.4byte	0
 1158              	.LLST1:
 1159 0020 00000000 		.4byte	.LFB1
 1160 0024 02000000 		.4byte	.LCFI1
 1161 0028 0200     		.2byte	0x2
 1162 002a 7D       		.byte	0x7d
 1163 002b 00       		.sleb128 0
 1164 002c 02000000 		.4byte	.LCFI1
 1165 0030 04000000 		.4byte	.LFE1
 1166 0034 0200     		.2byte	0x2
 1167 0036 7D       		.byte	0x7d
 1168 0037 04       		.sleb128 4
 1169 0038 00000000 		.4byte	0
 1170 003c 00000000 		.4byte	0
 1171              	.LLST2:
 1172 0040 00000000 		.4byte	.LFB2
 1173 0044 02000000 		.4byte	.LCFI2
 1174 0048 0200     		.2byte	0x2
 1175 004a 7D       		.byte	0x7d
 1176 004b 00       		.sleb128 0
 1177 004c 02000000 		.4byte	.LCFI2
ARM GAS  C:\Users\Steve\AppData\Local\Temp\ccVpM98z.s 			page 30


 1178 0050 0C000000 		.4byte	.LCFI3
 1179 0054 0200     		.2byte	0x2
 1180 0056 7D       		.byte	0x7d
 1181 0057 18       		.sleb128 24
 1182 0058 0C000000 		.4byte	.LCFI3
 1183 005c B4000000 		.4byte	.LFE2
 1184 0060 0200     		.2byte	0x2
 1185 0062 7D       		.byte	0x7d
 1186 0063 20       		.sleb128 32
 1187 0064 00000000 		.4byte	0
 1188 0068 00000000 		.4byte	0
 1189              	.LLST3:
 1190 006c 04000000 		.4byte	.LVL2
 1191 0070 0E000000 		.4byte	.LVL3
 1192 0074 0100     		.2byte	0x1
 1193 0076 53       		.byte	0x53
 1194 0077 0E000000 		.4byte	.LVL3
 1195 007b 16000000 		.4byte	.LVL4
 1196 007f 0100     		.2byte	0x1
 1197 0081 50       		.byte	0x50
 1198 0082 16000000 		.4byte	.LVL4
 1199 0086 9C000000 		.4byte	.LVL15
 1200 008a 0100     		.2byte	0x1
 1201 008c 5C       		.byte	0x5c
 1202 008d 9C000000 		.4byte	.LVL15
 1203 0091 A2000000 		.4byte	.LVL16
 1204 0095 0300     		.2byte	0x3
 1205 0097 71       		.byte	0x71
 1206 0098 7F       		.sleb128 -1
 1207 0099 9F       		.byte	0x9f
 1208 009a A2000000 		.4byte	.LVL16
 1209 009e A5000000 		.4byte	.LVL17-1
 1210 00a2 0100     		.2byte	0x1
 1211 00a4 5C       		.byte	0x5c
 1212 00a5 00000000 		.4byte	0
 1213 00a9 00000000 		.4byte	0
 1214              	.LLST4:
 1215 00ad 9C000000 		.4byte	.LVL15
 1216 00b1 A2000000 		.4byte	.LVL16
 1217 00b5 0100     		.2byte	0x1
 1218 00b7 57       		.byte	0x57
 1219 00b8 00000000 		.4byte	0
 1220 00bc 00000000 		.4byte	0
 1221              	.LLST5:
 1222 00c0 1A000000 		.4byte	.LVL5
 1223 00c4 38000000 		.4byte	.LVL11
 1224 00c8 0100     		.2byte	0x1
 1225 00ca 56       		.byte	0x56
 1226 00cb 00000000 		.4byte	0
 1227 00cf 00000000 		.4byte	0
 1228              	.LLST6:
 1229 00d3 1C000000 		.4byte	.LVL6
 1230 00d7 34000000 		.4byte	.LVL9
 1231 00db 0100     		.2byte	0x1
 1232 00dd 51       		.byte	0x51
 1233 00de 34000000 		.4byte	.LVL9
 1234 00e2 36000000 		.4byte	.LVL10
ARM GAS  C:\Users\Steve\AppData\Local\Temp\ccVpM98z.s 			page 31


 1235 00e6 0100     		.2byte	0x1
 1236 00e8 52       		.byte	0x52
 1237 00e9 36000000 		.4byte	.LVL10
 1238 00ed 38000000 		.4byte	.LVL11
 1239 00f1 0200     		.2byte	0x2
 1240 00f3 77       		.byte	0x77
 1241 00f4 04       		.sleb128 4
 1242 00f5 6A000000 		.4byte	.LVL12
 1243 00f9 9A000000 		.4byte	.LVL14
 1244 00fd 0100     		.2byte	0x1
 1245 00ff 51       		.byte	0x51
 1246 0100 00000000 		.4byte	0
 1247 0104 00000000 		.4byte	0
 1248              	.LLST7:
 1249 0108 1E000000 		.4byte	.LVL7
 1250 010c 2C000000 		.4byte	.LVL8
 1251 0110 0100     		.2byte	0x1
 1252 0112 52       		.byte	0x52
 1253 0113 2C000000 		.4byte	.LVL8
 1254 0117 6A000000 		.4byte	.LVL12
 1255 011b 0100     		.2byte	0x1
 1256 011d 59       		.byte	0x59
 1257 011e 6A000000 		.4byte	.LVL12
 1258 0122 A2000000 		.4byte	.LVL16
 1259 0126 0100     		.2byte	0x1
 1260 0128 56       		.byte	0x56
 1261 0129 00000000 		.4byte	0
 1262 012d 00000000 		.4byte	0
 1263              	.LLST8:
 1264 0131 1E000000 		.4byte	.LVL7
 1265 0135 38000000 		.4byte	.LVL11
 1266 0139 0200     		.2byte	0x2
 1267 013b 30       		.byte	0x30
 1268 013c 9F       		.byte	0x9f
 1269 013d 6A000000 		.4byte	.LVL12
 1270 0141 76000000 		.4byte	.LVL13
 1271 0145 0200     		.2byte	0x2
 1272 0147 30       		.byte	0x30
 1273 0148 9F       		.byte	0x9f
 1274 0149 00000000 		.4byte	0
 1275 014d 00000000 		.4byte	0
 1276              	.LLST9:
 1277 0151 00000000 		.4byte	.LFB3
 1278 0155 02000000 		.4byte	.LCFI4
 1279 0159 0200     		.2byte	0x2
 1280 015b 7D       		.byte	0x7d
 1281 015c 00       		.sleb128 0
 1282 015d 02000000 		.4byte	.LCFI4
 1283 0161 06000000 		.4byte	.LFE3
 1284 0165 0200     		.2byte	0x2
 1285 0167 7D       		.byte	0x7d
 1286 0168 08       		.sleb128 8
 1287 0169 00000000 		.4byte	0
 1288 016d 00000000 		.4byte	0
 1289              	.LLST10:
 1290 0171 00000000 		.4byte	.LFB4
 1291 0175 02000000 		.4byte	.LCFI5
ARM GAS  C:\Users\Steve\AppData\Local\Temp\ccVpM98z.s 			page 32


 1292 0179 0200     		.2byte	0x2
 1293 017b 7D       		.byte	0x7d
 1294 017c 00       		.sleb128 0
 1295 017d 02000000 		.4byte	.LCFI5
 1296 0181 50000000 		.4byte	.LFE4
 1297 0185 0200     		.2byte	0x2
 1298 0187 7D       		.byte	0x7d
 1299 0188 08       		.sleb128 8
 1300 0189 00000000 		.4byte	0
 1301 018d 00000000 		.4byte	0
 1302              	.LLST11:
 1303 0191 00000000 		.4byte	.LVL20
 1304 0195 0A000000 		.4byte	.LVL21
 1305 0199 0200     		.2byte	0x2
 1306 019b 30       		.byte	0x30
 1307 019c 9F       		.byte	0x9f
 1308 019d 24000000 		.4byte	.LVL22
 1309 01a1 2D000000 		.4byte	.LVL23-1
 1310 01a5 0100     		.2byte	0x1
 1311 01a7 53       		.byte	0x53
 1312 01a8 00000000 		.4byte	0
 1313 01ac 00000000 		.4byte	0
 1314              		.section	.debug_aranges,"",%progbits
 1315 0000 3C000000 		.4byte	0x3c
 1316 0004 0200     		.2byte	0x2
 1317 0006 00000000 		.4byte	.Ldebug_info0
 1318 000a 04       		.byte	0x4
 1319 000b 00       		.byte	0
 1320 000c 0000     		.2byte	0
 1321 000e 0000     		.2byte	0
 1322 0010 00000000 		.4byte	.LFB0
 1323 0014 04000000 		.4byte	.LFE0-.LFB0
 1324 0018 00000000 		.4byte	.LFB1
 1325 001c 04000000 		.4byte	.LFE1-.LFB1
 1326 0020 00000000 		.4byte	.LFB2
 1327 0024 B4000000 		.4byte	.LFE2-.LFB2
 1328 0028 00000000 		.4byte	.LFB3
 1329 002c 06000000 		.4byte	.LFE3-.LFB3
 1330 0030 00000000 		.4byte	.LFB4
 1331 0034 50000000 		.4byte	.LFE4-.LFB4
 1332 0038 00000000 		.4byte	0
 1333 003c 00000000 		.4byte	0
 1334              		.section	.debug_ranges,"",%progbits
 1335              	.Ldebug_ranges0:
 1336 0000 00000000 		.4byte	.LFB0
 1337 0004 04000000 		.4byte	.LFE0
 1338 0008 00000000 		.4byte	.LFB1
 1339 000c 04000000 		.4byte	.LFE1
 1340 0010 00000000 		.4byte	.LFB2
 1341 0014 B4000000 		.4byte	.LFE2
 1342 0018 00000000 		.4byte	.LFB3
 1343 001c 06000000 		.4byte	.LFE3
 1344 0020 00000000 		.4byte	.LFB4
 1345 0024 50000000 		.4byte	.LFE4
 1346 0028 00000000 		.4byte	0
 1347 002c 00000000 		.4byte	0
 1348              		.section	.debug_line,"",%progbits
ARM GAS  C:\Users\Steve\AppData\Local\Temp\ccVpM98z.s 			page 33


 1349              	.Ldebug_line0:
 1350 0000 B5010000 		.section	.debug_str,"MS",%progbits,1
 1350      0200E500 
 1350      00000201 
 1350      FB0E0D00 
 1350      01010101 
 1351              	.LASF13:
 1352 0000 72656733 		.ascii	"reg32\000"
 1352      3200
 1353              	.LASF16:
 1354 0006 73697A65 		.ascii	"size_t\000"
 1354      5F7400
 1355              	.LASF36:
 1356 000d 5F5F6C69 		.ascii	"__libc_init_array\000"
 1356      62635F69 
 1356      6E69745F 
 1356      61727261 
 1356      7900
 1357              	.LASF34:
 1358 001f 43795261 		.ascii	"CyRamVectors\000"
 1358      6D566563 
 1358      746F7273 
 1358      00
 1359              	.LASF23:
 1360 002c 53746172 		.ascii	"Start_c\000"
 1360      745F6300 
 1361              	.LASF27:
 1362 0034 636F756E 		.ascii	"count\000"
 1362      7400
 1363              	.LASF33:
 1364 003a 5F5F6379 		.ascii	"__cy_region_num\000"
 1364      5F726567 
 1364      696F6E5F 
 1364      6E756D00 
 1365              	.LASF18:
 1366 004a 696E6974 		.ascii	"init\000"
 1366      00
 1367              	.LASF43:
 1368 004f 73746174 		.ascii	"status\000"
 1368      757300
 1369              	.LASF21:
 1370 0056 7A65726F 		.ascii	"zero_size\000"
 1370      5F73697A 
 1370      6500
 1371              	.LASF25:
 1372 0060 72707472 		.ascii	"rptr\000"
 1372      00
 1373              	.LASF9:
 1374 0065 666C6F61 		.ascii	"float\000"
 1374      7400
 1375              	.LASF19:
 1376 006b 64617461 		.ascii	"data\000"
 1376      00
 1377              	.LASF1:
 1378 0070 756E7369 		.ascii	"unsigned char\000"
 1378      676E6564 
 1378      20636861 
ARM GAS  C:\Users\Steve\AppData\Local\Temp\ccVpM98z.s 			page 34


 1378      7200
 1379              	.LASF35:
 1380 007e 526F6D56 		.ascii	"RomVectors\000"
 1380      6563746F 
 1380      727300
 1381              	.LASF5:
 1382 0089 6C6F6E67 		.ascii	"long unsigned int\000"
 1382      20756E73 
 1382      69676E65 
 1382      6420696E 
 1382      7400
 1383              	.LASF31:
 1384 009b 63795379 		.ascii	"cySysNoInitDataValid\000"
 1384      734E6F49 
 1384      6E697444 
 1384      61746156 
 1384      616C6964 
 1385              	.LASF3:
 1386 00b0 73686F72 		.ascii	"short unsigned int\000"
 1386      7420756E 
 1386      7369676E 
 1386      65642069 
 1386      6E7400
 1387              	.LASF28:
 1388 00c3 52657365 		.ascii	"Reset\000"
 1388      7400
 1389              	.LASF22:
 1390 00c9 5F657869 		.ascii	"_exit\000"
 1390      7400
 1391              	.LASF42:
 1392 00cf 496E7444 		.ascii	"IntDefaultHandler\000"
 1392      65666175 
 1392      6C744861 
 1392      6E646C65 
 1392      7200
 1393              	.LASF10:
 1394 00e1 646F7562 		.ascii	"double\000"
 1394      6C6500
 1395              	.LASF44:
 1396 00e8 6D61696E 		.ascii	"main\000"
 1396      00
 1397              	.LASF29:
 1398 00ed 696E6974 		.ascii	"initialize_psoc\000"
 1398      69616C69 
 1398      7A655F70 
 1398      736F6300 
 1399              	.LASF12:
 1400 00fd 75696E74 		.ascii	"uint32\000"
 1400      333200
 1401              	.LASF30:
 1402 0104 696E6465 		.ascii	"indexInit\000"
 1402      78496E69 
 1402      7400
 1403              	.LASF8:
 1404 010e 756E7369 		.ascii	"unsigned int\000"
 1404      676E6564 
 1404      20696E74 
ARM GAS  C:\Users\Steve\AppData\Local\Temp\ccVpM98z.s 			page 35


 1404      00
 1405              	.LASF37:
 1406 011b 63796669 		.ascii	"cyfitter_cfg\000"
 1406      74746572 
 1406      5F636667 
 1406      00
 1407              	.LASF7:
 1408 0128 6C6F6E67 		.ascii	"long long unsigned int\000"
 1408      206C6F6E 
 1408      6720756E 
 1408      7369676E 
 1408      65642069 
 1409              	.LASF26:
 1410 013f 6C696D69 		.ascii	"limit\000"
 1410      7400
 1411              	.LASF14:
 1412 0145 63796973 		.ascii	"cyisraddress\000"
 1412      72616464 
 1412      72657373 
 1412      00
 1413              	.LASF20:
 1414 0152 696E6974 		.ascii	"init_size\000"
 1414      5F73697A 
 1414      6500
 1415              	.LASF17:
 1416 015c 5F5F6379 		.ascii	"__cy_byte_align8\000"
 1416      5F627974 
 1416      655F616C 
 1416      69676E38 
 1416      00
 1417              	.LASF15:
 1418 016d 73697A65 		.ascii	"sizetype\000"
 1418      74797065 
 1418      00
 1419              	.LASF6:
 1420 0176 6C6F6E67 		.ascii	"long long int\000"
 1420      206C6F6E 
 1420      6720696E 
 1420      7400
 1421              	.LASF11:
 1422 0184 63686172 		.ascii	"char\000"
 1422      00
 1423              	.LASF39:
 1424 0189 2E5C4765 		.ascii	".\\Generated_Source\\PSoC4\\Cm0Start.c\000"
 1424      6E657261 
 1424      7465645F 
 1424      536F7572 
 1424      63655C50 
 1425              	.LASF2:
 1426 01ad 73686F72 		.ascii	"short int\000"
 1426      7420696E 
 1426      7400
 1427              	.LASF38:
 1428 01b7 474E5520 		.ascii	"GNU C 4.7.3 20130312 (release) [ARM/embedded-4_7-br"
 1428      4320342E 
 1428      372E3320 
 1428      32303133 
ARM GAS  C:\Users\Steve\AppData\Local\Temp\ccVpM98z.s 			page 36


 1428      30333132 
 1429 01ea 616E6368 		.ascii	"anch revision 196615]\000"
 1429      20726576 
 1429      6973696F 
 1429      6E203139 
 1429      36363135 
 1430              	.LASF40:
 1431 0200 433A5C55 		.ascii	"C:\\Users\\Steve\\Documents\\Git\\GlowTime\\RGB_LED"
 1431      73657273 
 1431      5C537465 
 1431      76655C44 
 1431      6F63756D 
 1432 022d 5F4D6174 		.ascii	"_Matrix.cydsn\000"
 1432      7269782E 
 1432      63796473 
 1432      6E00
 1433              	.LASF4:
 1434 023b 6C6F6E67 		.ascii	"long int\000"
 1434      20696E74 
 1434      00
 1435              	.LASF0:
 1436 0244 7369676E 		.ascii	"signed char\000"
 1436      65642063 
 1436      68617200 
 1437              	.LASF32:
 1438 0250 5F5F6379 		.ascii	"__cy_regions\000"
 1438      5F726567 
 1438      696F6E73 
 1438      00
 1439              	.LASF24:
 1440 025d 72656769 		.ascii	"regions\000"
 1440      6F6E7300 
 1441              	.LASF41:
 1442 0265 5F5F6379 		.ascii	"__cy_region\000"
 1442      5F726567 
 1442      696F6E00 
 1443              		.ident	"GCC: (GNU Tools for ARM Embedded Processors) 4.7.3 20130312 (release) [ARM/embedded-4_7-br
