ARM GAS  C:\Users\Computer\AppData\Local\Temp\ccUGCCmd.s 			page 1


   1              		.cpu cortex-m0
   2              		.fpu softvfp
   3              		.eabi_attribute 20, 1
   4              		.eabi_attribute 21, 1
   5              		.eabi_attribute 23, 3
   6              		.eabi_attribute 24, 1
   7              		.eabi_attribute 25, 1
   8              		.eabi_attribute 26, 1
   9              		.eabi_attribute 30, 2
  10              		.eabi_attribute 34, 0
  11              		.eabi_attribute 18, 4
  12              		.code	16
  13              		.file	"eoc.c"
  14              		.text
  15              	.Ltext0:
  16              		.cfi_sections	.debug_frame
  17              		.section	.text.eoc_Interrupt,"ax",%progbits
  18              		.align	2
  19              		.global	eoc_Interrupt
  20              		.code	16
  21              		.thumb_func
  22              		.type	eoc_Interrupt, %function
  23              	eoc_Interrupt:
  24              	.LFB3:
  25              		.file 1 ".\\Generated_Source\\PSoC4\\eoc.c"
   1:.\Generated_Source\PSoC4/eoc.c **** /*******************************************************************************
   2:.\Generated_Source\PSoC4/eoc.c **** * File Name: eoc.c  
   3:.\Generated_Source\PSoC4/eoc.c **** * Version 1.70
   4:.\Generated_Source\PSoC4/eoc.c **** *
   5:.\Generated_Source\PSoC4/eoc.c **** *  Description:
   6:.\Generated_Source\PSoC4/eoc.c **** *   API for controlling the state of an interrupt.
   7:.\Generated_Source\PSoC4/eoc.c **** *
   8:.\Generated_Source\PSoC4/eoc.c **** *
   9:.\Generated_Source\PSoC4/eoc.c **** *  Note:
  10:.\Generated_Source\PSoC4/eoc.c **** *
  11:.\Generated_Source\PSoC4/eoc.c **** ********************************************************************************
  12:.\Generated_Source\PSoC4/eoc.c **** * Copyright 2008-2012, Cypress Semiconductor Corporation.  All rights reserved.
  13:.\Generated_Source\PSoC4/eoc.c **** * You may use this file only in accordance with the license, terms, conditions, 
  14:.\Generated_Source\PSoC4/eoc.c **** * disclaimers, and limitations in the end user license agreement accompanying 
  15:.\Generated_Source\PSoC4/eoc.c **** * the software package with which this file was provided.
  16:.\Generated_Source\PSoC4/eoc.c **** *******************************************************************************/
  17:.\Generated_Source\PSoC4/eoc.c **** 
  18:.\Generated_Source\PSoC4/eoc.c **** 
  19:.\Generated_Source\PSoC4/eoc.c **** #include <cydevice_trm.h>
  20:.\Generated_Source\PSoC4/eoc.c **** #include <CyLib.h>
  21:.\Generated_Source\PSoC4/eoc.c **** #include <eoc.h>
  22:.\Generated_Source\PSoC4/eoc.c **** 
  23:.\Generated_Source\PSoC4/eoc.c **** #if !defined(eoc__REMOVED) /* Check for removal by optimization */
  24:.\Generated_Source\PSoC4/eoc.c **** 
  25:.\Generated_Source\PSoC4/eoc.c **** /*******************************************************************************
  26:.\Generated_Source\PSoC4/eoc.c **** *  Place your includes, defines and code here 
  27:.\Generated_Source\PSoC4/eoc.c **** ********************************************************************************/
  28:.\Generated_Source\PSoC4/eoc.c **** /* `#START eoc_intc` */
  29:.\Generated_Source\PSoC4/eoc.c **** 
  30:.\Generated_Source\PSoC4/eoc.c **** /* `#END` */
  31:.\Generated_Source\PSoC4/eoc.c **** 
  32:.\Generated_Source\PSoC4/eoc.c **** extern cyisraddress CyRamVectors[CYINT_IRQ_BASE + CY_NUM_INTERRUPTS];
ARM GAS  C:\Users\Computer\AppData\Local\Temp\ccUGCCmd.s 			page 2


  33:.\Generated_Source\PSoC4/eoc.c **** 
  34:.\Generated_Source\PSoC4/eoc.c **** /* Declared in startup, used to set unused interrupts to. */
  35:.\Generated_Source\PSoC4/eoc.c **** CY_ISR_PROTO(IntDefaultHandler);
  36:.\Generated_Source\PSoC4/eoc.c **** 
  37:.\Generated_Source\PSoC4/eoc.c **** 
  38:.\Generated_Source\PSoC4/eoc.c **** /*******************************************************************************
  39:.\Generated_Source\PSoC4/eoc.c **** * Function Name: eoc_Start
  40:.\Generated_Source\PSoC4/eoc.c **** ********************************************************************************
  41:.\Generated_Source\PSoC4/eoc.c **** *
  42:.\Generated_Source\PSoC4/eoc.c **** * Summary:
  43:.\Generated_Source\PSoC4/eoc.c **** *  Set up the interrupt and enable it.
  44:.\Generated_Source\PSoC4/eoc.c **** *
  45:.\Generated_Source\PSoC4/eoc.c **** * Parameters:  
  46:.\Generated_Source\PSoC4/eoc.c **** *   None
  47:.\Generated_Source\PSoC4/eoc.c **** *
  48:.\Generated_Source\PSoC4/eoc.c **** * Return:
  49:.\Generated_Source\PSoC4/eoc.c **** *   None
  50:.\Generated_Source\PSoC4/eoc.c **** *
  51:.\Generated_Source\PSoC4/eoc.c **** *******************************************************************************/
  52:.\Generated_Source\PSoC4/eoc.c **** void eoc_Start(void)
  53:.\Generated_Source\PSoC4/eoc.c **** {
  54:.\Generated_Source\PSoC4/eoc.c ****     /* For all we know the interrupt is active. */
  55:.\Generated_Source\PSoC4/eoc.c ****     eoc_Disable();
  56:.\Generated_Source\PSoC4/eoc.c **** 
  57:.\Generated_Source\PSoC4/eoc.c ****     /* Set the ISR to point to the eoc Interrupt. */
  58:.\Generated_Source\PSoC4/eoc.c ****     eoc_SetVector(&eoc_Interrupt);
  59:.\Generated_Source\PSoC4/eoc.c **** 
  60:.\Generated_Source\PSoC4/eoc.c ****     /* Set the priority. */
  61:.\Generated_Source\PSoC4/eoc.c ****     eoc_SetPriority((uint8)eoc_INTC_PRIOR_NUMBER);
  62:.\Generated_Source\PSoC4/eoc.c **** 
  63:.\Generated_Source\PSoC4/eoc.c ****     /* Enable it. */
  64:.\Generated_Source\PSoC4/eoc.c ****     eoc_Enable();
  65:.\Generated_Source\PSoC4/eoc.c **** }
  66:.\Generated_Source\PSoC4/eoc.c **** 
  67:.\Generated_Source\PSoC4/eoc.c **** 
  68:.\Generated_Source\PSoC4/eoc.c **** /*******************************************************************************
  69:.\Generated_Source\PSoC4/eoc.c **** * Function Name: eoc_StartEx
  70:.\Generated_Source\PSoC4/eoc.c **** ********************************************************************************
  71:.\Generated_Source\PSoC4/eoc.c **** *
  72:.\Generated_Source\PSoC4/eoc.c **** * Summary:
  73:.\Generated_Source\PSoC4/eoc.c **** *  Set up the interrupt and enable it.
  74:.\Generated_Source\PSoC4/eoc.c **** *
  75:.\Generated_Source\PSoC4/eoc.c **** * Parameters:  
  76:.\Generated_Source\PSoC4/eoc.c **** *   address: Address of the ISR to set in the interrupt vector table.
  77:.\Generated_Source\PSoC4/eoc.c **** *
  78:.\Generated_Source\PSoC4/eoc.c **** * Return:
  79:.\Generated_Source\PSoC4/eoc.c **** *   None
  80:.\Generated_Source\PSoC4/eoc.c **** *
  81:.\Generated_Source\PSoC4/eoc.c **** *******************************************************************************/
  82:.\Generated_Source\PSoC4/eoc.c **** void eoc_StartEx(cyisraddress address)
  83:.\Generated_Source\PSoC4/eoc.c **** {
  84:.\Generated_Source\PSoC4/eoc.c ****     /* For all we know the interrupt is active. */
  85:.\Generated_Source\PSoC4/eoc.c ****     eoc_Disable();
  86:.\Generated_Source\PSoC4/eoc.c **** 
  87:.\Generated_Source\PSoC4/eoc.c ****     /* Set the ISR to point to the eoc Interrupt. */
  88:.\Generated_Source\PSoC4/eoc.c ****     eoc_SetVector(address);
  89:.\Generated_Source\PSoC4/eoc.c **** 
ARM GAS  C:\Users\Computer\AppData\Local\Temp\ccUGCCmd.s 			page 3


  90:.\Generated_Source\PSoC4/eoc.c ****     /* Set the priority. */
  91:.\Generated_Source\PSoC4/eoc.c ****     eoc_SetPriority((uint8)eoc_INTC_PRIOR_NUMBER);
  92:.\Generated_Source\PSoC4/eoc.c **** 
  93:.\Generated_Source\PSoC4/eoc.c ****     /* Enable it. */
  94:.\Generated_Source\PSoC4/eoc.c ****     eoc_Enable();
  95:.\Generated_Source\PSoC4/eoc.c **** }
  96:.\Generated_Source\PSoC4/eoc.c **** 
  97:.\Generated_Source\PSoC4/eoc.c **** 
  98:.\Generated_Source\PSoC4/eoc.c **** /*******************************************************************************
  99:.\Generated_Source\PSoC4/eoc.c **** * Function Name: eoc_Stop
 100:.\Generated_Source\PSoC4/eoc.c **** ********************************************************************************
 101:.\Generated_Source\PSoC4/eoc.c **** *
 102:.\Generated_Source\PSoC4/eoc.c **** * Summary:
 103:.\Generated_Source\PSoC4/eoc.c **** *   Disables and removes the interrupt.
 104:.\Generated_Source\PSoC4/eoc.c **** *
 105:.\Generated_Source\PSoC4/eoc.c **** * Parameters:  
 106:.\Generated_Source\PSoC4/eoc.c **** *
 107:.\Generated_Source\PSoC4/eoc.c **** * Return:
 108:.\Generated_Source\PSoC4/eoc.c **** *   None
 109:.\Generated_Source\PSoC4/eoc.c **** *
 110:.\Generated_Source\PSoC4/eoc.c **** *******************************************************************************/
 111:.\Generated_Source\PSoC4/eoc.c **** void eoc_Stop(void)
 112:.\Generated_Source\PSoC4/eoc.c **** {
 113:.\Generated_Source\PSoC4/eoc.c ****     /* Disable this interrupt. */
 114:.\Generated_Source\PSoC4/eoc.c ****     eoc_Disable();
 115:.\Generated_Source\PSoC4/eoc.c **** 
 116:.\Generated_Source\PSoC4/eoc.c ****     /* Set the ISR to point to the passive one. */
 117:.\Generated_Source\PSoC4/eoc.c ****     eoc_SetVector(&IntDefaultHandler);
 118:.\Generated_Source\PSoC4/eoc.c **** }
 119:.\Generated_Source\PSoC4/eoc.c **** 
 120:.\Generated_Source\PSoC4/eoc.c **** 
 121:.\Generated_Source\PSoC4/eoc.c **** /*******************************************************************************
 122:.\Generated_Source\PSoC4/eoc.c **** * Function Name: eoc_Interrupt
 123:.\Generated_Source\PSoC4/eoc.c **** ********************************************************************************
 124:.\Generated_Source\PSoC4/eoc.c **** *
 125:.\Generated_Source\PSoC4/eoc.c **** * Summary:
 126:.\Generated_Source\PSoC4/eoc.c **** *   The default Interrupt Service Routine for eoc.
 127:.\Generated_Source\PSoC4/eoc.c **** *
 128:.\Generated_Source\PSoC4/eoc.c **** *   Add custom code between the coments to keep the next version of this file
 129:.\Generated_Source\PSoC4/eoc.c **** *   from over writting your code.
 130:.\Generated_Source\PSoC4/eoc.c **** *
 131:.\Generated_Source\PSoC4/eoc.c **** * Parameters:  
 132:.\Generated_Source\PSoC4/eoc.c **** *   None
 133:.\Generated_Source\PSoC4/eoc.c **** *
 134:.\Generated_Source\PSoC4/eoc.c **** * Return:
 135:.\Generated_Source\PSoC4/eoc.c **** *   None
 136:.\Generated_Source\PSoC4/eoc.c **** *
 137:.\Generated_Source\PSoC4/eoc.c **** *******************************************************************************/
 138:.\Generated_Source\PSoC4/eoc.c **** CY_ISR(eoc_Interrupt)
 139:.\Generated_Source\PSoC4/eoc.c **** {
  26              		.loc 1 139 0
  27              		.cfi_startproc
 140:.\Generated_Source\PSoC4/eoc.c ****     /*  Place your Interrupt code here. */
 141:.\Generated_Source\PSoC4/eoc.c ****     /* `#START eoc_Interrupt` */
 142:.\Generated_Source\PSoC4/eoc.c **** 
 143:.\Generated_Source\PSoC4/eoc.c ****     /* `#END` */
 144:.\Generated_Source\PSoC4/eoc.c **** }
ARM GAS  C:\Users\Computer\AppData\Local\Temp\ccUGCCmd.s 			page 4


  28              		.loc 1 144 0
  29              		@ sp needed for prologue
  30 0000 7047     		bx	lr
  31              		.cfi_endproc
  32              	.LFE3:
  33              		.size	eoc_Interrupt, .-eoc_Interrupt
  34 0002 C046     		.section	.text.eoc_Stop,"ax",%progbits
  35              		.align	2
  36              		.global	eoc_Stop
  37              		.code	16
  38              		.thumb_func
  39              		.type	eoc_Stop, %function
  40              	eoc_Stop:
  41              	.LFB2:
 112:.\Generated_Source\PSoC4/eoc.c **** {
  42              		.loc 1 112 0
  43              		.cfi_startproc
  44              	.LBB18:
  45              	.LBB19:
 145:.\Generated_Source\PSoC4/eoc.c **** 
 146:.\Generated_Source\PSoC4/eoc.c **** 
 147:.\Generated_Source\PSoC4/eoc.c **** /*******************************************************************************
 148:.\Generated_Source\PSoC4/eoc.c **** * Function Name: eoc_SetVector
 149:.\Generated_Source\PSoC4/eoc.c **** ********************************************************************************
 150:.\Generated_Source\PSoC4/eoc.c **** *
 151:.\Generated_Source\PSoC4/eoc.c **** * Summary:
 152:.\Generated_Source\PSoC4/eoc.c **** *   Change the ISR vector for the Interrupt. Note calling eoc_Start
 153:.\Generated_Source\PSoC4/eoc.c **** *   will override any effect this method would have had. To set the vector 
 154:.\Generated_Source\PSoC4/eoc.c **** *   before the component has been started use eoc_StartEx instead.
 155:.\Generated_Source\PSoC4/eoc.c **** *
 156:.\Generated_Source\PSoC4/eoc.c **** * Parameters:
 157:.\Generated_Source\PSoC4/eoc.c **** *   address: Address of the ISR to set in the interrupt vector table.
 158:.\Generated_Source\PSoC4/eoc.c **** *
 159:.\Generated_Source\PSoC4/eoc.c **** * Return:
 160:.\Generated_Source\PSoC4/eoc.c **** *   None
 161:.\Generated_Source\PSoC4/eoc.c **** *
 162:.\Generated_Source\PSoC4/eoc.c **** *******************************************************************************/
 163:.\Generated_Source\PSoC4/eoc.c **** void eoc_SetVector(cyisraddress address)
 164:.\Generated_Source\PSoC4/eoc.c **** {
 165:.\Generated_Source\PSoC4/eoc.c ****     CyRamVectors[CYINT_IRQ_BASE + eoc__INTC_NUMBER] = address;
 166:.\Generated_Source\PSoC4/eoc.c **** }
 167:.\Generated_Source\PSoC4/eoc.c **** 
 168:.\Generated_Source\PSoC4/eoc.c **** 
 169:.\Generated_Source\PSoC4/eoc.c **** /*******************************************************************************
 170:.\Generated_Source\PSoC4/eoc.c **** * Function Name: eoc_GetVector
 171:.\Generated_Source\PSoC4/eoc.c **** ********************************************************************************
 172:.\Generated_Source\PSoC4/eoc.c **** *
 173:.\Generated_Source\PSoC4/eoc.c **** * Summary:
 174:.\Generated_Source\PSoC4/eoc.c **** *   Gets the "address" of the current ISR vector for the Interrupt.
 175:.\Generated_Source\PSoC4/eoc.c **** *
 176:.\Generated_Source\PSoC4/eoc.c **** * Parameters:
 177:.\Generated_Source\PSoC4/eoc.c **** *   None
 178:.\Generated_Source\PSoC4/eoc.c **** *
 179:.\Generated_Source\PSoC4/eoc.c **** * Return:
 180:.\Generated_Source\PSoC4/eoc.c **** *   Address of the ISR in the interrupt vector table.
 181:.\Generated_Source\PSoC4/eoc.c **** *
 182:.\Generated_Source\PSoC4/eoc.c **** *******************************************************************************/
ARM GAS  C:\Users\Computer\AppData\Local\Temp\ccUGCCmd.s 			page 5


 183:.\Generated_Source\PSoC4/eoc.c **** cyisraddress eoc_GetVector(void)
 184:.\Generated_Source\PSoC4/eoc.c **** {
 185:.\Generated_Source\PSoC4/eoc.c ****     return CyRamVectors[CYINT_IRQ_BASE + eoc__INTC_NUMBER];
 186:.\Generated_Source\PSoC4/eoc.c **** }
 187:.\Generated_Source\PSoC4/eoc.c **** 
 188:.\Generated_Source\PSoC4/eoc.c **** 
 189:.\Generated_Source\PSoC4/eoc.c **** /*******************************************************************************
 190:.\Generated_Source\PSoC4/eoc.c **** * Function Name: eoc_SetPriority
 191:.\Generated_Source\PSoC4/eoc.c **** ********************************************************************************
 192:.\Generated_Source\PSoC4/eoc.c **** *
 193:.\Generated_Source\PSoC4/eoc.c **** * Summary:
 194:.\Generated_Source\PSoC4/eoc.c **** *   Sets the Priority of the Interrupt. Note calling eoc_Start
 195:.\Generated_Source\PSoC4/eoc.c **** *   or eoc_StartEx will override any effect this method would 
 196:.\Generated_Source\PSoC4/eoc.c **** *   have had. This method should only be called after eoc_Start or 
 197:.\Generated_Source\PSoC4/eoc.c **** *   eoc_StartEx has been called. To set the initial
 198:.\Generated_Source\PSoC4/eoc.c **** *   priority for the component use the cydwr file in the tool.
 199:.\Generated_Source\PSoC4/eoc.c **** *
 200:.\Generated_Source\PSoC4/eoc.c **** * Parameters:
 201:.\Generated_Source\PSoC4/eoc.c **** *   priority: Priority of the interrupt. 0 - 3, 0 being the highest.
 202:.\Generated_Source\PSoC4/eoc.c **** *
 203:.\Generated_Source\PSoC4/eoc.c **** * Return:
 204:.\Generated_Source\PSoC4/eoc.c **** *   None
 205:.\Generated_Source\PSoC4/eoc.c **** *
 206:.\Generated_Source\PSoC4/eoc.c **** *******************************************************************************/
 207:.\Generated_Source\PSoC4/eoc.c **** void eoc_SetPriority(uint8 priority)
 208:.\Generated_Source\PSoC4/eoc.c **** {
 209:.\Generated_Source\PSoC4/eoc.c **** 	uint8 interruptState;
 210:.\Generated_Source\PSoC4/eoc.c ****     uint32 priorityOffset = ((eoc__INTC_NUMBER % 4u) * 8u) + 6u;
 211:.\Generated_Source\PSoC4/eoc.c ****     
 212:.\Generated_Source\PSoC4/eoc.c **** 	interruptState = CyEnterCriticalSection();
 213:.\Generated_Source\PSoC4/eoc.c ****     *eoc_INTC_PRIOR = (*eoc_INTC_PRIOR & (uint32)(~eoc__INTC_PRIOR_MASK)) |
 214:.\Generated_Source\PSoC4/eoc.c ****                                     ((uint32)priority << priorityOffset);
 215:.\Generated_Source\PSoC4/eoc.c **** 	CyExitCriticalSection(interruptState);
 216:.\Generated_Source\PSoC4/eoc.c **** }
 217:.\Generated_Source\PSoC4/eoc.c **** 
 218:.\Generated_Source\PSoC4/eoc.c **** 
 219:.\Generated_Source\PSoC4/eoc.c **** /*******************************************************************************
 220:.\Generated_Source\PSoC4/eoc.c **** * Function Name: eoc_GetPriority
 221:.\Generated_Source\PSoC4/eoc.c **** ********************************************************************************
 222:.\Generated_Source\PSoC4/eoc.c **** *
 223:.\Generated_Source\PSoC4/eoc.c **** * Summary:
 224:.\Generated_Source\PSoC4/eoc.c **** *   Gets the Priority of the Interrupt.
 225:.\Generated_Source\PSoC4/eoc.c **** *
 226:.\Generated_Source\PSoC4/eoc.c **** * Parameters:
 227:.\Generated_Source\PSoC4/eoc.c **** *   None
 228:.\Generated_Source\PSoC4/eoc.c **** *
 229:.\Generated_Source\PSoC4/eoc.c **** * Return:
 230:.\Generated_Source\PSoC4/eoc.c **** *   Priority of the interrupt. 0 - 3, 0 being the highest.
 231:.\Generated_Source\PSoC4/eoc.c **** *
 232:.\Generated_Source\PSoC4/eoc.c **** *******************************************************************************/
 233:.\Generated_Source\PSoC4/eoc.c **** uint8 eoc_GetPriority(void)
 234:.\Generated_Source\PSoC4/eoc.c **** {
 235:.\Generated_Source\PSoC4/eoc.c ****     uint32 priority;
 236:.\Generated_Source\PSoC4/eoc.c **** 	uint32 priorityOffset = ((eoc__INTC_NUMBER % 4u) * 8u) + 6u;
 237:.\Generated_Source\PSoC4/eoc.c **** 
 238:.\Generated_Source\PSoC4/eoc.c ****     priority = (*eoc_INTC_PRIOR & eoc__INTC_PRIOR_MASK) >> priorityOffset;
 239:.\Generated_Source\PSoC4/eoc.c **** 
ARM GAS  C:\Users\Computer\AppData\Local\Temp\ccUGCCmd.s 			page 6


 240:.\Generated_Source\PSoC4/eoc.c ****     return (uint8)priority;
 241:.\Generated_Source\PSoC4/eoc.c **** }
 242:.\Generated_Source\PSoC4/eoc.c **** 
 243:.\Generated_Source\PSoC4/eoc.c **** 
 244:.\Generated_Source\PSoC4/eoc.c **** /*******************************************************************************
 245:.\Generated_Source\PSoC4/eoc.c **** * Function Name: eoc_Enable
 246:.\Generated_Source\PSoC4/eoc.c **** ********************************************************************************
 247:.\Generated_Source\PSoC4/eoc.c **** *
 248:.\Generated_Source\PSoC4/eoc.c **** * Summary:
 249:.\Generated_Source\PSoC4/eoc.c **** *   Enables the interrupt.
 250:.\Generated_Source\PSoC4/eoc.c **** *
 251:.\Generated_Source\PSoC4/eoc.c **** * Parameters:
 252:.\Generated_Source\PSoC4/eoc.c **** *   None
 253:.\Generated_Source\PSoC4/eoc.c **** *
 254:.\Generated_Source\PSoC4/eoc.c **** * Return:
 255:.\Generated_Source\PSoC4/eoc.c **** *   None
 256:.\Generated_Source\PSoC4/eoc.c **** *
 257:.\Generated_Source\PSoC4/eoc.c **** *******************************************************************************/
 258:.\Generated_Source\PSoC4/eoc.c **** void eoc_Enable(void)
 259:.\Generated_Source\PSoC4/eoc.c **** {
 260:.\Generated_Source\PSoC4/eoc.c ****     /* Enable the general interrupt. */
 261:.\Generated_Source\PSoC4/eoc.c ****     *eoc_INTC_SET_EN = eoc__INTC_MASK;
 262:.\Generated_Source\PSoC4/eoc.c **** }
 263:.\Generated_Source\PSoC4/eoc.c **** 
 264:.\Generated_Source\PSoC4/eoc.c **** 
 265:.\Generated_Source\PSoC4/eoc.c **** /*******************************************************************************
 266:.\Generated_Source\PSoC4/eoc.c **** * Function Name: eoc_GetState
 267:.\Generated_Source\PSoC4/eoc.c **** ********************************************************************************
 268:.\Generated_Source\PSoC4/eoc.c **** *
 269:.\Generated_Source\PSoC4/eoc.c **** * Summary:
 270:.\Generated_Source\PSoC4/eoc.c **** *   Gets the state (enabled, disabled) of the Interrupt.
 271:.\Generated_Source\PSoC4/eoc.c **** *
 272:.\Generated_Source\PSoC4/eoc.c **** * Parameters:
 273:.\Generated_Source\PSoC4/eoc.c **** *   None
 274:.\Generated_Source\PSoC4/eoc.c **** *
 275:.\Generated_Source\PSoC4/eoc.c **** * Return:
 276:.\Generated_Source\PSoC4/eoc.c **** *   1 if enabled, 0 if disabled.
 277:.\Generated_Source\PSoC4/eoc.c **** *
 278:.\Generated_Source\PSoC4/eoc.c **** *******************************************************************************/
 279:.\Generated_Source\PSoC4/eoc.c **** uint8 eoc_GetState(void)
 280:.\Generated_Source\PSoC4/eoc.c **** {
 281:.\Generated_Source\PSoC4/eoc.c ****     /* Get the state of the general interrupt. */
 282:.\Generated_Source\PSoC4/eoc.c ****     return ((*eoc_INTC_SET_EN & (uint32)eoc__INTC_MASK) != 0u) ? 1u:0u;
 283:.\Generated_Source\PSoC4/eoc.c **** }
 284:.\Generated_Source\PSoC4/eoc.c **** 
 285:.\Generated_Source\PSoC4/eoc.c **** 
 286:.\Generated_Source\PSoC4/eoc.c **** /*******************************************************************************
 287:.\Generated_Source\PSoC4/eoc.c **** * Function Name: eoc_Disable
 288:.\Generated_Source\PSoC4/eoc.c **** ********************************************************************************
 289:.\Generated_Source\PSoC4/eoc.c **** *
 290:.\Generated_Source\PSoC4/eoc.c **** * Summary:
 291:.\Generated_Source\PSoC4/eoc.c **** *   Disables the Interrupt.
 292:.\Generated_Source\PSoC4/eoc.c **** *
 293:.\Generated_Source\PSoC4/eoc.c **** * Parameters:
 294:.\Generated_Source\PSoC4/eoc.c **** *   None
 295:.\Generated_Source\PSoC4/eoc.c **** *
 296:.\Generated_Source\PSoC4/eoc.c **** * Return:
ARM GAS  C:\Users\Computer\AppData\Local\Temp\ccUGCCmd.s 			page 7


 297:.\Generated_Source\PSoC4/eoc.c **** *   None
 298:.\Generated_Source\PSoC4/eoc.c **** *
 299:.\Generated_Source\PSoC4/eoc.c **** *******************************************************************************/
 300:.\Generated_Source\PSoC4/eoc.c **** void eoc_Disable(void)
 301:.\Generated_Source\PSoC4/eoc.c **** {
 302:.\Generated_Source\PSoC4/eoc.c ****     /* Disable the general interrupt. */
 303:.\Generated_Source\PSoC4/eoc.c ****     *eoc_INTC_CLR_EN = eoc__INTC_MASK;
  46              		.loc 1 303 0
  47 0000 034B     		ldr	r3, .L3
  48              	.LBE19:
  49              	.LBE18:
  50              	.LBB21:
  51              	.LBB22:
 165:.\Generated_Source\PSoC4/eoc.c ****     CyRamVectors[CYINT_IRQ_BASE + eoc__INTC_NUMBER] = address;
  52              		.loc 1 165 0
  53 0002 0448     		ldr	r0, .L3+4
  54 0004 0449     		ldr	r1, .L3+8
  55              	.LBE22:
  56              	.LBE21:
  57              	.LBB24:
  58              	.LBB20:
  59              		.loc 1 303 0
  60 0006 0422     		mov	r2, #4
  61 0008 1A60     		str	r2, [r3]
  62              	.LVL0:
  63              	.LBE20:
  64              	.LBE24:
 118:.\Generated_Source\PSoC4/eoc.c **** }
  65              		.loc 1 118 0
  66              		@ sp needed for prologue
  67              	.LBB25:
  68              	.LBB23:
 165:.\Generated_Source\PSoC4/eoc.c ****     CyRamVectors[CYINT_IRQ_BASE + eoc__INTC_NUMBER] = address;
  69              		.loc 1 165 0
  70 000a 8864     		str	r0, [r1, #72]
  71              	.LBE23:
  72              	.LBE25:
 118:.\Generated_Source\PSoC4/eoc.c **** }
  73              		.loc 1 118 0
  74 000c 7047     		bx	lr
  75              	.L4:
  76 000e C046     		.align	2
  77              	.L3:
  78 0010 80E100E0 		.word	-536813184
  79 0014 00000000 		.word	IntDefaultHandler
  80 0018 00000000 		.word	CyRamVectors
  81              		.cfi_endproc
  82              	.LFE2:
  83              		.size	eoc_Stop, .-eoc_Stop
  84              		.section	.text.eoc_SetVector,"ax",%progbits
  85              		.align	2
  86              		.global	eoc_SetVector
  87              		.code	16
  88              		.thumb_func
  89              		.type	eoc_SetVector, %function
  90              	eoc_SetVector:
  91              	.LFB4:
ARM GAS  C:\Users\Computer\AppData\Local\Temp\ccUGCCmd.s 			page 8


 164:.\Generated_Source\PSoC4/eoc.c **** {
  92              		.loc 1 164 0
  93              		.cfi_startproc
  94              	.LVL1:
 165:.\Generated_Source\PSoC4/eoc.c ****     CyRamVectors[CYINT_IRQ_BASE + eoc__INTC_NUMBER] = address;
  95              		.loc 1 165 0
  96 0000 014B     		ldr	r3, .L6
 166:.\Generated_Source\PSoC4/eoc.c **** }
  97              		.loc 1 166 0
  98              		@ sp needed for prologue
 165:.\Generated_Source\PSoC4/eoc.c ****     CyRamVectors[CYINT_IRQ_BASE + eoc__INTC_NUMBER] = address;
  99              		.loc 1 165 0
 100 0002 9864     		str	r0, [r3, #72]
 166:.\Generated_Source\PSoC4/eoc.c **** }
 101              		.loc 1 166 0
 102 0004 7047     		bx	lr
 103              	.L7:
 104 0006 C046     		.align	2
 105              	.L6:
 106 0008 00000000 		.word	CyRamVectors
 107              		.cfi_endproc
 108              	.LFE4:
 109              		.size	eoc_SetVector, .-eoc_SetVector
 110              		.section	.text.eoc_GetVector,"ax",%progbits
 111              		.align	2
 112              		.global	eoc_GetVector
 113              		.code	16
 114              		.thumb_func
 115              		.type	eoc_GetVector, %function
 116              	eoc_GetVector:
 117              	.LFB5:
 184:.\Generated_Source\PSoC4/eoc.c **** {
 118              		.loc 1 184 0
 119              		.cfi_startproc
 185:.\Generated_Source\PSoC4/eoc.c ****     return CyRamVectors[CYINT_IRQ_BASE + eoc__INTC_NUMBER];
 120              		.loc 1 185 0
 121 0000 014B     		ldr	r3, .L9
 186:.\Generated_Source\PSoC4/eoc.c **** }
 122              		.loc 1 186 0
 123              		@ sp needed for prologue
 185:.\Generated_Source\PSoC4/eoc.c ****     return CyRamVectors[CYINT_IRQ_BASE + eoc__INTC_NUMBER];
 124              		.loc 1 185 0
 125 0002 986C     		ldr	r0, [r3, #72]
 186:.\Generated_Source\PSoC4/eoc.c **** }
 126              		.loc 1 186 0
 127 0004 7047     		bx	lr
 128              	.L10:
 129 0006 C046     		.align	2
 130              	.L9:
 131 0008 00000000 		.word	CyRamVectors
 132              		.cfi_endproc
 133              	.LFE5:
 134              		.size	eoc_GetVector, .-eoc_GetVector
 135              		.section	.text.eoc_SetPriority,"ax",%progbits
 136              		.align	2
 137              		.global	eoc_SetPriority
 138              		.code	16
ARM GAS  C:\Users\Computer\AppData\Local\Temp\ccUGCCmd.s 			page 9


 139              		.thumb_func
 140              		.type	eoc_SetPriority, %function
 141              	eoc_SetPriority:
 142              	.LFB6:
 208:.\Generated_Source\PSoC4/eoc.c **** {
 143              		.loc 1 208 0
 144              		.cfi_startproc
 145              	.LVL2:
 146 0000 38B5     		push	{r3, r4, r5, lr}
 147              	.LCFI0:
 148              		.cfi_def_cfa_offset 16
 149              		.cfi_offset 3, -16
 150              		.cfi_offset 4, -12
 151              		.cfi_offset 5, -8
 152              		.cfi_offset 14, -4
 208:.\Generated_Source\PSoC4/eoc.c **** {
 153              		.loc 1 208 0
 154 0002 041C     		mov	r4, r0
 212:.\Generated_Source\PSoC4/eoc.c **** 	interruptState = CyEnterCriticalSection();
 155              		.loc 1 212 0
 156 0004 FFF7FEFF 		bl	CyEnterCriticalSection
 157              	.LVL3:
 213:.\Generated_Source\PSoC4/eoc.c ****     *eoc_INTC_PRIOR = (*eoc_INTC_PRIOR & (uint32)(~eoc__INTC_PRIOR_MASK)) |
 158              		.loc 1 213 0
 159 0008 054B     		ldr	r3, .L12
 160 000a 0649     		ldr	r1, .L12+4
 161 000c 1D68     		ldr	r5, [r3]
 214:.\Generated_Source\PSoC4/eoc.c ****                                     ((uint32)priority << priorityOffset);
 162              		.loc 1 214 0
 163 000e A205     		lsl	r2, r4, #22
 213:.\Generated_Source\PSoC4/eoc.c ****     *eoc_INTC_PRIOR = (*eoc_INTC_PRIOR & (uint32)(~eoc__INTC_PRIOR_MASK)) |
 164              		.loc 1 213 0
 165 0010 2C1C     		mov	r4, r5
 166 0012 0C40     		and	r4, r1
 167 0014 1443     		orr	r4, r2
 168 0016 1C60     		str	r4, [r3]
 215:.\Generated_Source\PSoC4/eoc.c **** 	CyExitCriticalSection(interruptState);
 169              		.loc 1 215 0
 170 0018 FFF7FEFF 		bl	CyExitCriticalSection
 171              	.LVL4:
 216:.\Generated_Source\PSoC4/eoc.c **** }
 172              		.loc 1 216 0
 173              		@ sp needed for prologue
 174 001c 38BD     		pop	{r3, r4, r5, pc}
 175              	.L13:
 176 001e C046     		.align	2
 177              	.L12:
 178 0020 00E400E0 		.word	-536812544
 179 0024 FFFF3FFF 		.word	-12582913
 180              		.cfi_endproc
 181              	.LFE6:
 182              		.size	eoc_SetPriority, .-eoc_SetPriority
 183              		.section	.text.eoc_StartEx,"ax",%progbits
 184              		.align	2
 185              		.global	eoc_StartEx
 186              		.code	16
 187              		.thumb_func
ARM GAS  C:\Users\Computer\AppData\Local\Temp\ccUGCCmd.s 			page 10


 188              		.type	eoc_StartEx, %function
 189              	eoc_StartEx:
 190              	.LFB1:
  83:.\Generated_Source\PSoC4/eoc.c **** {
 191              		.loc 1 83 0
 192              		.cfi_startproc
 193              	.LVL5:
 194 0000 10B5     		push	{r4, lr}
 195              	.LCFI1:
 196              		.cfi_def_cfa_offset 8
 197              		.cfi_offset 4, -8
 198              		.cfi_offset 14, -4
 199              	.LBB26:
 200              	.LBB27:
 201              		.loc 1 303 0
 202 0002 054B     		ldr	r3, .L15
 203              	.LBE27:
 204              	.LBE26:
 205              	.LBB29:
 206              	.LBB30:
 165:.\Generated_Source\PSoC4/eoc.c ****     CyRamVectors[CYINT_IRQ_BASE + eoc__INTC_NUMBER] = address;
 207              		.loc 1 165 0
 208 0004 0549     		ldr	r1, .L15+4
 209              	.LBE30:
 210              	.LBE29:
 211              	.LBB32:
 212              	.LBB28:
 213              		.loc 1 303 0
 214 0006 0424     		mov	r4, #4
 215 0008 1C60     		str	r4, [r3]
 216              	.LVL6:
 217              	.LBE28:
 218              	.LBE32:
 219              	.LBB33:
 220              	.LBB31:
 165:.\Generated_Source\PSoC4/eoc.c ****     CyRamVectors[CYINT_IRQ_BASE + eoc__INTC_NUMBER] = address;
 221              		.loc 1 165 0
 222 000a 8864     		str	r0, [r1, #72]
 223              	.LBE31:
 224              	.LBE33:
  91:.\Generated_Source\PSoC4/eoc.c ****     eoc_SetPriority((uint8)eoc_INTC_PRIOR_NUMBER);
 225              		.loc 1 91 0
 226 000c 0320     		mov	r0, #3
 227              	.LVL7:
 228 000e FFF7FEFF 		bl	eoc_SetPriority
 229              	.LVL8:
 230              	.LBB34:
 231              	.LBB35:
 261:.\Generated_Source\PSoC4/eoc.c ****     *eoc_INTC_SET_EN = eoc__INTC_MASK;
 232              		.loc 1 261 0
 233 0012 0348     		ldr	r0, .L15+8
 234              	.LBE35:
 235              	.LBE34:
  95:.\Generated_Source\PSoC4/eoc.c **** }
 236              		.loc 1 95 0
 237              		@ sp needed for prologue
 238              	.LBB37:
ARM GAS  C:\Users\Computer\AppData\Local\Temp\ccUGCCmd.s 			page 11


 239              	.LBB36:
 261:.\Generated_Source\PSoC4/eoc.c ****     *eoc_INTC_SET_EN = eoc__INTC_MASK;
 240              		.loc 1 261 0
 241 0014 0460     		str	r4, [r0]
 242              	.LBE36:
 243              	.LBE37:
  95:.\Generated_Source\PSoC4/eoc.c **** }
 244              		.loc 1 95 0
 245 0016 10BD     		pop	{r4, pc}
 246              	.L16:
 247              		.align	2
 248              	.L15:
 249 0018 80E100E0 		.word	-536813184
 250 001c 00000000 		.word	CyRamVectors
 251 0020 00E100E0 		.word	-536813312
 252              		.cfi_endproc
 253              	.LFE1:
 254              		.size	eoc_StartEx, .-eoc_StartEx
 255              		.section	.text.eoc_Start,"ax",%progbits
 256              		.align	2
 257              		.global	eoc_Start
 258              		.code	16
 259              		.thumb_func
 260              		.type	eoc_Start, %function
 261              	eoc_Start:
 262              	.LFB0:
  53:.\Generated_Source\PSoC4/eoc.c **** {
 263              		.loc 1 53 0
 264              		.cfi_startproc
 265 0000 10B5     		push	{r4, lr}
 266              	.LCFI2:
 267              		.cfi_def_cfa_offset 8
 268              		.cfi_offset 4, -8
 269              		.cfi_offset 14, -4
 270              	.LBB38:
 271              	.LBB39:
 272              		.loc 1 303 0
 273 0002 064B     		ldr	r3, .L18
 274              	.LBE39:
 275              	.LBE38:
 276              	.LBB41:
 277              	.LBB42:
 165:.\Generated_Source\PSoC4/eoc.c ****     CyRamVectors[CYINT_IRQ_BASE + eoc__INTC_NUMBER] = address;
 278              		.loc 1 165 0
 279 0004 064A     		ldr	r2, .L18+4
 280 0006 0748     		ldr	r0, .L18+8
 281              	.LBE42:
 282              	.LBE41:
 283              	.LBB44:
 284              	.LBB40:
 285              		.loc 1 303 0
 286 0008 0424     		mov	r4, #4
 287 000a 1C60     		str	r4, [r3]
 288              	.LVL9:
 289              	.LBE40:
 290              	.LBE44:
 291              	.LBB45:
ARM GAS  C:\Users\Computer\AppData\Local\Temp\ccUGCCmd.s 			page 12


 292              	.LBB43:
 165:.\Generated_Source\PSoC4/eoc.c ****     CyRamVectors[CYINT_IRQ_BASE + eoc__INTC_NUMBER] = address;
 293              		.loc 1 165 0
 294 000c 8264     		str	r2, [r0, #72]
 295              	.LBE43:
 296              	.LBE45:
  61:.\Generated_Source\PSoC4/eoc.c ****     eoc_SetPriority((uint8)eoc_INTC_PRIOR_NUMBER);
 297              		.loc 1 61 0
 298 000e 0320     		mov	r0, #3
 299 0010 FFF7FEFF 		bl	eoc_SetPriority
 300              	.LVL10:
 301              	.LBB46:
 302              	.LBB47:
 261:.\Generated_Source\PSoC4/eoc.c ****     *eoc_INTC_SET_EN = eoc__INTC_MASK;
 303              		.loc 1 261 0
 304 0014 0449     		ldr	r1, .L18+12
 305              	.LBE47:
 306              	.LBE46:
  65:.\Generated_Source\PSoC4/eoc.c **** }
 307              		.loc 1 65 0
 308              		@ sp needed for prologue
 309              	.LBB49:
 310              	.LBB48:
 261:.\Generated_Source\PSoC4/eoc.c ****     *eoc_INTC_SET_EN = eoc__INTC_MASK;
 311              		.loc 1 261 0
 312 0016 0C60     		str	r4, [r1]
 313              	.LBE48:
 314              	.LBE49:
  65:.\Generated_Source\PSoC4/eoc.c **** }
 315              		.loc 1 65 0
 316 0018 10BD     		pop	{r4, pc}
 317              	.L19:
 318 001a C046     		.align	2
 319              	.L18:
 320 001c 80E100E0 		.word	-536813184
 321 0020 00000000 		.word	eoc_Interrupt
 322 0024 00000000 		.word	CyRamVectors
 323 0028 00E100E0 		.word	-536813312
 324              		.cfi_endproc
 325              	.LFE0:
 326              		.size	eoc_Start, .-eoc_Start
 327              		.section	.text.eoc_GetPriority,"ax",%progbits
 328              		.align	2
 329              		.global	eoc_GetPriority
 330              		.code	16
 331              		.thumb_func
 332              		.type	eoc_GetPriority, %function
 333              	eoc_GetPriority:
 334              	.LFB7:
 234:.\Generated_Source\PSoC4/eoc.c **** {
 335              		.loc 1 234 0
 336              		.cfi_startproc
 337              	.LVL11:
 238:.\Generated_Source\PSoC4/eoc.c ****     priority = (*eoc_INTC_PRIOR & eoc__INTC_PRIOR_MASK) >> priorityOffset;
 338              		.loc 1 238 0
 339 0000 024B     		ldr	r3, .L21
 241:.\Generated_Source\PSoC4/eoc.c **** }
ARM GAS  C:\Users\Computer\AppData\Local\Temp\ccUGCCmd.s 			page 13


 340              		.loc 1 241 0
 341              		@ sp needed for prologue
 238:.\Generated_Source\PSoC4/eoc.c ****     priority = (*eoc_INTC_PRIOR & eoc__INTC_PRIOR_MASK) >> priorityOffset;
 342              		.loc 1 238 0
 343 0002 1868     		ldr	r0, [r3]
 344              	.LVL12:
 345 0004 0102     		lsl	r1, r0, #8
 240:.\Generated_Source\PSoC4/eoc.c ****     return (uint8)priority;
 346              		.loc 1 240 0
 347 0006 880F     		lsr	r0, r1, #30
 348              	.LVL13:
 241:.\Generated_Source\PSoC4/eoc.c **** }
 349              		.loc 1 241 0
 350 0008 7047     		bx	lr
 351              	.L22:
 352 000a C046     		.align	2
 353              	.L21:
 354 000c 00E400E0 		.word	-536812544
 355              		.cfi_endproc
 356              	.LFE7:
 357              		.size	eoc_GetPriority, .-eoc_GetPriority
 358              		.section	.text.eoc_Enable,"ax",%progbits
 359              		.align	2
 360              		.global	eoc_Enable
 361              		.code	16
 362              		.thumb_func
 363              		.type	eoc_Enable, %function
 364              	eoc_Enable:
 365              	.LFB8:
 259:.\Generated_Source\PSoC4/eoc.c **** {
 366              		.loc 1 259 0
 367              		.cfi_startproc
 261:.\Generated_Source\PSoC4/eoc.c ****     *eoc_INTC_SET_EN = eoc__INTC_MASK;
 368              		.loc 1 261 0
 369 0000 014B     		ldr	r3, .L24
 370 0002 0422     		mov	r2, #4
 371 0004 1A60     		str	r2, [r3]
 262:.\Generated_Source\PSoC4/eoc.c **** }
 372              		.loc 1 262 0
 373              		@ sp needed for prologue
 374 0006 7047     		bx	lr
 375              	.L25:
 376              		.align	2
 377              	.L24:
 378 0008 00E100E0 		.word	-536813312
 379              		.cfi_endproc
 380              	.LFE8:
 381              		.size	eoc_Enable, .-eoc_Enable
 382              		.section	.text.eoc_GetState,"ax",%progbits
 383              		.align	2
 384              		.global	eoc_GetState
 385              		.code	16
 386              		.thumb_func
 387              		.type	eoc_GetState, %function
 388              	eoc_GetState:
 389              	.LFB9:
 280:.\Generated_Source\PSoC4/eoc.c **** {
ARM GAS  C:\Users\Computer\AppData\Local\Temp\ccUGCCmd.s 			page 14


 390              		.loc 1 280 0
 391              		.cfi_startproc
 282:.\Generated_Source\PSoC4/eoc.c ****     return ((*eoc_INTC_SET_EN & (uint32)eoc__INTC_MASK) != 0u) ? 1u:0u;
 392              		.loc 1 282 0
 393 0000 024B     		ldr	r3, .L27
 283:.\Generated_Source\PSoC4/eoc.c **** }
 394              		.loc 1 283 0
 395              		@ sp needed for prologue
 282:.\Generated_Source\PSoC4/eoc.c ****     return ((*eoc_INTC_SET_EN & (uint32)eoc__INTC_MASK) != 0u) ? 1u:0u;
 396              		.loc 1 282 0
 397 0002 1868     		ldr	r0, [r3]
 398 0004 4107     		lsl	r1, r0, #29
 399 0006 C80F     		lsr	r0, r1, #31
 283:.\Generated_Source\PSoC4/eoc.c **** }
 400              		.loc 1 283 0
 401 0008 7047     		bx	lr
 402              	.L28:
 403 000a C046     		.align	2
 404              	.L27:
 405 000c 00E100E0 		.word	-536813312
 406              		.cfi_endproc
 407              	.LFE9:
 408              		.size	eoc_GetState, .-eoc_GetState
 409              		.section	.text.eoc_Disable,"ax",%progbits
 410              		.align	2
 411              		.global	eoc_Disable
 412              		.code	16
 413              		.thumb_func
 414              		.type	eoc_Disable, %function
 415              	eoc_Disable:
 416              	.LFB10:
 301:.\Generated_Source\PSoC4/eoc.c **** {
 417              		.loc 1 301 0
 418              		.cfi_startproc
 419              		.loc 1 303 0
 420 0000 014B     		ldr	r3, .L30
 421 0002 0422     		mov	r2, #4
 422 0004 1A60     		str	r2, [r3]
 304:.\Generated_Source\PSoC4/eoc.c **** }
 423              		.loc 1 304 0
 424              		@ sp needed for prologue
 425 0006 7047     		bx	lr
 426              	.L31:
 427              		.align	2
 428              	.L30:
 429 0008 80E100E0 		.word	-536813184
 430              		.cfi_endproc
 431              	.LFE10:
 432              		.size	eoc_Disable, .-eoc_Disable
 433              		.section	.text.eoc_SetPending,"ax",%progbits
 434              		.align	2
 435              		.global	eoc_SetPending
 436              		.code	16
 437              		.thumb_func
 438              		.type	eoc_SetPending, %function
 439              	eoc_SetPending:
 440              	.LFB11:
ARM GAS  C:\Users\Computer\AppData\Local\Temp\ccUGCCmd.s 			page 15


 305:.\Generated_Source\PSoC4/eoc.c **** 
 306:.\Generated_Source\PSoC4/eoc.c **** 
 307:.\Generated_Source\PSoC4/eoc.c **** /*******************************************************************************
 308:.\Generated_Source\PSoC4/eoc.c **** * Function Name: eoc_SetPending
 309:.\Generated_Source\PSoC4/eoc.c **** ********************************************************************************
 310:.\Generated_Source\PSoC4/eoc.c **** *
 311:.\Generated_Source\PSoC4/eoc.c **** * Summary:
 312:.\Generated_Source\PSoC4/eoc.c **** *   Causes the Interrupt to enter the pending state, a software method of
 313:.\Generated_Source\PSoC4/eoc.c **** *   generating the interrupt.
 314:.\Generated_Source\PSoC4/eoc.c **** *
 315:.\Generated_Source\PSoC4/eoc.c **** * Parameters:
 316:.\Generated_Source\PSoC4/eoc.c **** *   None
 317:.\Generated_Source\PSoC4/eoc.c **** *
 318:.\Generated_Source\PSoC4/eoc.c **** * Return:
 319:.\Generated_Source\PSoC4/eoc.c **** *   None
 320:.\Generated_Source\PSoC4/eoc.c **** *
 321:.\Generated_Source\PSoC4/eoc.c **** *******************************************************************************/
 322:.\Generated_Source\PSoC4/eoc.c **** void eoc_SetPending(void)
 323:.\Generated_Source\PSoC4/eoc.c **** {
 441              		.loc 1 323 0
 442              		.cfi_startproc
 324:.\Generated_Source\PSoC4/eoc.c ****     *eoc_INTC_SET_PD = eoc__INTC_MASK;
 443              		.loc 1 324 0
 444 0000 014B     		ldr	r3, .L33
 445 0002 0422     		mov	r2, #4
 446 0004 1A60     		str	r2, [r3]
 325:.\Generated_Source\PSoC4/eoc.c **** }
 447              		.loc 1 325 0
 448              		@ sp needed for prologue
 449 0006 7047     		bx	lr
 450              	.L34:
 451              		.align	2
 452              	.L33:
 453 0008 00E200E0 		.word	-536813056
 454              		.cfi_endproc
 455              	.LFE11:
 456              		.size	eoc_SetPending, .-eoc_SetPending
 457              		.section	.text.eoc_ClearPending,"ax",%progbits
 458              		.align	2
 459              		.global	eoc_ClearPending
 460              		.code	16
 461              		.thumb_func
 462              		.type	eoc_ClearPending, %function
 463              	eoc_ClearPending:
 464              	.LFB12:
 326:.\Generated_Source\PSoC4/eoc.c **** 
 327:.\Generated_Source\PSoC4/eoc.c **** 
 328:.\Generated_Source\PSoC4/eoc.c **** /*******************************************************************************
 329:.\Generated_Source\PSoC4/eoc.c **** * Function Name: eoc_ClearPending
 330:.\Generated_Source\PSoC4/eoc.c **** ********************************************************************************
 331:.\Generated_Source\PSoC4/eoc.c **** *
 332:.\Generated_Source\PSoC4/eoc.c **** * Summary:
 333:.\Generated_Source\PSoC4/eoc.c **** *   Clears a pending interrupt.
 334:.\Generated_Source\PSoC4/eoc.c **** *
 335:.\Generated_Source\PSoC4/eoc.c **** * Parameters:
 336:.\Generated_Source\PSoC4/eoc.c **** *   None
 337:.\Generated_Source\PSoC4/eoc.c **** *
ARM GAS  C:\Users\Computer\AppData\Local\Temp\ccUGCCmd.s 			page 16


 338:.\Generated_Source\PSoC4/eoc.c **** * Return:
 339:.\Generated_Source\PSoC4/eoc.c **** *   None
 340:.\Generated_Source\PSoC4/eoc.c **** *
 341:.\Generated_Source\PSoC4/eoc.c **** *******************************************************************************/
 342:.\Generated_Source\PSoC4/eoc.c **** void eoc_ClearPending(void)
 343:.\Generated_Source\PSoC4/eoc.c **** {
 465              		.loc 1 343 0
 466              		.cfi_startproc
 344:.\Generated_Source\PSoC4/eoc.c ****     *eoc_INTC_CLR_PD = eoc__INTC_MASK;
 467              		.loc 1 344 0
 468 0000 014B     		ldr	r3, .L36
 469 0002 0422     		mov	r2, #4
 470 0004 1A60     		str	r2, [r3]
 345:.\Generated_Source\PSoC4/eoc.c **** }
 471              		.loc 1 345 0
 472              		@ sp needed for prologue
 473 0006 7047     		bx	lr
 474              	.L37:
 475              		.align	2
 476              	.L36:
 477 0008 80E200E0 		.word	-536812928
 478              		.cfi_endproc
 479              	.LFE12:
 480              		.size	eoc_ClearPending, .-eoc_ClearPending
 481              		.text
 482              	.Letext0:
 483              		.file 2 "./Generated_Source/PSoC4/cytypes.h"
 484              		.file 3 "./Generated_Source/PSoC4/CyLib.h"
 485              		.section	.debug_info,"",%progbits
 486              	.Ldebug_info0:
 487 0000 8A030000 		.4byte	0x38a
 488 0004 0200     		.2byte	0x2
 489 0006 00000000 		.4byte	.Ldebug_abbrev0
 490 000a 04       		.byte	0x4
 491 000b 01       		.uleb128 0x1
 492 000c EF010000 		.4byte	.LASF32
 493 0010 01       		.byte	0x1
 494 0011 0F000000 		.4byte	.LASF33
 495 0015 04010000 		.4byte	.LASF34
 496 0019 C0000000 		.4byte	.Ldebug_ranges0+0xc0
 497 001d 00000000 		.4byte	0
 498 0021 00000000 		.4byte	0
 499 0025 00000000 		.4byte	.Ldebug_line0
 500 0029 02       		.uleb128 0x2
 501 002a 01       		.byte	0x1
 502 002b 06       		.byte	0x6
 503 002c 60020000 		.4byte	.LASF0
 504 0030 02       		.uleb128 0x2
 505 0031 01       		.byte	0x1
 506 0032 08       		.byte	0x8
 507 0033 80000000 		.4byte	.LASF1
 508 0037 02       		.uleb128 0x2
 509 0038 02       		.byte	0x2
 510 0039 05       		.byte	0x5
 511 003a E5010000 		.4byte	.LASF2
 512 003e 02       		.uleb128 0x2
 513 003f 02       		.byte	0x2
ARM GAS  C:\Users\Computer\AppData\Local\Temp\ccUGCCmd.s 			page 17


 514 0040 07       		.byte	0x7
 515 0041 46000000 		.4byte	.LASF3
 516 0045 02       		.uleb128 0x2
 517 0046 04       		.byte	0x4
 518 0047 05       		.byte	0x5
 519 0048 57020000 		.4byte	.LASF4
 520 004c 02       		.uleb128 0x2
 521 004d 04       		.byte	0x4
 522 004e 07       		.byte	0x7
 523 004f 9D000000 		.4byte	.LASF5
 524 0053 02       		.uleb128 0x2
 525 0054 08       		.byte	0x8
 526 0055 05       		.byte	0x5
 527 0056 B6010000 		.4byte	.LASF6
 528 005a 02       		.uleb128 0x2
 529 005b 08       		.byte	0x8
 530 005c 07       		.byte	0x7
 531 005d 69000000 		.4byte	.LASF7
 532 0061 03       		.uleb128 0x3
 533 0062 04       		.byte	0x4
 534 0063 05       		.byte	0x5
 535 0064 696E7400 		.ascii	"int\000"
 536 0068 02       		.uleb128 0x2
 537 0069 04       		.byte	0x4
 538 006a 07       		.byte	0x7
 539 006b 59010000 		.4byte	.LASF8
 540 006f 04       		.uleb128 0x4
 541 0070 C0000000 		.4byte	.LASF9
 542 0074 02       		.byte	0x2
 543 0075 5B       		.byte	0x5b
 544 0076 30000000 		.4byte	0x30
 545 007a 04       		.uleb128 0x4
 546 007b FD000000 		.4byte	.LASF10
 547 007f 02       		.byte	0x2
 548 0080 5D       		.byte	0x5d
 549 0081 4C000000 		.4byte	0x4c
 550 0085 02       		.uleb128 0x2
 551 0086 04       		.byte	0x4
 552 0087 04       		.byte	0x4
 553 0088 63000000 		.4byte	.LASF11
 554 008c 02       		.uleb128 0x2
 555 008d 08       		.byte	0x8
 556 008e 04       		.byte	0x4
 557 008f DC000000 		.4byte	.LASF12
 558 0093 02       		.uleb128 0x2
 559 0094 01       		.byte	0x1
 560 0095 08       		.byte	0x8
 561 0096 D2010000 		.4byte	.LASF13
 562 009a 04       		.uleb128 0x4
 563 009b 09000000 		.4byte	.LASF14
 564 009f 02       		.byte	0x2
 565 00a0 F2       		.byte	0xf2
 566 00a1 A5000000 		.4byte	0xa5
 567 00a5 05       		.uleb128 0x5
 568 00a6 7A000000 		.4byte	0x7a
 569 00aa 06       		.uleb128 0x6
 570 00ab 94010000 		.4byte	.LASF15
ARM GAS  C:\Users\Computer\AppData\Local\Temp\ccUGCCmd.s 			page 18


 571 00af 02       		.byte	0x2
 572 00b0 0201     		.2byte	0x102
 573 00b2 B6000000 		.4byte	0xb6
 574 00b6 07       		.uleb128 0x7
 575 00b7 04       		.byte	0x4
 576 00b8 BC000000 		.4byte	0xbc
 577 00bc 08       		.uleb128 0x8
 578 00bd 01       		.byte	0x1
 579 00be 02       		.uleb128 0x2
 580 00bf 04       		.byte	0x4
 581 00c0 07       		.byte	0x7
 582 00c1 AD010000 		.4byte	.LASF16
 583 00c5 09       		.uleb128 0x9
 584 00c6 01       		.byte	0x1
 585 00c7 A1010000 		.4byte	.LASF17
 586 00cb 01       		.byte	0x1
 587 00cc 2C01     		.2byte	0x12c
 588 00ce 01       		.byte	0x1
 589 00cf 01       		.byte	0x1
 590 00d0 0A       		.uleb128 0xa
 591 00d1 01       		.byte	0x1
 592 00d2 E3000000 		.4byte	.LASF35
 593 00d6 01       		.byte	0x1
 594 00d7 A3       		.byte	0xa3
 595 00d8 01       		.byte	0x1
 596 00d9 01       		.byte	0x1
 597 00da EA000000 		.4byte	0xea
 598 00de 0B       		.uleb128 0xb
 599 00df 76010000 		.4byte	.LASF25
 600 00e3 01       		.byte	0x1
 601 00e4 A3       		.byte	0xa3
 602 00e5 AA000000 		.4byte	0xaa
 603 00e9 00       		.byte	0
 604 00ea 09       		.uleb128 0x9
 605 00eb 01       		.byte	0x1
 606 00ec 3B000000 		.4byte	.LASF18
 607 00f0 01       		.byte	0x1
 608 00f1 0201     		.2byte	0x102
 609 00f3 01       		.byte	0x1
 610 00f4 01       		.byte	0x1
 611 00f5 0C       		.uleb128 0xc
 612 00f6 01       		.byte	0x1
 613 00f7 D7010000 		.4byte	.LASF29
 614 00fb 01       		.byte	0x1
 615 00fc 8A       		.byte	0x8a
 616 00fd 01       		.byte	0x1
 617 00fe 00000000 		.4byte	.LFB3
 618 0102 02000000 		.4byte	.LFE3
 619 0106 02       		.byte	0x2
 620 0107 7D       		.byte	0x7d
 621 0108 00       		.sleb128 0
 622 0109 01       		.byte	0x1
 623 010a 0D       		.uleb128 0xd
 624 010b 01       		.byte	0x1
 625 010c 00000000 		.4byte	.LASF19
 626 0110 01       		.byte	0x1
 627 0111 6F       		.byte	0x6f
ARM GAS  C:\Users\Computer\AppData\Local\Temp\ccUGCCmd.s 			page 19


 628 0112 01       		.byte	0x1
 629 0113 00000000 		.4byte	.LFB2
 630 0117 1C000000 		.4byte	.LFE2
 631 011b 02       		.byte	0x2
 632 011c 7D       		.byte	0x7d
 633 011d 00       		.sleb128 0
 634 011e 01       		.byte	0x1
 635 011f 48010000 		.4byte	0x148
 636 0123 0E       		.uleb128 0xe
 637 0124 C5000000 		.4byte	0xc5
 638 0128 00000000 		.4byte	.LBB18
 639 012c 00000000 		.4byte	.Ldebug_ranges0+0
 640 0130 01       		.byte	0x1
 641 0131 72       		.byte	0x72
 642 0132 0F       		.uleb128 0xf
 643 0133 D0000000 		.4byte	0xd0
 644 0137 02000000 		.4byte	.LBB21
 645 013b 18000000 		.4byte	.Ldebug_ranges0+0x18
 646 013f 01       		.byte	0x1
 647 0140 75       		.byte	0x75
 648 0141 10       		.uleb128 0x10
 649 0142 DE000000 		.4byte	0xde
 650 0146 00       		.byte	0
 651 0147 00       		.byte	0
 652 0148 11       		.uleb128 0x11
 653 0149 D0000000 		.4byte	0xd0
 654 014d 00000000 		.4byte	.LFB4
 655 0151 0C000000 		.4byte	.LFE4
 656 0155 02       		.byte	0x2
 657 0156 7D       		.byte	0x7d
 658 0157 00       		.sleb128 0
 659 0158 01       		.byte	0x1
 660 0159 65010000 		.4byte	0x165
 661 015d 12       		.uleb128 0x12
 662 015e DE000000 		.4byte	0xde
 663 0162 01       		.byte	0x1
 664 0163 50       		.byte	0x50
 665 0164 00       		.byte	0
 666 0165 13       		.uleb128 0x13
 667 0166 01       		.byte	0x1
 668 0167 C4010000 		.4byte	.LASF27
 669 016b 01       		.byte	0x1
 670 016c B7       		.byte	0xb7
 671 016d 01       		.byte	0x1
 672 016e AA000000 		.4byte	0xaa
 673 0172 00000000 		.4byte	.LFB5
 674 0176 0C000000 		.4byte	.LFE5
 675 017a 02       		.byte	0x2
 676 017b 7D       		.byte	0x7d
 677 017c 00       		.sleb128 0
 678 017d 01       		.byte	0x1
 679 017e 14       		.uleb128 0x14
 680 017f 01       		.byte	0x1
 681 0180 47020000 		.4byte	.LASF20
 682 0184 01       		.byte	0x1
 683 0185 CF       		.byte	0xcf
 684 0186 01       		.byte	0x1
ARM GAS  C:\Users\Computer\AppData\Local\Temp\ccUGCCmd.s 			page 20


 685 0187 00000000 		.4byte	.LFB6
 686 018b 28000000 		.4byte	.LFE6
 687 018f 00000000 		.4byte	.LLST0
 688 0193 01       		.byte	0x1
 689 0194 D5010000 		.4byte	0x1d5
 690 0198 15       		.uleb128 0x15
 691 0199 D3000000 		.4byte	.LASF24
 692 019d 01       		.byte	0x1
 693 019e CF       		.byte	0xcf
 694 019f 6F000000 		.4byte	0x6f
 695 01a3 20000000 		.4byte	.LLST1
 696 01a7 16       		.uleb128 0x16
 697 01a8 8E000000 		.4byte	.LASF21
 698 01ac 01       		.byte	0x1
 699 01ad D1       		.byte	0xd1
 700 01ae 6F000000 		.4byte	0x6f
 701 01b2 41000000 		.4byte	.LLST2
 702 01b6 17       		.uleb128 0x17
 703 01b7 38020000 		.4byte	.LASF22
 704 01bb 01       		.byte	0x1
 705 01bc D2       		.byte	0xd2
 706 01bd 7A000000 		.4byte	0x7a
 707 01c1 16       		.byte	0x16
 708 01c2 18       		.uleb128 0x18
 709 01c3 08000000 		.4byte	.LVL3
 710 01c7 6F030000 		.4byte	0x36f
 711 01cb 18       		.uleb128 0x18
 712 01cc 1C000000 		.4byte	.LVL4
 713 01d0 7D030000 		.4byte	0x37d
 714 01d4 00       		.byte	0
 715 01d5 14       		.uleb128 0x14
 716 01d6 01       		.byte	0x1
 717 01d7 F1000000 		.4byte	.LASF23
 718 01db 01       		.byte	0x1
 719 01dc 52       		.byte	0x52
 720 01dd 01       		.byte	0x1
 721 01de 00000000 		.4byte	.LFB1
 722 01e2 24000000 		.4byte	.LFE1
 723 01e6 54000000 		.4byte	.LLST3
 724 01ea 01       		.byte	0x1
 725 01eb 49020000 		.4byte	0x249
 726 01ef 15       		.uleb128 0x15
 727 01f0 76010000 		.4byte	.LASF25
 728 01f4 01       		.byte	0x1
 729 01f5 52       		.byte	0x52
 730 01f6 AA000000 		.4byte	0xaa
 731 01fa 74000000 		.4byte	.LLST4
 732 01fe 0E       		.uleb128 0xe
 733 01ff C5000000 		.4byte	0xc5
 734 0203 02000000 		.4byte	.LBB26
 735 0207 30000000 		.4byte	.Ldebug_ranges0+0x30
 736 020b 01       		.byte	0x1
 737 020c 55       		.byte	0x55
 738 020d 19       		.uleb128 0x19
 739 020e D0000000 		.4byte	0xd0
 740 0212 04000000 		.4byte	.LBB29
 741 0216 48000000 		.4byte	.Ldebug_ranges0+0x48
ARM GAS  C:\Users\Computer\AppData\Local\Temp\ccUGCCmd.s 			page 21


 742 021a 01       		.byte	0x1
 743 021b 58       		.byte	0x58
 744 021c 2A020000 		.4byte	0x22a
 745 0220 1A       		.uleb128 0x1a
 746 0221 DE000000 		.4byte	0xde
 747 0225 A2000000 		.4byte	.LLST5
 748 0229 00       		.byte	0
 749 022a 0E       		.uleb128 0xe
 750 022b EA000000 		.4byte	0xea
 751 022f 12000000 		.4byte	.LBB34
 752 0233 60000000 		.4byte	.Ldebug_ranges0+0x60
 753 0237 01       		.byte	0x1
 754 0238 5E       		.byte	0x5e
 755 0239 1B       		.uleb128 0x1b
 756 023a 12000000 		.4byte	.LVL8
 757 023e 7E010000 		.4byte	0x17e
 758 0242 1C       		.uleb128 0x1c
 759 0243 01       		.byte	0x1
 760 0244 50       		.byte	0x50
 761 0245 01       		.byte	0x1
 762 0246 33       		.byte	0x33
 763 0247 00       		.byte	0
 764 0248 00       		.byte	0
 765 0249 14       		.uleb128 0x14
 766 024a 01       		.byte	0x1
 767 024b 59000000 		.4byte	.LASF26
 768 024f 01       		.byte	0x1
 769 0250 34       		.byte	0x34
 770 0251 01       		.byte	0x1
 771 0252 00000000 		.4byte	.LFB0
 772 0256 2C000000 		.4byte	.LFE0
 773 025a D0000000 		.4byte	.LLST6
 774 025e 01       		.byte	0x1
 775 025f B1020000 		.4byte	0x2b1
 776 0263 0E       		.uleb128 0xe
 777 0264 C5000000 		.4byte	0xc5
 778 0268 02000000 		.4byte	.LBB38
 779 026c 78000000 		.4byte	.Ldebug_ranges0+0x78
 780 0270 01       		.byte	0x1
 781 0271 37       		.byte	0x37
 782 0272 19       		.uleb128 0x19
 783 0273 D0000000 		.4byte	0xd0
 784 0277 04000000 		.4byte	.LBB41
 785 027b 90000000 		.4byte	.Ldebug_ranges0+0x90
 786 027f 01       		.byte	0x1
 787 0280 3A       		.byte	0x3a
 788 0281 92020000 		.4byte	0x292
 789 0285 12       		.uleb128 0x12
 790 0286 DE000000 		.4byte	0xde
 791 028a 06       		.byte	0x6
 792 028b 03       		.byte	0x3
 793 028c 00000000 		.4byte	eoc_Interrupt
 794 0290 9F       		.byte	0x9f
 795 0291 00       		.byte	0
 796 0292 0E       		.uleb128 0xe
 797 0293 EA000000 		.4byte	0xea
 798 0297 14000000 		.4byte	.LBB46
ARM GAS  C:\Users\Computer\AppData\Local\Temp\ccUGCCmd.s 			page 22


 799 029b A8000000 		.4byte	.Ldebug_ranges0+0xa8
 800 029f 01       		.byte	0x1
 801 02a0 40       		.byte	0x40
 802 02a1 1B       		.uleb128 0x1b
 803 02a2 14000000 		.4byte	.LVL10
 804 02a6 7E010000 		.4byte	0x17e
 805 02aa 1C       		.uleb128 0x1c
 806 02ab 01       		.byte	0x1
 807 02ac 50       		.byte	0x50
 808 02ad 01       		.byte	0x1
 809 02ae 33       		.byte	0x33
 810 02af 00       		.byte	0
 811 02b0 00       		.byte	0
 812 02b1 1D       		.uleb128 0x1d
 813 02b2 01       		.byte	0x1
 814 02b3 66010000 		.4byte	.LASF36
 815 02b7 01       		.byte	0x1
 816 02b8 E9       		.byte	0xe9
 817 02b9 01       		.byte	0x1
 818 02ba 6F000000 		.4byte	0x6f
 819 02be 00000000 		.4byte	.LFB7
 820 02c2 10000000 		.4byte	.LFE7
 821 02c6 02       		.byte	0x2
 822 02c7 7D       		.byte	0x7d
 823 02c8 00       		.sleb128 0
 824 02c9 01       		.byte	0x1
 825 02ca EA020000 		.4byte	0x2ea
 826 02ce 16       		.uleb128 0x16
 827 02cf D3000000 		.4byte	.LASF24
 828 02d3 01       		.byte	0x1
 829 02d4 EB       		.byte	0xeb
 830 02d5 7A000000 		.4byte	0x7a
 831 02d9 F0000000 		.4byte	.LLST7
 832 02dd 17       		.uleb128 0x17
 833 02de 38020000 		.4byte	.LASF22
 834 02e2 01       		.byte	0x1
 835 02e3 EC       		.byte	0xec
 836 02e4 7A000000 		.4byte	0x7a
 837 02e8 16       		.byte	0x16
 838 02e9 00       		.byte	0
 839 02ea 1E       		.uleb128 0x1e
 840 02eb EA000000 		.4byte	0xea
 841 02ef 00000000 		.4byte	.LFB8
 842 02f3 0C000000 		.4byte	.LFE8
 843 02f7 02       		.byte	0x2
 844 02f8 7D       		.byte	0x7d
 845 02f9 00       		.sleb128 0
 846 02fa 01       		.byte	0x1
 847 02fb 1F       		.uleb128 0x1f
 848 02fc 01       		.byte	0x1
 849 02fd C6000000 		.4byte	.LASF28
 850 0301 01       		.byte	0x1
 851 0302 1701     		.2byte	0x117
 852 0304 01       		.byte	0x1
 853 0305 6F000000 		.4byte	0x6f
 854 0309 00000000 		.4byte	.LFB9
 855 030d 10000000 		.4byte	.LFE9
ARM GAS  C:\Users\Computer\AppData\Local\Temp\ccUGCCmd.s 			page 23


 856 0311 02       		.byte	0x2
 857 0312 7D       		.byte	0x7d
 858 0313 00       		.sleb128 0
 859 0314 01       		.byte	0x1
 860 0315 1E       		.uleb128 0x1e
 861 0316 C5000000 		.4byte	0xc5
 862 031a 00000000 		.4byte	.LFB10
 863 031e 0C000000 		.4byte	.LFE10
 864 0322 02       		.byte	0x2
 865 0323 7D       		.byte	0x7d
 866 0324 00       		.sleb128 0
 867 0325 01       		.byte	0x1
 868 0326 20       		.uleb128 0x20
 869 0327 01       		.byte	0x1
 870 0328 6C020000 		.4byte	.LASF30
 871 032c 01       		.byte	0x1
 872 032d 4201     		.2byte	0x142
 873 032f 01       		.byte	0x1
 874 0330 00000000 		.4byte	.LFB11
 875 0334 0C000000 		.4byte	.LFE11
 876 0338 02       		.byte	0x2
 877 0339 7D       		.byte	0x7d
 878 033a 00       		.sleb128 0
 879 033b 01       		.byte	0x1
 880 033c 20       		.uleb128 0x20
 881 033d 01       		.byte	0x1
 882 033e AF000000 		.4byte	.LASF31
 883 0342 01       		.byte	0x1
 884 0343 5601     		.2byte	0x156
 885 0345 01       		.byte	0x1
 886 0346 00000000 		.4byte	.LFB12
 887 034a 0C000000 		.4byte	.LFE12
 888 034e 02       		.byte	0x2
 889 034f 7D       		.byte	0x7d
 890 0350 00       		.sleb128 0
 891 0351 01       		.byte	0x1
 892 0352 21       		.uleb128 0x21
 893 0353 AA000000 		.4byte	0xaa
 894 0357 62030000 		.4byte	0x362
 895 035b 22       		.uleb128 0x22
 896 035c BE000000 		.4byte	0xbe
 897 0360 2F       		.byte	0x2f
 898 0361 00       		.byte	0
 899 0362 23       		.uleb128 0x23
 900 0363 2E000000 		.4byte	.LASF37
 901 0367 01       		.byte	0x1
 902 0368 20       		.byte	0x20
 903 0369 52030000 		.4byte	0x352
 904 036d 01       		.byte	0x1
 905 036e 01       		.byte	0x1
 906 036f 24       		.uleb128 0x24
 907 0370 01       		.byte	0x1
 908 0371 42010000 		.4byte	.LASF38
 909 0375 03       		.byte	0x3
 910 0376 70       		.byte	0x70
 911 0377 01       		.byte	0x1
 912 0378 6F000000 		.4byte	0x6f
ARM GAS  C:\Users\Computer\AppData\Local\Temp\ccUGCCmd.s 			page 24


 913 037c 01       		.byte	0x1
 914 037d 25       		.uleb128 0x25
 915 037e 01       		.byte	0x1
 916 037f 7E010000 		.4byte	.LASF39
 917 0383 03       		.byte	0x3
 918 0384 71       		.byte	0x71
 919 0385 01       		.byte	0x1
 920 0386 01       		.byte	0x1
 921 0387 26       		.uleb128 0x26
 922 0388 6F000000 		.4byte	0x6f
 923 038c 00       		.byte	0
 924 038d 00       		.byte	0
 925              		.section	.debug_abbrev,"",%progbits
 926              	.Ldebug_abbrev0:
 927 0000 01       		.uleb128 0x1
 928 0001 11       		.uleb128 0x11
 929 0002 01       		.byte	0x1
 930 0003 25       		.uleb128 0x25
 931 0004 0E       		.uleb128 0xe
 932 0005 13       		.uleb128 0x13
 933 0006 0B       		.uleb128 0xb
 934 0007 03       		.uleb128 0x3
 935 0008 0E       		.uleb128 0xe
 936 0009 1B       		.uleb128 0x1b
 937 000a 0E       		.uleb128 0xe
 938 000b 55       		.uleb128 0x55
 939 000c 06       		.uleb128 0x6
 940 000d 11       		.uleb128 0x11
 941 000e 01       		.uleb128 0x1
 942 000f 52       		.uleb128 0x52
 943 0010 01       		.uleb128 0x1
 944 0011 10       		.uleb128 0x10
 945 0012 06       		.uleb128 0x6
 946 0013 00       		.byte	0
 947 0014 00       		.byte	0
 948 0015 02       		.uleb128 0x2
 949 0016 24       		.uleb128 0x24
 950 0017 00       		.byte	0
 951 0018 0B       		.uleb128 0xb
 952 0019 0B       		.uleb128 0xb
 953 001a 3E       		.uleb128 0x3e
 954 001b 0B       		.uleb128 0xb
 955 001c 03       		.uleb128 0x3
 956 001d 0E       		.uleb128 0xe
 957 001e 00       		.byte	0
 958 001f 00       		.byte	0
 959 0020 03       		.uleb128 0x3
 960 0021 24       		.uleb128 0x24
 961 0022 00       		.byte	0
 962 0023 0B       		.uleb128 0xb
 963 0024 0B       		.uleb128 0xb
 964 0025 3E       		.uleb128 0x3e
 965 0026 0B       		.uleb128 0xb
 966 0027 03       		.uleb128 0x3
 967 0028 08       		.uleb128 0x8
 968 0029 00       		.byte	0
 969 002a 00       		.byte	0
ARM GAS  C:\Users\Computer\AppData\Local\Temp\ccUGCCmd.s 			page 25


 970 002b 04       		.uleb128 0x4
 971 002c 16       		.uleb128 0x16
 972 002d 00       		.byte	0
 973 002e 03       		.uleb128 0x3
 974 002f 0E       		.uleb128 0xe
 975 0030 3A       		.uleb128 0x3a
 976 0031 0B       		.uleb128 0xb
 977 0032 3B       		.uleb128 0x3b
 978 0033 0B       		.uleb128 0xb
 979 0034 49       		.uleb128 0x49
 980 0035 13       		.uleb128 0x13
 981 0036 00       		.byte	0
 982 0037 00       		.byte	0
 983 0038 05       		.uleb128 0x5
 984 0039 35       		.uleb128 0x35
 985 003a 00       		.byte	0
 986 003b 49       		.uleb128 0x49
 987 003c 13       		.uleb128 0x13
 988 003d 00       		.byte	0
 989 003e 00       		.byte	0
 990 003f 06       		.uleb128 0x6
 991 0040 16       		.uleb128 0x16
 992 0041 00       		.byte	0
 993 0042 03       		.uleb128 0x3
 994 0043 0E       		.uleb128 0xe
 995 0044 3A       		.uleb128 0x3a
 996 0045 0B       		.uleb128 0xb
 997 0046 3B       		.uleb128 0x3b
 998 0047 05       		.uleb128 0x5
 999 0048 49       		.uleb128 0x49
 1000 0049 13       		.uleb128 0x13
 1001 004a 00       		.byte	0
 1002 004b 00       		.byte	0
 1003 004c 07       		.uleb128 0x7
 1004 004d 0F       		.uleb128 0xf
 1005 004e 00       		.byte	0
 1006 004f 0B       		.uleb128 0xb
 1007 0050 0B       		.uleb128 0xb
 1008 0051 49       		.uleb128 0x49
 1009 0052 13       		.uleb128 0x13
 1010 0053 00       		.byte	0
 1011 0054 00       		.byte	0
 1012 0055 08       		.uleb128 0x8
 1013 0056 15       		.uleb128 0x15
 1014 0057 00       		.byte	0
 1015 0058 27       		.uleb128 0x27
 1016 0059 0C       		.uleb128 0xc
 1017 005a 00       		.byte	0
 1018 005b 00       		.byte	0
 1019 005c 09       		.uleb128 0x9
 1020 005d 2E       		.uleb128 0x2e
 1021 005e 00       		.byte	0
 1022 005f 3F       		.uleb128 0x3f
 1023 0060 0C       		.uleb128 0xc
 1024 0061 03       		.uleb128 0x3
 1025 0062 0E       		.uleb128 0xe
 1026 0063 3A       		.uleb128 0x3a
ARM GAS  C:\Users\Computer\AppData\Local\Temp\ccUGCCmd.s 			page 26


 1027 0064 0B       		.uleb128 0xb
 1028 0065 3B       		.uleb128 0x3b
 1029 0066 05       		.uleb128 0x5
 1030 0067 27       		.uleb128 0x27
 1031 0068 0C       		.uleb128 0xc
 1032 0069 20       		.uleb128 0x20
 1033 006a 0B       		.uleb128 0xb
 1034 006b 00       		.byte	0
 1035 006c 00       		.byte	0
 1036 006d 0A       		.uleb128 0xa
 1037 006e 2E       		.uleb128 0x2e
 1038 006f 01       		.byte	0x1
 1039 0070 3F       		.uleb128 0x3f
 1040 0071 0C       		.uleb128 0xc
 1041 0072 03       		.uleb128 0x3
 1042 0073 0E       		.uleb128 0xe
 1043 0074 3A       		.uleb128 0x3a
 1044 0075 0B       		.uleb128 0xb
 1045 0076 3B       		.uleb128 0x3b
 1046 0077 0B       		.uleb128 0xb
 1047 0078 27       		.uleb128 0x27
 1048 0079 0C       		.uleb128 0xc
 1049 007a 20       		.uleb128 0x20
 1050 007b 0B       		.uleb128 0xb
 1051 007c 01       		.uleb128 0x1
 1052 007d 13       		.uleb128 0x13
 1053 007e 00       		.byte	0
 1054 007f 00       		.byte	0
 1055 0080 0B       		.uleb128 0xb
 1056 0081 05       		.uleb128 0x5
 1057 0082 00       		.byte	0
 1058 0083 03       		.uleb128 0x3
 1059 0084 0E       		.uleb128 0xe
 1060 0085 3A       		.uleb128 0x3a
 1061 0086 0B       		.uleb128 0xb
 1062 0087 3B       		.uleb128 0x3b
 1063 0088 0B       		.uleb128 0xb
 1064 0089 49       		.uleb128 0x49
 1065 008a 13       		.uleb128 0x13
 1066 008b 00       		.byte	0
 1067 008c 00       		.byte	0
 1068 008d 0C       		.uleb128 0xc
 1069 008e 2E       		.uleb128 0x2e
 1070 008f 00       		.byte	0
 1071 0090 3F       		.uleb128 0x3f
 1072 0091 0C       		.uleb128 0xc
 1073 0092 03       		.uleb128 0x3
 1074 0093 0E       		.uleb128 0xe
 1075 0094 3A       		.uleb128 0x3a
 1076 0095 0B       		.uleb128 0xb
 1077 0096 3B       		.uleb128 0x3b
 1078 0097 0B       		.uleb128 0xb
 1079 0098 27       		.uleb128 0x27
 1080 0099 0C       		.uleb128 0xc
 1081 009a 11       		.uleb128 0x11
 1082 009b 01       		.uleb128 0x1
 1083 009c 12       		.uleb128 0x12
ARM GAS  C:\Users\Computer\AppData\Local\Temp\ccUGCCmd.s 			page 27


 1084 009d 01       		.uleb128 0x1
 1085 009e 40       		.uleb128 0x40
 1086 009f 0A       		.uleb128 0xa
 1087 00a0 9742     		.uleb128 0x2117
 1088 00a2 0C       		.uleb128 0xc
 1089 00a3 00       		.byte	0
 1090 00a4 00       		.byte	0
 1091 00a5 0D       		.uleb128 0xd
 1092 00a6 2E       		.uleb128 0x2e
 1093 00a7 01       		.byte	0x1
 1094 00a8 3F       		.uleb128 0x3f
 1095 00a9 0C       		.uleb128 0xc
 1096 00aa 03       		.uleb128 0x3
 1097 00ab 0E       		.uleb128 0xe
 1098 00ac 3A       		.uleb128 0x3a
 1099 00ad 0B       		.uleb128 0xb
 1100 00ae 3B       		.uleb128 0x3b
 1101 00af 0B       		.uleb128 0xb
 1102 00b0 27       		.uleb128 0x27
 1103 00b1 0C       		.uleb128 0xc
 1104 00b2 11       		.uleb128 0x11
 1105 00b3 01       		.uleb128 0x1
 1106 00b4 12       		.uleb128 0x12
 1107 00b5 01       		.uleb128 0x1
 1108 00b6 40       		.uleb128 0x40
 1109 00b7 0A       		.uleb128 0xa
 1110 00b8 9742     		.uleb128 0x2117
 1111 00ba 0C       		.uleb128 0xc
 1112 00bb 01       		.uleb128 0x1
 1113 00bc 13       		.uleb128 0x13
 1114 00bd 00       		.byte	0
 1115 00be 00       		.byte	0
 1116 00bf 0E       		.uleb128 0xe
 1117 00c0 1D       		.uleb128 0x1d
 1118 00c1 00       		.byte	0
 1119 00c2 31       		.uleb128 0x31
 1120 00c3 13       		.uleb128 0x13
 1121 00c4 52       		.uleb128 0x52
 1122 00c5 01       		.uleb128 0x1
 1123 00c6 55       		.uleb128 0x55
 1124 00c7 06       		.uleb128 0x6
 1125 00c8 58       		.uleb128 0x58
 1126 00c9 0B       		.uleb128 0xb
 1127 00ca 59       		.uleb128 0x59
 1128 00cb 0B       		.uleb128 0xb
 1129 00cc 00       		.byte	0
 1130 00cd 00       		.byte	0
 1131 00ce 0F       		.uleb128 0xf
 1132 00cf 1D       		.uleb128 0x1d
 1133 00d0 01       		.byte	0x1
 1134 00d1 31       		.uleb128 0x31
 1135 00d2 13       		.uleb128 0x13
 1136 00d3 52       		.uleb128 0x52
 1137 00d4 01       		.uleb128 0x1
 1138 00d5 55       		.uleb128 0x55
 1139 00d6 06       		.uleb128 0x6
 1140 00d7 58       		.uleb128 0x58
ARM GAS  C:\Users\Computer\AppData\Local\Temp\ccUGCCmd.s 			page 28


 1141 00d8 0B       		.uleb128 0xb
 1142 00d9 59       		.uleb128 0x59
 1143 00da 0B       		.uleb128 0xb
 1144 00db 00       		.byte	0
 1145 00dc 00       		.byte	0
 1146 00dd 10       		.uleb128 0x10
 1147 00de 05       		.uleb128 0x5
 1148 00df 00       		.byte	0
 1149 00e0 31       		.uleb128 0x31
 1150 00e1 13       		.uleb128 0x13
 1151 00e2 00       		.byte	0
 1152 00e3 00       		.byte	0
 1153 00e4 11       		.uleb128 0x11
 1154 00e5 2E       		.uleb128 0x2e
 1155 00e6 01       		.byte	0x1
 1156 00e7 31       		.uleb128 0x31
 1157 00e8 13       		.uleb128 0x13
 1158 00e9 11       		.uleb128 0x11
 1159 00ea 01       		.uleb128 0x1
 1160 00eb 12       		.uleb128 0x12
 1161 00ec 01       		.uleb128 0x1
 1162 00ed 40       		.uleb128 0x40
 1163 00ee 0A       		.uleb128 0xa
 1164 00ef 9742     		.uleb128 0x2117
 1165 00f1 0C       		.uleb128 0xc
 1166 00f2 01       		.uleb128 0x1
 1167 00f3 13       		.uleb128 0x13
 1168 00f4 00       		.byte	0
 1169 00f5 00       		.byte	0
 1170 00f6 12       		.uleb128 0x12
 1171 00f7 05       		.uleb128 0x5
 1172 00f8 00       		.byte	0
 1173 00f9 31       		.uleb128 0x31
 1174 00fa 13       		.uleb128 0x13
 1175 00fb 02       		.uleb128 0x2
 1176 00fc 0A       		.uleb128 0xa
 1177 00fd 00       		.byte	0
 1178 00fe 00       		.byte	0
 1179 00ff 13       		.uleb128 0x13
 1180 0100 2E       		.uleb128 0x2e
 1181 0101 00       		.byte	0
 1182 0102 3F       		.uleb128 0x3f
 1183 0103 0C       		.uleb128 0xc
 1184 0104 03       		.uleb128 0x3
 1185 0105 0E       		.uleb128 0xe
 1186 0106 3A       		.uleb128 0x3a
 1187 0107 0B       		.uleb128 0xb
 1188 0108 3B       		.uleb128 0x3b
 1189 0109 0B       		.uleb128 0xb
 1190 010a 27       		.uleb128 0x27
 1191 010b 0C       		.uleb128 0xc
 1192 010c 49       		.uleb128 0x49
 1193 010d 13       		.uleb128 0x13
 1194 010e 11       		.uleb128 0x11
 1195 010f 01       		.uleb128 0x1
 1196 0110 12       		.uleb128 0x12
 1197 0111 01       		.uleb128 0x1
ARM GAS  C:\Users\Computer\AppData\Local\Temp\ccUGCCmd.s 			page 29


 1198 0112 40       		.uleb128 0x40
 1199 0113 0A       		.uleb128 0xa
 1200 0114 9742     		.uleb128 0x2117
 1201 0116 0C       		.uleb128 0xc
 1202 0117 00       		.byte	0
 1203 0118 00       		.byte	0
 1204 0119 14       		.uleb128 0x14
 1205 011a 2E       		.uleb128 0x2e
 1206 011b 01       		.byte	0x1
 1207 011c 3F       		.uleb128 0x3f
 1208 011d 0C       		.uleb128 0xc
 1209 011e 03       		.uleb128 0x3
 1210 011f 0E       		.uleb128 0xe
 1211 0120 3A       		.uleb128 0x3a
 1212 0121 0B       		.uleb128 0xb
 1213 0122 3B       		.uleb128 0x3b
 1214 0123 0B       		.uleb128 0xb
 1215 0124 27       		.uleb128 0x27
 1216 0125 0C       		.uleb128 0xc
 1217 0126 11       		.uleb128 0x11
 1218 0127 01       		.uleb128 0x1
 1219 0128 12       		.uleb128 0x12
 1220 0129 01       		.uleb128 0x1
 1221 012a 40       		.uleb128 0x40
 1222 012b 06       		.uleb128 0x6
 1223 012c 9742     		.uleb128 0x2117
 1224 012e 0C       		.uleb128 0xc
 1225 012f 01       		.uleb128 0x1
 1226 0130 13       		.uleb128 0x13
 1227 0131 00       		.byte	0
 1228 0132 00       		.byte	0
 1229 0133 15       		.uleb128 0x15
 1230 0134 05       		.uleb128 0x5
 1231 0135 00       		.byte	0
 1232 0136 03       		.uleb128 0x3
 1233 0137 0E       		.uleb128 0xe
 1234 0138 3A       		.uleb128 0x3a
 1235 0139 0B       		.uleb128 0xb
 1236 013a 3B       		.uleb128 0x3b
 1237 013b 0B       		.uleb128 0xb
 1238 013c 49       		.uleb128 0x49
 1239 013d 13       		.uleb128 0x13
 1240 013e 02       		.uleb128 0x2
 1241 013f 06       		.uleb128 0x6
 1242 0140 00       		.byte	0
 1243 0141 00       		.byte	0
 1244 0142 16       		.uleb128 0x16
 1245 0143 34       		.uleb128 0x34
 1246 0144 00       		.byte	0
 1247 0145 03       		.uleb128 0x3
 1248 0146 0E       		.uleb128 0xe
 1249 0147 3A       		.uleb128 0x3a
 1250 0148 0B       		.uleb128 0xb
 1251 0149 3B       		.uleb128 0x3b
 1252 014a 0B       		.uleb128 0xb
 1253 014b 49       		.uleb128 0x49
 1254 014c 13       		.uleb128 0x13
ARM GAS  C:\Users\Computer\AppData\Local\Temp\ccUGCCmd.s 			page 30


 1255 014d 02       		.uleb128 0x2
 1256 014e 06       		.uleb128 0x6
 1257 014f 00       		.byte	0
 1258 0150 00       		.byte	0
 1259 0151 17       		.uleb128 0x17
 1260 0152 34       		.uleb128 0x34
 1261 0153 00       		.byte	0
 1262 0154 03       		.uleb128 0x3
 1263 0155 0E       		.uleb128 0xe
 1264 0156 3A       		.uleb128 0x3a
 1265 0157 0B       		.uleb128 0xb
 1266 0158 3B       		.uleb128 0x3b
 1267 0159 0B       		.uleb128 0xb
 1268 015a 49       		.uleb128 0x49
 1269 015b 13       		.uleb128 0x13
 1270 015c 1C       		.uleb128 0x1c
 1271 015d 0B       		.uleb128 0xb
 1272 015e 00       		.byte	0
 1273 015f 00       		.byte	0
 1274 0160 18       		.uleb128 0x18
 1275 0161 898201   		.uleb128 0x4109
 1276 0164 00       		.byte	0
 1277 0165 11       		.uleb128 0x11
 1278 0166 01       		.uleb128 0x1
 1279 0167 31       		.uleb128 0x31
 1280 0168 13       		.uleb128 0x13
 1281 0169 00       		.byte	0
 1282 016a 00       		.byte	0
 1283 016b 19       		.uleb128 0x19
 1284 016c 1D       		.uleb128 0x1d
 1285 016d 01       		.byte	0x1
 1286 016e 31       		.uleb128 0x31
 1287 016f 13       		.uleb128 0x13
 1288 0170 52       		.uleb128 0x52
 1289 0171 01       		.uleb128 0x1
 1290 0172 55       		.uleb128 0x55
 1291 0173 06       		.uleb128 0x6
 1292 0174 58       		.uleb128 0x58
 1293 0175 0B       		.uleb128 0xb
 1294 0176 59       		.uleb128 0x59
 1295 0177 0B       		.uleb128 0xb
 1296 0178 01       		.uleb128 0x1
 1297 0179 13       		.uleb128 0x13
 1298 017a 00       		.byte	0
 1299 017b 00       		.byte	0
 1300 017c 1A       		.uleb128 0x1a
 1301 017d 05       		.uleb128 0x5
 1302 017e 00       		.byte	0
 1303 017f 31       		.uleb128 0x31
 1304 0180 13       		.uleb128 0x13
 1305 0181 02       		.uleb128 0x2
 1306 0182 06       		.uleb128 0x6
 1307 0183 00       		.byte	0
 1308 0184 00       		.byte	0
 1309 0185 1B       		.uleb128 0x1b
 1310 0186 898201   		.uleb128 0x4109
 1311 0189 01       		.byte	0x1
ARM GAS  C:\Users\Computer\AppData\Local\Temp\ccUGCCmd.s 			page 31


 1312 018a 11       		.uleb128 0x11
 1313 018b 01       		.uleb128 0x1
 1314 018c 31       		.uleb128 0x31
 1315 018d 13       		.uleb128 0x13
 1316 018e 00       		.byte	0
 1317 018f 00       		.byte	0
 1318 0190 1C       		.uleb128 0x1c
 1319 0191 8A8201   		.uleb128 0x410a
 1320 0194 00       		.byte	0
 1321 0195 02       		.uleb128 0x2
 1322 0196 0A       		.uleb128 0xa
 1323 0197 9142     		.uleb128 0x2111
 1324 0199 0A       		.uleb128 0xa
 1325 019a 00       		.byte	0
 1326 019b 00       		.byte	0
 1327 019c 1D       		.uleb128 0x1d
 1328 019d 2E       		.uleb128 0x2e
 1329 019e 01       		.byte	0x1
 1330 019f 3F       		.uleb128 0x3f
 1331 01a0 0C       		.uleb128 0xc
 1332 01a1 03       		.uleb128 0x3
 1333 01a2 0E       		.uleb128 0xe
 1334 01a3 3A       		.uleb128 0x3a
 1335 01a4 0B       		.uleb128 0xb
 1336 01a5 3B       		.uleb128 0x3b
 1337 01a6 0B       		.uleb128 0xb
 1338 01a7 27       		.uleb128 0x27
 1339 01a8 0C       		.uleb128 0xc
 1340 01a9 49       		.uleb128 0x49
 1341 01aa 13       		.uleb128 0x13
 1342 01ab 11       		.uleb128 0x11
 1343 01ac 01       		.uleb128 0x1
 1344 01ad 12       		.uleb128 0x12
 1345 01ae 01       		.uleb128 0x1
 1346 01af 40       		.uleb128 0x40
 1347 01b0 0A       		.uleb128 0xa
 1348 01b1 9742     		.uleb128 0x2117
 1349 01b3 0C       		.uleb128 0xc
 1350 01b4 01       		.uleb128 0x1
 1351 01b5 13       		.uleb128 0x13
 1352 01b6 00       		.byte	0
 1353 01b7 00       		.byte	0
 1354 01b8 1E       		.uleb128 0x1e
 1355 01b9 2E       		.uleb128 0x2e
 1356 01ba 00       		.byte	0
 1357 01bb 31       		.uleb128 0x31
 1358 01bc 13       		.uleb128 0x13
 1359 01bd 11       		.uleb128 0x11
 1360 01be 01       		.uleb128 0x1
 1361 01bf 12       		.uleb128 0x12
 1362 01c0 01       		.uleb128 0x1
 1363 01c1 40       		.uleb128 0x40
 1364 01c2 0A       		.uleb128 0xa
 1365 01c3 9742     		.uleb128 0x2117
 1366 01c5 0C       		.uleb128 0xc
 1367 01c6 00       		.byte	0
 1368 01c7 00       		.byte	0
ARM GAS  C:\Users\Computer\AppData\Local\Temp\ccUGCCmd.s 			page 32


 1369 01c8 1F       		.uleb128 0x1f
 1370 01c9 2E       		.uleb128 0x2e
 1371 01ca 00       		.byte	0
 1372 01cb 3F       		.uleb128 0x3f
 1373 01cc 0C       		.uleb128 0xc
 1374 01cd 03       		.uleb128 0x3
 1375 01ce 0E       		.uleb128 0xe
 1376 01cf 3A       		.uleb128 0x3a
 1377 01d0 0B       		.uleb128 0xb
 1378 01d1 3B       		.uleb128 0x3b
 1379 01d2 05       		.uleb128 0x5
 1380 01d3 27       		.uleb128 0x27
 1381 01d4 0C       		.uleb128 0xc
 1382 01d5 49       		.uleb128 0x49
 1383 01d6 13       		.uleb128 0x13
 1384 01d7 11       		.uleb128 0x11
 1385 01d8 01       		.uleb128 0x1
 1386 01d9 12       		.uleb128 0x12
 1387 01da 01       		.uleb128 0x1
 1388 01db 40       		.uleb128 0x40
 1389 01dc 0A       		.uleb128 0xa
 1390 01dd 9742     		.uleb128 0x2117
 1391 01df 0C       		.uleb128 0xc
 1392 01e0 00       		.byte	0
 1393 01e1 00       		.byte	0
 1394 01e2 20       		.uleb128 0x20
 1395 01e3 2E       		.uleb128 0x2e
 1396 01e4 00       		.byte	0
 1397 01e5 3F       		.uleb128 0x3f
 1398 01e6 0C       		.uleb128 0xc
 1399 01e7 03       		.uleb128 0x3
 1400 01e8 0E       		.uleb128 0xe
 1401 01e9 3A       		.uleb128 0x3a
 1402 01ea 0B       		.uleb128 0xb
 1403 01eb 3B       		.uleb128 0x3b
 1404 01ec 05       		.uleb128 0x5
 1405 01ed 27       		.uleb128 0x27
 1406 01ee 0C       		.uleb128 0xc
 1407 01ef 11       		.uleb128 0x11
 1408 01f0 01       		.uleb128 0x1
 1409 01f1 12       		.uleb128 0x12
 1410 01f2 01       		.uleb128 0x1
 1411 01f3 40       		.uleb128 0x40
 1412 01f4 0A       		.uleb128 0xa
 1413 01f5 9742     		.uleb128 0x2117
 1414 01f7 0C       		.uleb128 0xc
 1415 01f8 00       		.byte	0
 1416 01f9 00       		.byte	0
 1417 01fa 21       		.uleb128 0x21
 1418 01fb 01       		.uleb128 0x1
 1419 01fc 01       		.byte	0x1
 1420 01fd 49       		.uleb128 0x49
 1421 01fe 13       		.uleb128 0x13
 1422 01ff 01       		.uleb128 0x1
 1423 0200 13       		.uleb128 0x13
 1424 0201 00       		.byte	0
 1425 0202 00       		.byte	0
ARM GAS  C:\Users\Computer\AppData\Local\Temp\ccUGCCmd.s 			page 33


 1426 0203 22       		.uleb128 0x22
 1427 0204 21       		.uleb128 0x21
 1428 0205 00       		.byte	0
 1429 0206 49       		.uleb128 0x49
 1430 0207 13       		.uleb128 0x13
 1431 0208 2F       		.uleb128 0x2f
 1432 0209 0B       		.uleb128 0xb
 1433 020a 00       		.byte	0
 1434 020b 00       		.byte	0
 1435 020c 23       		.uleb128 0x23
 1436 020d 34       		.uleb128 0x34
 1437 020e 00       		.byte	0
 1438 020f 03       		.uleb128 0x3
 1439 0210 0E       		.uleb128 0xe
 1440 0211 3A       		.uleb128 0x3a
 1441 0212 0B       		.uleb128 0xb
 1442 0213 3B       		.uleb128 0x3b
 1443 0214 0B       		.uleb128 0xb
 1444 0215 49       		.uleb128 0x49
 1445 0216 13       		.uleb128 0x13
 1446 0217 3F       		.uleb128 0x3f
 1447 0218 0C       		.uleb128 0xc
 1448 0219 3C       		.uleb128 0x3c
 1449 021a 0C       		.uleb128 0xc
 1450 021b 00       		.byte	0
 1451 021c 00       		.byte	0
 1452 021d 24       		.uleb128 0x24
 1453 021e 2E       		.uleb128 0x2e
 1454 021f 00       		.byte	0
 1455 0220 3F       		.uleb128 0x3f
 1456 0221 0C       		.uleb128 0xc
 1457 0222 03       		.uleb128 0x3
 1458 0223 0E       		.uleb128 0xe
 1459 0224 3A       		.uleb128 0x3a
 1460 0225 0B       		.uleb128 0xb
 1461 0226 3B       		.uleb128 0x3b
 1462 0227 0B       		.uleb128 0xb
 1463 0228 27       		.uleb128 0x27
 1464 0229 0C       		.uleb128 0xc
 1465 022a 49       		.uleb128 0x49
 1466 022b 13       		.uleb128 0x13
 1467 022c 3C       		.uleb128 0x3c
 1468 022d 0C       		.uleb128 0xc
 1469 022e 00       		.byte	0
 1470 022f 00       		.byte	0
 1471 0230 25       		.uleb128 0x25
 1472 0231 2E       		.uleb128 0x2e
 1473 0232 01       		.byte	0x1
 1474 0233 3F       		.uleb128 0x3f
 1475 0234 0C       		.uleb128 0xc
 1476 0235 03       		.uleb128 0x3
 1477 0236 0E       		.uleb128 0xe
 1478 0237 3A       		.uleb128 0x3a
 1479 0238 0B       		.uleb128 0xb
 1480 0239 3B       		.uleb128 0x3b
 1481 023a 0B       		.uleb128 0xb
 1482 023b 27       		.uleb128 0x27
ARM GAS  C:\Users\Computer\AppData\Local\Temp\ccUGCCmd.s 			page 34


 1483 023c 0C       		.uleb128 0xc
 1484 023d 3C       		.uleb128 0x3c
 1485 023e 0C       		.uleb128 0xc
 1486 023f 00       		.byte	0
 1487 0240 00       		.byte	0
 1488 0241 26       		.uleb128 0x26
 1489 0242 05       		.uleb128 0x5
 1490 0243 00       		.byte	0
 1491 0244 49       		.uleb128 0x49
 1492 0245 13       		.uleb128 0x13
 1493 0246 00       		.byte	0
 1494 0247 00       		.byte	0
 1495 0248 00       		.byte	0
 1496              		.section	.debug_loc,"",%progbits
 1497              	.Ldebug_loc0:
 1498              	.LLST0:
 1499 0000 00000000 		.4byte	.LFB6
 1500 0004 02000000 		.4byte	.LCFI0
 1501 0008 0200     		.2byte	0x2
 1502 000a 7D       		.byte	0x7d
 1503 000b 00       		.sleb128 0
 1504 000c 02000000 		.4byte	.LCFI0
 1505 0010 28000000 		.4byte	.LFE6
 1506 0014 0200     		.2byte	0x2
 1507 0016 7D       		.byte	0x7d
 1508 0017 10       		.sleb128 16
 1509 0018 00000000 		.4byte	0
 1510 001c 00000000 		.4byte	0
 1511              	.LLST1:
 1512 0020 00000000 		.4byte	.LVL2
 1513 0024 07000000 		.4byte	.LVL3-1
 1514 0028 0100     		.2byte	0x1
 1515 002a 50       		.byte	0x50
 1516 002b 07000000 		.4byte	.LVL3-1
 1517 002f 28000000 		.4byte	.LFE6
 1518 0033 0400     		.2byte	0x4
 1519 0035 F3       		.byte	0xf3
 1520 0036 01       		.uleb128 0x1
 1521 0037 50       		.byte	0x50
 1522 0038 9F       		.byte	0x9f
 1523 0039 00000000 		.4byte	0
 1524 003d 00000000 		.4byte	0
 1525              	.LLST2:
 1526 0041 08000000 		.4byte	.LVL3
 1527 0045 1B000000 		.4byte	.LVL4-1
 1528 0049 0100     		.2byte	0x1
 1529 004b 50       		.byte	0x50
 1530 004c 00000000 		.4byte	0
 1531 0050 00000000 		.4byte	0
 1532              	.LLST3:
 1533 0054 00000000 		.4byte	.LFB1
 1534 0058 02000000 		.4byte	.LCFI1
 1535 005c 0200     		.2byte	0x2
 1536 005e 7D       		.byte	0x7d
 1537 005f 00       		.sleb128 0
 1538 0060 02000000 		.4byte	.LCFI1
 1539 0064 24000000 		.4byte	.LFE1
ARM GAS  C:\Users\Computer\AppData\Local\Temp\ccUGCCmd.s 			page 35


 1540 0068 0200     		.2byte	0x2
 1541 006a 7D       		.byte	0x7d
 1542 006b 08       		.sleb128 8
 1543 006c 00000000 		.4byte	0
 1544 0070 00000000 		.4byte	0
 1545              	.LLST4:
 1546 0074 00000000 		.4byte	.LVL5
 1547 0078 0E000000 		.4byte	.LVL7
 1548 007c 0100     		.2byte	0x1
 1549 007e 50       		.byte	0x50
 1550 007f 0E000000 		.4byte	.LVL7
 1551 0083 11000000 		.4byte	.LVL8-1
 1552 0087 0300     		.2byte	0x3
 1553 0089 71       		.byte	0x71
 1554 008a C800     		.sleb128 72
 1555 008c 11000000 		.4byte	.LVL8-1
 1556 0090 24000000 		.4byte	.LFE1
 1557 0094 0400     		.2byte	0x4
 1558 0096 F3       		.byte	0xf3
 1559 0097 01       		.uleb128 0x1
 1560 0098 50       		.byte	0x50
 1561 0099 9F       		.byte	0x9f
 1562 009a 00000000 		.4byte	0
 1563 009e 00000000 		.4byte	0
 1564              	.LLST5:
 1565 00a2 0A000000 		.4byte	.LVL6
 1566 00a6 0E000000 		.4byte	.LVL7
 1567 00aa 0100     		.2byte	0x1
 1568 00ac 50       		.byte	0x50
 1569 00ad 0E000000 		.4byte	.LVL7
 1570 00b1 11000000 		.4byte	.LVL8-1
 1571 00b5 0300     		.2byte	0x3
 1572 00b7 71       		.byte	0x71
 1573 00b8 C800     		.sleb128 72
 1574 00ba 11000000 		.4byte	.LVL8-1
 1575 00be 24000000 		.4byte	.LFE1
 1576 00c2 0400     		.2byte	0x4
 1577 00c4 F3       		.byte	0xf3
 1578 00c5 01       		.uleb128 0x1
 1579 00c6 50       		.byte	0x50
 1580 00c7 9F       		.byte	0x9f
 1581 00c8 00000000 		.4byte	0
 1582 00cc 00000000 		.4byte	0
 1583              	.LLST6:
 1584 00d0 00000000 		.4byte	.LFB0
 1585 00d4 02000000 		.4byte	.LCFI2
 1586 00d8 0200     		.2byte	0x2
 1587 00da 7D       		.byte	0x7d
 1588 00db 00       		.sleb128 0
 1589 00dc 02000000 		.4byte	.LCFI2
 1590 00e0 2C000000 		.4byte	.LFE0
 1591 00e4 0200     		.2byte	0x2
 1592 00e6 7D       		.byte	0x7d
 1593 00e7 08       		.sleb128 8
 1594 00e8 00000000 		.4byte	0
 1595 00ec 00000000 		.4byte	0
 1596              	.LLST7:
ARM GAS  C:\Users\Computer\AppData\Local\Temp\ccUGCCmd.s 			page 36


 1597 00f0 04000000 		.4byte	.LVL12
 1598 00f4 08000000 		.4byte	.LVL13
 1599 00f8 0900     		.2byte	0x9
 1600 00fa 70       		.byte	0x70
 1601 00fb 00       		.sleb128 0
 1602 00fc 48       		.byte	0x48
 1603 00fd 43       		.byte	0x43
 1604 00fe 24       		.byte	0x24
 1605 00ff 1A       		.byte	0x1a
 1606 0100 46       		.byte	0x46
 1607 0101 25       		.byte	0x25
 1608 0102 9F       		.byte	0x9f
 1609 0103 00000000 		.4byte	0
 1610 0107 00000000 		.4byte	0
 1611              		.section	.debug_aranges,"",%progbits
 1612 0000 7C000000 		.4byte	0x7c
 1613 0004 0200     		.2byte	0x2
 1614 0006 00000000 		.4byte	.Ldebug_info0
 1615 000a 04       		.byte	0x4
 1616 000b 00       		.byte	0
 1617 000c 0000     		.2byte	0
 1618 000e 0000     		.2byte	0
 1619 0010 00000000 		.4byte	.LFB3
 1620 0014 02000000 		.4byte	.LFE3-.LFB3
 1621 0018 00000000 		.4byte	.LFB2
 1622 001c 1C000000 		.4byte	.LFE2-.LFB2
 1623 0020 00000000 		.4byte	.LFB4
 1624 0024 0C000000 		.4byte	.LFE4-.LFB4
 1625 0028 00000000 		.4byte	.LFB5
 1626 002c 0C000000 		.4byte	.LFE5-.LFB5
 1627 0030 00000000 		.4byte	.LFB6
 1628 0034 28000000 		.4byte	.LFE6-.LFB6
 1629 0038 00000000 		.4byte	.LFB1
 1630 003c 24000000 		.4byte	.LFE1-.LFB1
 1631 0040 00000000 		.4byte	.LFB0
 1632 0044 2C000000 		.4byte	.LFE0-.LFB0
 1633 0048 00000000 		.4byte	.LFB7
 1634 004c 10000000 		.4byte	.LFE7-.LFB7
 1635 0050 00000000 		.4byte	.LFB8
 1636 0054 0C000000 		.4byte	.LFE8-.LFB8
 1637 0058 00000000 		.4byte	.LFB9
 1638 005c 10000000 		.4byte	.LFE9-.LFB9
 1639 0060 00000000 		.4byte	.LFB10
 1640 0064 0C000000 		.4byte	.LFE10-.LFB10
 1641 0068 00000000 		.4byte	.LFB11
 1642 006c 0C000000 		.4byte	.LFE11-.LFB11
 1643 0070 00000000 		.4byte	.LFB12
 1644 0074 0C000000 		.4byte	.LFE12-.LFB12
 1645 0078 00000000 		.4byte	0
 1646 007c 00000000 		.4byte	0
 1647              		.section	.debug_ranges,"",%progbits
 1648              	.Ldebug_ranges0:
 1649 0000 00000000 		.4byte	.LBB18
 1650 0004 02000000 		.4byte	.LBE18
 1651 0008 06000000 		.4byte	.LBB24
 1652 000c 0A000000 		.4byte	.LBE24
 1653 0010 00000000 		.4byte	0
ARM GAS  C:\Users\Computer\AppData\Local\Temp\ccUGCCmd.s 			page 37


 1654 0014 00000000 		.4byte	0
 1655 0018 02000000 		.4byte	.LBB21
 1656 001c 06000000 		.4byte	.LBE21
 1657 0020 0A000000 		.4byte	.LBB25
 1658 0024 0C000000 		.4byte	.LBE25
 1659 0028 00000000 		.4byte	0
 1660 002c 00000000 		.4byte	0
 1661 0030 02000000 		.4byte	.LBB26
 1662 0034 04000000 		.4byte	.LBE26
 1663 0038 06000000 		.4byte	.LBB32
 1664 003c 0A000000 		.4byte	.LBE32
 1665 0040 00000000 		.4byte	0
 1666 0044 00000000 		.4byte	0
 1667 0048 04000000 		.4byte	.LBB29
 1668 004c 06000000 		.4byte	.LBE29
 1669 0050 0A000000 		.4byte	.LBB33
 1670 0054 0C000000 		.4byte	.LBE33
 1671 0058 00000000 		.4byte	0
 1672 005c 00000000 		.4byte	0
 1673 0060 12000000 		.4byte	.LBB34
 1674 0064 14000000 		.4byte	.LBE34
 1675 0068 14000000 		.4byte	.LBB37
 1676 006c 16000000 		.4byte	.LBE37
 1677 0070 00000000 		.4byte	0
 1678 0074 00000000 		.4byte	0
 1679 0078 02000000 		.4byte	.LBB38
 1680 007c 04000000 		.4byte	.LBE38
 1681 0080 08000000 		.4byte	.LBB44
 1682 0084 0C000000 		.4byte	.LBE44
 1683 0088 00000000 		.4byte	0
 1684 008c 00000000 		.4byte	0
 1685 0090 04000000 		.4byte	.LBB41
 1686 0094 08000000 		.4byte	.LBE41
 1687 0098 0C000000 		.4byte	.LBB45
 1688 009c 0E000000 		.4byte	.LBE45
 1689 00a0 00000000 		.4byte	0
 1690 00a4 00000000 		.4byte	0
 1691 00a8 14000000 		.4byte	.LBB46
 1692 00ac 16000000 		.4byte	.LBE46
 1693 00b0 16000000 		.4byte	.LBB49
 1694 00b4 18000000 		.4byte	.LBE49
 1695 00b8 00000000 		.4byte	0
 1696 00bc 00000000 		.4byte	0
 1697 00c0 00000000 		.4byte	.LFB3
 1698 00c4 02000000 		.4byte	.LFE3
 1699 00c8 00000000 		.4byte	.LFB2
 1700 00cc 1C000000 		.4byte	.LFE2
 1701 00d0 00000000 		.4byte	.LFB4
 1702 00d4 0C000000 		.4byte	.LFE4
 1703 00d8 00000000 		.4byte	.LFB5
 1704 00dc 0C000000 		.4byte	.LFE5
 1705 00e0 00000000 		.4byte	.LFB6
 1706 00e4 28000000 		.4byte	.LFE6
 1707 00e8 00000000 		.4byte	.LFB1
 1708 00ec 24000000 		.4byte	.LFE1
 1709 00f0 00000000 		.4byte	.LFB0
 1710 00f4 2C000000 		.4byte	.LFE0
ARM GAS  C:\Users\Computer\AppData\Local\Temp\ccUGCCmd.s 			page 38


 1711 00f8 00000000 		.4byte	.LFB7
 1712 00fc 10000000 		.4byte	.LFE7
 1713 0100 00000000 		.4byte	.LFB8
 1714 0104 0C000000 		.4byte	.LFE8
 1715 0108 00000000 		.4byte	.LFB9
 1716 010c 10000000 		.4byte	.LFE9
 1717 0110 00000000 		.4byte	.LFB10
 1718 0114 0C000000 		.4byte	.LFE10
 1719 0118 00000000 		.4byte	.LFB11
 1720 011c 0C000000 		.4byte	.LFE11
 1721 0120 00000000 		.4byte	.LFB12
 1722 0124 0C000000 		.4byte	.LFE12
 1723 0128 00000000 		.4byte	0
 1724 012c 00000000 		.4byte	0
 1725              		.section	.debug_line,"",%progbits
 1726              	.Ldebug_line0:
 1727 0000 A1010000 		.section	.debug_str,"MS",%progbits,1
 1727      02004D00 
 1727      00000201 
 1727      FB0E0D00 
 1727      01010101 
 1728              	.LASF19:
 1729 0000 656F635F 		.ascii	"eoc_Stop\000"
 1729      53746F70 
 1729      00
 1730              	.LASF14:
 1731 0009 72656733 		.ascii	"reg32\000"
 1731      3200
 1732              	.LASF33:
 1733 000f 2E5C4765 		.ascii	".\\Generated_Source\\PSoC4\\eoc.c\000"
 1733      6E657261 
 1733      7465645F 
 1733      536F7572 
 1733      63655C50 
 1734              	.LASF37:
 1735 002e 43795261 		.ascii	"CyRamVectors\000"
 1735      6D566563 
 1735      746F7273 
 1735      00
 1736              	.LASF18:
 1737 003b 656F635F 		.ascii	"eoc_Enable\000"
 1737      456E6162 
 1737      6C6500
 1738              	.LASF3:
 1739 0046 73686F72 		.ascii	"short unsigned int\000"
 1739      7420756E 
 1739      7369676E 
 1739      65642069 
 1739      6E7400
 1740              	.LASF26:
 1741 0059 656F635F 		.ascii	"eoc_Start\000"
 1741      53746172 
 1741      7400
 1742              	.LASF11:
 1743 0063 666C6F61 		.ascii	"float\000"
 1743      7400
 1744              	.LASF7:
ARM GAS  C:\Users\Computer\AppData\Local\Temp\ccUGCCmd.s 			page 39


 1745 0069 6C6F6E67 		.ascii	"long long unsigned int\000"
 1745      206C6F6E 
 1745      6720756E 
 1745      7369676E 
 1745      65642069 
 1746              	.LASF1:
 1747 0080 756E7369 		.ascii	"unsigned char\000"
 1747      676E6564 
 1747      20636861 
 1747      7200
 1748              	.LASF21:
 1749 008e 696E7465 		.ascii	"interruptState\000"
 1749      72727570 
 1749      74537461 
 1749      746500
 1750              	.LASF5:
 1751 009d 6C6F6E67 		.ascii	"long unsigned int\000"
 1751      20756E73 
 1751      69676E65 
 1751      6420696E 
 1751      7400
 1752              	.LASF31:
 1753 00af 656F635F 		.ascii	"eoc_ClearPending\000"
 1753      436C6561 
 1753      7250656E 
 1753      64696E67 
 1753      00
 1754              	.LASF9:
 1755 00c0 75696E74 		.ascii	"uint8\000"
 1755      3800
 1756              	.LASF28:
 1757 00c6 656F635F 		.ascii	"eoc_GetState\000"
 1757      47657453 
 1757      74617465 
 1757      00
 1758              	.LASF24:
 1759 00d3 7072696F 		.ascii	"priority\000"
 1759      72697479 
 1759      00
 1760              	.LASF12:
 1761 00dc 646F7562 		.ascii	"double\000"
 1761      6C6500
 1762              	.LASF35:
 1763 00e3 656F635F 		.ascii	"eoc_SetVector\000"
 1763      53657456 
 1763      6563746F 
 1763      7200
 1764              	.LASF23:
 1765 00f1 656F635F 		.ascii	"eoc_StartEx\000"
 1765      53746172 
 1765      74457800 
 1766              	.LASF10:
 1767 00fd 75696E74 		.ascii	"uint32\000"
 1767      333200
 1768              	.LASF34:
 1769 0104 433A5C55 		.ascii	"C:\\Users\\Computer\\Documents\\Git\\GlowTime\\RGB_"
 1769      73657273 
ARM GAS  C:\Users\Computer\AppData\Local\Temp\ccUGCCmd.s 			page 40


 1769      5C436F6D 
 1769      70757465 
 1769      725C446F 
 1770 0131 4C45445F 		.ascii	"LED_Matrix.cydsn\000"
 1770      4D617472 
 1770      69782E63 
 1770      7964736E 
 1770      00
 1771              	.LASF38:
 1772 0142 4379456E 		.ascii	"CyEnterCriticalSection\000"
 1772      74657243 
 1772      72697469 
 1772      63616C53 
 1772      65637469 
 1773              	.LASF8:
 1774 0159 756E7369 		.ascii	"unsigned int\000"
 1774      676E6564 
 1774      20696E74 
 1774      00
 1775              	.LASF36:
 1776 0166 656F635F 		.ascii	"eoc_GetPriority\000"
 1776      47657450 
 1776      72696F72 
 1776      69747900 
 1777              	.LASF25:
 1778 0176 61646472 		.ascii	"address\000"
 1778      65737300 
 1779              	.LASF39:
 1780 017e 43794578 		.ascii	"CyExitCriticalSection\000"
 1780      69744372 
 1780      69746963 
 1780      616C5365 
 1780      6374696F 
 1781              	.LASF15:
 1782 0194 63796973 		.ascii	"cyisraddress\000"
 1782      72616464 
 1782      72657373 
 1782      00
 1783              	.LASF17:
 1784 01a1 656F635F 		.ascii	"eoc_Disable\000"
 1784      44697361 
 1784      626C6500 
 1785              	.LASF16:
 1786 01ad 73697A65 		.ascii	"sizetype\000"
 1786      74797065 
 1786      00
 1787              	.LASF6:
 1788 01b6 6C6F6E67 		.ascii	"long long int\000"
 1788      206C6F6E 
 1788      6720696E 
 1788      7400
 1789              	.LASF27:
 1790 01c4 656F635F 		.ascii	"eoc_GetVector\000"
 1790      47657456 
 1790      6563746F 
 1790      7200
 1791              	.LASF13:
ARM GAS  C:\Users\Computer\AppData\Local\Temp\ccUGCCmd.s 			page 41


 1792 01d2 63686172 		.ascii	"char\000"
 1792      00
 1793              	.LASF29:
 1794 01d7 656F635F 		.ascii	"eoc_Interrupt\000"
 1794      496E7465 
 1794      72727570 
 1794      7400
 1795              	.LASF2:
 1796 01e5 73686F72 		.ascii	"short int\000"
 1796      7420696E 
 1796      7400
 1797              	.LASF32:
 1798 01ef 474E5520 		.ascii	"GNU C 4.7.3 20130312 (release) [ARM/embedded-4_7-br"
 1798      4320342E 
 1798      372E3320 
 1798      32303133 
 1798      30333132 
 1799 0222 616E6368 		.ascii	"anch revision 196615]\000"
 1799      20726576 
 1799      6973696F 
 1799      6E203139 
 1799      36363135 
 1800              	.LASF22:
 1801 0238 7072696F 		.ascii	"priorityOffset\000"
 1801      72697479 
 1801      4F666673 
 1801      657400
 1802              	.LASF20:
 1803 0247 656F635F 		.ascii	"eoc_SetPriority\000"
 1803      53657450 
 1803      72696F72 
 1803      69747900 
 1804              	.LASF4:
 1805 0257 6C6F6E67 		.ascii	"long int\000"
 1805      20696E74 
 1805      00
 1806              	.LASF0:
 1807 0260 7369676E 		.ascii	"signed char\000"
 1807      65642063 
 1807      68617200 
 1808              	.LASF30:
 1809 026c 656F635F 		.ascii	"eoc_SetPending\000"
 1809      53657450 
 1809      656E6469 
 1809      6E6700
 1810              		.ident	"GCC: (GNU Tools for ARM Embedded Processors) 4.7.3 20130312 (release) [ARM/embedded-4_7-br
