ARM GAS  C:\Users\Computer\AppData\Local\Temp\ccr7ZqCM.s 			page 1


   1              		.cpu cortex-m0
   2              		.fpu softvfp
   3              		.eabi_attribute 20, 1
   4              		.eabi_attribute 21, 1
   5              		.eabi_attribute 23, 3
   6              		.eabi_attribute 24, 1
   7              		.eabi_attribute 25, 1
   8              		.eabi_attribute 26, 1
   9              		.eabi_attribute 30, 2
  10              		.eabi_attribute 34, 0
  11              		.eabi_attribute 18, 4
  12              		.code	16
  13              		.file	"I2CDriver.c"
  14              		.text
  15              	.Ltext0:
  16              		.cfi_sections	.debug_frame
  17              		.global	__aeabi_uidiv
  18              		.global	__aeabi_uidivmod
  19              		.section	.text.decToBcd,"ax",%progbits
  20              		.align	2
  21              		.global	decToBcd
  22              		.code	16
  23              		.thumb_func
  24              		.type	decToBcd, %function
  25              	decToBcd:
  26              	.LFB33:
  27              		.file 1 ".\\I2CDriver.c"
   1:.\I2CDriver.c **** /* ========================================
   2:.\I2CDriver.c ****  *
   3:.\I2CDriver.c ****  * Copyright YOUR COMPANY, THE YEAR
   4:.\I2CDriver.c ****  * All Rights Reserved
   5:.\I2CDriver.c ****  * UNPUBLISHED, LICENSED SOFTWARE.
   6:.\I2CDriver.c ****  *
   7:.\I2CDriver.c ****  * CONFIDENTIAL AND PROPRIETARY INFORMATION
   8:.\I2CDriver.c ****  * WHICH IS THE PROPERTY OF your company.
   9:.\I2CDriver.c ****  *
  10:.\I2CDriver.c ****  * ========================================
  11:.\I2CDriver.c **** */
  12:.\I2CDriver.c **** 
  13:.\I2CDriver.c **** #include <device.h>
  14:.\I2CDriver.c **** #include "I2CDriver.h"
  15:.\I2CDriver.c **** 
  16:.\I2CDriver.c **** //I2C Constants
  17:.\I2CDriver.c **** #define I2C_ACK             0x00
  18:.\I2CDriver.c **** #define I2C_NACK            0xff
  19:.\I2CDriver.c **** #define I2C_WRITE           0x00
  20:.\I2CDriver.c **** #define I2C_READ            0xff
  21:.\I2CDriver.c **** #define RTC_ADDR 			0x51
  22:.\I2CDriver.c **** #define RTC_CTRLSTAT_ADDR	0x00
  23:.\I2CDriver.c **** #define RTC_SEC_ADDR		0x02
  24:.\I2CDriver.c **** #define RTC_MIN_ADDR		0x03
  25:.\I2CDriver.c **** #define RTC_HOUR_ADDR 		0x04
  26:.\I2CDriver.c **** 
  27:.\I2CDriver.c **** 
  28:.\I2CDriver.c **** uint8 decToBcd( uint8 val )
  29:.\I2CDriver.c **** {
  28              		.loc 1 29 0
ARM GAS  C:\Users\Computer\AppData\Local\Temp\ccr7ZqCM.s 			page 2


  29              		.cfi_startproc
  30              	.LVL0:
  31 0000 38B5     		push	{r3, r4, r5, lr}
  32              	.LCFI0:
  33              		.cfi_def_cfa_offset 16
  34              		.cfi_offset 3, -16
  35              		.cfi_offset 4, -12
  36              		.cfi_offset 5, -8
  37              		.cfi_offset 14, -4
  30:.\I2CDriver.c ****     return (uint8) ((val / 10 * 16) + (val % 10));
  38              		.loc 1 30 0
  39 0002 0A21     		mov	r1, #10
  29:.\I2CDriver.c **** {
  40              		.loc 1 29 0
  41 0004 041C     		mov	r4, r0
  42              		.loc 1 30 0
  43 0006 FFF7FEFF 		bl	__aeabi_uidiv
  44              	.LVL1:
  45 000a 0A21     		mov	r1, #10
  46 000c 0501     		lsl	r5, r0, #4
  47 000e 201C     		mov	r0, r4
  48 0010 FFF7FEFF 		bl	__aeabi_uidivmod
  49              	.LVL2:
  50 0014 6818     		add	r0, r5, r1
  51 0016 C0B2     		uxtb	r0, r0
  31:.\I2CDriver.c **** }
  52              		.loc 1 31 0
  53              		@ sp needed for prologue
  54 0018 38BD     		pop	{r3, r4, r5, pc}
  55              		.cfi_endproc
  56              	.LFE33:
  57              		.size	decToBcd, .-decToBcd
  58 001a C046     		.section	.text.bcdToDec,"ax",%progbits
  59              		.align	2
  60              		.global	bcdToDec
  61              		.code	16
  62              		.thumb_func
  63              		.type	bcdToDec, %function
  64              	bcdToDec:
  65              	.LFB34:
  32:.\I2CDriver.c ****  
  33:.\I2CDriver.c **** 
  34:.\I2CDriver.c **** uint8 bcdToDec( uint8 val )
  35:.\I2CDriver.c **** {
  66              		.loc 1 35 0
  67              		.cfi_startproc
  68              	.LVL3:
  36:.\I2CDriver.c ****     return (uint8) ((val / 16 * 10) + (val % 16));
  69              		.loc 1 36 0
  70 0000 0309     		lsr	r3, r0, #4
  71 0002 9A00     		lsl	r2, r3, #2
  72 0004 D118     		add	r1, r2, r3
  73 0006 0F22     		mov	r2, #15
  74 0008 4B00     		lsl	r3, r1, #1
  75 000a 1040     		and	r0, r2
  76              	.LVL4:
  77 000c 1818     		add	r0, r3, r0
ARM GAS  C:\Users\Computer\AppData\Local\Temp\ccr7ZqCM.s 			page 3


  78 000e C0B2     		uxtb	r0, r0
  37:.\I2CDriver.c **** }
  79              		.loc 1 37 0
  80              		@ sp needed for prologue
  81 0010 7047     		bx	lr
  82              		.cfi_endproc
  83              	.LFE34:
  84              		.size	bcdToDec, .-bcdToDec
  85 0012 C046     		.section	.text.localTimeInit,"ax",%progbits
  86              		.align	2
  87              		.global	localTimeInit
  88              		.code	16
  89              		.thumb_func
  90              		.type	localTimeInit, %function
  91              	localTimeInit:
  92              	.LFB35:
  38:.\I2CDriver.c **** 
  39:.\I2CDriver.c **** void localTimeInit(PCF8583 *RTC)
  40:.\I2CDriver.c **** {
  93              		.loc 1 40 0
  94              		.cfi_startproc
  95              	.LVL5:
  41:.\I2CDriver.c **** 	RTC->hour = 12;
  96              		.loc 1 41 0
  97 0000 0C23     		mov	r3, #12
  42:.\I2CDriver.c **** 	RTC->minute = 40;
  98              		.loc 1 42 0
  99 0002 2821     		mov	r1, #40
  41:.\I2CDriver.c **** 	RTC->hour = 12;
 100              		.loc 1 41 0
 101 0004 0370     		strb	r3, [r0]
 102              		.loc 1 42 0
 103 0006 4170     		strb	r1, [r0, #1]
  43:.\I2CDriver.c **** 	RTC->sec = 0;
  44:.\I2CDriver.c **** 	RTC->day = 1;
 104              		.loc 1 44 0
 105 0008 0123     		mov	r3, #1
  43:.\I2CDriver.c **** 	RTC->sec = 0;
 106              		.loc 1 43 0
 107 000a 0022     		mov	r2, #0
  45:.\I2CDriver.c **** 	RTC->weekday = 1;
  46:.\I2CDriver.c **** 	RTC->month = 2;
 108              		.loc 1 46 0
 109 000c 0221     		mov	r1, #2
  43:.\I2CDriver.c **** 	RTC->sec = 0;
 110              		.loc 1 43 0
 111 000e 8270     		strb	r2, [r0, #2]
  44:.\I2CDriver.c **** 	RTC->day = 1;
 112              		.loc 1 44 0
 113 0010 C370     		strb	r3, [r0, #3]
  45:.\I2CDriver.c **** 	RTC->weekday = 1;
 114              		.loc 1 45 0
 115 0012 0371     		strb	r3, [r0, #4]
 116              		.loc 1 46 0
 117 0014 4171     		strb	r1, [r0, #5]
  47:.\I2CDriver.c **** 	RTC->year = 1;
 118              		.loc 1 47 0
ARM GAS  C:\Users\Computer\AppData\Local\Temp\ccr7ZqCM.s 			page 4


 119 0016 8371     		strb	r3, [r0, #6]
  48:.\I2CDriver.c **** 	RTC->pm = 1;
 120              		.loc 1 48 0
 121 0018 C371     		strb	r3, [r0, #7]
  49:.\I2CDriver.c **** 	RTC->format = 1;
 122              		.loc 1 49 0
 123 001a 0372     		strb	r3, [r0, #8]
  50:.\I2CDriver.c **** }
 124              		.loc 1 50 0
 125              		@ sp needed for prologue
 126 001c 7047     		bx	lr
 127              		.cfi_endproc
 128              	.LFE35:
 129              		.size	localTimeInit, .-localTimeInit
 130 001e C046     		.section	.text.randomTimeInit,"ax",%progbits
 131              		.align	2
 132              		.global	randomTimeInit
 133              		.code	16
 134              		.thumb_func
 135              		.type	randomTimeInit, %function
 136              	randomTimeInit:
 137              	.LFB36:
  51:.\I2CDriver.c **** 
  52:.\I2CDriver.c **** void randomTimeInit(PCF8583 *RTC)
  53:.\I2CDriver.c **** {
 138              		.loc 1 53 0
 139              		.cfi_startproc
 140              	.LVL6:
  54:.\I2CDriver.c **** 	RTC->hour = 0;
 141              		.loc 1 54 0
 142 0000 0023     		mov	r3, #0
 143 0002 0370     		strb	r3, [r0]
  55:.\I2CDriver.c **** 	RTC->minute = 0;
 144              		.loc 1 55 0
 145 0004 4370     		strb	r3, [r0, #1]
  56:.\I2CDriver.c **** 	RTC->sec = 0;
 146              		.loc 1 56 0
 147 0006 8370     		strb	r3, [r0, #2]
  57:.\I2CDriver.c **** 	RTC->day = 0;
 148              		.loc 1 57 0
 149 0008 C370     		strb	r3, [r0, #3]
  58:.\I2CDriver.c **** 	RTC->weekday = 0;
 150              		.loc 1 58 0
 151 000a 0371     		strb	r3, [r0, #4]
  59:.\I2CDriver.c **** 	RTC->month = 0;
 152              		.loc 1 59 0
 153 000c 4371     		strb	r3, [r0, #5]
  60:.\I2CDriver.c **** 	RTC->year = 0;
 154              		.loc 1 60 0
 155 000e 8371     		strb	r3, [r0, #6]
  61:.\I2CDriver.c **** 	RTC->pm = 0;
 156              		.loc 1 61 0
 157 0010 C371     		strb	r3, [r0, #7]
  62:.\I2CDriver.c **** 	RTC->format = 0;
 158              		.loc 1 62 0
 159 0012 0372     		strb	r3, [r0, #8]
  63:.\I2CDriver.c **** }
ARM GAS  C:\Users\Computer\AppData\Local\Temp\ccr7ZqCM.s 			page 5


 160              		.loc 1 63 0
 161              		@ sp needed for prologue
 162 0014 7047     		bx	lr
 163              		.cfi_endproc
 164              	.LFE36:
 165              		.size	randomTimeInit, .-randomTimeInit
 166 0016 C046     		.section	.text.i2cWrite,"ax",%progbits
 167              		.align	2
 168              		.global	i2cWrite
 169              		.code	16
 170              		.thumb_func
 171              		.type	i2cWrite, %function
 172              	i2cWrite:
 173              	.LFB37:
  64:.\I2CDriver.c **** 
  65:.\I2CDriver.c **** uint8 i2cWrite(uint8 Reg_Addr,uint8 Reg_Data)
  66:.\I2CDriver.c **** {
 174              		.loc 1 66 0
 175              		.cfi_startproc
 176              	.LVL7:
 177 0000 38B5     		push	{r3, r4, r5, lr}
 178              	.LCFI1:
 179              		.cfi_def_cfa_offset 16
 180              		.cfi_offset 3, -16
 181              		.cfi_offset 4, -12
 182              		.cfi_offset 5, -8
 183              		.cfi_offset 14, -4
 184              		.loc 1 66 0
 185 0002 051C     		mov	r5, r0
 186 0004 0C1C     		mov	r4, r1
  67:.\I2CDriver.c ****     uint8 I2C_Status;
  68:.\I2CDriver.c ****     I2C_Status = RTC_I2CMasterSendStart(RTC_ADDR, I2C_WRITE);
 187              		.loc 1 68 0
 188 0006 5120     		mov	r0, #81
 189              	.LVL8:
 190 0008 0021     		mov	r1, #0
 191              	.LVL9:
 192 000a FFF7FEFF 		bl	RTC_I2CMasterSendStart
 193              	.LVL10:
  69:.\I2CDriver.c ****     I2C_Status = RTC_I2CMasterWriteByte(Reg_Addr);
 194              		.loc 1 69 0
 195 000e 281C     		mov	r0, r5
 196 0010 FFF7FEFF 		bl	RTC_I2CMasterWriteByte
 197              	.LVL11:
  70:.\I2CDriver.c ****     I2C_Status = RTC_I2CMasterWriteByte(Reg_Data);
 198              		.loc 1 70 0
 199 0014 201C     		mov	r0, r4
 200 0016 FFF7FEFF 		bl	RTC_I2CMasterWriteByte
 201              	.LVL12:
  71:.\I2CDriver.c ****     I2C_Status = RTC_I2CMasterSendStop();
 202              		.loc 1 71 0
 203 001a FFF7FEFF 		bl	RTC_I2CMasterSendStop
 204              	.LVL13:
  72:.\I2CDriver.c **** 	return I2C_Status;
  73:.\I2CDriver.c **** }
 205              		.loc 1 73 0
 206              		@ sp needed for prologue
ARM GAS  C:\Users\Computer\AppData\Local\Temp\ccr7ZqCM.s 			page 6


  72:.\I2CDriver.c **** 	return I2C_Status;
 207              		.loc 1 72 0
 208 001e C0B2     		uxtb	r0, r0
 209              	.LVL14:
 210              		.loc 1 73 0
 211 0020 38BD     		pop	{r3, r4, r5, pc}
 212              		.cfi_endproc
 213              	.LFE37:
 214              		.size	i2cWrite, .-i2cWrite
 215 0022 C046     		.section	.text.setTime,"ax",%progbits
 216              		.align	2
 217              		.global	setTime
 218              		.code	16
 219              		.thumb_func
 220              		.type	setTime, %function
 221              	setTime:
 222              	.LFB38:
  74:.\I2CDriver.c **** uint8 setTime(PCF8583 *RTC)
  75:.\I2CDriver.c **** {
 223              		.loc 1 75 0
 224              		.cfi_startproc
 225              	.LVL15:
 226 0000 70B5     		push	{r4, r5, r6, lr}
 227              	.LCFI2:
 228              		.cfi_def_cfa_offset 16
 229              		.cfi_offset 4, -16
 230              		.cfi_offset 5, -12
 231              		.cfi_offset 6, -8
 232              		.cfi_offset 14, -4
  76:.\I2CDriver.c **** 	uint8 I2C_Status;
  77:.\I2CDriver.c **** 	uint8 hour = (decToBcd(RTC->hour)&0x3F); 
 233              		.loc 1 77 0
 234 0002 0578     		ldrb	r5, [r0]
 235              	.LVL16:
  75:.\I2CDriver.c **** {
 236              		.loc 1 75 0
 237 0004 041C     		mov	r4, r0
 238              	.LVL17:
 239              	.LBB6:
 240              	.LBB7:
  30:.\I2CDriver.c ****     return (uint8) ((val / 10 * 16) + (val % 10));
 241              		.loc 1 30 0
 242 0006 0A21     		mov	r1, #10
 243 0008 281C     		mov	r0, r5
 244              	.LVL18:
 245 000a FFF7FEFF 		bl	__aeabi_uidiv
 246              	.LVL19:
 247 000e 0A21     		mov	r1, #10
 248 0010 0601     		lsl	r6, r0, #4
 249 0012 281C     		mov	r0, r5
 250 0014 FFF7FEFF 		bl	__aeabi_uidivmod
 251              	.LVL20:
 252              	.LBE7:
 253              	.LBE6:
  78:.\I2CDriver.c **** 	uint8 am = ((RTC->pm<<6)&0x40);
 254              		.loc 1 78 0
 255 0018 E379     		ldrb	r3, [r4, #7]
ARM GAS  C:\Users\Computer\AppData\Local\Temp\ccr7ZqCM.s 			page 7


 256              	.LVL21:
 257              	.LBB9:
 258              	.LBB8:
  30:.\I2CDriver.c ****     return (uint8) ((val / 10 * 16) + (val % 10));
 259              		.loc 1 30 0
 260 001a 7018     		add	r0, r6, r1
 261              	.LBE8:
 262              	.LBE9:
 263              		.loc 1 78 0
 264 001c 9A01     		lsl	r2, r3, #6
  79:.\I2CDriver.c **** 	uint8 format = ((RTC->format)<<7)&0x80;
 265              		.loc 1 79 0
 266 001e 267A     		ldrb	r6, [r4, #8]
 267              	.LVL22:
  78:.\I2CDriver.c **** 	uint8 am = ((RTC->pm<<6)&0x40);
 268              		.loc 1 78 0
 269 0020 4025     		mov	r5, #64
 270              	.LVL23:
  77:.\I2CDriver.c **** 	uint8 hour = (decToBcd(RTC->hour)&0x3F); 
 271              		.loc 1 77 0
 272 0022 3F21     		mov	r1, #63
  78:.\I2CDriver.c **** 	uint8 am = ((RTC->pm<<6)&0x40);
 273              		.loc 1 78 0
 274 0024 2A40     		and	r2, r5
  77:.\I2CDriver.c **** 	uint8 hour = (decToBcd(RTC->hour)&0x3F); 
 275              		.loc 1 77 0
 276 0026 0140     		and	r1, r0
  80:.\I2CDriver.c **** 	uint8 time = format|am|hour;
 277              		.loc 1 80 0
 278 0028 1143     		orr	r1, r2
  79:.\I2CDriver.c **** 	uint8 format = ((RTC->format)<<7)&0x80;
 279              		.loc 1 79 0
 280 002a F001     		lsl	r0, r6, #7
 281              		.loc 1 80 0
 282 002c 0143     		orr	r1, r0
  81:.\I2CDriver.c **** 	I2C_Status = i2cWrite(RTC_HOUR_ADDR,time);
 283              		.loc 1 81 0
 284 002e C9B2     		uxtb	r1, r1
 285 0030 0420     		mov	r0, #4
 286 0032 FFF7FEFF 		bl	i2cWrite
 287              	.LVL24:
  82:.\I2CDriver.c **** 	I2C_Status = i2cWrite(RTC_MIN_ADDR,decToBcd(RTC->minute));
 288              		.loc 1 82 0
 289 0036 6478     		ldrb	r4, [r4, #1]
 290              	.LVL25:
 291              	.LBB10:
 292              	.LBB11:
  30:.\I2CDriver.c ****     return (uint8) ((val / 10 * 16) + (val % 10));
 293              		.loc 1 30 0
 294 0038 0A21     		mov	r1, #10
 295 003a 201C     		mov	r0, r4
 296 003c FFF7FEFF 		bl	__aeabi_uidiv
 297              	.LVL26:
 298 0040 0A21     		mov	r1, #10
 299 0042 0501     		lsl	r5, r0, #4
 300 0044 201C     		mov	r0, r4
 301 0046 FFF7FEFF 		bl	__aeabi_uidivmod
ARM GAS  C:\Users\Computer\AppData\Local\Temp\ccr7ZqCM.s 			page 8


 302              	.LVL27:
 303 004a 6918     		add	r1, r5, r1
 304              	.LBE11:
 305              	.LBE10:
 306              		.loc 1 82 0
 307 004c C9B2     		uxtb	r1, r1
 308 004e 0320     		mov	r0, #3
 309 0050 FFF7FEFF 		bl	i2cWrite
 310              	.LVL28:
  83:.\I2CDriver.c **** 	return I2C_Status;
  84:.\I2CDriver.c **** }
 311              		.loc 1 84 0
 312              		@ sp needed for prologue
 313              	.LVL29:
 314              	.LVL30:
 315 0054 70BD     		pop	{r4, r5, r6, pc}
 316              		.cfi_endproc
 317              	.LFE38:
 318              		.size	setTime, .-setTime
 319 0056 C046     		.section	.text.getTime,"ax",%progbits
 320              		.align	2
 321              		.global	getTime
 322              		.code	16
 323              		.thumb_func
 324              		.type	getTime, %function
 325              	getTime:
 326              	.LFB39:
  85:.\I2CDriver.c **** 
  86:.\I2CDriver.c **** 
  87:.\I2CDriver.c **** 
  88:.\I2CDriver.c **** 
  89:.\I2CDriver.c **** uint8 getTime(PCF8583 *RTC)
  90:.\I2CDriver.c **** {
 327              		.loc 1 90 0
 328              		.cfi_startproc
 329              	.LVL31:
 330 0000 10B5     		push	{r4, lr}
 331              	.LCFI3:
 332              		.cfi_def_cfa_offset 8
 333              		.cfi_offset 4, -8
 334              		.cfi_offset 14, -4
  91:.\I2CDriver.c **** 	uint8 I2C_Status;
  92:.\I2CDriver.c **** 	I2C_Status = RTC_I2CMasterSendStart(RTC_ADDR, I2C_WRITE);
 335              		.loc 1 92 0
 336 0002 0021     		mov	r1, #0
  90:.\I2CDriver.c **** {
 337              		.loc 1 90 0
 338 0004 041C     		mov	r4, r0
 339              		.loc 1 92 0
 340 0006 5120     		mov	r0, #81
 341              	.LVL32:
 342 0008 FFF7FEFF 		bl	RTC_I2CMasterSendStart
 343              	.LVL33:
  93:.\I2CDriver.c **** 	I2C_Status = RTC_I2CMasterWriteByte(RTC_SEC_ADDR);
 344              		.loc 1 93 0
 345 000c 0220     		mov	r0, #2
 346 000e FFF7FEFF 		bl	RTC_I2CMasterWriteByte
ARM GAS  C:\Users\Computer\AppData\Local\Temp\ccr7ZqCM.s 			page 9


 347              	.LVL34:
  94:.\I2CDriver.c ****     I2C_Status = RTC_I2CMasterSendRestart(RTC_ADDR, I2C_READ);
 348              		.loc 1 94 0
 349 0012 FF21     		mov	r1, #255
 350 0014 5120     		mov	r0, #81
 351 0016 FFF7FEFF 		bl	RTC_I2CMasterSendRestart
 352              	.LVL35:
  95:.\I2CDriver.c ****     RTC->sec = RTC_I2CMasterReadByte(RTC_I2C_ACK_DATA);
 353              		.loc 1 95 0
 354 001a 0020     		mov	r0, #0
 355 001c FFF7FEFF 		bl	RTC_I2CMasterReadByte
 356              	.LVL36:
 357 0020 A070     		strb	r0, [r4, #2]
  96:.\I2CDriver.c ****     RTC->minute = RTC_I2CMasterReadByte(RTC_I2C_ACK_DATA);
 358              		.loc 1 96 0
 359 0022 0020     		mov	r0, #0
 360 0024 FFF7FEFF 		bl	RTC_I2CMasterReadByte
 361              	.LVL37:
 362 0028 6070     		strb	r0, [r4, #1]
  97:.\I2CDriver.c ****     RTC->hour = RTC_I2CMasterReadByte(RTC_I2C_NAK_DATA)& 0x3F;
 363              		.loc 1 97 0
 364 002a 0120     		mov	r0, #1
 365 002c FFF7FEFF 		bl	RTC_I2CMasterReadByte
 366              	.LVL38:
 367 0030 3F23     		mov	r3, #63
 368 0032 1840     		and	r0, r3
 369 0034 2070     		strb	r0, [r4]
  98:.\I2CDriver.c **** 	I2C_Status = RTC_I2CMasterSendStop();
 370              		.loc 1 98 0
 371 0036 FFF7FEFF 		bl	RTC_I2CMasterSendStop
 372              	.LVL39:
  99:.\I2CDriver.c **** 	return I2C_Status;
 100:.\I2CDriver.c **** 	
 101:.\I2CDriver.c **** }
 373              		.loc 1 101 0
 374              		@ sp needed for prologue
  99:.\I2CDriver.c **** 	return I2C_Status;
 375              		.loc 1 99 0
 376 003a C0B2     		uxtb	r0, r0
 377              	.LVL40:
 378              	.LVL41:
 379              		.loc 1 101 0
 380 003c 10BD     		pop	{r4, pc}
 381              		.cfi_endproc
 382              	.LFE39:
 383              		.size	getTime, .-getTime
 384 003e C046     		.section	.text.i2cBurstRead,"ax",%progbits
 385              		.align	2
 386              		.global	i2cBurstRead
 387              		.code	16
 388              		.thumb_func
 389              		.type	i2cBurstRead, %function
 390              	i2cBurstRead:
 391              	.LFB40:
 102:.\I2CDriver.c **** 
 103:.\I2CDriver.c **** void i2cBurstRead(uint8 Reg_Addr, uint8 *readData,uint8 dataSize)
 104:.\I2CDriver.c **** {
ARM GAS  C:\Users\Computer\AppData\Local\Temp\ccr7ZqCM.s 			page 10


 392              		.loc 1 104 0
 393              		.cfi_startproc
 394              	.LVL42:
 395 0000 F0B5     		push	{r4, r5, r6, r7, lr}
 396              	.LCFI4:
 397              		.cfi_def_cfa_offset 20
 398              		.cfi_offset 4, -20
 399              		.cfi_offset 5, -16
 400              		.cfi_offset 6, -12
 401              		.cfi_offset 7, -8
 402              		.cfi_offset 14, -4
 403 0002 4746     		mov	r7, r8
 404 0004 80B4     		push	{r7}
 405              	.LCFI5:
 406              		.cfi_def_cfa_offset 24
 407              		.cfi_offset 8, -24
 408              		.loc 1 104 0
 409 0006 041C     		mov	r4, r0
 410 0008 0E1C     		mov	r6, r1
 105:.\I2CDriver.c **** 	uint8 I2C_Status;
 106:.\I2CDriver.c **** 	I2C_Status = RTC_I2CMasterSendStart(RTC_ADDR, I2C_WRITE);
 411              		.loc 1 106 0
 412 000a 5120     		mov	r0, #81
 413              	.LVL43:
 414 000c 0021     		mov	r1, #0
 415              	.LVL44:
 104:.\I2CDriver.c **** {
 416              		.loc 1 104 0
 417 000e 171C     		mov	r7, r2
 418              		.loc 1 106 0
 419 0010 FFF7FEFF 		bl	RTC_I2CMasterSendStart
 420              	.LVL45:
 107:.\I2CDriver.c **** 	I2C_Status = RTC_I2CMasterWriteByte(Reg_Addr);
 421              		.loc 1 107 0
 422 0014 201C     		mov	r0, r4
 423 0016 FFF7FEFF 		bl	RTC_I2CMasterWriteByte
 424              	.LVL46:
 108:.\I2CDriver.c ****     I2C_Status = RTC_I2CMasterSendRestart(RTC_ADDR, I2C_READ);
 425              		.loc 1 108 0
 426 001a 5120     		mov	r0, #81
 427 001c FF21     		mov	r1, #255
 428 001e FFF7FEFF 		bl	RTC_I2CMasterSendRestart
 429              	.LVL47:
 109:.\I2CDriver.c **** 	if(RTC_I2C_MSTR_NO_ERROR == I2C_Status)/* Check if transfer completed without errors*/
 430              		.loc 1 109 0
 431 0022 C0B2     		uxtb	r0, r0
 432              	.LVL48:
 433 0024 0028     		cmp	r0, #0
 434 0026 2AD1     		bne	.L10
 435              	.LVL49:
 436              	.LBB12:
 110:.\I2CDriver.c **** 	{
 111:.\I2CDriver.c **** 		/* Read array of dataSize bytes */
 112:.\I2CDriver.c ****         int i;
 113:.\I2CDriver.c **** 		for(i=0; i<dataSize; i++)
 437              		.loc 1 113 0 discriminator 1
 438 0028 002F     		cmp	r7, #0
ARM GAS  C:\Users\Computer\AppData\Local\Temp\ccr7ZqCM.s 			page 11


 439 002a 28D0     		beq	.L10
 440 002c 7D1E     		sub	r5, r7, #1
 441 002e 0123     		mov	r3, #1
 442 0030 2B40     		and	r3, r5
 443 0032 9846     		mov	r8, r3
 114:.\I2CDriver.c **** 		{ 
 115:.\I2CDriver.c **** 			if(i < dataSize-1)
 444              		.loc 1 115 0
 445 0034 A842     		cmp	r0, r5
 446 0036 27DB     		blt	.L36
 116:.\I2CDriver.c **** 			{
 117:.\I2CDriver.c **** 				readData[i] = RTC_I2CMasterReadByte(RTC_I2C_ACK_DATA);
 118:.\I2CDriver.c **** 			}
 119:.\I2CDriver.c **** 			else
 120:.\I2CDriver.c **** 			{
 121:.\I2CDriver.c **** 				readData[i] = RTC_I2CMasterReadByte(RTC_I2C_NAK_DATA);
 447              		.loc 1 121 0
 448 0038 0120     		mov	r0, #1
 449 003a FFF7FEFF 		bl	RTC_I2CMasterReadByte
 450              	.LVL50:
 451 003e 3070     		strb	r0, [r6]
 452              	.L30:
 113:.\I2CDriver.c **** 		for(i=0; i<dataSize; i++)
 453              		.loc 1 113 0
 454 0040 0124     		mov	r4, #1
 455 0042 BC42     		cmp	r4, r7
 456 0044 1BDA     		bge	.L10
 457 0046 4146     		mov	r1, r8
 458 0048 0029     		cmp	r1, #0
 459 004a 08D0     		beq	.L13
 115:.\I2CDriver.c **** 			if(i < dataSize-1)
 460              		.loc 1 115 0
 461 004c AC42     		cmp	r4, r5
 462 004e 0FDB     		blt	.L29
 463              	.L22:
 464              		.loc 1 121 0
 465 0050 0120     		mov	r0, #1
 466 0052 FFF7FEFF 		bl	RTC_I2CMasterReadByte
 467              	.LVL51:
 468 0056 3055     		strb	r0, [r6, r4]
 113:.\I2CDriver.c **** 		for(i=0; i<dataSize; i++)
 469              		.loc 1 113 0
 470 0058 0134     		add	r4, r4, #1
 471 005a BC42     		cmp	r4, r7
 472 005c 0FDA     		bge	.L10
 473              	.L13:
 115:.\I2CDriver.c **** 			if(i < dataSize-1)
 474              		.loc 1 115 0
 475 005e AC42     		cmp	r4, r5
 476 0060 17DA     		bge	.L11
 117:.\I2CDriver.c **** 				readData[i] = RTC_I2CMasterReadByte(RTC_I2C_ACK_DATA);
 477              		.loc 1 117 0
 478 0062 0020     		mov	r0, #0
 479 0064 FFF7FEFF 		bl	RTC_I2CMasterReadByte
 480              	.LVL52:
 481 0068 3055     		strb	r0, [r6, r4]
 482              	.L12:
ARM GAS  C:\Users\Computer\AppData\Local\Temp\ccr7ZqCM.s 			page 12


 113:.\I2CDriver.c **** 		for(i=0; i<dataSize; i++)
 483              		.loc 1 113 0
 484 006a 0134     		add	r4, r4, #1
 115:.\I2CDriver.c **** 			if(i < dataSize-1)
 485              		.loc 1 115 0
 486 006c AC42     		cmp	r4, r5
 487 006e EFDA     		bge	.L22
 488              	.L29:
 117:.\I2CDriver.c **** 				readData[i] = RTC_I2CMasterReadByte(RTC_I2C_ACK_DATA);
 489              		.loc 1 117 0
 490 0070 0020     		mov	r0, #0
 491 0072 FFF7FEFF 		bl	RTC_I2CMasterReadByte
 492              	.LVL53:
 493 0076 3055     		strb	r0, [r6, r4]
 113:.\I2CDriver.c **** 		for(i=0; i<dataSize; i++)
 494              		.loc 1 113 0
 495 0078 0134     		add	r4, r4, #1
 496 007a BC42     		cmp	r4, r7
 497 007c EFDB     		blt	.L13
 498              	.LVL54:
 499              	.L10:
 500              	.LBE12:
 122:.\I2CDriver.c **** 			}
 123:.\I2CDriver.c **** 		}
 124:.\I2CDriver.c **** 	}
 125:.\I2CDriver.c ****     I2C_Status = RTC_I2CMasterSendStop();
 501              		.loc 1 125 0
 502 007e FFF7FEFF 		bl	RTC_I2CMasterSendStop
 503              	.LVL55:
 126:.\I2CDriver.c **** }
 504              		.loc 1 126 0
 505              		@ sp needed for prologue
 506              	.LVL56:
 507 0082 04BC     		pop	{r2}
 508 0084 9046     		mov	r8, r2
 509 0086 F0BD     		pop	{r4, r5, r6, r7, pc}
 510              	.LVL57:
 511              	.L36:
 512              	.LBB13:
 117:.\I2CDriver.c **** 				readData[i] = RTC_I2CMasterReadByte(RTC_I2C_ACK_DATA);
 513              		.loc 1 117 0
 514 0088 0020     		mov	r0, #0
 515 008a FFF7FEFF 		bl	RTC_I2CMasterReadByte
 516              	.LVL58:
 517 008e 3070     		strb	r0, [r6]
 518 0090 D6E7     		b	.L30
 519              	.L11:
 121:.\I2CDriver.c **** 				readData[i] = RTC_I2CMasterReadByte(RTC_I2C_NAK_DATA);
 520              		.loc 1 121 0
 521 0092 0120     		mov	r0, #1
 522 0094 FFF7FEFF 		bl	RTC_I2CMasterReadByte
 523              	.LVL59:
 524 0098 3055     		strb	r0, [r6, r4]
 525 009a E6E7     		b	.L12
 526              	.LBE13:
 527              		.cfi_endproc
 528              	.LFE40:
ARM GAS  C:\Users\Computer\AppData\Local\Temp\ccr7ZqCM.s 			page 13


 529              		.size	i2cBurstRead, .-i2cBurstRead
 530              		.text
 531              	.Letext0:
 532              		.file 2 "./Generated_Source/PSoC4/cytypes.h"
 533              		.file 3 ".\\I2CDriver.h"
 534              		.file 4 "./Generated_Source/PSoC4/RTC_I2C.h"
 535              		.section	.debug_info,"",%progbits
 536              	.Ldebug_info0:
 537 0000 C5050000 		.4byte	0x5c5
 538 0004 0200     		.2byte	0x2
 539 0006 00000000 		.4byte	.Ldebug_abbrev0
 540 000a 04       		.byte	0x4
 541 000b 01       		.uleb128 0x1
 542 000c 11020000 		.4byte	.LASF39
 543 0010 01       		.byte	0x1
 544 0011 5A020000 		.4byte	.LASF40
 545 0015 F1000000 		.4byte	.LASF41
 546 0019 30000000 		.4byte	.Ldebug_ranges0+0x30
 547 001d 00000000 		.4byte	0
 548 0021 00000000 		.4byte	0
 549 0025 00000000 		.4byte	.Ldebug_line0
 550 0029 02       		.uleb128 0x2
 551 002a 01       		.byte	0x1
 552 002b 08       		.byte	0x8
 553 002c 7E000000 		.4byte	.LASF0
 554 0030 02       		.uleb128 0x2
 555 0031 01       		.byte	0x1
 556 0032 06       		.byte	0x6
 557 0033 F3010000 		.4byte	.LASF1
 558 0037 02       		.uleb128 0x2
 559 0038 02       		.byte	0x2
 560 0039 05       		.byte	0x5
 561 003a D4010000 		.4byte	.LASF2
 562 003e 02       		.uleb128 0x2
 563 003f 02       		.byte	0x2
 564 0040 07       		.byte	0x7
 565 0041 48000000 		.4byte	.LASF3
 566 0045 02       		.uleb128 0x2
 567 0046 04       		.byte	0x4
 568 0047 05       		.byte	0x5
 569 0048 EA010000 		.4byte	.LASF4
 570 004c 02       		.uleb128 0x2
 571 004d 04       		.byte	0x4
 572 004e 07       		.byte	0x7
 573 004f 95000000 		.4byte	.LASF5
 574 0053 02       		.uleb128 0x2
 575 0054 08       		.byte	0x8
 576 0055 05       		.byte	0x5
 577 0056 8E010000 		.4byte	.LASF6
 578 005a 02       		.uleb128 0x2
 579 005b 08       		.byte	0x8
 580 005c 07       		.byte	0x7
 581 005d 53010000 		.4byte	.LASF7
 582 0061 03       		.uleb128 0x3
 583 0062 04       		.byte	0x4
 584 0063 05       		.byte	0x5
 585 0064 696E7400 		.ascii	"int\000"
ARM GAS  C:\Users\Computer\AppData\Local\Temp\ccr7ZqCM.s 			page 14


 586 0068 02       		.uleb128 0x2
 587 0069 04       		.byte	0x4
 588 006a 07       		.byte	0x7
 589 006b 46010000 		.4byte	.LASF8
 590 006f 04       		.uleb128 0x4
 591 0070 A7000000 		.4byte	.LASF9
 592 0074 02       		.byte	0x2
 593 0075 5B       		.byte	0x5b
 594 0076 29000000 		.4byte	0x29
 595 007a 04       		.uleb128 0x4
 596 007b EA000000 		.4byte	.LASF10
 597 007f 02       		.byte	0x2
 598 0080 5D       		.byte	0x5d
 599 0081 4C000000 		.4byte	0x4c
 600 0085 02       		.uleb128 0x2
 601 0086 04       		.byte	0x4
 602 0087 04       		.byte	0x4
 603 0088 61000000 		.4byte	.LASF11
 604 008c 02       		.uleb128 0x2
 605 008d 08       		.byte	0x8
 606 008e 04       		.byte	0x4
 607 008f CE000000 		.4byte	.LASF12
 608 0093 02       		.uleb128 0x2
 609 0094 01       		.byte	0x1
 610 0095 08       		.byte	0x8
 611 0096 A4010000 		.4byte	.LASF13
 612 009a 02       		.uleb128 0x2
 613 009b 04       		.byte	0x4
 614 009c 07       		.byte	0x7
 615 009d 85010000 		.4byte	.LASF14
 616 00a1 05       		.uleb128 0x5
 617 00a2 DE010000 		.4byte	.LASF42
 618 00a6 09       		.byte	0x9
 619 00a7 03       		.byte	0x3
 620 00a8 12       		.byte	0x12
 621 00a9 2B010000 		.4byte	0x12b
 622 00ad 06       		.uleb128 0x6
 623 00ae 6A010000 		.4byte	.LASF15
 624 00b2 03       		.byte	0x3
 625 00b3 14       		.byte	0x14
 626 00b4 6F000000 		.4byte	0x6f
 627 00b8 02       		.byte	0x2
 628 00b9 23       		.byte	0x23
 629 00ba 00       		.uleb128 0
 630 00bb 06       		.uleb128 0x6
 631 00bc 2B000000 		.4byte	.LASF16
 632 00c0 03       		.byte	0x3
 633 00c1 15       		.byte	0x15
 634 00c2 6F000000 		.4byte	0x6f
 635 00c6 02       		.byte	0x2
 636 00c7 23       		.byte	0x23
 637 00c8 01       		.uleb128 0x1
 638 00c9 07       		.uleb128 0x7
 639 00ca 73656300 		.ascii	"sec\000"
 640 00ce 03       		.byte	0x3
 641 00cf 16       		.byte	0x16
 642 00d0 6F000000 		.4byte	0x6f
ARM GAS  C:\Users\Computer\AppData\Local\Temp\ccr7ZqCM.s 			page 15


 643 00d4 02       		.byte	0x2
 644 00d5 23       		.byte	0x23
 645 00d6 02       		.uleb128 0x2
 646 00d7 07       		.uleb128 0x7
 647 00d8 64617900 		.ascii	"day\000"
 648 00dc 03       		.byte	0x3
 649 00dd 17       		.byte	0x17
 650 00de 6F000000 		.4byte	0x6f
 651 00e2 02       		.byte	0x2
 652 00e3 23       		.byte	0x23
 653 00e4 03       		.uleb128 0x3
 654 00e5 06       		.uleb128 0x6
 655 00e6 9C010000 		.4byte	.LASF17
 656 00ea 03       		.byte	0x3
 657 00eb 18       		.byte	0x18
 658 00ec 6F000000 		.4byte	0x6f
 659 00f0 02       		.byte	0x2
 660 00f1 23       		.byte	0x23
 661 00f2 04       		.uleb128 0x4
 662 00f3 06       		.uleb128 0x6
 663 00f4 5B000000 		.4byte	.LASF18
 664 00f8 03       		.byte	0x3
 665 00f9 19       		.byte	0x19
 666 00fa 6F000000 		.4byte	0x6f
 667 00fe 02       		.byte	0x2
 668 00ff 23       		.byte	0x23
 669 0100 05       		.uleb128 0x5
 670 0101 06       		.uleb128 0x6
 671 0102 26000000 		.4byte	.LASF19
 672 0106 03       		.byte	0x3
 673 0107 1A       		.byte	0x1a
 674 0108 6F000000 		.4byte	0x6f
 675 010c 02       		.byte	0x2
 676 010d 23       		.byte	0x23
 677 010e 06       		.uleb128 0x6
 678 010f 07       		.uleb128 0x7
 679 0110 706D00   		.ascii	"pm\000"
 680 0113 03       		.byte	0x3
 681 0114 1B       		.byte	0x1b
 682 0115 6F000000 		.4byte	0x6f
 683 0119 02       		.byte	0x2
 684 011a 23       		.byte	0x23
 685 011b 07       		.uleb128 0x7
 686 011c 06       		.uleb128 0x6
 687 011d E3000000 		.4byte	.LASF20
 688 0121 03       		.byte	0x3
 689 0122 1C       		.byte	0x1c
 690 0123 6F000000 		.4byte	0x6f
 691 0127 02       		.byte	0x2
 692 0128 23       		.byte	0x23
 693 0129 08       		.uleb128 0x8
 694 012a 00       		.byte	0
 695 012b 04       		.uleb128 0x4
 696 012c 7D010000 		.4byte	.LASF21
 697 0130 03       		.byte	0x3
 698 0131 1E       		.byte	0x1e
 699 0132 A1000000 		.4byte	0xa1
ARM GAS  C:\Users\Computer\AppData\Local\Temp\ccr7ZqCM.s 			page 16


 700 0136 08       		.uleb128 0x8
 701 0137 01       		.byte	0x1
 702 0138 B2010000 		.4byte	.LASF35
 703 013c 01       		.byte	0x1
 704 013d 1C       		.byte	0x1c
 705 013e 01       		.byte	0x1
 706 013f 6F000000 		.4byte	0x6f
 707 0143 01       		.byte	0x1
 708 0144 54010000 		.4byte	0x154
 709 0148 09       		.uleb128 0x9
 710 0149 76616C00 		.ascii	"val\000"
 711 014d 01       		.byte	0x1
 712 014e 1C       		.byte	0x1c
 713 014f 6F000000 		.4byte	0x6f
 714 0153 00       		.byte	0
 715 0154 0A       		.uleb128 0xa
 716 0155 36010000 		.4byte	0x136
 717 0159 00000000 		.4byte	.LFB33
 718 015d 1A000000 		.4byte	.LFE33
 719 0161 00000000 		.4byte	.LLST0
 720 0165 01       		.byte	0x1
 721 0166 74010000 		.4byte	0x174
 722 016a 0B       		.uleb128 0xb
 723 016b 48010000 		.4byte	0x148
 724 016f 20000000 		.4byte	.LLST1
 725 0173 00       		.byte	0
 726 0174 0C       		.uleb128 0xc
 727 0175 01       		.byte	0x1
 728 0176 00000000 		.4byte	.LASF24
 729 017a 01       		.byte	0x1
 730 017b 22       		.byte	0x22
 731 017c 01       		.byte	0x1
 732 017d 6F000000 		.4byte	0x6f
 733 0181 00000000 		.4byte	.LFB34
 734 0185 12000000 		.4byte	.LFE34
 735 0189 02       		.byte	0x2
 736 018a 7D       		.byte	0x7d
 737 018b 00       		.sleb128 0
 738 018c 01       		.byte	0x1
 739 018d A1010000 		.4byte	0x1a1
 740 0191 0D       		.uleb128 0xd
 741 0192 76616C00 		.ascii	"val\000"
 742 0196 01       		.byte	0x1
 743 0197 22       		.byte	0x22
 744 0198 6F000000 		.4byte	0x6f
 745 019c 41000000 		.4byte	.LLST2
 746 01a0 00       		.byte	0
 747 01a1 0E       		.uleb128 0xe
 748 01a2 01       		.byte	0x1
 749 01a3 D5000000 		.4byte	.LASF22
 750 01a7 01       		.byte	0x1
 751 01a8 27       		.byte	0x27
 752 01a9 01       		.byte	0x1
 753 01aa 00000000 		.4byte	.LFB35
 754 01ae 1E000000 		.4byte	.LFE35
 755 01b2 02       		.byte	0x2
 756 01b3 7D       		.byte	0x7d
ARM GAS  C:\Users\Computer\AppData\Local\Temp\ccr7ZqCM.s 			page 17


 757 01b4 00       		.sleb128 0
 758 01b5 01       		.byte	0x1
 759 01b6 C8010000 		.4byte	0x1c8
 760 01ba 0F       		.uleb128 0xf
 761 01bb 52544300 		.ascii	"RTC\000"
 762 01bf 01       		.byte	0x1
 763 01c0 27       		.byte	0x27
 764 01c1 C8010000 		.4byte	0x1c8
 765 01c5 01       		.byte	0x1
 766 01c6 50       		.byte	0x50
 767 01c7 00       		.byte	0
 768 01c8 10       		.uleb128 0x10
 769 01c9 04       		.byte	0x4
 770 01ca 2B010000 		.4byte	0x12b
 771 01ce 0E       		.uleb128 0xe
 772 01cf 01       		.byte	0x1
 773 01d0 68020000 		.4byte	.LASF23
 774 01d4 01       		.byte	0x1
 775 01d5 34       		.byte	0x34
 776 01d6 01       		.byte	0x1
 777 01d7 00000000 		.4byte	.LFB36
 778 01db 16000000 		.4byte	.LFE36
 779 01df 02       		.byte	0x2
 780 01e0 7D       		.byte	0x7d
 781 01e1 00       		.sleb128 0
 782 01e2 01       		.byte	0x1
 783 01e3 F5010000 		.4byte	0x1f5
 784 01e7 0F       		.uleb128 0xf
 785 01e8 52544300 		.ascii	"RTC\000"
 786 01ec 01       		.byte	0x1
 787 01ed 34       		.byte	0x34
 788 01ee C8010000 		.4byte	0x1c8
 789 01f2 01       		.byte	0x1
 790 01f3 50       		.byte	0x50
 791 01f4 00       		.byte	0
 792 01f5 11       		.uleb128 0x11
 793 01f6 01       		.byte	0x1
 794 01f7 8C000000 		.4byte	.LASF25
 795 01fb 01       		.byte	0x1
 796 01fc 41       		.byte	0x41
 797 01fd 01       		.byte	0x1
 798 01fe 6F000000 		.4byte	0x6f
 799 0202 00000000 		.4byte	.LFB37
 800 0206 22000000 		.4byte	.LFE37
 801 020a 62000000 		.4byte	.LLST3
 802 020e 01       		.byte	0x1
 803 020f 8B020000 		.4byte	0x28b
 804 0213 12       		.uleb128 0x12
 805 0214 A9010000 		.4byte	.LASF26
 806 0218 01       		.byte	0x1
 807 0219 41       		.byte	0x41
 808 021a 6F000000 		.4byte	0x6f
 809 021e 82000000 		.4byte	.LLST4
 810 0222 12       		.uleb128 0x12
 811 0223 FF010000 		.4byte	.LASF27
 812 0227 01       		.byte	0x1
 813 0228 41       		.byte	0x41
ARM GAS  C:\Users\Computer\AppData\Local\Temp\ccr7ZqCM.s 			page 18


 814 0229 6F000000 		.4byte	0x6f
 815 022d A3000000 		.4byte	.LLST5
 816 0231 13       		.uleb128 0x13
 817 0232 C3000000 		.4byte	.LASF29
 818 0236 01       		.byte	0x1
 819 0237 43       		.byte	0x43
 820 0238 6F000000 		.4byte	0x6f
 821 023c C4000000 		.4byte	.LLST6
 822 0240 14       		.uleb128 0x14
 823 0241 0E000000 		.4byte	.LVL10
 824 0245 54050000 		.4byte	0x554
 825 0249 59020000 		.4byte	0x259
 826 024d 15       		.uleb128 0x15
 827 024e 01       		.byte	0x1
 828 024f 51       		.byte	0x51
 829 0250 01       		.byte	0x1
 830 0251 30       		.byte	0x30
 831 0252 15       		.uleb128 0x15
 832 0253 01       		.byte	0x1
 833 0254 50       		.byte	0x50
 834 0255 02       		.byte	0x2
 835 0256 08       		.byte	0x8
 836 0257 51       		.byte	0x51
 837 0258 00       		.byte	0
 838 0259 14       		.uleb128 0x14
 839 025a 14000000 		.4byte	.LVL11
 840 025e 71050000 		.4byte	0x571
 841 0262 6D020000 		.4byte	0x26d
 842 0266 15       		.uleb128 0x15
 843 0267 01       		.byte	0x1
 844 0268 50       		.byte	0x50
 845 0269 02       		.byte	0x2
 846 026a 75       		.byte	0x75
 847 026b 00       		.sleb128 0
 848 026c 00       		.byte	0
 849 026d 14       		.uleb128 0x14
 850 026e 1A000000 		.4byte	.LVL12
 851 0272 71050000 		.4byte	0x571
 852 0276 81020000 		.4byte	0x281
 853 027a 15       		.uleb128 0x15
 854 027b 01       		.byte	0x1
 855 027c 50       		.byte	0x50
 856 027d 02       		.byte	0x2
 857 027e 74       		.byte	0x74
 858 027f 00       		.sleb128 0
 859 0280 00       		.byte	0
 860 0281 16       		.uleb128 0x16
 861 0282 1E000000 		.4byte	.LVL13
 862 0286 89050000 		.4byte	0x589
 863 028a 00       		.byte	0
 864 028b 17       		.uleb128 0x17
 865 028c 01       		.byte	0x1
 866 028d 11000000 		.4byte	.LASF28
 867 0291 01       		.byte	0x1
 868 0292 4A       		.byte	0x4a
 869 0293 01       		.byte	0x1
 870 0294 6F000000 		.4byte	0x6f
ARM GAS  C:\Users\Computer\AppData\Local\Temp\ccr7ZqCM.s 			page 19


 871 0298 00000000 		.4byte	.LFB38
 872 029c 56000000 		.4byte	.LFE38
 873 02a0 D7000000 		.4byte	.LLST7
 874 02a4 01       		.byte	0x1
 875 02a5 5D030000 		.4byte	0x35d
 876 02a9 0D       		.uleb128 0xd
 877 02aa 52544300 		.ascii	"RTC\000"
 878 02ae 01       		.byte	0x1
 879 02af 4A       		.byte	0x4a
 880 02b0 C8010000 		.4byte	0x1c8
 881 02b4 F7000000 		.4byte	.LLST8
 882 02b8 18       		.uleb128 0x18
 883 02b9 C3000000 		.4byte	.LASF29
 884 02bd 01       		.byte	0x1
 885 02be 4C       		.byte	0x4c
 886 02bf 6F000000 		.4byte	0x6f
 887 02c3 01       		.byte	0x1
 888 02c4 50       		.byte	0x50
 889 02c5 13       		.uleb128 0x13
 890 02c6 6A010000 		.4byte	.LASF15
 891 02ca 01       		.byte	0x1
 892 02cb 4D       		.byte	0x4d
 893 02cc 6F000000 		.4byte	0x6f
 894 02d0 23010000 		.4byte	.LLST9
 895 02d4 19       		.uleb128 0x19
 896 02d5 616D00   		.ascii	"am\000"
 897 02d8 01       		.byte	0x1
 898 02d9 4E       		.byte	0x4e
 899 02da 6F000000 		.4byte	0x6f
 900 02de 4A010000 		.4byte	.LLST10
 901 02e2 13       		.uleb128 0x13
 902 02e3 E3000000 		.4byte	.LASF20
 903 02e7 01       		.byte	0x1
 904 02e8 4F       		.byte	0x4f
 905 02e9 6F000000 		.4byte	0x6f
 906 02ed 95010000 		.4byte	.LLST11
 907 02f1 13       		.uleb128 0x13
 908 02f2 78010000 		.4byte	.LASF30
 909 02f6 01       		.byte	0x1
 910 02f7 50       		.byte	0x50
 911 02f8 6F000000 		.4byte	0x6f
 912 02fc CE010000 		.4byte	.LLST12
 913 0300 1A       		.uleb128 0x1a
 914 0301 36010000 		.4byte	0x136
 915 0305 06000000 		.4byte	.LBB6
 916 0309 00000000 		.4byte	.Ldebug_ranges0+0
 917 030d 01       		.byte	0x1
 918 030e 4D       		.byte	0x4d
 919 030f 1D030000 		.4byte	0x31d
 920 0313 0B       		.uleb128 0xb
 921 0314 48010000 		.4byte	0x148
 922 0318 6B020000 		.4byte	.LLST13
 923 031c 00       		.byte	0
 924 031d 1B       		.uleb128 0x1b
 925 031e 36010000 		.4byte	0x136
 926 0322 38000000 		.4byte	.LBB10
 927 0326 4C000000 		.4byte	.LBE10
ARM GAS  C:\Users\Computer\AppData\Local\Temp\ccr7ZqCM.s 			page 20


 928 032a 01       		.byte	0x1
 929 032b 52       		.byte	0x52
 930 032c 3A030000 		.4byte	0x33a
 931 0330 0B       		.uleb128 0xb
 932 0331 48010000 		.4byte	0x148
 933 0335 96020000 		.4byte	.LLST14
 934 0339 00       		.byte	0
 935 033a 14       		.uleb128 0x14
 936 033b 36000000 		.4byte	.LVL24
 937 033f F5010000 		.4byte	0x1f5
 938 0343 4D030000 		.4byte	0x34d
 939 0347 15       		.uleb128 0x15
 940 0348 01       		.byte	0x1
 941 0349 50       		.byte	0x50
 942 034a 01       		.byte	0x1
 943 034b 34       		.byte	0x34
 944 034c 00       		.byte	0
 945 034d 1C       		.uleb128 0x1c
 946 034e 54000000 		.4byte	.LVL28
 947 0352 F5010000 		.4byte	0x1f5
 948 0356 15       		.uleb128 0x15
 949 0357 01       		.byte	0x1
 950 0358 50       		.byte	0x50
 951 0359 01       		.byte	0x1
 952 035a 33       		.byte	0x33
 953 035b 00       		.byte	0
 954 035c 00       		.byte	0
 955 035d 11       		.uleb128 0x11
 956 035e 01       		.byte	0x1
 957 035f 09000000 		.4byte	.LASF31
 958 0363 01       		.byte	0x1
 959 0364 59       		.byte	0x59
 960 0365 01       		.byte	0x1
 961 0366 6F000000 		.4byte	0x6f
 962 036a 00000000 		.4byte	.LFB39
 963 036e 3E000000 		.4byte	.LFE39
 964 0372 B8020000 		.4byte	.LLST15
 965 0376 01       		.byte	0x1
 966 0377 22040000 		.4byte	0x422
 967 037b 0D       		.uleb128 0xd
 968 037c 52544300 		.ascii	"RTC\000"
 969 0380 01       		.byte	0x1
 970 0381 59       		.byte	0x59
 971 0382 C8010000 		.4byte	0x1c8
 972 0386 D8020000 		.4byte	.LLST16
 973 038a 13       		.uleb128 0x13
 974 038b C3000000 		.4byte	.LASF29
 975 038f 01       		.byte	0x1
 976 0390 5B       		.byte	0x5b
 977 0391 6F000000 		.4byte	0x6f
 978 0395 04030000 		.4byte	.LLST17
 979 0399 14       		.uleb128 0x14
 980 039a 0C000000 		.4byte	.LVL33
 981 039e 54050000 		.4byte	0x554
 982 03a2 B2030000 		.4byte	0x3b2
 983 03a6 15       		.uleb128 0x15
 984 03a7 01       		.byte	0x1
ARM GAS  C:\Users\Computer\AppData\Local\Temp\ccr7ZqCM.s 			page 21


 985 03a8 51       		.byte	0x51
 986 03a9 01       		.byte	0x1
 987 03aa 30       		.byte	0x30
 988 03ab 15       		.uleb128 0x15
 989 03ac 01       		.byte	0x1
 990 03ad 50       		.byte	0x50
 991 03ae 02       		.byte	0x2
 992 03af 08       		.byte	0x8
 993 03b0 51       		.byte	0x51
 994 03b1 00       		.byte	0
 995 03b2 14       		.uleb128 0x14
 996 03b3 12000000 		.4byte	.LVL34
 997 03b7 71050000 		.4byte	0x571
 998 03bb C5030000 		.4byte	0x3c5
 999 03bf 15       		.uleb128 0x15
 1000 03c0 01       		.byte	0x1
 1001 03c1 50       		.byte	0x50
 1002 03c2 01       		.byte	0x1
 1003 03c3 32       		.byte	0x32
 1004 03c4 00       		.byte	0
 1005 03c5 14       		.uleb128 0x14
 1006 03c6 1A000000 		.4byte	.LVL35
 1007 03ca 97050000 		.4byte	0x597
 1008 03ce DF030000 		.4byte	0x3df
 1009 03d2 15       		.uleb128 0x15
 1010 03d3 01       		.byte	0x1
 1011 03d4 51       		.byte	0x51
 1012 03d5 02       		.byte	0x2
 1013 03d6 08       		.byte	0x8
 1014 03d7 FF       		.byte	0xff
 1015 03d8 15       		.uleb128 0x15
 1016 03d9 01       		.byte	0x1
 1017 03da 50       		.byte	0x50
 1018 03db 02       		.byte	0x2
 1019 03dc 08       		.byte	0x8
 1020 03dd 51       		.byte	0x51
 1021 03de 00       		.byte	0
 1022 03df 14       		.uleb128 0x14
 1023 03e0 20000000 		.4byte	.LVL36
 1024 03e4 B4050000 		.4byte	0x5b4
 1025 03e8 F2030000 		.4byte	0x3f2
 1026 03ec 15       		.uleb128 0x15
 1027 03ed 01       		.byte	0x1
 1028 03ee 50       		.byte	0x50
 1029 03ef 01       		.byte	0x1
 1030 03f0 30       		.byte	0x30
 1031 03f1 00       		.byte	0
 1032 03f2 14       		.uleb128 0x14
 1033 03f3 28000000 		.4byte	.LVL37
 1034 03f7 B4050000 		.4byte	0x5b4
 1035 03fb 05040000 		.4byte	0x405
 1036 03ff 15       		.uleb128 0x15
 1037 0400 01       		.byte	0x1
 1038 0401 50       		.byte	0x50
 1039 0402 01       		.byte	0x1
 1040 0403 30       		.byte	0x30
 1041 0404 00       		.byte	0
ARM GAS  C:\Users\Computer\AppData\Local\Temp\ccr7ZqCM.s 			page 22


 1042 0405 14       		.uleb128 0x14
 1043 0406 30000000 		.4byte	.LVL38
 1044 040a B4050000 		.4byte	0x5b4
 1045 040e 18040000 		.4byte	0x418
 1046 0412 15       		.uleb128 0x15
 1047 0413 01       		.byte	0x1
 1048 0414 50       		.byte	0x50
 1049 0415 01       		.byte	0x1
 1050 0416 31       		.byte	0x31
 1051 0417 00       		.byte	0
 1052 0418 16       		.uleb128 0x16
 1053 0419 3A000000 		.4byte	.LVL39
 1054 041d 89050000 		.4byte	0x589
 1055 0421 00       		.byte	0
 1056 0422 1D       		.uleb128 0x1d
 1057 0423 01       		.byte	0x1
 1058 0424 19000000 		.4byte	.LASF32
 1059 0428 01       		.byte	0x1
 1060 0429 67       		.byte	0x67
 1061 042a 01       		.byte	0x1
 1062 042b 00000000 		.4byte	.LFB40
 1063 042f 9C000000 		.4byte	.LFE40
 1064 0433 17030000 		.4byte	.LLST18
 1065 0437 01       		.byte	0x1
 1066 0438 4E050000 		.4byte	0x54e
 1067 043c 12       		.uleb128 0x12
 1068 043d A9010000 		.4byte	.LASF26
 1069 0441 01       		.byte	0x1
 1070 0442 67       		.byte	0x67
 1071 0443 6F000000 		.4byte	0x6f
 1072 0447 43030000 		.4byte	.LLST19
 1073 044b 12       		.uleb128 0x12
 1074 044c 08020000 		.4byte	.LASF33
 1075 0450 01       		.byte	0x1
 1076 0451 67       		.byte	0x67
 1077 0452 4E050000 		.4byte	0x54e
 1078 0456 64030000 		.4byte	.LLST20
 1079 045a 12       		.uleb128 0x12
 1080 045b 6F010000 		.4byte	.LASF34
 1081 045f 01       		.byte	0x1
 1082 0460 67       		.byte	0x67
 1083 0461 6F000000 		.4byte	0x6f
 1084 0465 9B030000 		.4byte	.LLST21
 1085 0469 13       		.uleb128 0x13
 1086 046a C3000000 		.4byte	.LASF29
 1087 046e 01       		.byte	0x1
 1088 046f 69       		.byte	0x69
 1089 0470 6F000000 		.4byte	0x6f
 1090 0474 BC030000 		.4byte	.LLST22
 1091 0478 1E       		.uleb128 0x1e
 1092 0479 18000000 		.4byte	.Ldebug_ranges0+0x18
 1093 047d FD040000 		.4byte	0x4fd
 1094 0481 19       		.uleb128 0x19
 1095 0482 6900     		.ascii	"i\000"
 1096 0484 01       		.byte	0x1
 1097 0485 70       		.byte	0x70
 1098 0486 61000000 		.4byte	0x61
ARM GAS  C:\Users\Computer\AppData\Local\Temp\ccr7ZqCM.s 			page 23


 1099 048a CF030000 		.4byte	.LLST23
 1100 048e 14       		.uleb128 0x14
 1101 048f 3E000000 		.4byte	.LVL50
 1102 0493 B4050000 		.4byte	0x5b4
 1103 0497 A1040000 		.4byte	0x4a1
 1104 049b 15       		.uleb128 0x15
 1105 049c 01       		.byte	0x1
 1106 049d 50       		.byte	0x50
 1107 049e 01       		.byte	0x1
 1108 049f 31       		.byte	0x31
 1109 04a0 00       		.byte	0
 1110 04a1 14       		.uleb128 0x14
 1111 04a2 56000000 		.4byte	.LVL51
 1112 04a6 B4050000 		.4byte	0x5b4
 1113 04aa B4040000 		.4byte	0x4b4
 1114 04ae 15       		.uleb128 0x15
 1115 04af 01       		.byte	0x1
 1116 04b0 50       		.byte	0x50
 1117 04b1 01       		.byte	0x1
 1118 04b2 31       		.byte	0x31
 1119 04b3 00       		.byte	0
 1120 04b4 14       		.uleb128 0x14
 1121 04b5 68000000 		.4byte	.LVL52
 1122 04b9 B4050000 		.4byte	0x5b4
 1123 04bd C7040000 		.4byte	0x4c7
 1124 04c1 15       		.uleb128 0x15
 1125 04c2 01       		.byte	0x1
 1126 04c3 50       		.byte	0x50
 1127 04c4 01       		.byte	0x1
 1128 04c5 30       		.byte	0x30
 1129 04c6 00       		.byte	0
 1130 04c7 14       		.uleb128 0x14
 1131 04c8 76000000 		.4byte	.LVL53
 1132 04cc B4050000 		.4byte	0x5b4
 1133 04d0 DA040000 		.4byte	0x4da
 1134 04d4 15       		.uleb128 0x15
 1135 04d5 01       		.byte	0x1
 1136 04d6 50       		.byte	0x50
 1137 04d7 01       		.byte	0x1
 1138 04d8 30       		.byte	0x30
 1139 04d9 00       		.byte	0
 1140 04da 14       		.uleb128 0x14
 1141 04db 8E000000 		.4byte	.LVL58
 1142 04df B4050000 		.4byte	0x5b4
 1143 04e3 ED040000 		.4byte	0x4ed
 1144 04e7 15       		.uleb128 0x15
 1145 04e8 01       		.byte	0x1
 1146 04e9 50       		.byte	0x50
 1147 04ea 01       		.byte	0x1
 1148 04eb 30       		.byte	0x30
 1149 04ec 00       		.byte	0
 1150 04ed 1C       		.uleb128 0x1c
 1151 04ee 98000000 		.4byte	.LVL59
 1152 04f2 B4050000 		.4byte	0x5b4
 1153 04f6 15       		.uleb128 0x15
 1154 04f7 01       		.byte	0x1
 1155 04f8 50       		.byte	0x50
ARM GAS  C:\Users\Computer\AppData\Local\Temp\ccr7ZqCM.s 			page 24


 1156 04f9 01       		.byte	0x1
 1157 04fa 31       		.byte	0x31
 1158 04fb 00       		.byte	0
 1159 04fc 00       		.byte	0
 1160 04fd 14       		.uleb128 0x14
 1161 04fe 14000000 		.4byte	.LVL45
 1162 0502 54050000 		.4byte	0x554
 1163 0506 16050000 		.4byte	0x516
 1164 050a 15       		.uleb128 0x15
 1165 050b 01       		.byte	0x1
 1166 050c 51       		.byte	0x51
 1167 050d 01       		.byte	0x1
 1168 050e 30       		.byte	0x30
 1169 050f 15       		.uleb128 0x15
 1170 0510 01       		.byte	0x1
 1171 0511 50       		.byte	0x50
 1172 0512 02       		.byte	0x2
 1173 0513 08       		.byte	0x8
 1174 0514 51       		.byte	0x51
 1175 0515 00       		.byte	0
 1176 0516 14       		.uleb128 0x14
 1177 0517 1A000000 		.4byte	.LVL46
 1178 051b 71050000 		.4byte	0x571
 1179 051f 2A050000 		.4byte	0x52a
 1180 0523 15       		.uleb128 0x15
 1181 0524 01       		.byte	0x1
 1182 0525 50       		.byte	0x50
 1183 0526 02       		.byte	0x2
 1184 0527 74       		.byte	0x74
 1185 0528 00       		.sleb128 0
 1186 0529 00       		.byte	0
 1187 052a 14       		.uleb128 0x14
 1188 052b 22000000 		.4byte	.LVL47
 1189 052f 97050000 		.4byte	0x597
 1190 0533 44050000 		.4byte	0x544
 1191 0537 15       		.uleb128 0x15
 1192 0538 01       		.byte	0x1
 1193 0539 51       		.byte	0x51
 1194 053a 02       		.byte	0x2
 1195 053b 08       		.byte	0x8
 1196 053c FF       		.byte	0xff
 1197 053d 15       		.uleb128 0x15
 1198 053e 01       		.byte	0x1
 1199 053f 50       		.byte	0x50
 1200 0540 02       		.byte	0x2
 1201 0541 08       		.byte	0x8
 1202 0542 51       		.byte	0x51
 1203 0543 00       		.byte	0
 1204 0544 16       		.uleb128 0x16
 1205 0545 82000000 		.4byte	.LVL55
 1206 0549 89050000 		.4byte	0x589
 1207 054d 00       		.byte	0
 1208 054e 10       		.uleb128 0x10
 1209 054f 04       		.byte	0x4
 1210 0550 6F000000 		.4byte	0x6f
 1211 0554 1F       		.uleb128 0x1f
 1212 0555 01       		.byte	0x1
ARM GAS  C:\Users\Computer\AppData\Local\Temp\ccr7ZqCM.s 			page 25


 1213 0556 2F010000 		.4byte	.LASF36
 1214 055a 04       		.byte	0x4
 1215 055b 99       		.byte	0x99
 1216 055c 01       		.byte	0x1
 1217 055d 7A000000 		.4byte	0x7a
 1218 0561 01       		.byte	0x1
 1219 0562 71050000 		.4byte	0x571
 1220 0566 20       		.uleb128 0x20
 1221 0567 7A000000 		.4byte	0x7a
 1222 056b 20       		.uleb128 0x20
 1223 056c 7A000000 		.4byte	0x7a
 1224 0570 00       		.byte	0
 1225 0571 1F       		.uleb128 0x1f
 1226 0572 01       		.byte	0x1
 1227 0573 67000000 		.4byte	.LASF37
 1228 0577 04       		.byte	0x4
 1229 0578 9C       		.byte	0x9c
 1230 0579 01       		.byte	0x1
 1231 057a 7A000000 		.4byte	0x7a
 1232 057e 01       		.byte	0x1
 1233 057f 89050000 		.4byte	0x589
 1234 0583 20       		.uleb128 0x20
 1235 0584 7A000000 		.4byte	0x7a
 1236 0588 00       		.byte	0
 1237 0589 21       		.uleb128 0x21
 1238 058a 01       		.byte	0x1
 1239 058b AD000000 		.4byte	.LASF43
 1240 058f 04       		.byte	0x4
 1241 0590 9B       		.byte	0x9b
 1242 0591 01       		.byte	0x1
 1243 0592 7A000000 		.4byte	0x7a
 1244 0596 01       		.byte	0x1
 1245 0597 1F       		.uleb128 0x1f
 1246 0598 01       		.byte	0x1
 1247 0599 BB010000 		.4byte	.LASF38
 1248 059d 04       		.byte	0x4
 1249 059e 9A       		.byte	0x9a
 1250 059f 01       		.byte	0x1
 1251 05a0 7A000000 		.4byte	0x7a
 1252 05a4 01       		.byte	0x1
 1253 05a5 B4050000 		.4byte	0x5b4
 1254 05a9 20       		.uleb128 0x20
 1255 05aa 7A000000 		.4byte	0x7a
 1256 05ae 20       		.uleb128 0x20
 1257 05af 7A000000 		.4byte	0x7a
 1258 05b3 00       		.byte	0
 1259 05b4 22       		.uleb128 0x22
 1260 05b5 01       		.byte	0x1
 1261 05b6 32000000 		.4byte	.LASF44
 1262 05ba 04       		.byte	0x4
 1263 05bb 9D       		.byte	0x9d
 1264 05bc 01       		.byte	0x1
 1265 05bd 7A000000 		.4byte	0x7a
 1266 05c1 01       		.byte	0x1
 1267 05c2 20       		.uleb128 0x20
 1268 05c3 7A000000 		.4byte	0x7a
 1269 05c7 00       		.byte	0
ARM GAS  C:\Users\Computer\AppData\Local\Temp\ccr7ZqCM.s 			page 26


 1270 05c8 00       		.byte	0
 1271              		.section	.debug_abbrev,"",%progbits
 1272              	.Ldebug_abbrev0:
 1273 0000 01       		.uleb128 0x1
 1274 0001 11       		.uleb128 0x11
 1275 0002 01       		.byte	0x1
 1276 0003 25       		.uleb128 0x25
 1277 0004 0E       		.uleb128 0xe
 1278 0005 13       		.uleb128 0x13
 1279 0006 0B       		.uleb128 0xb
 1280 0007 03       		.uleb128 0x3
 1281 0008 0E       		.uleb128 0xe
 1282 0009 1B       		.uleb128 0x1b
 1283 000a 0E       		.uleb128 0xe
 1284 000b 55       		.uleb128 0x55
 1285 000c 06       		.uleb128 0x6
 1286 000d 11       		.uleb128 0x11
 1287 000e 01       		.uleb128 0x1
 1288 000f 52       		.uleb128 0x52
 1289 0010 01       		.uleb128 0x1
 1290 0011 10       		.uleb128 0x10
 1291 0012 06       		.uleb128 0x6
 1292 0013 00       		.byte	0
 1293 0014 00       		.byte	0
 1294 0015 02       		.uleb128 0x2
 1295 0016 24       		.uleb128 0x24
 1296 0017 00       		.byte	0
 1297 0018 0B       		.uleb128 0xb
 1298 0019 0B       		.uleb128 0xb
 1299 001a 3E       		.uleb128 0x3e
 1300 001b 0B       		.uleb128 0xb
 1301 001c 03       		.uleb128 0x3
 1302 001d 0E       		.uleb128 0xe
 1303 001e 00       		.byte	0
 1304 001f 00       		.byte	0
 1305 0020 03       		.uleb128 0x3
 1306 0021 24       		.uleb128 0x24
 1307 0022 00       		.byte	0
 1308 0023 0B       		.uleb128 0xb
 1309 0024 0B       		.uleb128 0xb
 1310 0025 3E       		.uleb128 0x3e
 1311 0026 0B       		.uleb128 0xb
 1312 0027 03       		.uleb128 0x3
 1313 0028 08       		.uleb128 0x8
 1314 0029 00       		.byte	0
 1315 002a 00       		.byte	0
 1316 002b 04       		.uleb128 0x4
 1317 002c 16       		.uleb128 0x16
 1318 002d 00       		.byte	0
 1319 002e 03       		.uleb128 0x3
 1320 002f 0E       		.uleb128 0xe
 1321 0030 3A       		.uleb128 0x3a
 1322 0031 0B       		.uleb128 0xb
 1323 0032 3B       		.uleb128 0x3b
 1324 0033 0B       		.uleb128 0xb
 1325 0034 49       		.uleb128 0x49
 1326 0035 13       		.uleb128 0x13
ARM GAS  C:\Users\Computer\AppData\Local\Temp\ccr7ZqCM.s 			page 27


 1327 0036 00       		.byte	0
 1328 0037 00       		.byte	0
 1329 0038 05       		.uleb128 0x5
 1330 0039 13       		.uleb128 0x13
 1331 003a 01       		.byte	0x1
 1332 003b 03       		.uleb128 0x3
 1333 003c 0E       		.uleb128 0xe
 1334 003d 0B       		.uleb128 0xb
 1335 003e 0B       		.uleb128 0xb
 1336 003f 3A       		.uleb128 0x3a
 1337 0040 0B       		.uleb128 0xb
 1338 0041 3B       		.uleb128 0x3b
 1339 0042 0B       		.uleb128 0xb
 1340 0043 01       		.uleb128 0x1
 1341 0044 13       		.uleb128 0x13
 1342 0045 00       		.byte	0
 1343 0046 00       		.byte	0
 1344 0047 06       		.uleb128 0x6
 1345 0048 0D       		.uleb128 0xd
 1346 0049 00       		.byte	0
 1347 004a 03       		.uleb128 0x3
 1348 004b 0E       		.uleb128 0xe
 1349 004c 3A       		.uleb128 0x3a
 1350 004d 0B       		.uleb128 0xb
 1351 004e 3B       		.uleb128 0x3b
 1352 004f 0B       		.uleb128 0xb
 1353 0050 49       		.uleb128 0x49
 1354 0051 13       		.uleb128 0x13
 1355 0052 38       		.uleb128 0x38
 1356 0053 0A       		.uleb128 0xa
 1357 0054 00       		.byte	0
 1358 0055 00       		.byte	0
 1359 0056 07       		.uleb128 0x7
 1360 0057 0D       		.uleb128 0xd
 1361 0058 00       		.byte	0
 1362 0059 03       		.uleb128 0x3
 1363 005a 08       		.uleb128 0x8
 1364 005b 3A       		.uleb128 0x3a
 1365 005c 0B       		.uleb128 0xb
 1366 005d 3B       		.uleb128 0x3b
 1367 005e 0B       		.uleb128 0xb
 1368 005f 49       		.uleb128 0x49
 1369 0060 13       		.uleb128 0x13
 1370 0061 38       		.uleb128 0x38
 1371 0062 0A       		.uleb128 0xa
 1372 0063 00       		.byte	0
 1373 0064 00       		.byte	0
 1374 0065 08       		.uleb128 0x8
 1375 0066 2E       		.uleb128 0x2e
 1376 0067 01       		.byte	0x1
 1377 0068 3F       		.uleb128 0x3f
 1378 0069 0C       		.uleb128 0xc
 1379 006a 03       		.uleb128 0x3
 1380 006b 0E       		.uleb128 0xe
 1381 006c 3A       		.uleb128 0x3a
 1382 006d 0B       		.uleb128 0xb
 1383 006e 3B       		.uleb128 0x3b
ARM GAS  C:\Users\Computer\AppData\Local\Temp\ccr7ZqCM.s 			page 28


 1384 006f 0B       		.uleb128 0xb
 1385 0070 27       		.uleb128 0x27
 1386 0071 0C       		.uleb128 0xc
 1387 0072 49       		.uleb128 0x49
 1388 0073 13       		.uleb128 0x13
 1389 0074 20       		.uleb128 0x20
 1390 0075 0B       		.uleb128 0xb
 1391 0076 01       		.uleb128 0x1
 1392 0077 13       		.uleb128 0x13
 1393 0078 00       		.byte	0
 1394 0079 00       		.byte	0
 1395 007a 09       		.uleb128 0x9
 1396 007b 05       		.uleb128 0x5
 1397 007c 00       		.byte	0
 1398 007d 03       		.uleb128 0x3
 1399 007e 08       		.uleb128 0x8
 1400 007f 3A       		.uleb128 0x3a
 1401 0080 0B       		.uleb128 0xb
 1402 0081 3B       		.uleb128 0x3b
 1403 0082 0B       		.uleb128 0xb
 1404 0083 49       		.uleb128 0x49
 1405 0084 13       		.uleb128 0x13
 1406 0085 00       		.byte	0
 1407 0086 00       		.byte	0
 1408 0087 0A       		.uleb128 0xa
 1409 0088 2E       		.uleb128 0x2e
 1410 0089 01       		.byte	0x1
 1411 008a 31       		.uleb128 0x31
 1412 008b 13       		.uleb128 0x13
 1413 008c 11       		.uleb128 0x11
 1414 008d 01       		.uleb128 0x1
 1415 008e 12       		.uleb128 0x12
 1416 008f 01       		.uleb128 0x1
 1417 0090 40       		.uleb128 0x40
 1418 0091 06       		.uleb128 0x6
 1419 0092 9642     		.uleb128 0x2116
 1420 0094 0C       		.uleb128 0xc
 1421 0095 01       		.uleb128 0x1
 1422 0096 13       		.uleb128 0x13
 1423 0097 00       		.byte	0
 1424 0098 00       		.byte	0
 1425 0099 0B       		.uleb128 0xb
 1426 009a 05       		.uleb128 0x5
 1427 009b 00       		.byte	0
 1428 009c 31       		.uleb128 0x31
 1429 009d 13       		.uleb128 0x13
 1430 009e 02       		.uleb128 0x2
 1431 009f 06       		.uleb128 0x6
 1432 00a0 00       		.byte	0
 1433 00a1 00       		.byte	0
 1434 00a2 0C       		.uleb128 0xc
 1435 00a3 2E       		.uleb128 0x2e
 1436 00a4 01       		.byte	0x1
 1437 00a5 3F       		.uleb128 0x3f
 1438 00a6 0C       		.uleb128 0xc
 1439 00a7 03       		.uleb128 0x3
 1440 00a8 0E       		.uleb128 0xe
ARM GAS  C:\Users\Computer\AppData\Local\Temp\ccr7ZqCM.s 			page 29


 1441 00a9 3A       		.uleb128 0x3a
 1442 00aa 0B       		.uleb128 0xb
 1443 00ab 3B       		.uleb128 0x3b
 1444 00ac 0B       		.uleb128 0xb
 1445 00ad 27       		.uleb128 0x27
 1446 00ae 0C       		.uleb128 0xc
 1447 00af 49       		.uleb128 0x49
 1448 00b0 13       		.uleb128 0x13
 1449 00b1 11       		.uleb128 0x11
 1450 00b2 01       		.uleb128 0x1
 1451 00b3 12       		.uleb128 0x12
 1452 00b4 01       		.uleb128 0x1
 1453 00b5 40       		.uleb128 0x40
 1454 00b6 0A       		.uleb128 0xa
 1455 00b7 9742     		.uleb128 0x2117
 1456 00b9 0C       		.uleb128 0xc
 1457 00ba 01       		.uleb128 0x1
 1458 00bb 13       		.uleb128 0x13
 1459 00bc 00       		.byte	0
 1460 00bd 00       		.byte	0
 1461 00be 0D       		.uleb128 0xd
 1462 00bf 05       		.uleb128 0x5
 1463 00c0 00       		.byte	0
 1464 00c1 03       		.uleb128 0x3
 1465 00c2 08       		.uleb128 0x8
 1466 00c3 3A       		.uleb128 0x3a
 1467 00c4 0B       		.uleb128 0xb
 1468 00c5 3B       		.uleb128 0x3b
 1469 00c6 0B       		.uleb128 0xb
 1470 00c7 49       		.uleb128 0x49
 1471 00c8 13       		.uleb128 0x13
 1472 00c9 02       		.uleb128 0x2
 1473 00ca 06       		.uleb128 0x6
 1474 00cb 00       		.byte	0
 1475 00cc 00       		.byte	0
 1476 00cd 0E       		.uleb128 0xe
 1477 00ce 2E       		.uleb128 0x2e
 1478 00cf 01       		.byte	0x1
 1479 00d0 3F       		.uleb128 0x3f
 1480 00d1 0C       		.uleb128 0xc
 1481 00d2 03       		.uleb128 0x3
 1482 00d3 0E       		.uleb128 0xe
 1483 00d4 3A       		.uleb128 0x3a
 1484 00d5 0B       		.uleb128 0xb
 1485 00d6 3B       		.uleb128 0x3b
 1486 00d7 0B       		.uleb128 0xb
 1487 00d8 27       		.uleb128 0x27
 1488 00d9 0C       		.uleb128 0xc
 1489 00da 11       		.uleb128 0x11
 1490 00db 01       		.uleb128 0x1
 1491 00dc 12       		.uleb128 0x12
 1492 00dd 01       		.uleb128 0x1
 1493 00de 40       		.uleb128 0x40
 1494 00df 0A       		.uleb128 0xa
 1495 00e0 9742     		.uleb128 0x2117
 1496 00e2 0C       		.uleb128 0xc
 1497 00e3 01       		.uleb128 0x1
ARM GAS  C:\Users\Computer\AppData\Local\Temp\ccr7ZqCM.s 			page 30


 1498 00e4 13       		.uleb128 0x13
 1499 00e5 00       		.byte	0
 1500 00e6 00       		.byte	0
 1501 00e7 0F       		.uleb128 0xf
 1502 00e8 05       		.uleb128 0x5
 1503 00e9 00       		.byte	0
 1504 00ea 03       		.uleb128 0x3
 1505 00eb 08       		.uleb128 0x8
 1506 00ec 3A       		.uleb128 0x3a
 1507 00ed 0B       		.uleb128 0xb
 1508 00ee 3B       		.uleb128 0x3b
 1509 00ef 0B       		.uleb128 0xb
 1510 00f0 49       		.uleb128 0x49
 1511 00f1 13       		.uleb128 0x13
 1512 00f2 02       		.uleb128 0x2
 1513 00f3 0A       		.uleb128 0xa
 1514 00f4 00       		.byte	0
 1515 00f5 00       		.byte	0
 1516 00f6 10       		.uleb128 0x10
 1517 00f7 0F       		.uleb128 0xf
 1518 00f8 00       		.byte	0
 1519 00f9 0B       		.uleb128 0xb
 1520 00fa 0B       		.uleb128 0xb
 1521 00fb 49       		.uleb128 0x49
 1522 00fc 13       		.uleb128 0x13
 1523 00fd 00       		.byte	0
 1524 00fe 00       		.byte	0
 1525 00ff 11       		.uleb128 0x11
 1526 0100 2E       		.uleb128 0x2e
 1527 0101 01       		.byte	0x1
 1528 0102 3F       		.uleb128 0x3f
 1529 0103 0C       		.uleb128 0xc
 1530 0104 03       		.uleb128 0x3
 1531 0105 0E       		.uleb128 0xe
 1532 0106 3A       		.uleb128 0x3a
 1533 0107 0B       		.uleb128 0xb
 1534 0108 3B       		.uleb128 0x3b
 1535 0109 0B       		.uleb128 0xb
 1536 010a 27       		.uleb128 0x27
 1537 010b 0C       		.uleb128 0xc
 1538 010c 49       		.uleb128 0x49
 1539 010d 13       		.uleb128 0x13
 1540 010e 11       		.uleb128 0x11
 1541 010f 01       		.uleb128 0x1
 1542 0110 12       		.uleb128 0x12
 1543 0111 01       		.uleb128 0x1
 1544 0112 40       		.uleb128 0x40
 1545 0113 06       		.uleb128 0x6
 1546 0114 9742     		.uleb128 0x2117
 1547 0116 0C       		.uleb128 0xc
 1548 0117 01       		.uleb128 0x1
 1549 0118 13       		.uleb128 0x13
 1550 0119 00       		.byte	0
 1551 011a 00       		.byte	0
 1552 011b 12       		.uleb128 0x12
 1553 011c 05       		.uleb128 0x5
 1554 011d 00       		.byte	0
ARM GAS  C:\Users\Computer\AppData\Local\Temp\ccr7ZqCM.s 			page 31


 1555 011e 03       		.uleb128 0x3
 1556 011f 0E       		.uleb128 0xe
 1557 0120 3A       		.uleb128 0x3a
 1558 0121 0B       		.uleb128 0xb
 1559 0122 3B       		.uleb128 0x3b
 1560 0123 0B       		.uleb128 0xb
 1561 0124 49       		.uleb128 0x49
 1562 0125 13       		.uleb128 0x13
 1563 0126 02       		.uleb128 0x2
 1564 0127 06       		.uleb128 0x6
 1565 0128 00       		.byte	0
 1566 0129 00       		.byte	0
 1567 012a 13       		.uleb128 0x13
 1568 012b 34       		.uleb128 0x34
 1569 012c 00       		.byte	0
 1570 012d 03       		.uleb128 0x3
 1571 012e 0E       		.uleb128 0xe
 1572 012f 3A       		.uleb128 0x3a
 1573 0130 0B       		.uleb128 0xb
 1574 0131 3B       		.uleb128 0x3b
 1575 0132 0B       		.uleb128 0xb
 1576 0133 49       		.uleb128 0x49
 1577 0134 13       		.uleb128 0x13
 1578 0135 02       		.uleb128 0x2
 1579 0136 06       		.uleb128 0x6
 1580 0137 00       		.byte	0
 1581 0138 00       		.byte	0
 1582 0139 14       		.uleb128 0x14
 1583 013a 898201   		.uleb128 0x4109
 1584 013d 01       		.byte	0x1
 1585 013e 11       		.uleb128 0x11
 1586 013f 01       		.uleb128 0x1
 1587 0140 31       		.uleb128 0x31
 1588 0141 13       		.uleb128 0x13
 1589 0142 01       		.uleb128 0x1
 1590 0143 13       		.uleb128 0x13
 1591 0144 00       		.byte	0
 1592 0145 00       		.byte	0
 1593 0146 15       		.uleb128 0x15
 1594 0147 8A8201   		.uleb128 0x410a
 1595 014a 00       		.byte	0
 1596 014b 02       		.uleb128 0x2
 1597 014c 0A       		.uleb128 0xa
 1598 014d 9142     		.uleb128 0x2111
 1599 014f 0A       		.uleb128 0xa
 1600 0150 00       		.byte	0
 1601 0151 00       		.byte	0
 1602 0152 16       		.uleb128 0x16
 1603 0153 898201   		.uleb128 0x4109
 1604 0156 00       		.byte	0
 1605 0157 11       		.uleb128 0x11
 1606 0158 01       		.uleb128 0x1
 1607 0159 31       		.uleb128 0x31
 1608 015a 13       		.uleb128 0x13
 1609 015b 00       		.byte	0
 1610 015c 00       		.byte	0
 1611 015d 17       		.uleb128 0x17
ARM GAS  C:\Users\Computer\AppData\Local\Temp\ccr7ZqCM.s 			page 32


 1612 015e 2E       		.uleb128 0x2e
 1613 015f 01       		.byte	0x1
 1614 0160 3F       		.uleb128 0x3f
 1615 0161 0C       		.uleb128 0xc
 1616 0162 03       		.uleb128 0x3
 1617 0163 0E       		.uleb128 0xe
 1618 0164 3A       		.uleb128 0x3a
 1619 0165 0B       		.uleb128 0xb
 1620 0166 3B       		.uleb128 0x3b
 1621 0167 0B       		.uleb128 0xb
 1622 0168 27       		.uleb128 0x27
 1623 0169 0C       		.uleb128 0xc
 1624 016a 49       		.uleb128 0x49
 1625 016b 13       		.uleb128 0x13
 1626 016c 11       		.uleb128 0x11
 1627 016d 01       		.uleb128 0x1
 1628 016e 12       		.uleb128 0x12
 1629 016f 01       		.uleb128 0x1
 1630 0170 40       		.uleb128 0x40
 1631 0171 06       		.uleb128 0x6
 1632 0172 9642     		.uleb128 0x2116
 1633 0174 0C       		.uleb128 0xc
 1634 0175 01       		.uleb128 0x1
 1635 0176 13       		.uleb128 0x13
 1636 0177 00       		.byte	0
 1637 0178 00       		.byte	0
 1638 0179 18       		.uleb128 0x18
 1639 017a 34       		.uleb128 0x34
 1640 017b 00       		.byte	0
 1641 017c 03       		.uleb128 0x3
 1642 017d 0E       		.uleb128 0xe
 1643 017e 3A       		.uleb128 0x3a
 1644 017f 0B       		.uleb128 0xb
 1645 0180 3B       		.uleb128 0x3b
 1646 0181 0B       		.uleb128 0xb
 1647 0182 49       		.uleb128 0x49
 1648 0183 13       		.uleb128 0x13
 1649 0184 02       		.uleb128 0x2
 1650 0185 0A       		.uleb128 0xa
 1651 0186 00       		.byte	0
 1652 0187 00       		.byte	0
 1653 0188 19       		.uleb128 0x19
 1654 0189 34       		.uleb128 0x34
 1655 018a 00       		.byte	0
 1656 018b 03       		.uleb128 0x3
 1657 018c 08       		.uleb128 0x8
 1658 018d 3A       		.uleb128 0x3a
 1659 018e 0B       		.uleb128 0xb
 1660 018f 3B       		.uleb128 0x3b
 1661 0190 0B       		.uleb128 0xb
 1662 0191 49       		.uleb128 0x49
 1663 0192 13       		.uleb128 0x13
 1664 0193 02       		.uleb128 0x2
 1665 0194 06       		.uleb128 0x6
 1666 0195 00       		.byte	0
 1667 0196 00       		.byte	0
 1668 0197 1A       		.uleb128 0x1a
ARM GAS  C:\Users\Computer\AppData\Local\Temp\ccr7ZqCM.s 			page 33


 1669 0198 1D       		.uleb128 0x1d
 1670 0199 01       		.byte	0x1
 1671 019a 31       		.uleb128 0x31
 1672 019b 13       		.uleb128 0x13
 1673 019c 52       		.uleb128 0x52
 1674 019d 01       		.uleb128 0x1
 1675 019e 55       		.uleb128 0x55
 1676 019f 06       		.uleb128 0x6
 1677 01a0 58       		.uleb128 0x58
 1678 01a1 0B       		.uleb128 0xb
 1679 01a2 59       		.uleb128 0x59
 1680 01a3 0B       		.uleb128 0xb
 1681 01a4 01       		.uleb128 0x1
 1682 01a5 13       		.uleb128 0x13
 1683 01a6 00       		.byte	0
 1684 01a7 00       		.byte	0
 1685 01a8 1B       		.uleb128 0x1b
 1686 01a9 1D       		.uleb128 0x1d
 1687 01aa 01       		.byte	0x1
 1688 01ab 31       		.uleb128 0x31
 1689 01ac 13       		.uleb128 0x13
 1690 01ad 11       		.uleb128 0x11
 1691 01ae 01       		.uleb128 0x1
 1692 01af 12       		.uleb128 0x12
 1693 01b0 01       		.uleb128 0x1
 1694 01b1 58       		.uleb128 0x58
 1695 01b2 0B       		.uleb128 0xb
 1696 01b3 59       		.uleb128 0x59
 1697 01b4 0B       		.uleb128 0xb
 1698 01b5 01       		.uleb128 0x1
 1699 01b6 13       		.uleb128 0x13
 1700 01b7 00       		.byte	0
 1701 01b8 00       		.byte	0
 1702 01b9 1C       		.uleb128 0x1c
 1703 01ba 898201   		.uleb128 0x4109
 1704 01bd 01       		.byte	0x1
 1705 01be 11       		.uleb128 0x11
 1706 01bf 01       		.uleb128 0x1
 1707 01c0 31       		.uleb128 0x31
 1708 01c1 13       		.uleb128 0x13
 1709 01c2 00       		.byte	0
 1710 01c3 00       		.byte	0
 1711 01c4 1D       		.uleb128 0x1d
 1712 01c5 2E       		.uleb128 0x2e
 1713 01c6 01       		.byte	0x1
 1714 01c7 3F       		.uleb128 0x3f
 1715 01c8 0C       		.uleb128 0xc
 1716 01c9 03       		.uleb128 0x3
 1717 01ca 0E       		.uleb128 0xe
 1718 01cb 3A       		.uleb128 0x3a
 1719 01cc 0B       		.uleb128 0xb
 1720 01cd 3B       		.uleb128 0x3b
 1721 01ce 0B       		.uleb128 0xb
 1722 01cf 27       		.uleb128 0x27
 1723 01d0 0C       		.uleb128 0xc
 1724 01d1 11       		.uleb128 0x11
 1725 01d2 01       		.uleb128 0x1
ARM GAS  C:\Users\Computer\AppData\Local\Temp\ccr7ZqCM.s 			page 34


 1726 01d3 12       		.uleb128 0x12
 1727 01d4 01       		.uleb128 0x1
 1728 01d5 40       		.uleb128 0x40
 1729 01d6 06       		.uleb128 0x6
 1730 01d7 9742     		.uleb128 0x2117
 1731 01d9 0C       		.uleb128 0xc
 1732 01da 01       		.uleb128 0x1
 1733 01db 13       		.uleb128 0x13
 1734 01dc 00       		.byte	0
 1735 01dd 00       		.byte	0
 1736 01de 1E       		.uleb128 0x1e
 1737 01df 0B       		.uleb128 0xb
 1738 01e0 01       		.byte	0x1
 1739 01e1 55       		.uleb128 0x55
 1740 01e2 06       		.uleb128 0x6
 1741 01e3 01       		.uleb128 0x1
 1742 01e4 13       		.uleb128 0x13
 1743 01e5 00       		.byte	0
 1744 01e6 00       		.byte	0
 1745 01e7 1F       		.uleb128 0x1f
 1746 01e8 2E       		.uleb128 0x2e
 1747 01e9 01       		.byte	0x1
 1748 01ea 3F       		.uleb128 0x3f
 1749 01eb 0C       		.uleb128 0xc
 1750 01ec 03       		.uleb128 0x3
 1751 01ed 0E       		.uleb128 0xe
 1752 01ee 3A       		.uleb128 0x3a
 1753 01ef 0B       		.uleb128 0xb
 1754 01f0 3B       		.uleb128 0x3b
 1755 01f1 0B       		.uleb128 0xb
 1756 01f2 27       		.uleb128 0x27
 1757 01f3 0C       		.uleb128 0xc
 1758 01f4 49       		.uleb128 0x49
 1759 01f5 13       		.uleb128 0x13
 1760 01f6 3C       		.uleb128 0x3c
 1761 01f7 0C       		.uleb128 0xc
 1762 01f8 01       		.uleb128 0x1
 1763 01f9 13       		.uleb128 0x13
 1764 01fa 00       		.byte	0
 1765 01fb 00       		.byte	0
 1766 01fc 20       		.uleb128 0x20
 1767 01fd 05       		.uleb128 0x5
 1768 01fe 00       		.byte	0
 1769 01ff 49       		.uleb128 0x49
 1770 0200 13       		.uleb128 0x13
 1771 0201 00       		.byte	0
 1772 0202 00       		.byte	0
 1773 0203 21       		.uleb128 0x21
 1774 0204 2E       		.uleb128 0x2e
 1775 0205 00       		.byte	0
 1776 0206 3F       		.uleb128 0x3f
 1777 0207 0C       		.uleb128 0xc
 1778 0208 03       		.uleb128 0x3
 1779 0209 0E       		.uleb128 0xe
 1780 020a 3A       		.uleb128 0x3a
 1781 020b 0B       		.uleb128 0xb
 1782 020c 3B       		.uleb128 0x3b
ARM GAS  C:\Users\Computer\AppData\Local\Temp\ccr7ZqCM.s 			page 35


 1783 020d 0B       		.uleb128 0xb
 1784 020e 27       		.uleb128 0x27
 1785 020f 0C       		.uleb128 0xc
 1786 0210 49       		.uleb128 0x49
 1787 0211 13       		.uleb128 0x13
 1788 0212 3C       		.uleb128 0x3c
 1789 0213 0C       		.uleb128 0xc
 1790 0214 00       		.byte	0
 1791 0215 00       		.byte	0
 1792 0216 22       		.uleb128 0x22
 1793 0217 2E       		.uleb128 0x2e
 1794 0218 01       		.byte	0x1
 1795 0219 3F       		.uleb128 0x3f
 1796 021a 0C       		.uleb128 0xc
 1797 021b 03       		.uleb128 0x3
 1798 021c 0E       		.uleb128 0xe
 1799 021d 3A       		.uleb128 0x3a
 1800 021e 0B       		.uleb128 0xb
 1801 021f 3B       		.uleb128 0x3b
 1802 0220 0B       		.uleb128 0xb
 1803 0221 27       		.uleb128 0x27
 1804 0222 0C       		.uleb128 0xc
 1805 0223 49       		.uleb128 0x49
 1806 0224 13       		.uleb128 0x13
 1807 0225 3C       		.uleb128 0x3c
 1808 0226 0C       		.uleb128 0xc
 1809 0227 00       		.byte	0
 1810 0228 00       		.byte	0
 1811 0229 00       		.byte	0
 1812              		.section	.debug_loc,"",%progbits
 1813              	.Ldebug_loc0:
 1814              	.LLST0:
 1815 0000 00000000 		.4byte	.LFB33
 1816 0004 02000000 		.4byte	.LCFI0
 1817 0008 0200     		.2byte	0x2
 1818 000a 7D       		.byte	0x7d
 1819 000b 00       		.sleb128 0
 1820 000c 02000000 		.4byte	.LCFI0
 1821 0010 1A000000 		.4byte	.LFE33
 1822 0014 0200     		.2byte	0x2
 1823 0016 7D       		.byte	0x7d
 1824 0017 10       		.sleb128 16
 1825 0018 00000000 		.4byte	0
 1826 001c 00000000 		.4byte	0
 1827              	.LLST1:
 1828 0020 00000000 		.4byte	.LVL0
 1829 0024 09000000 		.4byte	.LVL1-1
 1830 0028 0100     		.2byte	0x1
 1831 002a 50       		.byte	0x50
 1832 002b 09000000 		.4byte	.LVL1-1
 1833 002f 1A000000 		.4byte	.LFE33
 1834 0033 0400     		.2byte	0x4
 1835 0035 F3       		.byte	0xf3
 1836 0036 01       		.uleb128 0x1
 1837 0037 50       		.byte	0x50
 1838 0038 9F       		.byte	0x9f
 1839 0039 00000000 		.4byte	0
ARM GAS  C:\Users\Computer\AppData\Local\Temp\ccr7ZqCM.s 			page 36


 1840 003d 00000000 		.4byte	0
 1841              	.LLST2:
 1842 0041 00000000 		.4byte	.LVL3
 1843 0045 0C000000 		.4byte	.LVL4
 1844 0049 0100     		.2byte	0x1
 1845 004b 50       		.byte	0x50
 1846 004c 0C000000 		.4byte	.LVL4
 1847 0050 12000000 		.4byte	.LFE34
 1848 0054 0400     		.2byte	0x4
 1849 0056 F3       		.byte	0xf3
 1850 0057 01       		.uleb128 0x1
 1851 0058 50       		.byte	0x50
 1852 0059 9F       		.byte	0x9f
 1853 005a 00000000 		.4byte	0
 1854 005e 00000000 		.4byte	0
 1855              	.LLST3:
 1856 0062 00000000 		.4byte	.LFB37
 1857 0066 02000000 		.4byte	.LCFI1
 1858 006a 0200     		.2byte	0x2
 1859 006c 7D       		.byte	0x7d
 1860 006d 00       		.sleb128 0
 1861 006e 02000000 		.4byte	.LCFI1
 1862 0072 22000000 		.4byte	.LFE37
 1863 0076 0200     		.2byte	0x2
 1864 0078 7D       		.byte	0x7d
 1865 0079 10       		.sleb128 16
 1866 007a 00000000 		.4byte	0
 1867 007e 00000000 		.4byte	0
 1868              	.LLST4:
 1869 0082 00000000 		.4byte	.LVL7
 1870 0086 08000000 		.4byte	.LVL8
 1871 008a 0100     		.2byte	0x1
 1872 008c 50       		.byte	0x50
 1873 008d 08000000 		.4byte	.LVL8
 1874 0091 22000000 		.4byte	.LFE37
 1875 0095 0400     		.2byte	0x4
 1876 0097 F3       		.byte	0xf3
 1877 0098 01       		.uleb128 0x1
 1878 0099 50       		.byte	0x50
 1879 009a 9F       		.byte	0x9f
 1880 009b 00000000 		.4byte	0
 1881 009f 00000000 		.4byte	0
 1882              	.LLST5:
 1883 00a3 00000000 		.4byte	.LVL7
 1884 00a7 0A000000 		.4byte	.LVL9
 1885 00ab 0100     		.2byte	0x1
 1886 00ad 51       		.byte	0x51
 1887 00ae 0A000000 		.4byte	.LVL9
 1888 00b2 22000000 		.4byte	.LFE37
 1889 00b6 0400     		.2byte	0x4
 1890 00b8 F3       		.byte	0xf3
 1891 00b9 01       		.uleb128 0x1
 1892 00ba 51       		.byte	0x51
 1893 00bb 9F       		.byte	0x9f
 1894 00bc 00000000 		.4byte	0
 1895 00c0 00000000 		.4byte	0
 1896              	.LLST6:
ARM GAS  C:\Users\Computer\AppData\Local\Temp\ccr7ZqCM.s 			page 37


 1897 00c4 1E000000 		.4byte	.LVL13
 1898 00c8 20000000 		.4byte	.LVL14
 1899 00cc 0100     		.2byte	0x1
 1900 00ce 50       		.byte	0x50
 1901 00cf 00000000 		.4byte	0
 1902 00d3 00000000 		.4byte	0
 1903              	.LLST7:
 1904 00d7 00000000 		.4byte	.LFB38
 1905 00db 02000000 		.4byte	.LCFI2
 1906 00df 0200     		.2byte	0x2
 1907 00e1 7D       		.byte	0x7d
 1908 00e2 00       		.sleb128 0
 1909 00e3 02000000 		.4byte	.LCFI2
 1910 00e7 56000000 		.4byte	.LFE38
 1911 00eb 0200     		.2byte	0x2
 1912 00ed 7D       		.byte	0x7d
 1913 00ee 10       		.sleb128 16
 1914 00ef 00000000 		.4byte	0
 1915 00f3 00000000 		.4byte	0
 1916              	.LLST8:
 1917 00f7 00000000 		.4byte	.LVL15
 1918 00fb 0A000000 		.4byte	.LVL18
 1919 00ff 0100     		.2byte	0x1
 1920 0101 50       		.byte	0x50
 1921 0102 0A000000 		.4byte	.LVL18
 1922 0106 38000000 		.4byte	.LVL25
 1923 010a 0100     		.2byte	0x1
 1924 010c 54       		.byte	0x54
 1925 010d 38000000 		.4byte	.LVL25
 1926 0111 56000000 		.4byte	.LFE38
 1927 0115 0400     		.2byte	0x4
 1928 0117 F3       		.byte	0xf3
 1929 0118 01       		.uleb128 0x1
 1930 0119 50       		.byte	0x50
 1931 011a 9F       		.byte	0x9f
 1932 011b 00000000 		.4byte	0
 1933 011f 00000000 		.4byte	0
 1934              	.LLST9:
 1935 0123 04000000 		.4byte	.LVL16
 1936 0127 22000000 		.4byte	.LVL23
 1937 012b 1500     		.2byte	0x15
 1938 012d 75       		.byte	0x75
 1939 012e 00       		.sleb128 0
 1940 012f F7       		.byte	0xf7
 1941 0130 29       		.uleb128 0x29
 1942 0131 3A       		.byte	0x3a
 1943 0132 F7       		.byte	0xf7
 1944 0133 29       		.uleb128 0x29
 1945 0134 1B       		.byte	0x1b
 1946 0135 F7       		.byte	0xf7
 1947 0136 00       		.uleb128 0
 1948 0137 34       		.byte	0x34
 1949 0138 24       		.byte	0x24
 1950 0139 75       		.byte	0x75
 1951 013a 00       		.sleb128 0
 1952 013b 3A       		.byte	0x3a
 1953 013c 1D       		.byte	0x1d
ARM GAS  C:\Users\Computer\AppData\Local\Temp\ccr7ZqCM.s 			page 38


 1954 013d 22       		.byte	0x22
 1955 013e 08       		.byte	0x8
 1956 013f 3F       		.byte	0x3f
 1957 0140 1A       		.byte	0x1a
 1958 0141 9F       		.byte	0x9f
 1959 0142 00000000 		.4byte	0
 1960 0146 00000000 		.4byte	0
 1961              	.LLST10:
 1962 014a 06000000 		.4byte	.LVL17
 1963 014e 0A000000 		.4byte	.LVL18
 1964 0152 0D00     		.2byte	0xd
 1965 0154 70       		.byte	0x70
 1966 0155 07       		.sleb128 7
 1967 0156 94       		.byte	0x94
 1968 0157 01       		.byte	0x1
 1969 0158 08       		.byte	0x8
 1970 0159 FF       		.byte	0xff
 1971 015a 1A       		.byte	0x1a
 1972 015b 36       		.byte	0x36
 1973 015c 24       		.byte	0x24
 1974 015d 08       		.byte	0x8
 1975 015e 40       		.byte	0x40
 1976 015f 1A       		.byte	0x1a
 1977 0160 9F       		.byte	0x9f
 1978 0161 0A000000 		.4byte	.LVL18
 1979 0165 0D000000 		.4byte	.LVL19-1
 1980 0169 0D00     		.2byte	0xd
 1981 016b 74       		.byte	0x74
 1982 016c 07       		.sleb128 7
 1983 016d 94       		.byte	0x94
 1984 016e 01       		.byte	0x1
 1985 016f 08       		.byte	0x8
 1986 0170 FF       		.byte	0xff
 1987 0171 1A       		.byte	0x1a
 1988 0172 36       		.byte	0x36
 1989 0173 24       		.byte	0x24
 1990 0174 08       		.byte	0x8
 1991 0175 40       		.byte	0x40
 1992 0176 1A       		.byte	0x1a
 1993 0177 9F       		.byte	0x9f
 1994 0178 1A000000 		.4byte	.LVL21
 1995 017c 35000000 		.4byte	.LVL24-1
 1996 0180 0B00     		.2byte	0xb
 1997 0182 73       		.byte	0x73
 1998 0183 00       		.sleb128 0
 1999 0184 08       		.byte	0x8
 2000 0185 FF       		.byte	0xff
 2001 0186 1A       		.byte	0x1a
 2002 0187 36       		.byte	0x36
 2003 0188 24       		.byte	0x24
 2004 0189 08       		.byte	0x8
 2005 018a 40       		.byte	0x40
 2006 018b 1A       		.byte	0x1a
 2007 018c 9F       		.byte	0x9f
 2008 018d 00000000 		.4byte	0
 2009 0191 00000000 		.4byte	0
 2010              	.LLST11:
ARM GAS  C:\Users\Computer\AppData\Local\Temp\ccr7ZqCM.s 			page 39


 2011 0195 06000000 		.4byte	.LVL17
 2012 0199 0A000000 		.4byte	.LVL18
 2013 019d 0700     		.2byte	0x7
 2014 019f 70       		.byte	0x70
 2015 01a0 08       		.sleb128 8
 2016 01a1 94       		.byte	0x94
 2017 01a2 01       		.byte	0x1
 2018 01a3 37       		.byte	0x37
 2019 01a4 24       		.byte	0x24
 2020 01a5 9F       		.byte	0x9f
 2021 01a6 0A000000 		.4byte	.LVL18
 2022 01aa 0D000000 		.4byte	.LVL19-1
 2023 01ae 0700     		.2byte	0x7
 2024 01b0 74       		.byte	0x74
 2025 01b1 08       		.sleb128 8
 2026 01b2 94       		.byte	0x94
 2027 01b3 01       		.byte	0x1
 2028 01b4 37       		.byte	0x37
 2029 01b5 24       		.byte	0x24
 2030 01b6 9F       		.byte	0x9f
 2031 01b7 20000000 		.4byte	.LVL22
 2032 01bb 54000000 		.4byte	.LVL30
 2033 01bf 0500     		.2byte	0x5
 2034 01c1 76       		.byte	0x76
 2035 01c2 00       		.sleb128 0
 2036 01c3 37       		.byte	0x37
 2037 01c4 24       		.byte	0x24
 2038 01c5 9F       		.byte	0x9f
 2039 01c6 00000000 		.4byte	0
 2040 01ca 00000000 		.4byte	0
 2041              	.LLST12:
 2042 01ce 06000000 		.4byte	.LVL17
 2043 01d2 0A000000 		.4byte	.LVL18
 2044 01d6 2900     		.2byte	0x29
 2045 01d8 75       		.byte	0x75
 2046 01d9 00       		.sleb128 0
 2047 01da F7       		.byte	0xf7
 2048 01db 29       		.uleb128 0x29
 2049 01dc 3A       		.byte	0x3a
 2050 01dd F7       		.byte	0xf7
 2051 01de 29       		.uleb128 0x29
 2052 01df 1B       		.byte	0x1b
 2053 01e0 F7       		.byte	0xf7
 2054 01e1 00       		.uleb128 0
 2055 01e2 34       		.byte	0x34
 2056 01e3 24       		.byte	0x24
 2057 01e4 75       		.byte	0x75
 2058 01e5 00       		.sleb128 0
 2059 01e6 3A       		.byte	0x3a
 2060 01e7 1D       		.byte	0x1d
 2061 01e8 22       		.byte	0x22
 2062 01e9 08       		.byte	0x8
 2063 01ea 3F       		.byte	0x3f
 2064 01eb 1A       		.byte	0x1a
 2065 01ec 70       		.byte	0x70
 2066 01ed 08       		.sleb128 8
 2067 01ee 94       		.byte	0x94
ARM GAS  C:\Users\Computer\AppData\Local\Temp\ccr7ZqCM.s 			page 40


 2068 01ef 01       		.byte	0x1
 2069 01f0 37       		.byte	0x37
 2070 01f1 24       		.byte	0x24
 2071 01f2 21       		.byte	0x21
 2072 01f3 70       		.byte	0x70
 2073 01f4 07       		.sleb128 7
 2074 01f5 94       		.byte	0x94
 2075 01f6 01       		.byte	0x1
 2076 01f7 08       		.byte	0x8
 2077 01f8 FF       		.byte	0xff
 2078 01f9 1A       		.byte	0x1a
 2079 01fa 36       		.byte	0x36
 2080 01fb 24       		.byte	0x24
 2081 01fc 08       		.byte	0x8
 2082 01fd 40       		.byte	0x40
 2083 01fe 1A       		.byte	0x1a
 2084 01ff 21       		.byte	0x21
 2085 0200 9F       		.byte	0x9f
 2086 0201 0A000000 		.4byte	.LVL18
 2087 0205 0D000000 		.4byte	.LVL19-1
 2088 0209 2900     		.2byte	0x29
 2089 020b 75       		.byte	0x75
 2090 020c 00       		.sleb128 0
 2091 020d F7       		.byte	0xf7
 2092 020e 29       		.uleb128 0x29
 2093 020f 3A       		.byte	0x3a
 2094 0210 F7       		.byte	0xf7
 2095 0211 29       		.uleb128 0x29
 2096 0212 1B       		.byte	0x1b
 2097 0213 F7       		.byte	0xf7
 2098 0214 00       		.uleb128 0
 2099 0215 34       		.byte	0x34
 2100 0216 24       		.byte	0x24
 2101 0217 75       		.byte	0x75
 2102 0218 00       		.sleb128 0
 2103 0219 3A       		.byte	0x3a
 2104 021a 1D       		.byte	0x1d
 2105 021b 22       		.byte	0x22
 2106 021c 08       		.byte	0x8
 2107 021d 3F       		.byte	0x3f
 2108 021e 1A       		.byte	0x1a
 2109 021f 74       		.byte	0x74
 2110 0220 08       		.sleb128 8
 2111 0221 94       		.byte	0x94
 2112 0222 01       		.byte	0x1
 2113 0223 37       		.byte	0x37
 2114 0224 24       		.byte	0x24
 2115 0225 21       		.byte	0x21
 2116 0226 74       		.byte	0x74
 2117 0227 07       		.sleb128 7
 2118 0228 94       		.byte	0x94
 2119 0229 01       		.byte	0x1
 2120 022a 08       		.byte	0x8
 2121 022b FF       		.byte	0xff
 2122 022c 1A       		.byte	0x1a
 2123 022d 36       		.byte	0x36
 2124 022e 24       		.byte	0x24
ARM GAS  C:\Users\Computer\AppData\Local\Temp\ccr7ZqCM.s 			page 41


 2125 022f 08       		.byte	0x8
 2126 0230 40       		.byte	0x40
 2127 0231 1A       		.byte	0x1a
 2128 0232 21       		.byte	0x21
 2129 0233 9F       		.byte	0x9f
 2130 0234 20000000 		.4byte	.LVL22
 2131 0238 22000000 		.4byte	.LVL23
 2132 023c 2500     		.2byte	0x25
 2133 023e 75       		.byte	0x75
 2134 023f 00       		.sleb128 0
 2135 0240 F7       		.byte	0xf7
 2136 0241 29       		.uleb128 0x29
 2137 0242 3A       		.byte	0x3a
 2138 0243 F7       		.byte	0xf7
 2139 0244 29       		.uleb128 0x29
 2140 0245 1B       		.byte	0x1b
 2141 0246 F7       		.byte	0xf7
 2142 0247 00       		.uleb128 0
 2143 0248 34       		.byte	0x34
 2144 0249 24       		.byte	0x24
 2145 024a 75       		.byte	0x75
 2146 024b 00       		.sleb128 0
 2147 024c 3A       		.byte	0x3a
 2148 024d 1D       		.byte	0x1d
 2149 024e 22       		.byte	0x22
 2150 024f 08       		.byte	0x8
 2151 0250 3F       		.byte	0x3f
 2152 0251 1A       		.byte	0x1a
 2153 0252 76       		.byte	0x76
 2154 0253 00       		.sleb128 0
 2155 0254 37       		.byte	0x37
 2156 0255 24       		.byte	0x24
 2157 0256 21       		.byte	0x21
 2158 0257 73       		.byte	0x73
 2159 0258 00       		.sleb128 0
 2160 0259 08       		.byte	0x8
 2161 025a FF       		.byte	0xff
 2162 025b 1A       		.byte	0x1a
 2163 025c 36       		.byte	0x36
 2164 025d 24       		.byte	0x24
 2165 025e 08       		.byte	0x8
 2166 025f 40       		.byte	0x40
 2167 0260 1A       		.byte	0x1a
 2168 0261 21       		.byte	0x21
 2169 0262 9F       		.byte	0x9f
 2170 0263 00000000 		.4byte	0
 2171 0267 00000000 		.4byte	0
 2172              	.LLST13:
 2173 026b 04000000 		.4byte	.LVL16
 2174 026f 0A000000 		.4byte	.LVL18
 2175 0273 0200     		.2byte	0x2
 2176 0275 70       		.byte	0x70
 2177 0276 00       		.sleb128 0
 2178 0277 0A000000 		.4byte	.LVL18
 2179 027b 0D000000 		.4byte	.LVL19-1
 2180 027f 0200     		.2byte	0x2
 2181 0281 74       		.byte	0x74
ARM GAS  C:\Users\Computer\AppData\Local\Temp\ccr7ZqCM.s 			page 42


 2182 0282 00       		.sleb128 0
 2183 0283 0D000000 		.4byte	.LVL19-1
 2184 0287 22000000 		.4byte	.LVL23
 2185 028b 0100     		.2byte	0x1
 2186 028d 55       		.byte	0x55
 2187 028e 00000000 		.4byte	0
 2188 0292 00000000 		.4byte	0
 2189              	.LLST14:
 2190 0296 38000000 		.4byte	.LVL25
 2191 029a 3F000000 		.4byte	.LVL26-1
 2192 029e 0500     		.2byte	0x5
 2193 02a0 F3       		.byte	0xf3
 2194 02a1 01       		.uleb128 0x1
 2195 02a2 50       		.byte	0x50
 2196 02a3 23       		.byte	0x23
 2197 02a4 01       		.uleb128 0x1
 2198 02a5 3F000000 		.4byte	.LVL26-1
 2199 02a9 54000000 		.4byte	.LVL29
 2200 02ad 0100     		.2byte	0x1
 2201 02af 54       		.byte	0x54
 2202 02b0 00000000 		.4byte	0
 2203 02b4 00000000 		.4byte	0
 2204              	.LLST15:
 2205 02b8 00000000 		.4byte	.LFB39
 2206 02bc 02000000 		.4byte	.LCFI3
 2207 02c0 0200     		.2byte	0x2
 2208 02c2 7D       		.byte	0x7d
 2209 02c3 00       		.sleb128 0
 2210 02c4 02000000 		.4byte	.LCFI3
 2211 02c8 3E000000 		.4byte	.LFE39
 2212 02cc 0200     		.2byte	0x2
 2213 02ce 7D       		.byte	0x7d
 2214 02cf 08       		.sleb128 8
 2215 02d0 00000000 		.4byte	0
 2216 02d4 00000000 		.4byte	0
 2217              	.LLST16:
 2218 02d8 00000000 		.4byte	.LVL31
 2219 02dc 08000000 		.4byte	.LVL32
 2220 02e0 0100     		.2byte	0x1
 2221 02e2 50       		.byte	0x50
 2222 02e3 08000000 		.4byte	.LVL32
 2223 02e7 3C000000 		.4byte	.LVL41
 2224 02eb 0100     		.2byte	0x1
 2225 02ed 54       		.byte	0x54
 2226 02ee 3C000000 		.4byte	.LVL41
 2227 02f2 3E000000 		.4byte	.LFE39
 2228 02f6 0400     		.2byte	0x4
 2229 02f8 F3       		.byte	0xf3
 2230 02f9 01       		.uleb128 0x1
 2231 02fa 50       		.byte	0x50
 2232 02fb 9F       		.byte	0x9f
 2233 02fc 00000000 		.4byte	0
 2234 0300 00000000 		.4byte	0
 2235              	.LLST17:
 2236 0304 3A000000 		.4byte	.LVL39
 2237 0308 3C000000 		.4byte	.LVL40
 2238 030c 0100     		.2byte	0x1
ARM GAS  C:\Users\Computer\AppData\Local\Temp\ccr7ZqCM.s 			page 43


 2239 030e 50       		.byte	0x50
 2240 030f 00000000 		.4byte	0
 2241 0313 00000000 		.4byte	0
 2242              	.LLST18:
 2243 0317 00000000 		.4byte	.LFB40
 2244 031b 02000000 		.4byte	.LCFI4
 2245 031f 0200     		.2byte	0x2
 2246 0321 7D       		.byte	0x7d
 2247 0322 00       		.sleb128 0
 2248 0323 02000000 		.4byte	.LCFI4
 2249 0327 06000000 		.4byte	.LCFI5
 2250 032b 0200     		.2byte	0x2
 2251 032d 7D       		.byte	0x7d
 2252 032e 14       		.sleb128 20
 2253 032f 06000000 		.4byte	.LCFI5
 2254 0333 9C000000 		.4byte	.LFE40
 2255 0337 0200     		.2byte	0x2
 2256 0339 7D       		.byte	0x7d
 2257 033a 18       		.sleb128 24
 2258 033b 00000000 		.4byte	0
 2259 033f 00000000 		.4byte	0
 2260              	.LLST19:
 2261 0343 00000000 		.4byte	.LVL42
 2262 0347 0C000000 		.4byte	.LVL43
 2263 034b 0100     		.2byte	0x1
 2264 034d 50       		.byte	0x50
 2265 034e 0C000000 		.4byte	.LVL43
 2266 0352 9C000000 		.4byte	.LFE40
 2267 0356 0400     		.2byte	0x4
 2268 0358 F3       		.byte	0xf3
 2269 0359 01       		.uleb128 0x1
 2270 035a 50       		.byte	0x50
 2271 035b 9F       		.byte	0x9f
 2272 035c 00000000 		.4byte	0
 2273 0360 00000000 		.4byte	0
 2274              	.LLST20:
 2275 0364 00000000 		.4byte	.LVL42
 2276 0368 0E000000 		.4byte	.LVL44
 2277 036c 0100     		.2byte	0x1
 2278 036e 51       		.byte	0x51
 2279 036f 0E000000 		.4byte	.LVL44
 2280 0373 82000000 		.4byte	.LVL56
 2281 0377 0100     		.2byte	0x1
 2282 0379 56       		.byte	0x56
 2283 037a 82000000 		.4byte	.LVL56
 2284 037e 88000000 		.4byte	.LVL57
 2285 0382 0400     		.2byte	0x4
 2286 0384 F3       		.byte	0xf3
 2287 0385 01       		.uleb128 0x1
 2288 0386 51       		.byte	0x51
 2289 0387 9F       		.byte	0x9f
 2290 0388 88000000 		.4byte	.LVL57
 2291 038c 9C000000 		.4byte	.LFE40
 2292 0390 0100     		.2byte	0x1
 2293 0392 56       		.byte	0x56
 2294 0393 00000000 		.4byte	0
 2295 0397 00000000 		.4byte	0
ARM GAS  C:\Users\Computer\AppData\Local\Temp\ccr7ZqCM.s 			page 44


 2296              	.LLST21:
 2297 039b 00000000 		.4byte	.LVL42
 2298 039f 13000000 		.4byte	.LVL45-1
 2299 03a3 0100     		.2byte	0x1
 2300 03a5 52       		.byte	0x52
 2301 03a6 13000000 		.4byte	.LVL45-1
 2302 03aa 9C000000 		.4byte	.LFE40
 2303 03ae 0400     		.2byte	0x4
 2304 03b0 F3       		.byte	0xf3
 2305 03b1 01       		.uleb128 0x1
 2306 03b2 52       		.byte	0x52
 2307 03b3 9F       		.byte	0x9f
 2308 03b4 00000000 		.4byte	0
 2309 03b8 00000000 		.4byte	0
 2310              	.LLST22:
 2311 03bc 22000000 		.4byte	.LVL47
 2312 03c0 24000000 		.4byte	.LVL48
 2313 03c4 0100     		.2byte	0x1
 2314 03c6 50       		.byte	0x50
 2315 03c7 00000000 		.4byte	0
 2316 03cb 00000000 		.4byte	0
 2317              	.LLST23:
 2318 03cf 28000000 		.4byte	.LVL49
 2319 03d3 7E000000 		.4byte	.LVL54
 2320 03d7 0200     		.2byte	0x2
 2321 03d9 30       		.byte	0x30
 2322 03da 9F       		.byte	0x9f
 2323 03db 88000000 		.4byte	.LVL57
 2324 03df 9C000000 		.4byte	.LFE40
 2325 03e3 0200     		.2byte	0x2
 2326 03e5 30       		.byte	0x30
 2327 03e6 9F       		.byte	0x9f
 2328 03e7 00000000 		.4byte	0
 2329 03eb 00000000 		.4byte	0
 2330              		.section	.debug_aranges,"",%progbits
 2331 0000 54000000 		.4byte	0x54
 2332 0004 0200     		.2byte	0x2
 2333 0006 00000000 		.4byte	.Ldebug_info0
 2334 000a 04       		.byte	0x4
 2335 000b 00       		.byte	0
 2336 000c 0000     		.2byte	0
 2337 000e 0000     		.2byte	0
 2338 0010 00000000 		.4byte	.LFB33
 2339 0014 1A000000 		.4byte	.LFE33-.LFB33
 2340 0018 00000000 		.4byte	.LFB34
 2341 001c 12000000 		.4byte	.LFE34-.LFB34
 2342 0020 00000000 		.4byte	.LFB35
 2343 0024 1E000000 		.4byte	.LFE35-.LFB35
 2344 0028 00000000 		.4byte	.LFB36
 2345 002c 16000000 		.4byte	.LFE36-.LFB36
 2346 0030 00000000 		.4byte	.LFB37
 2347 0034 22000000 		.4byte	.LFE37-.LFB37
 2348 0038 00000000 		.4byte	.LFB38
 2349 003c 56000000 		.4byte	.LFE38-.LFB38
 2350 0040 00000000 		.4byte	.LFB39
 2351 0044 3E000000 		.4byte	.LFE39-.LFB39
 2352 0048 00000000 		.4byte	.LFB40
ARM GAS  C:\Users\Computer\AppData\Local\Temp\ccr7ZqCM.s 			page 45


 2353 004c 9C000000 		.4byte	.LFE40-.LFB40
 2354 0050 00000000 		.4byte	0
 2355 0054 00000000 		.4byte	0
 2356              		.section	.debug_ranges,"",%progbits
 2357              	.Ldebug_ranges0:
 2358 0000 06000000 		.4byte	.LBB6
 2359 0004 18000000 		.4byte	.LBE6
 2360 0008 1A000000 		.4byte	.LBB9
 2361 000c 1C000000 		.4byte	.LBE9
 2362 0010 00000000 		.4byte	0
 2363 0014 00000000 		.4byte	0
 2364 0018 28000000 		.4byte	.LBB12
 2365 001c 7E000000 		.4byte	.LBE12
 2366 0020 88000000 		.4byte	.LBB13
 2367 0024 9C000000 		.4byte	.LBE13
 2368 0028 00000000 		.4byte	0
 2369 002c 00000000 		.4byte	0
 2370 0030 00000000 		.4byte	.LFB33
 2371 0034 1A000000 		.4byte	.LFE33
 2372 0038 00000000 		.4byte	.LFB34
 2373 003c 12000000 		.4byte	.LFE34
 2374 0040 00000000 		.4byte	.LFB35
 2375 0044 1E000000 		.4byte	.LFE35
 2376 0048 00000000 		.4byte	.LFB36
 2377 004c 16000000 		.4byte	.LFE36
 2378 0050 00000000 		.4byte	.LFB37
 2379 0054 22000000 		.4byte	.LFE37
 2380 0058 00000000 		.4byte	.LFB38
 2381 005c 56000000 		.4byte	.LFE38
 2382 0060 00000000 		.4byte	.LFB39
 2383 0064 3E000000 		.4byte	.LFE39
 2384 0068 00000000 		.4byte	.LFB40
 2385 006c 9C000000 		.4byte	.LFE40
 2386 0070 00000000 		.4byte	0
 2387 0074 00000000 		.4byte	0
 2388              		.section	.debug_line,"",%progbits
 2389              	.Ldebug_line0:
 2390 0000 60010000 		.section	.debug_str,"MS",%progbits,1
 2390      02006800 
 2390      00000201 
 2390      FB0E0D00 
 2390      01010101 
 2391              	.LASF24:
 2392 0000 62636454 		.ascii	"bcdToDec\000"
 2392      6F446563 
 2392      00
 2393              	.LASF31:
 2394 0009 67657454 		.ascii	"getTime\000"
 2394      696D6500 
 2395              	.LASF28:
 2396 0011 73657454 		.ascii	"setTime\000"
 2396      696D6500 
 2397              	.LASF32:
 2398 0019 69326342 		.ascii	"i2cBurstRead\000"
 2398      75727374 
 2398      52656164 
 2398      00
ARM GAS  C:\Users\Computer\AppData\Local\Temp\ccr7ZqCM.s 			page 46


 2399              	.LASF19:
 2400 0026 79656172 		.ascii	"year\000"
 2400      00
 2401              	.LASF16:
 2402 002b 6D696E75 		.ascii	"minute\000"
 2402      746500
 2403              	.LASF44:
 2404 0032 5254435F 		.ascii	"RTC_I2CMasterReadByte\000"
 2404      4932434D 
 2404      61737465 
 2404      72526561 
 2404      64427974 
 2405              	.LASF3:
 2406 0048 73686F72 		.ascii	"short unsigned int\000"
 2406      7420756E 
 2406      7369676E 
 2406      65642069 
 2406      6E7400
 2407              	.LASF18:
 2408 005b 6D6F6E74 		.ascii	"month\000"
 2408      6800
 2409              	.LASF11:
 2410 0061 666C6F61 		.ascii	"float\000"
 2410      7400
 2411              	.LASF37:
 2412 0067 5254435F 		.ascii	"RTC_I2CMasterWriteByte\000"
 2412      4932434D 
 2412      61737465 
 2412      72577269 
 2412      74654279 
 2413              	.LASF0:
 2414 007e 756E7369 		.ascii	"unsigned char\000"
 2414      676E6564 
 2414      20636861 
 2414      7200
 2415              	.LASF25:
 2416 008c 69326357 		.ascii	"i2cWrite\000"
 2416      72697465 
 2416      00
 2417              	.LASF5:
 2418 0095 6C6F6E67 		.ascii	"long unsigned int\000"
 2418      20756E73 
 2418      69676E65 
 2418      6420696E 
 2418      7400
 2419              	.LASF9:
 2420 00a7 75696E74 		.ascii	"uint8\000"
 2420      3800
 2421              	.LASF43:
 2422 00ad 5254435F 		.ascii	"RTC_I2CMasterSendStop\000"
 2422      4932434D 
 2422      61737465 
 2422      7253656E 
 2422      6453746F 
 2423              	.LASF29:
 2424 00c3 4932435F 		.ascii	"I2C_Status\000"
 2424      53746174 
ARM GAS  C:\Users\Computer\AppData\Local\Temp\ccr7ZqCM.s 			page 47


 2424      757300
 2425              	.LASF12:
 2426 00ce 646F7562 		.ascii	"double\000"
 2426      6C6500
 2427              	.LASF22:
 2428 00d5 6C6F6361 		.ascii	"localTimeInit\000"
 2428      6C54696D 
 2428      65496E69 
 2428      7400
 2429              	.LASF20:
 2430 00e3 666F726D 		.ascii	"format\000"
 2430      617400
 2431              	.LASF10:
 2432 00ea 75696E74 		.ascii	"uint32\000"
 2432      333200
 2433              	.LASF41:
 2434 00f1 433A5C55 		.ascii	"C:\\Users\\Computer\\Documents\\Git\\GlowTime\\RGB_"
 2434      73657273 
 2434      5C436F6D 
 2434      70757465 
 2434      725C446F 
 2435 011e 4C45445F 		.ascii	"LED_Matrix.cydsn\000"
 2435      4D617472 
 2435      69782E63 
 2435      7964736E 
 2435      00
 2436              	.LASF36:
 2437 012f 5254435F 		.ascii	"RTC_I2CMasterSendStart\000"
 2437      4932434D 
 2437      61737465 
 2437      7253656E 
 2437      64537461 
 2438              	.LASF8:
 2439 0146 756E7369 		.ascii	"unsigned int\000"
 2439      676E6564 
 2439      20696E74 
 2439      00
 2440              	.LASF7:
 2441 0153 6C6F6E67 		.ascii	"long long unsigned int\000"
 2441      206C6F6E 
 2441      6720756E 
 2441      7369676E 
 2441      65642069 
 2442              	.LASF15:
 2443 016a 686F7572 		.ascii	"hour\000"
 2443      00
 2444              	.LASF34:
 2445 016f 64617461 		.ascii	"dataSize\000"
 2445      53697A65 
 2445      00
 2446              	.LASF30:
 2447 0178 74696D65 		.ascii	"time\000"
 2447      00
 2448              	.LASF21:
 2449 017d 50434638 		.ascii	"PCF8583\000"
 2449      35383300 
 2450              	.LASF14:
ARM GAS  C:\Users\Computer\AppData\Local\Temp\ccr7ZqCM.s 			page 48


 2451 0185 73697A65 		.ascii	"sizetype\000"
 2451      74797065 
 2451      00
 2452              	.LASF6:
 2453 018e 6C6F6E67 		.ascii	"long long int\000"
 2453      206C6F6E 
 2453      6720696E 
 2453      7400
 2454              	.LASF17:
 2455 019c 7765656B 		.ascii	"weekday\000"
 2455      64617900 
 2456              	.LASF13:
 2457 01a4 63686172 		.ascii	"char\000"
 2457      00
 2458              	.LASF26:
 2459 01a9 5265675F 		.ascii	"Reg_Addr\000"
 2459      41646472 
 2459      00
 2460              	.LASF35:
 2461 01b2 64656354 		.ascii	"decToBcd\000"
 2461      6F426364 
 2461      00
 2462              	.LASF38:
 2463 01bb 5254435F 		.ascii	"RTC_I2CMasterSendRestart\000"
 2463      4932434D 
 2463      61737465 
 2463      7253656E 
 2463      64526573 
 2464              	.LASF2:
 2465 01d4 73686F72 		.ascii	"short int\000"
 2465      7420696E 
 2465      7400
 2466              	.LASF42:
 2467 01de 50434638 		.ascii	"PCF8583_Tag\000"
 2467      3538335F 
 2467      54616700 
 2468              	.LASF4:
 2469 01ea 6C6F6E67 		.ascii	"long int\000"
 2469      20696E74 
 2469      00
 2470              	.LASF1:
 2471 01f3 7369676E 		.ascii	"signed char\000"
 2471      65642063 
 2471      68617200 
 2472              	.LASF27:
 2473 01ff 5265675F 		.ascii	"Reg_Data\000"
 2473      44617461 
 2473      00
 2474              	.LASF33:
 2475 0208 72656164 		.ascii	"readData\000"
 2475      44617461 
 2475      00
 2476              	.LASF39:
 2477 0211 474E5520 		.ascii	"GNU C 4.7.3 20130312 (release) [ARM/embedded-4_7-br"
 2477      4320342E 
 2477      372E3320 
 2477      32303133 
ARM GAS  C:\Users\Computer\AppData\Local\Temp\ccr7ZqCM.s 			page 49


 2477      30333132 
 2478 0244 616E6368 		.ascii	"anch revision 196615]\000"
 2478      20726576 
 2478      6973696F 
 2478      6E203139 
 2478      36363135 
 2479              	.LASF40:
 2480 025a 2E5C4932 		.ascii	".\\I2CDriver.c\000"
 2480      43447269 
 2480      7665722E 
 2480      6300
 2481              	.LASF23:
 2482 0268 72616E64 		.ascii	"randomTimeInit\000"
 2482      6F6D5469 
 2482      6D65496E 
 2482      697400
 2483              		.ident	"GCC: (GNU Tools for ARM Embedded Processors) 4.7.3 20130312 (release) [ARM/embedded-4_7-br
