ARM GAS  C:\Users\Steve\AppData\Local\Temp\ccV2nsTf.s 			page 1


   1              		.cpu cortex-m0
   2              		.fpu softvfp
   3              		.eabi_attribute 20, 1
   4              		.eabi_attribute 21, 1
   5              		.eabi_attribute 23, 3
   6              		.eabi_attribute 24, 1
   7              		.eabi_attribute 25, 1
   8              		.eabi_attribute 26, 1
   9              		.eabi_attribute 30, 2
  10              		.eabi_attribute 34, 0
  11              		.eabi_attribute 18, 4
  12              		.code	16
  13              		.file	"main.c"
  14              		.text
  15              	.Ltext0:
  16              		.cfi_sections	.debug_frame
  17              		.section	.text.FIFO_EMPTY,"ax",%progbits
  18              		.align	2
  19              		.global	FIFO_EMPTY
  20              		.code	16
  21              		.thumb_func
  22              		.type	FIFO_EMPTY, %function
  23              	FIFO_EMPTY:
  24              	.LFB33:
  25              		.file 1 ".\\main.c"
   1:.\main.c      **** /* ========================================
   2:.\main.c      ****  *
   3:.\main.c      ****  * The following firmware was developed by Cypress Semiconductor
   4:.\main.c      ****  * This work is licensed under a Creative Commons Attribution 3.0 Unported License.
   5:.\main.c      ****  * 
   6:.\main.c      ****  * http://creativecommons.org/licenses/by/3.0/deed.en_US
   7:.\main.c      ****  * 
   8:.\main.c      ****  * You are free to:
   9:.\main.c      ****  * -To Share — to copy, distribute and transmit the work 
  10:.\main.c      ****  * -To Remix — to adapt the work 
  11:.\main.c      ****  * -To make commercial use of the work
  12:.\main.c      ****  *
  13:.\main.c      ****  * ======================================== 
  14:.\main.c      ****  */
  15:.\main.c      ****  
  16:.\main.c      **** /*******************************************************************************
  17:.\main.c      ****  * Pioneer Kit 16x32 RGB LED Matrix Example Project
  18:.\main.c      ****  ********************************************************************************
  19:.\main.c      ****  * This project Displays 5-bit color image at a refresh rate of 360 Hz
  20:.\main.c      ****  * It uses 75% of the UDB datapaths and 50% of the PLDs
  21:.\main.c      ****  * The matrix is constructed as 2 planes of 8 rows each. (R1, G1, B1) write to the first plane
  22:.\main.c      ****  * (R2, G2, B2) are for the second plane. Rows are selected using (A, B, C). Columns are
  23:.\main.c      ****  * written by clocking out 32 (R, G, B) values.
  24:.\main.c      ****  * LAT and OE are active low: i.e. data is latched and output is enabled on logic 0
  25:.\main.c      ****  *
  26:.\main.c      ****  * Expanding the project to 8-bit color is simple - just needs a little more code! This is 
  27:.\main.c      ****  * left to the user to implement. Also TO DO: gamma correction
  28:.\main.c      ****  * 
  29:.\main.c      ****  * To buy or see a tutorial on the RGB LED Matrix, go here: http://www.adafruit.com/products/420
  30:.\main.c      ****  * For more details on the panel itself, see one of the links below
  31:.\main.c      ****  *
  32:.\main.c      ****  * Credit to the following sites/authors:
ARM GAS  C:\Users\Steve\AppData\Local\Temp\ccV2nsTf.s 			page 2


  33:.\main.c      ****  * Reference: Adafruit tutorial and code https://github.com/adafruit/RGB-matrix-Panel
  34:.\main.c      ****  * Ghosting: http://www.rayslogic.com/propeller/Programming/AdafruitRGB/AdafruitRGB.htm 
  35:.\main.c      ****  * Technical: http://www.hobbypcb.com/blog/item/3-16x32-rgb-led-matrix-technical-details.html
  36:.\main.c      ****  * Favicon idea: http://rhb.me/2012/05/led-matrix-bringup/
  37:.\main.c      ****  **************************************************************************************** */
  38:.\main.c      **** 
  39:.\main.c      **** #include <device.h>
  40:.\main.c      **** #include <LED_Matrix.h>
  41:.\main.c      **** #include "I2CDriver.h"
  42:.\main.c      **** 
  43:.\main.c      **** /* j is the row counter (0-7), pwm_count is used for Binary Coded Modulation */
  44:.\main.c      **** uint8 j = 0, pwm_count = 0;
  45:.\main.c      **** /* Tells which bit of color is currently being written */
  46:.\main.c      **** uint8 bit_shift;
  47:.\main.c      **** /* stores the currently displayed image in 5-bit color */
  48:.\main.c      **** color matrix[16*4];
  49:.\main.c      **** 
  50:.\main.c      **** /*******************************************************************************
  51:.\main.c      **** * Function Name: isr_2
  52:.\main.c      **** ********************************************************************************
  53:.\main.c      **** *
  54:.\main.c      **** * Summary:
  55:.\main.c      **** *  ISR that does most of the heavy lifting: 
  56:.\main.c      **** *  - BCM for 5-bit color
  57:.\main.c      **** *  - Writes image in matrix[] to the FIFOs in the LED_Matrix Component
  58:.\main.c      **** *  - Takes about 9.80uS @ 48MHz, the Component then takes ~2.3 uS to shift out data
  59:.\main.c      **** *
  60:.\main.c      **** *
  61:.\main.c      **** * Parameters:  
  62:.\main.c      **** *   None
  63:.\main.c      **** *
  64:.\main.c      **** * Return:
  65:.\main.c      **** *   None
  66:.\main.c      **** *
  67:.\main.c      **** *******************************************************************************/
  68:.\main.c      **** CY_ISR(FIFO_EMPTY)
  69:.\main.c      **** {
  26              		.loc 1 69 0
  27              		.cfi_startproc
  28 0000 F0B5     		push	{r4, r5, r6, r7, lr}
  29              	.LCFI0:
  30              		.cfi_def_cfa_offset 20
  31              		.cfi_offset 4, -20
  32              		.cfi_offset 5, -16
  33              		.cfi_offset 6, -12
  34              		.cfi_offset 7, -8
  35              		.cfi_offset 14, -4
  36 0002 5F46     		mov	r7, fp
  37 0004 4D46     		mov	r5, r9
  38 0006 4446     		mov	r4, r8
  39 0008 5646     		mov	r6, sl
  40 000a F0B4     		push	{r4, r5, r6, r7}
  41              	.LCFI1:
  42              		.cfi_def_cfa_offset 36
  43              		.cfi_offset 8, -36
  44              		.cfi_offset 9, -32
  45              		.cfi_offset 10, -28
ARM GAS  C:\Users\Steve\AppData\Local\Temp\ccV2nsTf.s 			page 3


  46              		.cfi_offset 11, -24
  70:.\main.c      **** 	/* Clear pending interrupts */
  71:.\main.c      **** 	*isr_2_INTC_CLR_PD = isr_2__INTC_MASK;
  47              		.loc 1 71 0
  48 000c 674B     		ldr	r3, .L8
  72:.\main.c      **** 	
  73:.\main.c      **** 	/* Setting the latch passes the value through the LED driver
  74:.\main.c      **** 	 * Clearing the latch then latches this value
  75:.\main.c      **** 	 * See: http://www.bjtopspace.com/ziliao/CYT62726.pdf
  76:.\main.c      **** 	 */
  77:.\main.c      **** //	Set_LAT;				/* Note that this is done in hardware, and these 2 lines have no effect since CR_Add
  78:.\main.c      **** //	Clear_LAT;
  79:.\main.c      **** 
  80:.\main.c      **** 	/* Enable Outputs - OE is control[1], and is active low. 
  81:.\main.c      **** 	 * control[0] is 'enable', so leave it at 1 
  82:.\main.c      **** 	 */ 
  83:.\main.c      **** 	LED_Matrix_1_WriteControl(0x01);
  49              		.loc 1 83 0
  50 000e 6849     		ldr	r1, .L8+4
  84:.\main.c      **** 	
  85:.\main.c      **** 	pwm_count++;
  51              		.loc 1 85 0
  52 0010 684D     		ldr	r5, .L8+8
  71:.\main.c      **** 	*isr_2_INTC_CLR_PD = isr_2__INTC_MASK;
  53              		.loc 1 71 0
  54 0012 0422     		mov	r2, #4
  83:.\main.c      **** 	LED_Matrix_1_WriteControl(0x01);
  55              		.loc 1 83 0
  56 0014 0120     		mov	r0, #1
  71:.\main.c      **** 	*isr_2_INTC_CLR_PD = isr_2__INTC_MASK;
  57              		.loc 1 71 0
  58 0016 1A60     		str	r2, [r3]
  83:.\main.c      **** 	LED_Matrix_1_WriteControl(0x01);
  59              		.loc 1 83 0
  60 0018 0870     		strb	r0, [r1]
  61              		.loc 1 85 0
  62 001a 2C78     		ldrb	r4, [r5]
  69:.\main.c      **** {
  63              		.loc 1 69 0
  64 001c 87B0     		sub	sp, sp, #28
  65              	.LCFI2:
  66              		.cfi_def_cfa_offset 64
  67              		.loc 1 85 0
  68 001e 0134     		add	r4, r4, #1
  69 0020 E7B2     		uxtb	r7, r4
  70 0022 2F70     		strb	r7, [r5]
  86:.\main.c      **** 
  87:.\main.c      **** 	/* Binary coded modulation. Read more here: http://www.batsocks.co.uk/readme/art_bcm_1.htm  */
  88:.\main.c      **** 	/*if(pwm_count == 31)
  89:.\main.c      **** 	{
  90:.\main.c      **** 		bit_shift = 0;
  91:.\main.c      **** 		pwm_count = 0;
  92:.\main.c      **** 		j++;
  93:.\main.c      **** 		
  94:.\main.c      **** 		if(j == 8)
  95:.\main.c      **** 		{
  96:.\main.c      **** 			j = 0;
ARM GAS  C:\Users\Steve\AppData\Local\Temp\ccV2nsTf.s 			page 4


  97:.\main.c      **** 		}
  98:.\main.c      **** 	}*/
  99:.\main.c      **** 	/*if(pwm_count == 7)
 100:.\main.c      **** 	{
 101:.\main.c      **** 		bit_shift = 0;
 102:.\main.c      **** 		pwm_count = 0;
 103:.\main.c      **** 		j++;
 104:.\main.c      **** 		
 105:.\main.c      **** 		if(j == 8)
 106:.\main.c      **** 		{
 107:.\main.c      **** 			j = 0;
 108:.\main.c      **** 		}
 109:.\main.c      **** 	}*/
 110:.\main.c      **** 	if(pwm_count == 3)
  71              		.loc 1 110 0
  72 0024 032F     		cmp	r7, #3
  73 0026 00D1     		bne	.LCB38
  74 0028 AEE0     		b	.L7	@long jump
  75              	.LCB38:
 111:.\main.c      **** 	{
 112:.\main.c      **** 		//bit_shift = 2;
 113:.\main.c      **** 		bit_shift = 0;
 114:.\main.c      **** 		pwm_count = 0;
 115:.\main.c      **** 		j++;
 116:.\main.c      **** 		
 117:.\main.c      **** 		if(j == 8)
 118:.\main.c      **** 		{
 119:.\main.c      **** 			j = 0;
 120:.\main.c      **** 		}
 121:.\main.c      **** 	}
 122:.\main.c      **** 	else if(pwm_count == 1)
  76              		.loc 1 122 0
  77 002a 012F     		cmp	r7, #1
  78 002c 00D1     		bne	.LCB40
  79 002e A5E0     		b	.L5	@long jump
  80              	.LCB40:
  81 0030 614A     		ldr	r2, .L8+12
  82 0032 6E78     		ldrb	r6, [r5, #1]
  83 0034 1478     		ldrb	r4, [r2]
  84 0036 B100     		lsl	r1, r6, #2
  85              	.L4:
 123:.\main.c      **** 	{
 124:.\main.c      **** 		bit_shift = 1;
 125:.\main.c      **** 	}
 126:.\main.c      **** 	
 127:.\main.c      **** 	/*
 128:.\main.c      **** 	else if(pwm_count == 7)
 129:.\main.c      **** 	{
 130:.\main.c      **** 		bit_shift = 3;
 131:.\main.c      **** 	}*/
 132:.\main.c      **** 	/*else if(pwm_count == 15)
 133:.\main.c      **** 	{
 134:.\main.c      **** 		bit_shift = 4;
 135:.\main.c      **** 	}*/
 136:.\main.c      **** 
 137:.\main.c      **** 	/* Write the values to the FIFOs. Note that the data is not written to the matrix until all the FI
 138:.\main.c      **** 	
ARM GAS  C:\Users\Steve\AppData\Local\Temp\ccV2nsTf.s 			page 5


 139:.\main.c      **** 	/****************************** Visually mapping out the matrix **********************
 140:.\main.c      **** 	*	A row in Plane1:		0th byte		1st byte		2nd byte		3rd byte
 141:.\main.c      **** 	* 	F0_REG_0 	R1	 	x-x-x-x-x-x-x-x x-x-x-x-x-x-x-x x-x-x-x-x-x-x-x x-x-x-x-x-x-x-x 
 142:.\main.c      **** 	*	F0_REG_1	G1			.												.
 143:.\main.c      **** 	*	F0_REG_2	B1			.												.
 144:.\main.c      **** 	*							.												.
 145:.\main.c      **** 	*	A row in Plane2:		.												.
 146:.\main.c      **** 	*	F1_REG_0 	R2	 	x-x-x-x-x-x-x-x x-x-x-x-x-x-x-x x-x-x-x-x-x-x-x x-x-x-x-x-x-x-x 
 147:.\main.c      **** 	*	F1_REG_1	G2			.												.
 148:.\main.c      **** 	*	F1_REG_2	B2			.												.
 149:.\main.c      **** 	*
 150:.\main.c      **** 	* Note: The 8 rows are selected by (A, B, C)
 151:.\main.c      **** 	*************************************************************************************/
 152:.\main.c      **** 	
 153:.\main.c      **** 	/* These four lines write to the first plane */
 154:.\main.c      **** 	LED_Matrix_1_F0_REG_0 = (uint8)matrix[0 + j*4].r[bit_shift];
  86              		.loc 1 154 0
  87 0038 0801     		lsl	r0, r1, #4
  88 003a 604B     		ldr	r3, .L8+16
  89 003c 411A     		sub	r1, r0, r1
  90 003e 0C19     		add	r4, r1, r4
  91 0040 E75C     		ldrb	r7, [r4, r3]
  92 0042 5F4C     		ldr	r4, .L8+20
  93 0044 2770     		strb	r7, [r4]
 155:.\main.c      **** 	LED_Matrix_1_F0_REG_0 = (uint8)matrix[1 + j*4].r[bit_shift];
  94              		.loc 1 155 0
  95 0046 6978     		ldrb	r1, [r5, #1]
  96 0048 1278     		ldrb	r2, [r2]
  97 004a 8800     		lsl	r0, r1, #2
  98 004c 451C     		add	r5, r0, #1
  99 004e 2E01     		lsl	r6, r5, #4
 100 0050 771B     		sub	r7, r6, r5
 101 0052 B946     		mov	r9, r7
 102 0054 BF18     		add	r7, r7, r2
 103 0056 FD5C     		ldrb	r5, [r7, r3]
 156:.\main.c      **** 	LED_Matrix_1_F0_REG_0 = (uint8)matrix[2 + j*4].r[bit_shift];
 157:.\main.c      **** 	LED_Matrix_1_F0_REG_0 = (uint8)matrix[3 + j*4].r[bit_shift];
 104              		.loc 1 157 0
 105 0058 9346     		mov	fp, r2
 155:.\main.c      **** 	LED_Matrix_1_F0_REG_0 = (uint8)matrix[1 + j*4].r[bit_shift];
 106              		.loc 1 155 0
 107 005a 2570     		strb	r5, [r4]
 156:.\main.c      **** 	LED_Matrix_1_F0_REG_0 = (uint8)matrix[2 + j*4].r[bit_shift];
 108              		.loc 1 156 0
 109 005c 851C     		add	r5, r0, #2
 110 005e 2E01     		lsl	r6, r5, #4
 111 0060 751B     		sub	r5, r6, r5
 112 0062 AE18     		add	r6, r5, r2
 113 0064 0296     		str	r6, [sp, #8]
 114 0066 A846     		mov	r8, r5
 115 0068 F55C     		ldrb	r5, [r6, r3]
 116              		.loc 1 157 0
 117 006a C61C     		add	r6, r0, #3
 156:.\main.c      **** 	LED_Matrix_1_F0_REG_0 = (uint8)matrix[2 + j*4].r[bit_shift];
 118              		.loc 1 156 0
 119 006c 2570     		strb	r5, [r4]
 120              		.loc 1 157 0
ARM GAS  C:\Users\Steve\AppData\Local\Temp\ccV2nsTf.s 			page 6


 121 006e 3501     		lsl	r5, r6, #4
 122 0070 AD1B     		sub	r5, r5, r6
 123 0072 AC46     		mov	ip, r5
 124 0074 E344     		add	fp, fp, ip
 125 0076 5E46     		mov	r6, fp
 126 0078 F55C     		ldrb	r5, [r6, r3]
 158:.\main.c      **** 
 159:.\main.c      **** 	LED_Matrix_1_F0_REG_1 = (uint8)matrix[0 + j*4].g[bit_shift];
 160:.\main.c      **** 	LED_Matrix_1_F0_REG_1 = (uint8)matrix[1 + j*4].g[bit_shift];
 127              		.loc 1 160 0
 128 007a DF19     		add	r7, r3, r7
 157:.\main.c      **** 	LED_Matrix_1_F0_REG_0 = (uint8)matrix[3 + j*4].r[bit_shift];
 129              		.loc 1 157 0
 130 007c 2570     		strb	r5, [r4]
 159:.\main.c      **** 	LED_Matrix_1_F0_REG_1 = (uint8)matrix[0 + j*4].g[bit_shift];
 131              		.loc 1 159 0
 132 007e 8C01     		lsl	r4, r1, #6
 133 0080 201A     		sub	r0, r4, r0
 134 0082 8618     		add	r6, r0, r2
 135 0084 9D19     		add	r5, r3, r6
 136 0086 6C79     		ldrb	r4, [r5, #5]
 137 0088 8246     		mov	sl, r0
 138 008a 4E48     		ldr	r0, .L8+24
 161:.\main.c      **** 	LED_Matrix_1_F0_REG_1 = (uint8)matrix[2 + j*4].g[bit_shift];
 162:.\main.c      **** 	LED_Matrix_1_F0_REG_1 = (uint8)matrix[3 + j*4].g[bit_shift];
 163:.\main.c      **** 	
 164:.\main.c      **** 	/* These four lines write to the second plane */
 165:.\main.c      **** 	LED_Matrix_1_F1_REG_1 = (uint8)matrix[0 + (j+8)*4].g[bit_shift];
 166:.\main.c      **** 	LED_Matrix_1_F1_REG_1 = (uint8)matrix[1 + (j+8)*4].g[bit_shift];
 167:.\main.c      **** 	LED_Matrix_1_F1_REG_1 = (uint8)matrix[2 + (j+8)*4].g[bit_shift];
 168:.\main.c      **** 	LED_Matrix_1_F1_REG_1 = (uint8)matrix[3 + (j+8)*4].g[bit_shift];
 169:.\main.c      **** 	
 170:.\main.c      **** 	LED_Matrix_1_F0_REG_2 = (uint8)matrix[0 + j*4].b[bit_shift];
 171:.\main.c      **** 	LED_Matrix_1_F0_REG_2 = (uint8)matrix[1 + j*4].b[bit_shift];
 139              		.loc 1 171 0
 140 008c 9944     		add	r9, r9, r3
 159:.\main.c      **** 	LED_Matrix_1_F0_REG_1 = (uint8)matrix[0 + j*4].g[bit_shift];
 141              		.loc 1 159 0
 142 008e 0470     		strb	r4, [r0]
 160:.\main.c      **** 	LED_Matrix_1_F0_REG_1 = (uint8)matrix[1 + j*4].g[bit_shift];
 143              		.loc 1 160 0
 144 0090 7E79     		ldrb	r6, [r7, #5]
 145              		.loc 1 171 0
 146 0092 9144     		add	r9, r9, r2
 160:.\main.c      **** 	LED_Matrix_1_F0_REG_1 = (uint8)matrix[1 + j*4].g[bit_shift];
 147              		.loc 1 160 0
 148 0094 0670     		strb	r6, [r0]
 161:.\main.c      **** 	LED_Matrix_1_F0_REG_1 = (uint8)matrix[2 + j*4].g[bit_shift];
 149              		.loc 1 161 0
 150 0096 029D     		ldr	r5, [sp, #8]
 162:.\main.c      **** 	LED_Matrix_1_F0_REG_1 = (uint8)matrix[3 + j*4].g[bit_shift];
 151              		.loc 1 162 0
 152 0098 5E46     		mov	r6, fp
 161:.\main.c      **** 	LED_Matrix_1_F0_REG_1 = (uint8)matrix[2 + j*4].g[bit_shift];
 153              		.loc 1 161 0
 154 009a 5C19     		add	r4, r3, r5
 155 009c 6779     		ldrb	r7, [r4, #5]
ARM GAS  C:\Users\Steve\AppData\Local\Temp\ccV2nsTf.s 			page 7


 162:.\main.c      **** 	LED_Matrix_1_F0_REG_1 = (uint8)matrix[3 + j*4].g[bit_shift];
 156              		.loc 1 162 0
 157 009e 9D19     		add	r5, r3, r6
 161:.\main.c      **** 	LED_Matrix_1_F0_REG_1 = (uint8)matrix[2 + j*4].g[bit_shift];
 158              		.loc 1 161 0
 159 00a0 0770     		strb	r7, [r0]
 162:.\main.c      **** 	LED_Matrix_1_F0_REG_1 = (uint8)matrix[3 + j*4].g[bit_shift];
 160              		.loc 1 162 0
 161 00a2 6C79     		ldrb	r4, [r5, #5]
 172:.\main.c      **** 	LED_Matrix_1_F0_REG_2 = (uint8)matrix[2 + j*4].b[bit_shift];
 162              		.loc 1 172 0
 163 00a4 9844     		add	r8, r8, r3
 162:.\main.c      **** 	LED_Matrix_1_F0_REG_1 = (uint8)matrix[3 + j*4].g[bit_shift];
 164              		.loc 1 162 0
 165 00a6 0470     		strb	r4, [r0]
 165:.\main.c      **** 	LED_Matrix_1_F1_REG_1 = (uint8)matrix[0 + (j+8)*4].g[bit_shift];
 166              		.loc 1 165 0
 167 00a8 081C     		mov	r0, r1
 168 00aa 0830     		add	r0, r0, #8
 169 00ac 8600     		lsl	r6, r0, #2
 170 00ae 8701     		lsl	r7, r0, #6
 171 00b0 BD1B     		sub	r5, r7, r6
 172 00b2 AC18     		add	r4, r5, r2
 173 00b4 0295     		str	r5, [sp, #8]
 174 00b6 0394     		str	r4, [sp, #12]
 175 00b8 1819     		add	r0, r3, r4
 176 00ba 4779     		ldrb	r7, [r0, #5]
 166:.\main.c      **** 	LED_Matrix_1_F1_REG_1 = (uint8)matrix[1 + (j+8)*4].g[bit_shift];
 177              		.loc 1 166 0
 178 00bc 741C     		add	r4, r6, #1
 165:.\main.c      **** 	LED_Matrix_1_F1_REG_1 = (uint8)matrix[0 + (j+8)*4].g[bit_shift];
 179              		.loc 1 165 0
 180 00be 4248     		ldr	r0, .L8+28
 166:.\main.c      **** 	LED_Matrix_1_F1_REG_1 = (uint8)matrix[1 + (j+8)*4].g[bit_shift];
 181              		.loc 1 166 0
 182 00c0 2501     		lsl	r5, r4, #4
 165:.\main.c      **** 	LED_Matrix_1_F1_REG_1 = (uint8)matrix[0 + (j+8)*4].g[bit_shift];
 183              		.loc 1 165 0
 184 00c2 0770     		strb	r7, [r0]
 166:.\main.c      **** 	LED_Matrix_1_F1_REG_1 = (uint8)matrix[1 + (j+8)*4].g[bit_shift];
 185              		.loc 1 166 0
 186 00c4 2F1B     		sub	r7, r5, r4
 187 00c6 BC18     		add	r4, r7, r2
 188 00c8 0594     		str	r4, [sp, #20]
 189 00ca 0497     		str	r7, [sp, #16]
 190 00cc 1D19     		add	r5, r3, r4
 191 00ce 6F79     		ldrb	r7, [r5, #5]
 167:.\main.c      **** 	LED_Matrix_1_F1_REG_1 = (uint8)matrix[2 + (j+8)*4].g[bit_shift];
 192              		.loc 1 167 0
 193 00d0 B41C     		add	r4, r6, #2
 194 00d2 2501     		lsl	r5, r4, #4
 166:.\main.c      **** 	LED_Matrix_1_F1_REG_1 = (uint8)matrix[1 + (j+8)*4].g[bit_shift];
 195              		.loc 1 166 0
 196 00d4 0770     		strb	r7, [r0]
 167:.\main.c      **** 	LED_Matrix_1_F1_REG_1 = (uint8)matrix[2 + (j+8)*4].g[bit_shift];
 197              		.loc 1 167 0
 198 00d6 2F1B     		sub	r7, r5, r4
ARM GAS  C:\Users\Steve\AppData\Local\Temp\ccV2nsTf.s 			page 8


 199 00d8 BD18     		add	r5, r7, r2
 200 00da 0197     		str	r7, [sp, #4]
 201 00dc 5C19     		add	r4, r3, r5
 168:.\main.c      **** 	LED_Matrix_1_F1_REG_1 = (uint8)matrix[3 + (j+8)*4].g[bit_shift];
 202              		.loc 1 168 0
 203 00de 0336     		add	r6, r6, #3
 167:.\main.c      **** 	LED_Matrix_1_F1_REG_1 = (uint8)matrix[2 + (j+8)*4].g[bit_shift];
 204              		.loc 1 167 0
 205 00e0 6779     		ldrb	r7, [r4, #5]
 168:.\main.c      **** 	LED_Matrix_1_F1_REG_1 = (uint8)matrix[3 + (j+8)*4].g[bit_shift];
 206              		.loc 1 168 0
 207 00e2 3401     		lsl	r4, r6, #4
 208 00e4 A61B     		sub	r6, r4, r6
 209 00e6 B418     		add	r4, r6, r2
 167:.\main.c      **** 	LED_Matrix_1_F1_REG_1 = (uint8)matrix[2 + (j+8)*4].g[bit_shift];
 210              		.loc 1 167 0
 211 00e8 0770     		strb	r7, [r0]
 168:.\main.c      **** 	LED_Matrix_1_F1_REG_1 = (uint8)matrix[3 + (j+8)*4].g[bit_shift];
 212              		.loc 1 168 0
 213 00ea 1F19     		add	r7, r3, r4
 214 00ec 7F79     		ldrb	r7, [r7, #5]
 215              		.loc 1 172 0
 216 00ee 9044     		add	r8, r8, r2
 168:.\main.c      **** 	LED_Matrix_1_F1_REG_1 = (uint8)matrix[3 + (j+8)*4].g[bit_shift];
 217              		.loc 1 168 0
 218 00f0 0770     		strb	r7, [r0]
 170:.\main.c      **** 	LED_Matrix_1_F0_REG_2 = (uint8)matrix[0 + j*4].b[bit_shift];
 219              		.loc 1 170 0
 220 00f2 5046     		mov	r0, sl
 221 00f4 1F18     		add	r7, r3, r0
 222 00f6 B818     		add	r0, r7, r2
 223 00f8 877A     		ldrb	r7, [r0, #10]
 224 00fa 3448     		ldr	r0, .L8+32
 173:.\main.c      **** 	LED_Matrix_1_F0_REG_2 = (uint8)matrix[3 + j*4].b[bit_shift];
 225              		.loc 1 173 0
 226 00fc 9C44     		add	ip, ip, r3
 170:.\main.c      **** 	LED_Matrix_1_F0_REG_2 = (uint8)matrix[0 + j*4].b[bit_shift];
 227              		.loc 1 170 0
 228 00fe 0770     		strb	r7, [r0]
 171:.\main.c      **** 	LED_Matrix_1_F0_REG_2 = (uint8)matrix[1 + j*4].b[bit_shift];
 229              		.loc 1 171 0
 230 0100 4F46     		mov	r7, r9
 231 0102 BF7A     		ldrb	r7, [r7, #10]
 232              		.loc 1 173 0
 233 0104 9444     		add	ip, ip, r2
 171:.\main.c      **** 	LED_Matrix_1_F0_REG_2 = (uint8)matrix[1 + j*4].b[bit_shift];
 234              		.loc 1 171 0
 235 0106 0770     		strb	r7, [r0]
 172:.\main.c      **** 	LED_Matrix_1_F0_REG_2 = (uint8)matrix[2 + j*4].b[bit_shift];
 236              		.loc 1 172 0
 237 0108 4746     		mov	r7, r8
 238 010a BF7A     		ldrb	r7, [r7, #10]
 174:.\main.c      **** 
 175:.\main.c      **** 	LED_Matrix_1_F1_REG_2 = (uint8)matrix[0 + (j+8)*4].b[bit_shift];
 176:.\main.c      **** 	LED_Matrix_1_F1_REG_2 = (uint8)matrix[1 + (j+8)*4].b[bit_shift];
 177:.\main.c      **** 	LED_Matrix_1_F1_REG_2 = (uint8)matrix[2 + (j+8)*4].b[bit_shift];
 178:.\main.c      **** 	LED_Matrix_1_F1_REG_2 = (uint8)matrix[3 + (j+8)*4].b[bit_shift];
ARM GAS  C:\Users\Steve\AppData\Local\Temp\ccV2nsTf.s 			page 9


 239              		.loc 1 178 0
 240 010c 9E19     		add	r6, r3, r6
 172:.\main.c      **** 	LED_Matrix_1_F0_REG_2 = (uint8)matrix[2 + j*4].b[bit_shift];
 241              		.loc 1 172 0
 242 010e 0770     		strb	r7, [r0]
 173:.\main.c      **** 	LED_Matrix_1_F0_REG_2 = (uint8)matrix[3 + j*4].b[bit_shift];
 243              		.loc 1 173 0
 244 0110 6746     		mov	r7, ip
 245 0112 BF7A     		ldrb	r7, [r7, #10]
 246 0114 0770     		strb	r7, [r0]
 175:.\main.c      **** 	LED_Matrix_1_F1_REG_2 = (uint8)matrix[0 + (j+8)*4].b[bit_shift];
 247              		.loc 1 175 0
 248 0116 0298     		ldr	r0, [sp, #8]
 249 0118 1F18     		add	r7, r3, r0
 250 011a B818     		add	r0, r7, r2
 251 011c 877A     		ldrb	r7, [r0, #10]
 252 011e 2C48     		ldr	r0, .L8+36
 253 0120 0770     		strb	r7, [r0]
 176:.\main.c      **** 	LED_Matrix_1_F1_REG_2 = (uint8)matrix[1 + (j+8)*4].b[bit_shift];
 254              		.loc 1 176 0
 255 0122 049F     		ldr	r7, [sp, #16]
 256 0124 FF18     		add	r7, r7, r3
 257 0126 B846     		mov	r8, r7
 258 0128 9044     		add	r8, r8, r2
 259 012a 4746     		mov	r7, r8
 260 012c BF7A     		ldrb	r7, [r7, #10]
 261 012e 0770     		strb	r7, [r0]
 177:.\main.c      **** 	LED_Matrix_1_F1_REG_2 = (uint8)matrix[2 + (j+8)*4].b[bit_shift];
 262              		.loc 1 177 0
 263 0130 019F     		ldr	r7, [sp, #4]
 264 0132 FF18     		add	r7, r7, r3
 265 0134 BC46     		mov	ip, r7
 266 0136 9444     		add	ip, ip, r2
 267 0138 6746     		mov	r7, ip
 268 013a BF7A     		ldrb	r7, [r7, #10]
 269              		.loc 1 178 0
 270 013c B218     		add	r2, r6, r2
 177:.\main.c      **** 	LED_Matrix_1_F1_REG_2 = (uint8)matrix[2 + (j+8)*4].b[bit_shift];
 271              		.loc 1 177 0
 272 013e 0770     		strb	r7, [r0]
 273              		.loc 1 178 0
 274 0140 977A     		ldrb	r7, [r2, #10]
 179:.\main.c      **** 	
 180:.\main.c      **** 	LED_Matrix_1_F1_REG_0 = (uint8)matrix[0 + (j+8)*4].r[bit_shift];
 275              		.loc 1 180 0
 276 0142 244A     		ldr	r2, .L8+40
 178:.\main.c      **** 	LED_Matrix_1_F1_REG_2 = (uint8)matrix[3 + (j+8)*4].b[bit_shift];
 277              		.loc 1 178 0
 278 0144 0770     		strb	r7, [r0]
 279              		.loc 1 180 0
 280 0146 0398     		ldr	r0, [sp, #12]
 281 0148 C65C     		ldrb	r6, [r0, r3]
 282 014a 1670     		strb	r6, [r2]
 181:.\main.c      **** 	LED_Matrix_1_F1_REG_0 = (uint8)matrix[1 + (j+8)*4].r[bit_shift];
 283              		.loc 1 181 0
 284 014c 059F     		ldr	r7, [sp, #20]
 182:.\main.c      **** 	LED_Matrix_1_F1_REG_0 = (uint8)matrix[2 + (j+8)*4].r[bit_shift];
ARM GAS  C:\Users\Steve\AppData\Local\Temp\ccV2nsTf.s 			page 10


 183:.\main.c      **** 
 184:.\main.c      **** 	/* Disable outputs */
 185:.\main.c      **** 	LED_Matrix_1_WriteControl(0x03);
 285              		.loc 1 185 0
 286 014e 0326     		mov	r6, #3
 181:.\main.c      **** 	LED_Matrix_1_F1_REG_0 = (uint8)matrix[1 + (j+8)*4].r[bit_shift];
 287              		.loc 1 181 0
 288 0150 F85C     		ldrb	r0, [r7, r3]
 289              		.loc 1 185 0
 290 0152 174F     		ldr	r7, .L8+4
 181:.\main.c      **** 	LED_Matrix_1_F1_REG_0 = (uint8)matrix[1 + (j+8)*4].r[bit_shift];
 291              		.loc 1 181 0
 292 0154 1070     		strb	r0, [r2]
 182:.\main.c      **** 	LED_Matrix_1_F1_REG_0 = (uint8)matrix[2 + (j+8)*4].r[bit_shift];
 293              		.loc 1 182 0
 294 0156 ED5C     		ldrb	r5, [r5, r3]
 186:.\main.c      **** 	
 187:.\main.c      **** 	/* Note that row change occurs at a lower frequency than the BCM because of mystery ghosting */
 188:.\main.c      **** 	Row_Select(j);
 295              		.loc 1 188 0
 296 0158 1F48     		ldr	r0, .L8+44
 182:.\main.c      **** 	LED_Matrix_1_F1_REG_0 = (uint8)matrix[2 + (j+8)*4].r[bit_shift];
 297              		.loc 1 182 0
 298 015a 1570     		strb	r5, [r2]
 185:.\main.c      **** 	LED_Matrix_1_WriteControl(0x03);
 299              		.loc 1 185 0
 300 015c 3E70     		strb	r6, [r7]
 301              		.loc 1 188 0
 302 015e 0678     		ldrb	r6, [r0]
 303 0160 0725     		mov	r5, #7
 304 0162 2940     		and	r1, r5
 305 0164 AE43     		bic	r6, r5
 306 0166 3143     		orr	r1, r6
 307 0168 0170     		strb	r1, [r0]
 189:.\main.c      **** 
 190:.\main.c      **** 	/* Once F1_REG_0 is full (this line does it), the Component will begin shifting out values */
 191:.\main.c      **** 	LED_Matrix_1_F1_REG_0 = (uint8)matrix[3 + (j+8)*4].r[bit_shift];
 308              		.loc 1 191 0
 309 016a E35C     		ldrb	r3, [r4, r3]
 310 016c 1370     		strb	r3, [r2]
 192:.\main.c      **** }
 311              		.loc 1 192 0
 312 016e 07B0     		add	sp, sp, #28
 313              		@ sp needed for prologue
 314 0170 3CBC     		pop	{r2, r3, r4, r5}
 315 0172 9046     		mov	r8, r2
 316 0174 9946     		mov	r9, r3
 317 0176 A246     		mov	sl, r4
 318 0178 AB46     		mov	fp, r5
 319 017a F0BD     		pop	{r4, r5, r6, r7, pc}
 320              	.L5:
 124:.\main.c      **** 		bit_shift = 1;
 321              		.loc 1 124 0
 322 017c 0E4A     		ldr	r2, .L8+12
 323 017e 6B78     		ldrb	r3, [r5, #1]
 324 0180 1770     		strb	r7, [r2]
 325 0182 9900     		lsl	r1, r3, #2
ARM GAS  C:\Users\Steve\AppData\Local\Temp\ccV2nsTf.s 			page 11


 326 0184 0124     		mov	r4, #1
 327 0186 57E7     		b	.L4
 328              	.L7:
 115:.\main.c      **** 		j++;
 329              		.loc 1 115 0
 330 0188 6F78     		ldrb	r7, [r5, #1]
 113:.\main.c      **** 		bit_shift = 0;
 331              		.loc 1 113 0
 332 018a 0B4A     		ldr	r2, .L8+12
 115:.\main.c      **** 		j++;
 333              		.loc 1 115 0
 334 018c 0137     		add	r7, r7, #1
 113:.\main.c      **** 		bit_shift = 0;
 335              		.loc 1 113 0
 336 018e 0020     		mov	r0, #0
 115:.\main.c      **** 		j++;
 337              		.loc 1 115 0
 338 0190 FEB2     		uxtb	r6, r7
 113:.\main.c      **** 		bit_shift = 0;
 339              		.loc 1 113 0
 340 0192 1070     		strb	r0, [r2]
 114:.\main.c      **** 		pwm_count = 0;
 341              		.loc 1 114 0
 342 0194 2870     		strb	r0, [r5]
 117:.\main.c      **** 		if(j == 8)
 343              		.loc 1 117 0
 344 0196 082E     		cmp	r6, #8
 345 0198 03D0     		beq	.L3
 115:.\main.c      **** 		j++;
 346              		.loc 1 115 0
 347 019a 6E70     		strb	r6, [r5, #1]
 348 019c B100     		lsl	r1, r6, #2
 349 019e 0024     		mov	r4, #0
 350 01a0 4AE7     		b	.L4
 351              	.L3:
 119:.\main.c      **** 			j = 0;
 352              		.loc 1 119 0
 353 01a2 6870     		strb	r0, [r5, #1]
 354 01a4 0024     		mov	r4, #0
 355 01a6 0021     		mov	r1, #0
 356 01a8 46E7     		b	.L4
 357              	.L9:
 358 01aa C046     		.align	2
 359              	.L8:
 360 01ac 80E200E0 		.word	-536812928
 361 01b0 71000F40 		.word	1074724977
 362 01b4 00000000 		.word	.LANCHOR0
 363 01b8 00000000 		.word	bit_shift
 364 01bc 00000000 		.word	matrix
 365 01c0 42000F40 		.word	1074724930
 366 01c4 43000F40 		.word	1074724931
 367 01c8 53000F40 		.word	1074724947
 368 01cc 41000F40 		.word	1074724929
 369 01d0 51000F40 		.word	1074724945
 370 01d4 52000F40 		.word	1074724946
 371 01d8 70000F40 		.word	1074724976
 372              		.cfi_endproc
ARM GAS  C:\Users\Steve\AppData\Local\Temp\ccV2nsTf.s 			page 12


 373              	.LFE33:
 374              		.size	FIFO_EMPTY, .-FIFO_EMPTY
 375              		.section	.text.eoc_isr,"ax",%progbits
 376              		.align	2
 377              		.global	eoc_isr
 378              		.code	16
 379              		.thumb_func
 380              		.type	eoc_isr, %function
 381              	eoc_isr:
 382              	.LFB34:
 193:.\main.c      **** uint8 dataReady = 0;
 194:.\main.c      **** uint16 result = 0x0000;
 195:.\main.c      **** uint16 oldResult = 0x0000;
 196:.\main.c      **** CY_ISR(eoc_isr)
 197:.\main.c      **** {
 383              		.loc 1 197 0
 384              		.cfi_startproc
 198:.\main.c      **** 	result = (uint16)(ADC_SAR_CHAN0_RESULT_REG & ADC_RESULT_MASK);
 385              		.loc 1 198 0
 386 0000 084B     		ldr	r3, .L13
 199:.\main.c      **** 	if((result & 0xFF00) == 0xFF00)
 387              		.loc 1 199 0
 388 0002 FF20     		mov	r0, #255
 198:.\main.c      **** 	result = (uint16)(ADC_SAR_CHAN0_RESULT_REG & ADC_RESULT_MASK);
 389              		.loc 1 198 0
 390 0004 1968     		ldr	r1, [r3]
 391              		.loc 1 199 0
 392 0006 0302     		lsl	r3, r0, #8
 393 0008 081C     		mov	r0, r1
 197:.\main.c      **** {
 394              		.loc 1 197 0
 395 000a 00B5     		push	{lr}
 396              	.LCFI3:
 397              		.cfi_def_cfa_offset 4
 398              		.cfi_offset 14, -4
 399              		.loc 1 199 0
 400 000c 1840     		and	r0, r3
 401 000e 0022     		mov	r2, #0
 402 0010 9842     		cmp	r0, r3
 403 0012 02D0     		beq	.L11
 404 0014 FE22     		mov	r2, #254
 405 0016 1201     		lsl	r2, r2, #4
 406 0018 0A40     		and	r2, r1
 407              	.L11:
 200:.\main.c      **** 	{
 201:.\main.c      **** 		result = 0;
 202:.\main.c      **** 	}
 203:.\main.c      **** 	result=result & 0x0FE0;
 408              		.loc 1 203 0
 409 001a 0349     		ldr	r1, .L13+4
 204:.\main.c      **** 	dataReady = 1;
 410              		.loc 1 204 0
 411 001c 0123     		mov	r3, #1
 203:.\main.c      **** 	result=result & 0x0FE0;
 412              		.loc 1 203 0
 413 001e 4A80     		strh	r2, [r1, #2]
 414              		.loc 1 204 0
ARM GAS  C:\Users\Steve\AppData\Local\Temp\ccV2nsTf.s 			page 13


 415 0020 0B71     		strb	r3, [r1, #4]
 205:.\main.c      **** }
 416              		.loc 1 205 0
 417              		@ sp needed for prologue
 418 0022 00BD     		pop	{pc}
 419              	.L14:
 420              		.align	2
 421              	.L13:
 422 0024 80011A40 		.word	1075446144
 423 0028 00000000 		.word	.LANCHOR0
 424              		.cfi_endproc
 425              	.LFE34:
 426              		.size	eoc_isr, .-eoc_isr
 427              		.section	.text.startup.main,"ax",%progbits
 428              		.align	2
 429              		.global	main
 430              		.code	16
 431              		.thumb_func
 432              		.type	main, %function
 433              	main:
 434              	.LFB35:
 206:.\main.c      **** 
 207:.\main.c      **** /*******************************************************************************
 208:.\main.c      **** * Function Name: main
 209:.\main.c      **** ********************************************************************************
 210:.\main.c      **** *
 211:.\main.c      **** * Summary:
 212:.\main.c      **** *  Handles UART Comm and updates matrix buffer
 213:.\main.c      **** *
 214:.\main.c      **** * Parameters:  
 215:.\main.c      **** *   None
 216:.\main.c      **** *
 217:.\main.c      **** * Return:
 218:.\main.c      **** *   None
 219:.\main.c      **** *
 220:.\main.c      **** *******************************************************************************/
 221:.\main.c      **** 
 222:.\main.c      **** int main()
 223:.\main.c      **** {	
 435              		.loc 1 223 0
 436              		.cfi_startproc
 437 0000 F0B5     		push	{r4, r5, r6, r7, lr}
 438              	.LCFI4:
 439              		.cfi_def_cfa_offset 20
 440              		.cfi_offset 4, -20
 441              		.cfi_offset 5, -16
 442              		.cfi_offset 6, -12
 443              		.cfi_offset 7, -8
 444              		.cfi_offset 14, -4
 445 0002 85B0     		sub	sp, sp, #20
 446              	.LCFI5:
 447              		.cfi_def_cfa_offset 40
 224:.\main.c      **** 	/* struct that can accomodate 8-bit RGB color */
 225:.\main.c      **** 	RGB c;
 226:.\main.c      **** 	RTC_Start();
 227:.\main.c      **** 	PCF8583 rtc;
 228:.\main.c      **** 	uint8 I2C_Status;
ARM GAS  C:\Users\Steve\AppData\Local\Temp\ccV2nsTf.s 			page 14


 229:.\main.c      **** 	localTimeInit(&rtc);
 448              		.loc 1 229 0
 449 0004 01AC     		add	r4, sp, #4
 226:.\main.c      **** 	RTC_Start();
 450              		.loc 1 226 0
 451 0006 FFF7FEFF 		bl	RTC_Start
 452              	.LVL0:
 453              		.loc 1 229 0
 454 000a 201C     		mov	r0, r4
 455 000c FFF7FEFF 		bl	localTimeInit
 456              	.LVL1:
 230:.\main.c      **** 	//setTime(&rtc);
 231:.\main.c      **** 	
 232:.\main.c      **** 	
 233:.\main.c      **** 	I2C_Status = getTime(&rtc);
 457              		.loc 1 233 0
 458 0010 201C     		mov	r0, r4
 459 0012 FFF7FEFF 		bl	getTime
 460              	.LVL2:
 234:.\main.c      **** 	
 235:.\main.c      **** 	
 236:.\main.c      **** 	/* Buffer for UART data */
 237:.\main.c      **** 	//uint16 array[6] = {0, 0, 0, 0, 0, 0};
 238:.\main.c      **** 	
 239:.\main.c      **** 
 240:.\main.c      **** 	/* Initializations */
 241:.\main.c      **** 	c.r = 0x00;
 242:.\main.c      **** 	c.g = 0x00;
 243:.\main.c      **** 	c.b = 0x00;
 244:.\main.c      **** 	clearScreen(matrix);
 461              		.loc 1 244 0
 462 0016 134E     		ldr	r6, .L17
 245:.\main.c      **** 	
 246:.\main.c      **** 	LED_Matrix_1_Start();
 247:.\main.c      ****     //UART_Start();
 248:.\main.c      ****     
 249:.\main.c      **** 	
 250:.\main.c      **** 	
 251:.\main.c      **** 	/* Enable Component */
 252:.\main.c      **** 	LED_Matrix_1_WriteControl(0x03);
 463              		.loc 1 252 0
 464 0018 0327     		mov	r7, #3
 244:.\main.c      **** 	clearScreen(matrix);
 465              		.loc 1 244 0
 466 001a 301C     		mov	r0, r6
 467 001c FFF7FEFF 		bl	clearScreen
 468              	.LVL3:
 246:.\main.c      **** 	LED_Matrix_1_Start();
 469              		.loc 1 246 0
 470 0020 FFF7FEFF 		bl	LED_Matrix_1_Start
 471              	.LVL4:
 472              		.loc 1 252 0
 473 0024 104B     		ldr	r3, .L17+4
 253:.\main.c      **** 
 254:.\main.c      **** 	/* Start the isr that is triggered everytime the Component finishes writing to the matrix */
 255:.\main.c      **** 	isr_2_StartEx(FIFO_EMPTY);
 474              		.loc 1 255 0
ARM GAS  C:\Users\Steve\AppData\Local\Temp\ccV2nsTf.s 			page 15


 475 0026 1148     		ldr	r0, .L17+8
 252:.\main.c      **** 	LED_Matrix_1_WriteControl(0x03);
 476              		.loc 1 252 0
 477 0028 1F70     		strb	r7, [r3]
 478              		.loc 1 255 0
 479 002a FFF7FEFF 		bl	isr_2_StartEx
 480              	.LVL5:
 256:.\main.c      **** 	ADC_Start();
 481              		.loc 1 256 0
 482 002e FFF7FEFF 		bl	ADC_Start
 483              	.LVL6:
 257:.\main.c      **** 	eoc_StartEx(eoc_isr);
 484              		.loc 1 257 0
 485 0032 0F48     		ldr	r0, .L17+12
 486 0034 FFF7FEFF 		bl	eoc_StartEx
 487              	.LVL7:
 241:.\main.c      **** 	c.r = 0x00;
 488              		.loc 1 241 0
 489 0038 0025     		mov	r5, #0
 258:.\main.c      **** 	ADC_StartConvert();
 490              		.loc 1 258 0
 491 003a FFF7FEFF 		bl	ADC_StartConvert
 492              	.LVL8:
 259:.\main.c      **** 	
 260:.\main.c      **** 	/* Enable interrupts */
 261:.\main.c      **** 	CyGlobalIntEnable;
 493              		.loc 1 261 0
 494              	@ 261 ".\main.c" 1
 495 003e 62B6     		CPSIE   i
 496              	@ 0 "" 2
 262:.\main.c      **** 	c.r = 3;
 497              		.loc 1 262 0
 498              		.code	16
 499 0040 6846     		mov	r0, sp
 500 0042 0770     		strb	r7, [r0]
 263:.\main.c      **** 	c.g = 0;
 501              		.loc 1 263 0
 502 0044 4570     		strb	r5, [r0, #1]
 264:.\main.c      **** 	c.b = 0;
 503              		.loc 1 264 0
 504 0046 8570     		strb	r5, [r0, #2]
 505              	.LVL9:
 506              	.L16:
 265:.\main.c      **** 	int8 tmp = 0x07;
 266:.\main.c      **** 	int i;
 267:.\main.c      **** 	for(;;)
 268:.\main.c      ****     { 	
 269:.\main.c      **** 		
 270:.\main.c      **** 		/*
 271:.\main.c      **** 		//ADCVoltage = ADC_CountsTo_Volts(0,result);
 272:.\main.c      **** 		//drawF(3,2,c,matrix);
 273:.\main.c      **** 		//drawC(9,2,c, matrix);
 274:.\main.c      **** 		//drawColon(15,2,c,matrix);
 275:.\main.c      **** 		//drawD(17,2,c,matrix);
 276:.\main.c      **** 		//drawE(23,2,c,matrix);
 277:.\main.c      **** 		if((dataReady != 0) && (result != oldResult))
 278:.\main.c      **** 		{
ARM GAS  C:\Users\Steve\AppData\Local\Temp\ccV2nsTf.s 			page 16


 279:.\main.c      **** 			oldResult = result;
 280:.\main.c      **** 			dataReady = 0 ;
 281:.\main.c      **** 			tmp = (int8)(result>>7);
 282:.\main.c      **** 			clearScreen(matrix);
 283:.\main.c      **** 			if(tmp<0)
 284:.\main.c      **** 			{
 285:.\main.c      **** 				tmp = 0;	
 286:.\main.c      **** 			}
 287:.\main.c      **** 			else if(tmp>16)
 288:.\main.c      **** 			{
 289:.\main.c      **** 				tmp=16;
 290:.\main.c      **** 			}
 291:.\main.c      **** 			for(i=0;i<32;i++)
 292:.\main.c      **** 			{
 293:.\main.c      **** 				drawFastVLine(i, 0, 5, c, matrix);
 294:.\main.c      **** 			}
 295:.\main.c      **** 			
 296:.\main.c      **** 		}
 297:.\main.c      **** 		else
 298:.\main.c      **** 		{
 299:.\main.c      **** 			
 300:.\main.c      **** 			for(i=0;i<32;i++)
 301:.\main.c      **** 			{
 302:.\main.c      **** 				drawFastVLine(i, 0, 5, c, matrix);
 303:.\main.c      **** 			}
 304:.\main.c      **** 		}
 305:.\main.c      **** 		*/
 306:.\main.c      **** 		printTime(decToBcd(rtc.hour),decToBcd(rtc.minute),c, matrix);
 507              		.loc 1 306 0 discriminator 1
 508 0048 2078     		ldrb	r0, [r4]
 509 004a FFF7FEFF 		bl	decToBcd
 510              	.LVL10:
 511 004e 051C     		mov	r5, r0
 512 0050 6078     		ldrb	r0, [r4, #1]
 513 0052 FFF7FEFF 		bl	decToBcd
 514              	.LVL11:
 515 0056 009A     		ldr	r2, [sp]
 516 0058 011C     		mov	r1, r0
 517 005a 331C     		mov	r3, r6
 518 005c 281C     		mov	r0, r5
 519 005e FFF7FEFF 		bl	printTime
 520              	.LVL12:
 521 0062 F1E7     		b	.L16
 522              	.L18:
 523              		.align	2
 524              	.L17:
 525 0064 00000000 		.word	matrix
 526 0068 71000F40 		.word	1074724977
 527 006c 00000000 		.word	FIFO_EMPTY
 528 0070 00000000 		.word	eoc_isr
 529              		.cfi_endproc
 530              	.LFE35:
 531              		.size	main, .-main
 532              		.global	oldResult
 533              		.global	result
 534              		.global	dataReady
 535              		.comm	matrix,960,4
ARM GAS  C:\Users\Steve\AppData\Local\Temp\ccV2nsTf.s 			page 17


 536              		.comm	bit_shift,1,1
 537              		.global	pwm_count
 538              		.global	j
 539              		.bss
 540              		.align	1
 541              		.set	.LANCHOR0,. + 0
 542              		.type	pwm_count, %object
 543              		.size	pwm_count, 1
 544              	pwm_count:
 545 0000 00       		.space	1
 546              		.type	j, %object
 547              		.size	j, 1
 548              	j:
 549 0001 00       		.space	1
 550              		.type	result, %object
 551              		.size	result, 2
 552              	result:
 553 0002 0000     		.space	2
 554              		.type	dataReady, %object
 555              		.size	dataReady, 1
 556              	dataReady:
 557 0004 00       		.space	1
 558 0005 00       		.space	1
 559              		.type	oldResult, %object
 560              		.size	oldResult, 2
 561              	oldResult:
 562 0006 0000     		.space	2
 563              		.text
 564              	.Letext0:
 565              		.file 2 "./Generated_Source/PSoC4/cytypes.h"
 566              		.file 3 "./LED_Matrix.h"
 567              		.file 4 ".\\I2CDriver.h"
 568              		.file 5 "./Generated_Source/PSoC4/isr_2.h"
 569              		.file 6 "./Generated_Source/PSoC4/RTC.h"
 570              		.file 7 "./Generated_Source/PSoC4/ADC.h"
 571              		.file 8 "./Generated_Source/PSoC4/eoc.h"
 572              		.file 9 "./Generated_Source/PSoC4/LED_Matrix_1.h"
 573              		.section	.debug_info,"",%progbits
 574              	.Ldebug_info0:
 575 0000 9D040000 		.4byte	0x49d
 576 0004 0200     		.2byte	0x2
 577 0006 00000000 		.4byte	.Ldebug_abbrev0
 578 000a 04       		.byte	0x4
 579 000b 01       		.uleb128 0x1
 580 000c 9E010000 		.4byte	.LASF48
 581 0010 01       		.byte	0x1
 582 0011 75000000 		.4byte	.LASF49
 583 0015 EC000000 		.4byte	.LASF50
 584 0019 00000000 		.4byte	.Ldebug_ranges0+0
 585 001d 00000000 		.4byte	0
 586 0021 00000000 		.4byte	0
 587 0025 00000000 		.4byte	.Ldebug_line0
 588 0029 02       		.uleb128 0x2
 589 002a 01       		.byte	0x1
 590 002b 06       		.byte	0x6
 591 002c 69000000 		.4byte	.LASF0
 592 0030 02       		.uleb128 0x2
ARM GAS  C:\Users\Steve\AppData\Local\Temp\ccV2nsTf.s 			page 18


 593 0031 01       		.byte	0x1
 594 0032 08       		.byte	0x8
 595 0033 EC010000 		.4byte	.LASF1
 596 0037 02       		.uleb128 0x2
 597 0038 02       		.byte	0x2
 598 0039 05       		.byte	0x5
 599 003a FA010000 		.4byte	.LASF2
 600 003e 02       		.uleb128 0x2
 601 003f 02       		.byte	0x2
 602 0040 07       		.byte	0x7
 603 0041 27010000 		.4byte	.LASF3
 604 0045 02       		.uleb128 0x2
 605 0046 04       		.byte	0x4
 606 0047 05       		.byte	0x5
 607 0048 8D000000 		.4byte	.LASF4
 608 004c 02       		.uleb128 0x2
 609 004d 04       		.byte	0x4
 610 004e 07       		.byte	0x7
 611 004f DA000000 		.4byte	.LASF5
 612 0053 02       		.uleb128 0x2
 613 0054 08       		.byte	0x8
 614 0055 05       		.byte	0x5
 615 0056 5B000000 		.4byte	.LASF6
 616 005a 02       		.uleb128 0x2
 617 005b 08       		.byte	0x8
 618 005c 07       		.byte	0x7
 619 005d 15000000 		.4byte	.LASF7
 620 0061 03       		.uleb128 0x3
 621 0062 04       		.byte	0x4
 622 0063 05       		.byte	0x5
 623 0064 696E7400 		.ascii	"int\000"
 624 0068 02       		.uleb128 0x2
 625 0069 04       		.byte	0x4
 626 006a 07       		.byte	0x7
 627 006b CD000000 		.4byte	.LASF8
 628 006f 04       		.uleb128 0x4
 629 0070 96000000 		.4byte	.LASF9
 630 0074 02       		.byte	0x2
 631 0075 5B       		.byte	0x5b
 632 0076 30000000 		.4byte	0x30
 633 007a 04       		.uleb128 0x4
 634 007b 00000000 		.4byte	.LASF10
 635 007f 02       		.byte	0x2
 636 0080 5C       		.byte	0x5c
 637 0081 3E000000 		.4byte	0x3e
 638 0085 04       		.uleb128 0x4
 639 0086 A3000000 		.4byte	.LASF11
 640 008a 02       		.byte	0x2
 641 008b 5D       		.byte	0x5d
 642 008c 4C000000 		.4byte	0x4c
 643 0090 04       		.uleb128 0x4
 644 0091 3A010000 		.4byte	.LASF12
 645 0095 02       		.byte	0x2
 646 0096 5E       		.byte	0x5e
 647 0097 29000000 		.4byte	0x29
 648 009b 02       		.uleb128 0x2
 649 009c 04       		.byte	0x4
ARM GAS  C:\Users\Steve\AppData\Local\Temp\ccV2nsTf.s 			page 19


 650 009d 04       		.byte	0x4
 651 009e 98010000 		.4byte	.LASF13
 652 00a2 02       		.uleb128 0x2
 653 00a3 08       		.byte	0x8
 654 00a4 04       		.byte	0x4
 655 00a5 9C000000 		.4byte	.LASF14
 656 00a9 02       		.uleb128 0x2
 657 00aa 01       		.byte	0x1
 658 00ab 08       		.byte	0x8
 659 00ac 19020000 		.4byte	.LASF15
 660 00b0 04       		.uleb128 0x4
 661 00b1 E7010000 		.4byte	.LASF16
 662 00b5 02       		.byte	0x2
 663 00b6 F0       		.byte	0xf0
 664 00b7 BB000000 		.4byte	0xbb
 665 00bb 05       		.uleb128 0x5
 666 00bc 6F000000 		.4byte	0x6f
 667 00c0 04       		.uleb128 0x4
 668 00c1 6D010000 		.4byte	.LASF17
 669 00c5 02       		.byte	0x2
 670 00c6 F2       		.byte	0xf2
 671 00c7 CB000000 		.4byte	0xcb
 672 00cb 05       		.uleb128 0x5
 673 00cc 85000000 		.4byte	0x85
 674 00d0 06       		.uleb128 0x6
 675 00d1 1E020000 		.4byte	.LASF18
 676 00d5 02       		.byte	0x2
 677 00d6 0201     		.2byte	0x102
 678 00d8 DC000000 		.4byte	0xdc
 679 00dc 07       		.uleb128 0x7
 680 00dd 04       		.byte	0x4
 681 00de E2000000 		.4byte	0xe2
 682 00e2 08       		.uleb128 0x8
 683 00e3 01       		.byte	0x1
 684 00e4 02       		.uleb128 0x2
 685 00e5 04       		.byte	0x4
 686 00e6 07       		.byte	0x7
 687 00e7 73010000 		.4byte	.LASF19
 688 00eb 09       		.uleb128 0x9
 689 00ec 0F       		.byte	0xf
 690 00ed 03       		.byte	0x3
 691 00ee 26       		.byte	0x26
 692 00ef 18010000 		.4byte	0x118
 693 00f3 0A       		.uleb128 0xa
 694 00f4 7200     		.ascii	"r\000"
 695 00f6 03       		.byte	0x3
 696 00f7 28       		.byte	0x28
 697 00f8 18010000 		.4byte	0x118
 698 00fc 02       		.byte	0x2
 699 00fd 23       		.byte	0x23
 700 00fe 00       		.uleb128 0
 701 00ff 0A       		.uleb128 0xa
 702 0100 6700     		.ascii	"g\000"
 703 0102 03       		.byte	0x3
 704 0103 29       		.byte	0x29
 705 0104 18010000 		.4byte	0x118
 706 0108 02       		.byte	0x2
ARM GAS  C:\Users\Steve\AppData\Local\Temp\ccV2nsTf.s 			page 20


 707 0109 23       		.byte	0x23
 708 010a 05       		.uleb128 0x5
 709 010b 0A       		.uleb128 0xa
 710 010c 6200     		.ascii	"b\000"
 711 010e 03       		.byte	0x3
 712 010f 2A       		.byte	0x2a
 713 0110 18010000 		.4byte	0x118
 714 0114 02       		.byte	0x2
 715 0115 23       		.byte	0x23
 716 0116 0A       		.uleb128 0xa
 717 0117 00       		.byte	0
 718 0118 0B       		.uleb128 0xb
 719 0119 6F000000 		.4byte	0x6f
 720 011d 28010000 		.4byte	0x128
 721 0121 0C       		.uleb128 0xc
 722 0122 E4000000 		.4byte	0xe4
 723 0126 04       		.byte	0x4
 724 0127 00       		.byte	0
 725 0128 04       		.uleb128 0x4
 726 0129 13020000 		.4byte	.LASF20
 727 012d 03       		.byte	0x3
 728 012e 2B       		.byte	0x2b
 729 012f EB000000 		.4byte	0xeb
 730 0133 09       		.uleb128 0x9
 731 0134 03       		.byte	0x3
 732 0135 03       		.byte	0x3
 733 0136 2E       		.byte	0x2e
 734 0137 60010000 		.4byte	0x160
 735 013b 0A       		.uleb128 0xa
 736 013c 7200     		.ascii	"r\000"
 737 013e 03       		.byte	0x3
 738 013f 30       		.byte	0x30
 739 0140 6F000000 		.4byte	0x6f
 740 0144 02       		.byte	0x2
 741 0145 23       		.byte	0x23
 742 0146 00       		.uleb128 0
 743 0147 0A       		.uleb128 0xa
 744 0148 6700     		.ascii	"g\000"
 745 014a 03       		.byte	0x3
 746 014b 31       		.byte	0x31
 747 014c 6F000000 		.4byte	0x6f
 748 0150 02       		.byte	0x2
 749 0151 23       		.byte	0x23
 750 0152 01       		.uleb128 0x1
 751 0153 0A       		.uleb128 0xa
 752 0154 6200     		.ascii	"b\000"
 753 0156 03       		.byte	0x3
 754 0157 32       		.byte	0x32
 755 0158 6F000000 		.4byte	0x6f
 756 015c 02       		.byte	0x2
 757 015d 23       		.byte	0x23
 758 015e 02       		.uleb128 0x2
 759 015f 00       		.byte	0
 760 0160 0D       		.uleb128 0xd
 761 0161 52474200 		.ascii	"RGB\000"
 762 0165 03       		.byte	0x3
 763 0166 33       		.byte	0x33
ARM GAS  C:\Users\Steve\AppData\Local\Temp\ccV2nsTf.s 			page 21


 764 0167 33010000 		.4byte	0x133
 765 016b 0E       		.uleb128 0xe
 766 016c 87010000 		.4byte	.LASF51
 767 0170 09       		.byte	0x9
 768 0171 04       		.byte	0x4
 769 0172 11       		.byte	0x11
 770 0173 F5010000 		.4byte	0x1f5
 771 0177 0F       		.uleb128 0xf
 772 0178 93010000 		.4byte	.LASF21
 773 017c 04       		.byte	0x4
 774 017d 13       		.byte	0x13
 775 017e 6F000000 		.4byte	0x6f
 776 0182 02       		.byte	0x2
 777 0183 23       		.byte	0x23
 778 0184 00       		.uleb128 0
 779 0185 0F       		.uleb128 0xf
 780 0186 45020000 		.4byte	.LASF22
 781 018a 04       		.byte	0x4
 782 018b 14       		.byte	0x14
 783 018c 6F000000 		.4byte	0x6f
 784 0190 02       		.byte	0x2
 785 0191 23       		.byte	0x23
 786 0192 01       		.uleb128 0x1
 787 0193 0A       		.uleb128 0xa
 788 0194 73656300 		.ascii	"sec\000"
 789 0198 04       		.byte	0x4
 790 0199 15       		.byte	0x15
 791 019a 6F000000 		.4byte	0x6f
 792 019e 02       		.byte	0x2
 793 019f 23       		.byte	0x23
 794 01a0 02       		.uleb128 0x2
 795 01a1 0A       		.uleb128 0xa
 796 01a2 64617900 		.ascii	"day\000"
 797 01a6 04       		.byte	0x4
 798 01a7 16       		.byte	0x16
 799 01a8 6F000000 		.4byte	0x6f
 800 01ac 02       		.byte	0x2
 801 01ad 23       		.byte	0x23
 802 01ae 03       		.uleb128 0x3
 803 01af 0F       		.uleb128 0xf
 804 01b0 2B020000 		.4byte	.LASF23
 805 01b4 04       		.byte	0x4
 806 01b5 17       		.byte	0x17
 807 01b6 6F000000 		.4byte	0x6f
 808 01ba 02       		.byte	0x2
 809 01bb 23       		.byte	0x23
 810 01bc 04       		.uleb128 0x4
 811 01bd 0F       		.uleb128 0xf
 812 01be C7000000 		.4byte	.LASF24
 813 01c2 04       		.byte	0x4
 814 01c3 18       		.byte	0x18
 815 01c4 6F000000 		.4byte	0x6f
 816 01c8 02       		.byte	0x2
 817 01c9 23       		.byte	0x23
 818 01ca 05       		.uleb128 0x5
 819 01cb 0F       		.uleb128 0xf
 820 01cc 88000000 		.4byte	.LASF25
ARM GAS  C:\Users\Steve\AppData\Local\Temp\ccV2nsTf.s 			page 22


 821 01d0 04       		.byte	0x4
 822 01d1 19       		.byte	0x19
 823 01d2 6F000000 		.4byte	0x6f
 824 01d6 02       		.byte	0x2
 825 01d7 23       		.byte	0x23
 826 01d8 06       		.uleb128 0x6
 827 01d9 0A       		.uleb128 0xa
 828 01da 706D00   		.ascii	"pm\000"
 829 01dd 04       		.byte	0x4
 830 01de 1A       		.byte	0x1a
 831 01df 6F000000 		.4byte	0x6f
 832 01e3 02       		.byte	0x2
 833 01e4 23       		.byte	0x23
 834 01e5 07       		.uleb128 0x7
 835 01e6 0F       		.uleb128 0xf
 836 01e7 04020000 		.4byte	.LASF26
 837 01eb 04       		.byte	0x4
 838 01ec 1B       		.byte	0x1b
 839 01ed 6F000000 		.4byte	0x6f
 840 01f1 02       		.byte	0x2
 841 01f2 23       		.byte	0x23
 842 01f3 08       		.uleb128 0x8
 843 01f4 00       		.byte	0
 844 01f5 04       		.uleb128 0x4
 845 01f6 0B020000 		.4byte	.LASF27
 846 01fa 04       		.byte	0x4
 847 01fb 1D       		.byte	0x1d
 848 01fc 6B010000 		.4byte	0x16b
 849 0200 10       		.uleb128 0x10
 850 0201 01       		.byte	0x1
 851 0202 7C010000 		.4byte	.LASF28
 852 0206 01       		.byte	0x1
 853 0207 44       		.byte	0x44
 854 0208 01       		.byte	0x1
 855 0209 00000000 		.4byte	.LFB33
 856 020d DC010000 		.4byte	.LFE33
 857 0211 00000000 		.4byte	.LLST0
 858 0215 01       		.byte	0x1
 859 0216 10       		.uleb128 0x10
 860 0217 01       		.byte	0x1
 861 0218 4C020000 		.4byte	.LASF29
 862 021c 01       		.byte	0x1
 863 021d C4       		.byte	0xc4
 864 021e 01       		.byte	0x1
 865 021f 00000000 		.4byte	.LFB34
 866 0223 2C000000 		.4byte	.LFE34
 867 0227 39000000 		.4byte	.LLST1
 868 022b 01       		.byte	0x1
 869 022c 11       		.uleb128 0x11
 870 022d 01       		.byte	0x1
 871 022e 67020000 		.4byte	.LASF52
 872 0232 01       		.byte	0x1
 873 0233 DE       		.byte	0xde
 874 0234 61000000 		.4byte	0x61
 875 0238 00000000 		.4byte	.LFB35
 876 023c 74000000 		.4byte	.LFE35
 877 0240 59000000 		.4byte	.LLST2
ARM GAS  C:\Users\Steve\AppData\Local\Temp\ccV2nsTf.s 			page 23


 878 0244 01       		.byte	0x1
 879 0245 3C030000 		.4byte	0x33c
 880 0249 12       		.uleb128 0x12
 881 024a 6300     		.ascii	"c\000"
 882 024c 01       		.byte	0x1
 883 024d E1       		.byte	0xe1
 884 024e 60010000 		.4byte	0x160
 885 0252 02       		.byte	0x2
 886 0253 91       		.byte	0x91
 887 0254 58       		.sleb128 -40
 888 0255 12       		.uleb128 0x12
 889 0256 72746300 		.ascii	"rtc\000"
 890 025a 01       		.byte	0x1
 891 025b E3       		.byte	0xe3
 892 025c F5010000 		.4byte	0x1f5
 893 0260 02       		.byte	0x2
 894 0261 91       		.byte	0x91
 895 0262 5C       		.sleb128 -36
 896 0263 13       		.uleb128 0x13
 897 0264 50000000 		.4byte	.LASF30
 898 0268 01       		.byte	0x1
 899 0269 E4       		.byte	0xe4
 900 026a 6F000000 		.4byte	0x6f
 901 026e 14       		.uleb128 0x14
 902 026f 746D7000 		.ascii	"tmp\000"
 903 0273 01       		.byte	0x1
 904 0274 0901     		.2byte	0x109
 905 0276 90000000 		.4byte	0x90
 906 027a 07       		.byte	0x7
 907 027b 15       		.uleb128 0x15
 908 027c 6900     		.ascii	"i\000"
 909 027e 01       		.byte	0x1
 910 027f 0A01     		.2byte	0x10a
 911 0281 61000000 		.4byte	0x61
 912 0285 16       		.uleb128 0x16
 913 0286 0A000000 		.4byte	.LVL0
 914 028a C8030000 		.4byte	0x3c8
 915 028e 17       		.uleb128 0x17
 916 028f 10000000 		.4byte	.LVL1
 917 0293 D2030000 		.4byte	0x3d2
 918 0297 A2020000 		.4byte	0x2a2
 919 029b 18       		.uleb128 0x18
 920 029c 01       		.byte	0x1
 921 029d 50       		.byte	0x50
 922 029e 02       		.byte	0x2
 923 029f 74       		.byte	0x74
 924 02a0 00       		.sleb128 0
 925 02a1 00       		.byte	0
 926 02a2 17       		.uleb128 0x17
 927 02a3 16000000 		.4byte	.LVL2
 928 02a7 EC030000 		.4byte	0x3ec
 929 02ab B6020000 		.4byte	0x2b6
 930 02af 18       		.uleb128 0x18
 931 02b0 01       		.byte	0x1
 932 02b1 50       		.byte	0x50
 933 02b2 02       		.byte	0x2
 934 02b3 74       		.byte	0x74
ARM GAS  C:\Users\Steve\AppData\Local\Temp\ccV2nsTf.s 			page 24


 935 02b4 00       		.sleb128 0
 936 02b5 00       		.byte	0
 937 02b6 17       		.uleb128 0x17
 938 02b7 20000000 		.4byte	.LVL3
 939 02bb 04040000 		.4byte	0x404
 940 02bf CA020000 		.4byte	0x2ca
 941 02c3 18       		.uleb128 0x18
 942 02c4 01       		.byte	0x1
 943 02c5 50       		.byte	0x50
 944 02c6 02       		.byte	0x2
 945 02c7 76       		.byte	0x76
 946 02c8 00       		.sleb128 0
 947 02c9 00       		.byte	0
 948 02ca 16       		.uleb128 0x16
 949 02cb 24000000 		.4byte	.LVL4
 950 02cf 1E040000 		.4byte	0x41e
 951 02d3 17       		.uleb128 0x17
 952 02d4 2E000000 		.4byte	.LVL5
 953 02d8 2D040000 		.4byte	0x42d
 954 02dc EA020000 		.4byte	0x2ea
 955 02e0 18       		.uleb128 0x18
 956 02e1 01       		.byte	0x1
 957 02e2 50       		.byte	0x50
 958 02e3 05       		.byte	0x5
 959 02e4 03       		.byte	0x3
 960 02e5 00000000 		.4byte	FIFO_EMPTY
 961 02e9 00       		.byte	0
 962 02ea 16       		.uleb128 0x16
 963 02eb 32000000 		.4byte	.LVL6
 964 02ef 41040000 		.4byte	0x441
 965 02f3 17       		.uleb128 0x17
 966 02f4 38000000 		.4byte	.LVL7
 967 02f8 4B040000 		.4byte	0x44b
 968 02fc 0A030000 		.4byte	0x30a
 969 0300 18       		.uleb128 0x18
 970 0301 01       		.byte	0x1
 971 0302 50       		.byte	0x50
 972 0303 05       		.byte	0x5
 973 0304 03       		.byte	0x3
 974 0305 00000000 		.4byte	eoc_isr
 975 0309 00       		.byte	0
 976 030a 16       		.uleb128 0x16
 977 030b 3E000000 		.4byte	.LVL8
 978 030f 5F040000 		.4byte	0x45f
 979 0313 16       		.uleb128 0x16
 980 0314 4E000000 		.4byte	.LVL10
 981 0318 69040000 		.4byte	0x469
 982 031c 16       		.uleb128 0x16
 983 031d 56000000 		.4byte	.LVL11
 984 0321 69040000 		.4byte	0x469
 985 0325 19       		.uleb128 0x19
 986 0326 62000000 		.4byte	.LVL12
 987 032a 81040000 		.4byte	0x481
 988 032e 18       		.uleb128 0x18
 989 032f 01       		.byte	0x1
 990 0330 53       		.byte	0x53
 991 0331 02       		.byte	0x2
ARM GAS  C:\Users\Steve\AppData\Local\Temp\ccV2nsTf.s 			page 25


 992 0332 76       		.byte	0x76
 993 0333 00       		.sleb128 0
 994 0334 18       		.uleb128 0x18
 995 0335 01       		.byte	0x1
 996 0336 50       		.byte	0x50
 997 0337 02       		.byte	0x2
 998 0338 75       		.byte	0x75
 999 0339 00       		.sleb128 0
 1000 033a 00       		.byte	0
 1001 033b 00       		.byte	0
 1002 033c 0B       		.uleb128 0xb
 1003 033d 28010000 		.4byte	0x128
 1004 0341 4C030000 		.4byte	0x34c
 1005 0345 0C       		.uleb128 0xc
 1006 0346 E4000000 		.4byte	0xe4
 1007 034a 3F       		.byte	0x3f
 1008 034b 00       		.byte	0
 1009 034c 1A       		.uleb128 0x1a
 1010 034d C0000000 		.4byte	.LASF31
 1011 0351 01       		.byte	0x1
 1012 0352 30       		.byte	0x30
 1013 0353 3C030000 		.4byte	0x33c
 1014 0357 01       		.byte	0x1
 1015 0358 05       		.byte	0x5
 1016 0359 03       		.byte	0x3
 1017 035a 00000000 		.4byte	matrix
 1018 035e 1B       		.uleb128 0x1b
 1019 035f 6A00     		.ascii	"j\000"
 1020 0361 01       		.byte	0x1
 1021 0362 2C       		.byte	0x2c
 1022 0363 6F000000 		.4byte	0x6f
 1023 0367 01       		.byte	0x1
 1024 0368 05       		.byte	0x5
 1025 0369 03       		.byte	0x3
 1026 036a 00000000 		.4byte	j
 1027 036e 1A       		.uleb128 0x1a
 1028 036f AA000000 		.4byte	.LASF32
 1029 0373 01       		.byte	0x1
 1030 0374 2C       		.byte	0x2c
 1031 0375 6F000000 		.4byte	0x6f
 1032 0379 01       		.byte	0x1
 1033 037a 05       		.byte	0x5
 1034 037b 03       		.byte	0x3
 1035 037c 00000000 		.4byte	pwm_count
 1036 0380 1A       		.uleb128 0x1a
 1037 0381 5D020000 		.4byte	.LASF33
 1038 0385 01       		.byte	0x1
 1039 0386 2E       		.byte	0x2e
 1040 0387 6F000000 		.4byte	0x6f
 1041 038b 01       		.byte	0x1
 1042 038c 05       		.byte	0x5
 1043 038d 03       		.byte	0x3
 1044 038e 00000000 		.4byte	bit_shift
 1045 0392 1A       		.uleb128 0x1a
 1046 0393 3F010000 		.4byte	.LASF34
 1047 0397 01       		.byte	0x1
 1048 0398 C1       		.byte	0xc1
ARM GAS  C:\Users\Steve\AppData\Local\Temp\ccV2nsTf.s 			page 26


 1049 0399 6F000000 		.4byte	0x6f
 1050 039d 01       		.byte	0x1
 1051 039e 05       		.byte	0x5
 1052 039f 03       		.byte	0x3
 1053 03a0 00000000 		.4byte	dataReady
 1054 03a4 1A       		.uleb128 0x1a
 1055 03a5 76020000 		.4byte	.LASF35
 1056 03a9 01       		.byte	0x1
 1057 03aa C2       		.byte	0xc2
 1058 03ab 7A000000 		.4byte	0x7a
 1059 03af 01       		.byte	0x1
 1060 03b0 05       		.byte	0x5
 1061 03b1 03       		.byte	0x3
 1062 03b2 00000000 		.4byte	result
 1063 03b6 1A       		.uleb128 0x1a
 1064 03b7 6C020000 		.4byte	.LASF36
 1065 03bb 01       		.byte	0x1
 1066 03bc C3       		.byte	0xc3
 1067 03bd 7A000000 		.4byte	0x7a
 1068 03c1 01       		.byte	0x1
 1069 03c2 05       		.byte	0x5
 1070 03c3 03       		.byte	0x3
 1071 03c4 00000000 		.4byte	oldResult
 1072 03c8 1C       		.uleb128 0x1c
 1073 03c9 01       		.byte	0x1
 1074 03ca 7E000000 		.4byte	.LASF40
 1075 03ce 06       		.byte	0x6
 1076 03cf 6C       		.byte	0x6c
 1077 03d0 01       		.byte	0x1
 1078 03d1 01       		.byte	0x1
 1079 03d2 1D       		.uleb128 0x1d
 1080 03d3 01       		.byte	0x1
 1081 03d4 53010000 		.4byte	.LASF37
 1082 03d8 04       		.byte	0x4
 1083 03d9 1F       		.byte	0x1f
 1084 03da 01       		.byte	0x1
 1085 03db 01       		.byte	0x1
 1086 03dc E6030000 		.4byte	0x3e6
 1087 03e0 1E       		.uleb128 0x1e
 1088 03e1 E6030000 		.4byte	0x3e6
 1089 03e5 00       		.byte	0
 1090 03e6 07       		.uleb128 0x7
 1091 03e7 04       		.byte	0x4
 1092 03e8 F5010000 		.4byte	0x1f5
 1093 03ec 1F       		.uleb128 0x1f
 1094 03ed 01       		.byte	0x1
 1095 03ee 3D020000 		.4byte	.LASF44
 1096 03f2 04       		.byte	0x4
 1097 03f3 25       		.byte	0x25
 1098 03f4 01       		.byte	0x1
 1099 03f5 6F000000 		.4byte	0x6f
 1100 03f9 01       		.byte	0x1
 1101 03fa 04040000 		.4byte	0x404
 1102 03fe 1E       		.uleb128 0x1e
 1103 03ff E6030000 		.4byte	0x3e6
 1104 0403 00       		.byte	0
 1105 0404 1D       		.uleb128 0x1d
ARM GAS  C:\Users\Steve\AppData\Local\Temp\ccV2nsTf.s 			page 27


 1106 0405 01       		.byte	0x1
 1107 0406 61010000 		.4byte	.LASF38
 1108 040a 03       		.byte	0x3
 1109 040b 3F       		.byte	0x3f
 1110 040c 01       		.byte	0x1
 1111 040d 01       		.byte	0x1
 1112 040e 18040000 		.4byte	0x418
 1113 0412 1E       		.uleb128 0x1e
 1114 0413 18040000 		.4byte	0x418
 1115 0417 00       		.byte	0
 1116 0418 07       		.uleb128 0x7
 1117 0419 04       		.byte	0x4
 1118 041a 28010000 		.4byte	0x128
 1119 041e 20       		.uleb128 0x20
 1120 041f 01       		.byte	0x1
 1121 0420 2C000000 		.4byte	.LASF46
 1122 0424 09       		.byte	0x9
 1123 0425 4E       		.byte	0x4e
 1124 0426 01       		.byte	0x1
 1125 0427 2D040000 		.4byte	0x42d
 1126 042b 21       		.uleb128 0x21
 1127 042c 00       		.byte	0
 1128 042d 1D       		.uleb128 0x1d
 1129 042e 01       		.byte	0x1
 1130 042f 07000000 		.4byte	.LASF39
 1131 0433 05       		.byte	0x5
 1132 0434 18       		.byte	0x18
 1133 0435 01       		.byte	0x1
 1134 0436 01       		.byte	0x1
 1135 0437 41040000 		.4byte	0x441
 1136 043b 1E       		.uleb128 0x1e
 1137 043c D0000000 		.4byte	0xd0
 1138 0440 00       		.byte	0
 1139 0441 1C       		.uleb128 0x1c
 1140 0442 01       		.byte	0x1
 1141 0443 33020000 		.4byte	.LASF41
 1142 0447 07       		.byte	0x7
 1143 0448 87       		.byte	0x87
 1144 0449 01       		.byte	0x1
 1145 044a 01       		.byte	0x1
 1146 044b 1D       		.uleb128 0x1d
 1147 044c 01       		.byte	0x1
 1148 044d B4000000 		.4byte	.LASF42
 1149 0451 08       		.byte	0x8
 1150 0452 18       		.byte	0x18
 1151 0453 01       		.byte	0x1
 1152 0454 01       		.byte	0x1
 1153 0455 5F040000 		.4byte	0x45f
 1154 0459 1E       		.uleb128 0x1e
 1155 045a D0000000 		.4byte	0xd0
 1156 045e 00       		.byte	0
 1157 045f 1C       		.uleb128 0x1c
 1158 0460 01       		.byte	0x1
 1159 0461 3F000000 		.4byte	.LASF43
 1160 0465 07       		.byte	0x7
 1161 0466 8B       		.byte	0x8b
 1162 0467 01       		.byte	0x1
ARM GAS  C:\Users\Steve\AppData\Local\Temp\ccV2nsTf.s 			page 28


 1163 0468 01       		.byte	0x1
 1164 0469 1F       		.uleb128 0x1f
 1165 046a 01       		.byte	0x1
 1166 046b 54020000 		.4byte	.LASF45
 1167 046f 04       		.byte	0x4
 1168 0470 20       		.byte	0x20
 1169 0471 01       		.byte	0x1
 1170 0472 6F000000 		.4byte	0x6f
 1171 0476 01       		.byte	0x1
 1172 0477 81040000 		.4byte	0x481
 1173 047b 1E       		.uleb128 0x1e
 1174 047c 6F000000 		.4byte	0x6f
 1175 0480 00       		.byte	0
 1176 0481 22       		.uleb128 0x22
 1177 0482 01       		.byte	0x1
 1178 0483 49010000 		.4byte	.LASF47
 1179 0487 03       		.byte	0x3
 1180 0488 59       		.byte	0x59
 1181 0489 01       		.byte	0x1
 1182 048a 01       		.byte	0x1
 1183 048b 1E       		.uleb128 0x1e
 1184 048c 6F000000 		.4byte	0x6f
 1185 0490 1E       		.uleb128 0x1e
 1186 0491 6F000000 		.4byte	0x6f
 1187 0495 1E       		.uleb128 0x1e
 1188 0496 60010000 		.4byte	0x160
 1189 049a 1E       		.uleb128 0x1e
 1190 049b 18040000 		.4byte	0x418
 1191 049f 00       		.byte	0
 1192 04a0 00       		.byte	0
 1193              		.section	.debug_abbrev,"",%progbits
 1194              	.Ldebug_abbrev0:
 1195 0000 01       		.uleb128 0x1
 1196 0001 11       		.uleb128 0x11
 1197 0002 01       		.byte	0x1
 1198 0003 25       		.uleb128 0x25
 1199 0004 0E       		.uleb128 0xe
 1200 0005 13       		.uleb128 0x13
 1201 0006 0B       		.uleb128 0xb
 1202 0007 03       		.uleb128 0x3
 1203 0008 0E       		.uleb128 0xe
 1204 0009 1B       		.uleb128 0x1b
 1205 000a 0E       		.uleb128 0xe
 1206 000b 55       		.uleb128 0x55
 1207 000c 06       		.uleb128 0x6
 1208 000d 11       		.uleb128 0x11
 1209 000e 01       		.uleb128 0x1
 1210 000f 52       		.uleb128 0x52
 1211 0010 01       		.uleb128 0x1
 1212 0011 10       		.uleb128 0x10
 1213 0012 06       		.uleb128 0x6
 1214 0013 00       		.byte	0
 1215 0014 00       		.byte	0
 1216 0015 02       		.uleb128 0x2
 1217 0016 24       		.uleb128 0x24
 1218 0017 00       		.byte	0
 1219 0018 0B       		.uleb128 0xb
ARM GAS  C:\Users\Steve\AppData\Local\Temp\ccV2nsTf.s 			page 29


 1220 0019 0B       		.uleb128 0xb
 1221 001a 3E       		.uleb128 0x3e
 1222 001b 0B       		.uleb128 0xb
 1223 001c 03       		.uleb128 0x3
 1224 001d 0E       		.uleb128 0xe
 1225 001e 00       		.byte	0
 1226 001f 00       		.byte	0
 1227 0020 03       		.uleb128 0x3
 1228 0021 24       		.uleb128 0x24
 1229 0022 00       		.byte	0
 1230 0023 0B       		.uleb128 0xb
 1231 0024 0B       		.uleb128 0xb
 1232 0025 3E       		.uleb128 0x3e
 1233 0026 0B       		.uleb128 0xb
 1234 0027 03       		.uleb128 0x3
 1235 0028 08       		.uleb128 0x8
 1236 0029 00       		.byte	0
 1237 002a 00       		.byte	0
 1238 002b 04       		.uleb128 0x4
 1239 002c 16       		.uleb128 0x16
 1240 002d 00       		.byte	0
 1241 002e 03       		.uleb128 0x3
 1242 002f 0E       		.uleb128 0xe
 1243 0030 3A       		.uleb128 0x3a
 1244 0031 0B       		.uleb128 0xb
 1245 0032 3B       		.uleb128 0x3b
 1246 0033 0B       		.uleb128 0xb
 1247 0034 49       		.uleb128 0x49
 1248 0035 13       		.uleb128 0x13
 1249 0036 00       		.byte	0
 1250 0037 00       		.byte	0
 1251 0038 05       		.uleb128 0x5
 1252 0039 35       		.uleb128 0x35
 1253 003a 00       		.byte	0
 1254 003b 49       		.uleb128 0x49
 1255 003c 13       		.uleb128 0x13
 1256 003d 00       		.byte	0
 1257 003e 00       		.byte	0
 1258 003f 06       		.uleb128 0x6
 1259 0040 16       		.uleb128 0x16
 1260 0041 00       		.byte	0
 1261 0042 03       		.uleb128 0x3
 1262 0043 0E       		.uleb128 0xe
 1263 0044 3A       		.uleb128 0x3a
 1264 0045 0B       		.uleb128 0xb
 1265 0046 3B       		.uleb128 0x3b
 1266 0047 05       		.uleb128 0x5
 1267 0048 49       		.uleb128 0x49
 1268 0049 13       		.uleb128 0x13
 1269 004a 00       		.byte	0
 1270 004b 00       		.byte	0
 1271 004c 07       		.uleb128 0x7
 1272 004d 0F       		.uleb128 0xf
 1273 004e 00       		.byte	0
 1274 004f 0B       		.uleb128 0xb
 1275 0050 0B       		.uleb128 0xb
 1276 0051 49       		.uleb128 0x49
ARM GAS  C:\Users\Steve\AppData\Local\Temp\ccV2nsTf.s 			page 30


 1277 0052 13       		.uleb128 0x13
 1278 0053 00       		.byte	0
 1279 0054 00       		.byte	0
 1280 0055 08       		.uleb128 0x8
 1281 0056 15       		.uleb128 0x15
 1282 0057 00       		.byte	0
 1283 0058 27       		.uleb128 0x27
 1284 0059 0C       		.uleb128 0xc
 1285 005a 00       		.byte	0
 1286 005b 00       		.byte	0
 1287 005c 09       		.uleb128 0x9
 1288 005d 13       		.uleb128 0x13
 1289 005e 01       		.byte	0x1
 1290 005f 0B       		.uleb128 0xb
 1291 0060 0B       		.uleb128 0xb
 1292 0061 3A       		.uleb128 0x3a
 1293 0062 0B       		.uleb128 0xb
 1294 0063 3B       		.uleb128 0x3b
 1295 0064 0B       		.uleb128 0xb
 1296 0065 01       		.uleb128 0x1
 1297 0066 13       		.uleb128 0x13
 1298 0067 00       		.byte	0
 1299 0068 00       		.byte	0
 1300 0069 0A       		.uleb128 0xa
 1301 006a 0D       		.uleb128 0xd
 1302 006b 00       		.byte	0
 1303 006c 03       		.uleb128 0x3
 1304 006d 08       		.uleb128 0x8
 1305 006e 3A       		.uleb128 0x3a
 1306 006f 0B       		.uleb128 0xb
 1307 0070 3B       		.uleb128 0x3b
 1308 0071 0B       		.uleb128 0xb
 1309 0072 49       		.uleb128 0x49
 1310 0073 13       		.uleb128 0x13
 1311 0074 38       		.uleb128 0x38
 1312 0075 0A       		.uleb128 0xa
 1313 0076 00       		.byte	0
 1314 0077 00       		.byte	0
 1315 0078 0B       		.uleb128 0xb
 1316 0079 01       		.uleb128 0x1
 1317 007a 01       		.byte	0x1
 1318 007b 49       		.uleb128 0x49
 1319 007c 13       		.uleb128 0x13
 1320 007d 01       		.uleb128 0x1
 1321 007e 13       		.uleb128 0x13
 1322 007f 00       		.byte	0
 1323 0080 00       		.byte	0
 1324 0081 0C       		.uleb128 0xc
 1325 0082 21       		.uleb128 0x21
 1326 0083 00       		.byte	0
 1327 0084 49       		.uleb128 0x49
 1328 0085 13       		.uleb128 0x13
 1329 0086 2F       		.uleb128 0x2f
 1330 0087 0B       		.uleb128 0xb
 1331 0088 00       		.byte	0
 1332 0089 00       		.byte	0
 1333 008a 0D       		.uleb128 0xd
ARM GAS  C:\Users\Steve\AppData\Local\Temp\ccV2nsTf.s 			page 31


 1334 008b 16       		.uleb128 0x16
 1335 008c 00       		.byte	0
 1336 008d 03       		.uleb128 0x3
 1337 008e 08       		.uleb128 0x8
 1338 008f 3A       		.uleb128 0x3a
 1339 0090 0B       		.uleb128 0xb
 1340 0091 3B       		.uleb128 0x3b
 1341 0092 0B       		.uleb128 0xb
 1342 0093 49       		.uleb128 0x49
 1343 0094 13       		.uleb128 0x13
 1344 0095 00       		.byte	0
 1345 0096 00       		.byte	0
 1346 0097 0E       		.uleb128 0xe
 1347 0098 13       		.uleb128 0x13
 1348 0099 01       		.byte	0x1
 1349 009a 03       		.uleb128 0x3
 1350 009b 0E       		.uleb128 0xe
 1351 009c 0B       		.uleb128 0xb
 1352 009d 0B       		.uleb128 0xb
 1353 009e 3A       		.uleb128 0x3a
 1354 009f 0B       		.uleb128 0xb
 1355 00a0 3B       		.uleb128 0x3b
 1356 00a1 0B       		.uleb128 0xb
 1357 00a2 01       		.uleb128 0x1
 1358 00a3 13       		.uleb128 0x13
 1359 00a4 00       		.byte	0
 1360 00a5 00       		.byte	0
 1361 00a6 0F       		.uleb128 0xf
 1362 00a7 0D       		.uleb128 0xd
 1363 00a8 00       		.byte	0
 1364 00a9 03       		.uleb128 0x3
 1365 00aa 0E       		.uleb128 0xe
 1366 00ab 3A       		.uleb128 0x3a
 1367 00ac 0B       		.uleb128 0xb
 1368 00ad 3B       		.uleb128 0x3b
 1369 00ae 0B       		.uleb128 0xb
 1370 00af 49       		.uleb128 0x49
 1371 00b0 13       		.uleb128 0x13
 1372 00b1 38       		.uleb128 0x38
 1373 00b2 0A       		.uleb128 0xa
 1374 00b3 00       		.byte	0
 1375 00b4 00       		.byte	0
 1376 00b5 10       		.uleb128 0x10
 1377 00b6 2E       		.uleb128 0x2e
 1378 00b7 00       		.byte	0
 1379 00b8 3F       		.uleb128 0x3f
 1380 00b9 0C       		.uleb128 0xc
 1381 00ba 03       		.uleb128 0x3
 1382 00bb 0E       		.uleb128 0xe
 1383 00bc 3A       		.uleb128 0x3a
 1384 00bd 0B       		.uleb128 0xb
 1385 00be 3B       		.uleb128 0x3b
 1386 00bf 0B       		.uleb128 0xb
 1387 00c0 27       		.uleb128 0x27
 1388 00c1 0C       		.uleb128 0xc
 1389 00c2 11       		.uleb128 0x11
 1390 00c3 01       		.uleb128 0x1
ARM GAS  C:\Users\Steve\AppData\Local\Temp\ccV2nsTf.s 			page 32


 1391 00c4 12       		.uleb128 0x12
 1392 00c5 01       		.uleb128 0x1
 1393 00c6 40       		.uleb128 0x40
 1394 00c7 06       		.uleb128 0x6
 1395 00c8 9742     		.uleb128 0x2117
 1396 00ca 0C       		.uleb128 0xc
 1397 00cb 00       		.byte	0
 1398 00cc 00       		.byte	0
 1399 00cd 11       		.uleb128 0x11
 1400 00ce 2E       		.uleb128 0x2e
 1401 00cf 01       		.byte	0x1
 1402 00d0 3F       		.uleb128 0x3f
 1403 00d1 0C       		.uleb128 0xc
 1404 00d2 03       		.uleb128 0x3
 1405 00d3 0E       		.uleb128 0xe
 1406 00d4 3A       		.uleb128 0x3a
 1407 00d5 0B       		.uleb128 0xb
 1408 00d6 3B       		.uleb128 0x3b
 1409 00d7 0B       		.uleb128 0xb
 1410 00d8 49       		.uleb128 0x49
 1411 00d9 13       		.uleb128 0x13
 1412 00da 11       		.uleb128 0x11
 1413 00db 01       		.uleb128 0x1
 1414 00dc 12       		.uleb128 0x12
 1415 00dd 01       		.uleb128 0x1
 1416 00de 40       		.uleb128 0x40
 1417 00df 06       		.uleb128 0x6
 1418 00e0 9742     		.uleb128 0x2117
 1419 00e2 0C       		.uleb128 0xc
 1420 00e3 01       		.uleb128 0x1
 1421 00e4 13       		.uleb128 0x13
 1422 00e5 00       		.byte	0
 1423 00e6 00       		.byte	0
 1424 00e7 12       		.uleb128 0x12
 1425 00e8 34       		.uleb128 0x34
 1426 00e9 00       		.byte	0
 1427 00ea 03       		.uleb128 0x3
 1428 00eb 08       		.uleb128 0x8
 1429 00ec 3A       		.uleb128 0x3a
 1430 00ed 0B       		.uleb128 0xb
 1431 00ee 3B       		.uleb128 0x3b
 1432 00ef 0B       		.uleb128 0xb
 1433 00f0 49       		.uleb128 0x49
 1434 00f1 13       		.uleb128 0x13
 1435 00f2 02       		.uleb128 0x2
 1436 00f3 0A       		.uleb128 0xa
 1437 00f4 00       		.byte	0
 1438 00f5 00       		.byte	0
 1439 00f6 13       		.uleb128 0x13
 1440 00f7 34       		.uleb128 0x34
 1441 00f8 00       		.byte	0
 1442 00f9 03       		.uleb128 0x3
 1443 00fa 0E       		.uleb128 0xe
 1444 00fb 3A       		.uleb128 0x3a
 1445 00fc 0B       		.uleb128 0xb
 1446 00fd 3B       		.uleb128 0x3b
 1447 00fe 0B       		.uleb128 0xb
ARM GAS  C:\Users\Steve\AppData\Local\Temp\ccV2nsTf.s 			page 33


 1448 00ff 49       		.uleb128 0x49
 1449 0100 13       		.uleb128 0x13
 1450 0101 00       		.byte	0
 1451 0102 00       		.byte	0
 1452 0103 14       		.uleb128 0x14
 1453 0104 34       		.uleb128 0x34
 1454 0105 00       		.byte	0
 1455 0106 03       		.uleb128 0x3
 1456 0107 08       		.uleb128 0x8
 1457 0108 3A       		.uleb128 0x3a
 1458 0109 0B       		.uleb128 0xb
 1459 010a 3B       		.uleb128 0x3b
 1460 010b 05       		.uleb128 0x5
 1461 010c 49       		.uleb128 0x49
 1462 010d 13       		.uleb128 0x13
 1463 010e 1C       		.uleb128 0x1c
 1464 010f 0B       		.uleb128 0xb
 1465 0110 00       		.byte	0
 1466 0111 00       		.byte	0
 1467 0112 15       		.uleb128 0x15
 1468 0113 34       		.uleb128 0x34
 1469 0114 00       		.byte	0
 1470 0115 03       		.uleb128 0x3
 1471 0116 08       		.uleb128 0x8
 1472 0117 3A       		.uleb128 0x3a
 1473 0118 0B       		.uleb128 0xb
 1474 0119 3B       		.uleb128 0x3b
 1475 011a 05       		.uleb128 0x5
 1476 011b 49       		.uleb128 0x49
 1477 011c 13       		.uleb128 0x13
 1478 011d 00       		.byte	0
 1479 011e 00       		.byte	0
 1480 011f 16       		.uleb128 0x16
 1481 0120 898201   		.uleb128 0x4109
 1482 0123 00       		.byte	0
 1483 0124 11       		.uleb128 0x11
 1484 0125 01       		.uleb128 0x1
 1485 0126 31       		.uleb128 0x31
 1486 0127 13       		.uleb128 0x13
 1487 0128 00       		.byte	0
 1488 0129 00       		.byte	0
 1489 012a 17       		.uleb128 0x17
 1490 012b 898201   		.uleb128 0x4109
 1491 012e 01       		.byte	0x1
 1492 012f 11       		.uleb128 0x11
 1493 0130 01       		.uleb128 0x1
 1494 0131 31       		.uleb128 0x31
 1495 0132 13       		.uleb128 0x13
 1496 0133 01       		.uleb128 0x1
 1497 0134 13       		.uleb128 0x13
 1498 0135 00       		.byte	0
 1499 0136 00       		.byte	0
 1500 0137 18       		.uleb128 0x18
 1501 0138 8A8201   		.uleb128 0x410a
 1502 013b 00       		.byte	0
 1503 013c 02       		.uleb128 0x2
 1504 013d 0A       		.uleb128 0xa
ARM GAS  C:\Users\Steve\AppData\Local\Temp\ccV2nsTf.s 			page 34


 1505 013e 9142     		.uleb128 0x2111
 1506 0140 0A       		.uleb128 0xa
 1507 0141 00       		.byte	0
 1508 0142 00       		.byte	0
 1509 0143 19       		.uleb128 0x19
 1510 0144 898201   		.uleb128 0x4109
 1511 0147 01       		.byte	0x1
 1512 0148 11       		.uleb128 0x11
 1513 0149 01       		.uleb128 0x1
 1514 014a 31       		.uleb128 0x31
 1515 014b 13       		.uleb128 0x13
 1516 014c 00       		.byte	0
 1517 014d 00       		.byte	0
 1518 014e 1A       		.uleb128 0x1a
 1519 014f 34       		.uleb128 0x34
 1520 0150 00       		.byte	0
 1521 0151 03       		.uleb128 0x3
 1522 0152 0E       		.uleb128 0xe
 1523 0153 3A       		.uleb128 0x3a
 1524 0154 0B       		.uleb128 0xb
 1525 0155 3B       		.uleb128 0x3b
 1526 0156 0B       		.uleb128 0xb
 1527 0157 49       		.uleb128 0x49
 1528 0158 13       		.uleb128 0x13
 1529 0159 3F       		.uleb128 0x3f
 1530 015a 0C       		.uleb128 0xc
 1531 015b 02       		.uleb128 0x2
 1532 015c 0A       		.uleb128 0xa
 1533 015d 00       		.byte	0
 1534 015e 00       		.byte	0
 1535 015f 1B       		.uleb128 0x1b
 1536 0160 34       		.uleb128 0x34
 1537 0161 00       		.byte	0
 1538 0162 03       		.uleb128 0x3
 1539 0163 08       		.uleb128 0x8
 1540 0164 3A       		.uleb128 0x3a
 1541 0165 0B       		.uleb128 0xb
 1542 0166 3B       		.uleb128 0x3b
 1543 0167 0B       		.uleb128 0xb
 1544 0168 49       		.uleb128 0x49
 1545 0169 13       		.uleb128 0x13
 1546 016a 3F       		.uleb128 0x3f
 1547 016b 0C       		.uleb128 0xc
 1548 016c 02       		.uleb128 0x2
 1549 016d 0A       		.uleb128 0xa
 1550 016e 00       		.byte	0
 1551 016f 00       		.byte	0
 1552 0170 1C       		.uleb128 0x1c
 1553 0171 2E       		.uleb128 0x2e
 1554 0172 00       		.byte	0
 1555 0173 3F       		.uleb128 0x3f
 1556 0174 0C       		.uleb128 0xc
 1557 0175 03       		.uleb128 0x3
 1558 0176 0E       		.uleb128 0xe
 1559 0177 3A       		.uleb128 0x3a
 1560 0178 0B       		.uleb128 0xb
 1561 0179 3B       		.uleb128 0x3b
ARM GAS  C:\Users\Steve\AppData\Local\Temp\ccV2nsTf.s 			page 35


 1562 017a 0B       		.uleb128 0xb
 1563 017b 27       		.uleb128 0x27
 1564 017c 0C       		.uleb128 0xc
 1565 017d 3C       		.uleb128 0x3c
 1566 017e 0C       		.uleb128 0xc
 1567 017f 00       		.byte	0
 1568 0180 00       		.byte	0
 1569 0181 1D       		.uleb128 0x1d
 1570 0182 2E       		.uleb128 0x2e
 1571 0183 01       		.byte	0x1
 1572 0184 3F       		.uleb128 0x3f
 1573 0185 0C       		.uleb128 0xc
 1574 0186 03       		.uleb128 0x3
 1575 0187 0E       		.uleb128 0xe
 1576 0188 3A       		.uleb128 0x3a
 1577 0189 0B       		.uleb128 0xb
 1578 018a 3B       		.uleb128 0x3b
 1579 018b 0B       		.uleb128 0xb
 1580 018c 27       		.uleb128 0x27
 1581 018d 0C       		.uleb128 0xc
 1582 018e 3C       		.uleb128 0x3c
 1583 018f 0C       		.uleb128 0xc
 1584 0190 01       		.uleb128 0x1
 1585 0191 13       		.uleb128 0x13
 1586 0192 00       		.byte	0
 1587 0193 00       		.byte	0
 1588 0194 1E       		.uleb128 0x1e
 1589 0195 05       		.uleb128 0x5
 1590 0196 00       		.byte	0
 1591 0197 49       		.uleb128 0x49
 1592 0198 13       		.uleb128 0x13
 1593 0199 00       		.byte	0
 1594 019a 00       		.byte	0
 1595 019b 1F       		.uleb128 0x1f
 1596 019c 2E       		.uleb128 0x2e
 1597 019d 01       		.byte	0x1
 1598 019e 3F       		.uleb128 0x3f
 1599 019f 0C       		.uleb128 0xc
 1600 01a0 03       		.uleb128 0x3
 1601 01a1 0E       		.uleb128 0xe
 1602 01a2 3A       		.uleb128 0x3a
 1603 01a3 0B       		.uleb128 0xb
 1604 01a4 3B       		.uleb128 0x3b
 1605 01a5 0B       		.uleb128 0xb
 1606 01a6 27       		.uleb128 0x27
 1607 01a7 0C       		.uleb128 0xc
 1608 01a8 49       		.uleb128 0x49
 1609 01a9 13       		.uleb128 0x13
 1610 01aa 3C       		.uleb128 0x3c
 1611 01ab 0C       		.uleb128 0xc
 1612 01ac 01       		.uleb128 0x1
 1613 01ad 13       		.uleb128 0x13
 1614 01ae 00       		.byte	0
 1615 01af 00       		.byte	0
 1616 01b0 20       		.uleb128 0x20
 1617 01b1 2E       		.uleb128 0x2e
 1618 01b2 01       		.byte	0x1
ARM GAS  C:\Users\Steve\AppData\Local\Temp\ccV2nsTf.s 			page 36


 1619 01b3 3F       		.uleb128 0x3f
 1620 01b4 0C       		.uleb128 0xc
 1621 01b5 03       		.uleb128 0x3
 1622 01b6 0E       		.uleb128 0xe
 1623 01b7 3A       		.uleb128 0x3a
 1624 01b8 0B       		.uleb128 0xb
 1625 01b9 3B       		.uleb128 0x3b
 1626 01ba 0B       		.uleb128 0xb
 1627 01bb 3C       		.uleb128 0x3c
 1628 01bc 0C       		.uleb128 0xc
 1629 01bd 01       		.uleb128 0x1
 1630 01be 13       		.uleb128 0x13
 1631 01bf 00       		.byte	0
 1632 01c0 00       		.byte	0
 1633 01c1 21       		.uleb128 0x21
 1634 01c2 18       		.uleb128 0x18
 1635 01c3 00       		.byte	0
 1636 01c4 00       		.byte	0
 1637 01c5 00       		.byte	0
 1638 01c6 22       		.uleb128 0x22
 1639 01c7 2E       		.uleb128 0x2e
 1640 01c8 01       		.byte	0x1
 1641 01c9 3F       		.uleb128 0x3f
 1642 01ca 0C       		.uleb128 0xc
 1643 01cb 03       		.uleb128 0x3
 1644 01cc 0E       		.uleb128 0xe
 1645 01cd 3A       		.uleb128 0x3a
 1646 01ce 0B       		.uleb128 0xb
 1647 01cf 3B       		.uleb128 0x3b
 1648 01d0 0B       		.uleb128 0xb
 1649 01d1 27       		.uleb128 0x27
 1650 01d2 0C       		.uleb128 0xc
 1651 01d3 3C       		.uleb128 0x3c
 1652 01d4 0C       		.uleb128 0xc
 1653 01d5 00       		.byte	0
 1654 01d6 00       		.byte	0
 1655 01d7 00       		.byte	0
 1656              		.section	.debug_loc,"",%progbits
 1657              	.Ldebug_loc0:
 1658              	.LLST0:
 1659 0000 00000000 		.4byte	.LFB33
 1660 0004 02000000 		.4byte	.LCFI0
 1661 0008 0200     		.2byte	0x2
 1662 000a 7D       		.byte	0x7d
 1663 000b 00       		.sleb128 0
 1664 000c 02000000 		.4byte	.LCFI0
 1665 0010 0C000000 		.4byte	.LCFI1
 1666 0014 0200     		.2byte	0x2
 1667 0016 7D       		.byte	0x7d
 1668 0017 14       		.sleb128 20
 1669 0018 0C000000 		.4byte	.LCFI1
 1670 001c 1E000000 		.4byte	.LCFI2
 1671 0020 0200     		.2byte	0x2
 1672 0022 7D       		.byte	0x7d
 1673 0023 24       		.sleb128 36
 1674 0024 1E000000 		.4byte	.LCFI2
 1675 0028 DC010000 		.4byte	.LFE33
ARM GAS  C:\Users\Steve\AppData\Local\Temp\ccV2nsTf.s 			page 37


 1676 002c 0300     		.2byte	0x3
 1677 002e 7D       		.byte	0x7d
 1678 002f C000     		.sleb128 64
 1679 0031 00000000 		.4byte	0
 1680 0035 00000000 		.4byte	0
 1681              	.LLST1:
 1682 0039 00000000 		.4byte	.LFB34
 1683 003d 0C000000 		.4byte	.LCFI3
 1684 0041 0200     		.2byte	0x2
 1685 0043 7D       		.byte	0x7d
 1686 0044 00       		.sleb128 0
 1687 0045 0C000000 		.4byte	.LCFI3
 1688 0049 2C000000 		.4byte	.LFE34
 1689 004d 0200     		.2byte	0x2
 1690 004f 7D       		.byte	0x7d
 1691 0050 04       		.sleb128 4
 1692 0051 00000000 		.4byte	0
 1693 0055 00000000 		.4byte	0
 1694              	.LLST2:
 1695 0059 00000000 		.4byte	.LFB35
 1696 005d 02000000 		.4byte	.LCFI4
 1697 0061 0200     		.2byte	0x2
 1698 0063 7D       		.byte	0x7d
 1699 0064 00       		.sleb128 0
 1700 0065 02000000 		.4byte	.LCFI4
 1701 0069 04000000 		.4byte	.LCFI5
 1702 006d 0200     		.2byte	0x2
 1703 006f 7D       		.byte	0x7d
 1704 0070 14       		.sleb128 20
 1705 0071 04000000 		.4byte	.LCFI5
 1706 0075 74000000 		.4byte	.LFE35
 1707 0079 0200     		.2byte	0x2
 1708 007b 7D       		.byte	0x7d
 1709 007c 28       		.sleb128 40
 1710 007d 00000000 		.4byte	0
 1711 0081 00000000 		.4byte	0
 1712              		.section	.debug_aranges,"",%progbits
 1713 0000 2C000000 		.4byte	0x2c
 1714 0004 0200     		.2byte	0x2
 1715 0006 00000000 		.4byte	.Ldebug_info0
 1716 000a 04       		.byte	0x4
 1717 000b 00       		.byte	0
 1718 000c 0000     		.2byte	0
 1719 000e 0000     		.2byte	0
 1720 0010 00000000 		.4byte	.LFB33
 1721 0014 DC010000 		.4byte	.LFE33-.LFB33
 1722 0018 00000000 		.4byte	.LFB34
 1723 001c 2C000000 		.4byte	.LFE34-.LFB34
 1724 0020 00000000 		.4byte	.LFB35
 1725 0024 74000000 		.4byte	.LFE35-.LFB35
 1726 0028 00000000 		.4byte	0
 1727 002c 00000000 		.4byte	0
 1728              		.section	.debug_ranges,"",%progbits
 1729              	.Ldebug_ranges0:
 1730 0000 00000000 		.4byte	.LFB33
 1731 0004 DC010000 		.4byte	.LFE33
 1732 0008 00000000 		.4byte	.LFB34
ARM GAS  C:\Users\Steve\AppData\Local\Temp\ccV2nsTf.s 			page 38


 1733 000c 2C000000 		.4byte	.LFE34
 1734 0010 00000000 		.4byte	.LFB35
 1735 0014 74000000 		.4byte	.LFE35
 1736 0018 00000000 		.4byte	0
 1737 001c 00000000 		.4byte	0
 1738              		.section	.debug_line,"",%progbits
 1739              	.Ldebug_line0:
 1740 0000 8B010000 		.section	.debug_str,"MS",%progbits,1
 1740      0200A000 
 1740      00000201 
 1740      FB0E0D00 
 1740      01010101 
 1741              	.LASF10:
 1742 0000 75696E74 		.ascii	"uint16\000"
 1742      313600
 1743              	.LASF39:
 1744 0007 6973725F 		.ascii	"isr_2_StartEx\000"
 1744      325F5374 
 1744      61727445 
 1744      7800
 1745              	.LASF7:
 1746 0015 6C6F6E67 		.ascii	"long long unsigned int\000"
 1746      206C6F6E 
 1746      6720756E 
 1746      7369676E 
 1746      65642069 
 1747              	.LASF46:
 1748 002c 4C45445F 		.ascii	"LED_Matrix_1_Start\000"
 1748      4D617472 
 1748      69785F31 
 1748      5F537461 
 1748      727400
 1749              	.LASF43:
 1750 003f 4144435F 		.ascii	"ADC_StartConvert\000"
 1750      53746172 
 1750      74436F6E 
 1750      76657274 
 1750      00
 1751              	.LASF30:
 1752 0050 4932435F 		.ascii	"I2C_Status\000"
 1752      53746174 
 1752      757300
 1753              	.LASF6:
 1754 005b 6C6F6E67 		.ascii	"long long int\000"
 1754      206C6F6E 
 1754      6720696E 
 1754      7400
 1755              	.LASF0:
 1756 0069 7369676E 		.ascii	"signed char\000"
 1756      65642063 
 1756      68617200 
 1757              	.LASF49:
 1758 0075 2E5C6D61 		.ascii	".\\main.c\000"
 1758      696E2E63 
 1758      00
 1759              	.LASF40:
 1760 007e 5254435F 		.ascii	"RTC_Start\000"
ARM GAS  C:\Users\Steve\AppData\Local\Temp\ccV2nsTf.s 			page 39


 1760      53746172 
 1760      7400
 1761              	.LASF25:
 1762 0088 79656172 		.ascii	"year\000"
 1762      00
 1763              	.LASF4:
 1764 008d 6C6F6E67 		.ascii	"long int\000"
 1764      20696E74 
 1764      00
 1765              	.LASF9:
 1766 0096 75696E74 		.ascii	"uint8\000"
 1766      3800
 1767              	.LASF14:
 1768 009c 646F7562 		.ascii	"double\000"
 1768      6C6500
 1769              	.LASF11:
 1770 00a3 75696E74 		.ascii	"uint32\000"
 1770      333200
 1771              	.LASF32:
 1772 00aa 70776D5F 		.ascii	"pwm_count\000"
 1772      636F756E 
 1772      7400
 1773              	.LASF42:
 1774 00b4 656F635F 		.ascii	"eoc_StartEx\000"
 1774      53746172 
 1774      74457800 
 1775              	.LASF31:
 1776 00c0 6D617472 		.ascii	"matrix\000"
 1776      697800
 1777              	.LASF24:
 1778 00c7 6D6F6E74 		.ascii	"month\000"
 1778      6800
 1779              	.LASF8:
 1780 00cd 756E7369 		.ascii	"unsigned int\000"
 1780      676E6564 
 1780      20696E74 
 1780      00
 1781              	.LASF5:
 1782 00da 6C6F6E67 		.ascii	"long unsigned int\000"
 1782      20756E73 
 1782      69676E65 
 1782      6420696E 
 1782      7400
 1783              	.LASF50:
 1784 00ec 433A5C55 		.ascii	"C:\\Users\\Steve\\Documents\\Git\\GlowTime\\RGB_LED"
 1784      73657273 
 1784      5C537465 
 1784      76655C44 
 1784      6F63756D 
 1785 0119 5F4D6174 		.ascii	"_Matrix.cydsn\000"
 1785      7269782E 
 1785      63796473 
 1785      6E00
 1786              	.LASF3:
 1787 0127 73686F72 		.ascii	"short unsigned int\000"
 1787      7420756E 
 1787      7369676E 
ARM GAS  C:\Users\Steve\AppData\Local\Temp\ccV2nsTf.s 			page 40


 1787      65642069 
 1787      6E7400
 1788              	.LASF12:
 1789 013a 696E7438 		.ascii	"int8\000"
 1789      00
 1790              	.LASF34:
 1791 013f 64617461 		.ascii	"dataReady\000"
 1791      52656164 
 1791      7900
 1792              	.LASF47:
 1793 0149 7072696E 		.ascii	"printTime\000"
 1793      7454696D 
 1793      6500
 1794              	.LASF37:
 1795 0153 6C6F6361 		.ascii	"localTimeInit\000"
 1795      6C54696D 
 1795      65496E69 
 1795      7400
 1796              	.LASF38:
 1797 0161 636C6561 		.ascii	"clearScreen\000"
 1797      72536372 
 1797      65656E00 
 1798              	.LASF17:
 1799 016d 72656733 		.ascii	"reg32\000"
 1799      3200
 1800              	.LASF19:
 1801 0173 73697A65 		.ascii	"sizetype\000"
 1801      74797065 
 1801      00
 1802              	.LASF28:
 1803 017c 4649464F 		.ascii	"FIFO_EMPTY\000"
 1803      5F454D50 
 1803      545900
 1804              	.LASF51:
 1805 0187 50434638 		.ascii	"PCF8583_Tag\000"
 1805      3538335F 
 1805      54616700 
 1806              	.LASF21:
 1807 0193 686F7572 		.ascii	"hour\000"
 1807      00
 1808              	.LASF13:
 1809 0198 666C6F61 		.ascii	"float\000"
 1809      7400
 1810              	.LASF48:
 1811 019e 474E5520 		.ascii	"GNU C 4.7.3 20130312 (release) [ARM/embedded-4_7-br"
 1811      4320342E 
 1811      372E3320 
 1811      32303133 
 1811      30333132 
 1812 01d1 616E6368 		.ascii	"anch revision 196615]\000"
 1812      20726576 
 1812      6973696F 
 1812      6E203139 
 1812      36363135 
 1813              	.LASF16:
 1814 01e7 72656738 		.ascii	"reg8\000"
 1814      00
ARM GAS  C:\Users\Steve\AppData\Local\Temp\ccV2nsTf.s 			page 41


 1815              	.LASF1:
 1816 01ec 756E7369 		.ascii	"unsigned char\000"
 1816      676E6564 
 1816      20636861 
 1816      7200
 1817              	.LASF2:
 1818 01fa 73686F72 		.ascii	"short int\000"
 1818      7420696E 
 1818      7400
 1819              	.LASF26:
 1820 0204 666F726D 		.ascii	"format\000"
 1820      617400
 1821              	.LASF27:
 1822 020b 50434638 		.ascii	"PCF8583\000"
 1822      35383300 
 1823              	.LASF20:
 1824 0213 636F6C6F 		.ascii	"color\000"
 1824      7200
 1825              	.LASF15:
 1826 0219 63686172 		.ascii	"char\000"
 1826      00
 1827              	.LASF18:
 1828 021e 63796973 		.ascii	"cyisraddress\000"
 1828      72616464 
 1828      72657373 
 1828      00
 1829              	.LASF23:
 1830 022b 7765656B 		.ascii	"weekday\000"
 1830      64617900 
 1831              	.LASF41:
 1832 0233 4144435F 		.ascii	"ADC_Start\000"
 1832      53746172 
 1832      7400
 1833              	.LASF44:
 1834 023d 67657454 		.ascii	"getTime\000"
 1834      696D6500 
 1835              	.LASF22:
 1836 0245 6D696E75 		.ascii	"minute\000"
 1836      746500
 1837              	.LASF29:
 1838 024c 656F635F 		.ascii	"eoc_isr\000"
 1838      69737200 
 1839              	.LASF45:
 1840 0254 64656354 		.ascii	"decToBcd\000"
 1840      6F426364 
 1840      00
 1841              	.LASF33:
 1842 025d 6269745F 		.ascii	"bit_shift\000"
 1842      73686966 
 1842      7400
 1843              	.LASF52:
 1844 0267 6D61696E 		.ascii	"main\000"
 1844      00
 1845              	.LASF36:
 1846 026c 6F6C6452 		.ascii	"oldResult\000"
 1846      6573756C 
 1846      7400
ARM GAS  C:\Users\Steve\AppData\Local\Temp\ccV2nsTf.s 			page 42


 1847              	.LASF35:
 1848 0276 72657375 		.ascii	"result\000"
 1848      6C7400
 1849              		.ident	"GCC: (GNU Tools for ARM Embedded Processors) 4.7.3 20130312 (release) [ARM/embedded-4_7-br
