ARM GAS  C:\Users\Computer\AppData\Local\Temp\ccXipcXa.s 			page 1


   1              		.cpu cortex-m0
   2              		.fpu softvfp
   3              		.eabi_attribute 20, 1
   4              		.eabi_attribute 21, 1
   5              		.eabi_attribute 23, 3
   6              		.eabi_attribute 24, 1
   7              		.eabi_attribute 25, 1
   8              		.eabi_attribute 26, 1
   9              		.eabi_attribute 30, 2
  10              		.eabi_attribute 34, 0
  11              		.eabi_attribute 18, 4
  12              		.code	16
  13              		.file	"PB.c"
  14              		.text
  15              	.Ltext0:
  16              		.cfi_sections	.debug_frame
  17              		.section	.text.PB_Interrupt,"ax",%progbits
  18              		.align	2
  19              		.global	PB_Interrupt
  20              		.code	16
  21              		.thumb_func
  22              		.type	PB_Interrupt, %function
  23              	PB_Interrupt:
  24              	.LFB3:
  25              		.file 1 ".\\Generated_Source\\PSoC4\\PB.c"
   1:.\Generated_Source\PSoC4/PB.c **** /*******************************************************************************
   2:.\Generated_Source\PSoC4/PB.c **** * File Name: PB.c  
   3:.\Generated_Source\PSoC4/PB.c **** * Version 1.70
   4:.\Generated_Source\PSoC4/PB.c **** *
   5:.\Generated_Source\PSoC4/PB.c **** *  Description:
   6:.\Generated_Source\PSoC4/PB.c **** *   API for controlling the state of an interrupt.
   7:.\Generated_Source\PSoC4/PB.c **** *
   8:.\Generated_Source\PSoC4/PB.c **** *
   9:.\Generated_Source\PSoC4/PB.c **** *  Note:
  10:.\Generated_Source\PSoC4/PB.c **** *
  11:.\Generated_Source\PSoC4/PB.c **** ********************************************************************************
  12:.\Generated_Source\PSoC4/PB.c **** * Copyright 2008-2012, Cypress Semiconductor Corporation.  All rights reserved.
  13:.\Generated_Source\PSoC4/PB.c **** * You may use this file only in accordance with the license, terms, conditions, 
  14:.\Generated_Source\PSoC4/PB.c **** * disclaimers, and limitations in the end user license agreement accompanying 
  15:.\Generated_Source\PSoC4/PB.c **** * the software package with which this file was provided.
  16:.\Generated_Source\PSoC4/PB.c **** *******************************************************************************/
  17:.\Generated_Source\PSoC4/PB.c **** 
  18:.\Generated_Source\PSoC4/PB.c **** 
  19:.\Generated_Source\PSoC4/PB.c **** #include <cydevice_trm.h>
  20:.\Generated_Source\PSoC4/PB.c **** #include <CyLib.h>
  21:.\Generated_Source\PSoC4/PB.c **** #include <PB.h>
  22:.\Generated_Source\PSoC4/PB.c **** 
  23:.\Generated_Source\PSoC4/PB.c **** #if !defined(PB__REMOVED) /* Check for removal by optimization */
  24:.\Generated_Source\PSoC4/PB.c **** 
  25:.\Generated_Source\PSoC4/PB.c **** /*******************************************************************************
  26:.\Generated_Source\PSoC4/PB.c **** *  Place your includes, defines and code here 
  27:.\Generated_Source\PSoC4/PB.c **** ********************************************************************************/
  28:.\Generated_Source\PSoC4/PB.c **** /* `#START PB_intc` */
  29:.\Generated_Source\PSoC4/PB.c **** 
  30:.\Generated_Source\PSoC4/PB.c **** /* `#END` */
  31:.\Generated_Source\PSoC4/PB.c **** 
  32:.\Generated_Source\PSoC4/PB.c **** extern cyisraddress CyRamVectors[CYINT_IRQ_BASE + CY_NUM_INTERRUPTS];
ARM GAS  C:\Users\Computer\AppData\Local\Temp\ccXipcXa.s 			page 2


  33:.\Generated_Source\PSoC4/PB.c **** 
  34:.\Generated_Source\PSoC4/PB.c **** /* Declared in startup, used to set unused interrupts to. */
  35:.\Generated_Source\PSoC4/PB.c **** CY_ISR_PROTO(IntDefaultHandler);
  36:.\Generated_Source\PSoC4/PB.c **** 
  37:.\Generated_Source\PSoC4/PB.c **** 
  38:.\Generated_Source\PSoC4/PB.c **** /*******************************************************************************
  39:.\Generated_Source\PSoC4/PB.c **** * Function Name: PB_Start
  40:.\Generated_Source\PSoC4/PB.c **** ********************************************************************************
  41:.\Generated_Source\PSoC4/PB.c **** *
  42:.\Generated_Source\PSoC4/PB.c **** * Summary:
  43:.\Generated_Source\PSoC4/PB.c **** *  Set up the interrupt and enable it.
  44:.\Generated_Source\PSoC4/PB.c **** *
  45:.\Generated_Source\PSoC4/PB.c **** * Parameters:  
  46:.\Generated_Source\PSoC4/PB.c **** *   None
  47:.\Generated_Source\PSoC4/PB.c **** *
  48:.\Generated_Source\PSoC4/PB.c **** * Return:
  49:.\Generated_Source\PSoC4/PB.c **** *   None
  50:.\Generated_Source\PSoC4/PB.c **** *
  51:.\Generated_Source\PSoC4/PB.c **** *******************************************************************************/
  52:.\Generated_Source\PSoC4/PB.c **** void PB_Start(void)
  53:.\Generated_Source\PSoC4/PB.c **** {
  54:.\Generated_Source\PSoC4/PB.c ****     /* For all we know the interrupt is active. */
  55:.\Generated_Source\PSoC4/PB.c ****     PB_Disable();
  56:.\Generated_Source\PSoC4/PB.c **** 
  57:.\Generated_Source\PSoC4/PB.c ****     /* Set the ISR to point to the PB Interrupt. */
  58:.\Generated_Source\PSoC4/PB.c ****     PB_SetVector(&PB_Interrupt);
  59:.\Generated_Source\PSoC4/PB.c **** 
  60:.\Generated_Source\PSoC4/PB.c ****     /* Set the priority. */
  61:.\Generated_Source\PSoC4/PB.c ****     PB_SetPriority((uint8)PB_INTC_PRIOR_NUMBER);
  62:.\Generated_Source\PSoC4/PB.c **** 
  63:.\Generated_Source\PSoC4/PB.c ****     /* Enable it. */
  64:.\Generated_Source\PSoC4/PB.c ****     PB_Enable();
  65:.\Generated_Source\PSoC4/PB.c **** }
  66:.\Generated_Source\PSoC4/PB.c **** 
  67:.\Generated_Source\PSoC4/PB.c **** 
  68:.\Generated_Source\PSoC4/PB.c **** /*******************************************************************************
  69:.\Generated_Source\PSoC4/PB.c **** * Function Name: PB_StartEx
  70:.\Generated_Source\PSoC4/PB.c **** ********************************************************************************
  71:.\Generated_Source\PSoC4/PB.c **** *
  72:.\Generated_Source\PSoC4/PB.c **** * Summary:
  73:.\Generated_Source\PSoC4/PB.c **** *  Set up the interrupt and enable it.
  74:.\Generated_Source\PSoC4/PB.c **** *
  75:.\Generated_Source\PSoC4/PB.c **** * Parameters:  
  76:.\Generated_Source\PSoC4/PB.c **** *   address: Address of the ISR to set in the interrupt vector table.
  77:.\Generated_Source\PSoC4/PB.c **** *
  78:.\Generated_Source\PSoC4/PB.c **** * Return:
  79:.\Generated_Source\PSoC4/PB.c **** *   None
  80:.\Generated_Source\PSoC4/PB.c **** *
  81:.\Generated_Source\PSoC4/PB.c **** *******************************************************************************/
  82:.\Generated_Source\PSoC4/PB.c **** void PB_StartEx(cyisraddress address)
  83:.\Generated_Source\PSoC4/PB.c **** {
  84:.\Generated_Source\PSoC4/PB.c ****     /* For all we know the interrupt is active. */
  85:.\Generated_Source\PSoC4/PB.c ****     PB_Disable();
  86:.\Generated_Source\PSoC4/PB.c **** 
  87:.\Generated_Source\PSoC4/PB.c ****     /* Set the ISR to point to the PB Interrupt. */
  88:.\Generated_Source\PSoC4/PB.c ****     PB_SetVector(address);
  89:.\Generated_Source\PSoC4/PB.c **** 
ARM GAS  C:\Users\Computer\AppData\Local\Temp\ccXipcXa.s 			page 3


  90:.\Generated_Source\PSoC4/PB.c ****     /* Set the priority. */
  91:.\Generated_Source\PSoC4/PB.c ****     PB_SetPriority((uint8)PB_INTC_PRIOR_NUMBER);
  92:.\Generated_Source\PSoC4/PB.c **** 
  93:.\Generated_Source\PSoC4/PB.c ****     /* Enable it. */
  94:.\Generated_Source\PSoC4/PB.c ****     PB_Enable();
  95:.\Generated_Source\PSoC4/PB.c **** }
  96:.\Generated_Source\PSoC4/PB.c **** 
  97:.\Generated_Source\PSoC4/PB.c **** 
  98:.\Generated_Source\PSoC4/PB.c **** /*******************************************************************************
  99:.\Generated_Source\PSoC4/PB.c **** * Function Name: PB_Stop
 100:.\Generated_Source\PSoC4/PB.c **** ********************************************************************************
 101:.\Generated_Source\PSoC4/PB.c **** *
 102:.\Generated_Source\PSoC4/PB.c **** * Summary:
 103:.\Generated_Source\PSoC4/PB.c **** *   Disables and removes the interrupt.
 104:.\Generated_Source\PSoC4/PB.c **** *
 105:.\Generated_Source\PSoC4/PB.c **** * Parameters:  
 106:.\Generated_Source\PSoC4/PB.c **** *
 107:.\Generated_Source\PSoC4/PB.c **** * Return:
 108:.\Generated_Source\PSoC4/PB.c **** *   None
 109:.\Generated_Source\PSoC4/PB.c **** *
 110:.\Generated_Source\PSoC4/PB.c **** *******************************************************************************/
 111:.\Generated_Source\PSoC4/PB.c **** void PB_Stop(void)
 112:.\Generated_Source\PSoC4/PB.c **** {
 113:.\Generated_Source\PSoC4/PB.c ****     /* Disable this interrupt. */
 114:.\Generated_Source\PSoC4/PB.c ****     PB_Disable();
 115:.\Generated_Source\PSoC4/PB.c **** 
 116:.\Generated_Source\PSoC4/PB.c ****     /* Set the ISR to point to the passive one. */
 117:.\Generated_Source\PSoC4/PB.c ****     PB_SetVector(&IntDefaultHandler);
 118:.\Generated_Source\PSoC4/PB.c **** }
 119:.\Generated_Source\PSoC4/PB.c **** 
 120:.\Generated_Source\PSoC4/PB.c **** 
 121:.\Generated_Source\PSoC4/PB.c **** /*******************************************************************************
 122:.\Generated_Source\PSoC4/PB.c **** * Function Name: PB_Interrupt
 123:.\Generated_Source\PSoC4/PB.c **** ********************************************************************************
 124:.\Generated_Source\PSoC4/PB.c **** *
 125:.\Generated_Source\PSoC4/PB.c **** * Summary:
 126:.\Generated_Source\PSoC4/PB.c **** *   The default Interrupt Service Routine for PB.
 127:.\Generated_Source\PSoC4/PB.c **** *
 128:.\Generated_Source\PSoC4/PB.c **** *   Add custom code between the coments to keep the next version of this file
 129:.\Generated_Source\PSoC4/PB.c **** *   from over writting your code.
 130:.\Generated_Source\PSoC4/PB.c **** *
 131:.\Generated_Source\PSoC4/PB.c **** * Parameters:  
 132:.\Generated_Source\PSoC4/PB.c **** *   None
 133:.\Generated_Source\PSoC4/PB.c **** *
 134:.\Generated_Source\PSoC4/PB.c **** * Return:
 135:.\Generated_Source\PSoC4/PB.c **** *   None
 136:.\Generated_Source\PSoC4/PB.c **** *
 137:.\Generated_Source\PSoC4/PB.c **** *******************************************************************************/
 138:.\Generated_Source\PSoC4/PB.c **** CY_ISR(PB_Interrupt)
 139:.\Generated_Source\PSoC4/PB.c **** {
  26              		.loc 1 139 0
  27              		.cfi_startproc
 140:.\Generated_Source\PSoC4/PB.c ****     /*  Place your Interrupt code here. */
 141:.\Generated_Source\PSoC4/PB.c ****     /* `#START PB_Interrupt` */
 142:.\Generated_Source\PSoC4/PB.c **** 
 143:.\Generated_Source\PSoC4/PB.c ****     /* `#END` */
 144:.\Generated_Source\PSoC4/PB.c **** }
ARM GAS  C:\Users\Computer\AppData\Local\Temp\ccXipcXa.s 			page 4


  28              		.loc 1 144 0
  29              		@ sp needed for prologue
  30 0000 7047     		bx	lr
  31              		.cfi_endproc
  32              	.LFE3:
  33              		.size	PB_Interrupt, .-PB_Interrupt
  34 0002 C046     		.section	.text.PB_Stop,"ax",%progbits
  35              		.align	2
  36              		.global	PB_Stop
  37              		.code	16
  38              		.thumb_func
  39              		.type	PB_Stop, %function
  40              	PB_Stop:
  41              	.LFB2:
 112:.\Generated_Source\PSoC4/PB.c **** {
  42              		.loc 1 112 0
  43              		.cfi_startproc
  44              	.LBB18:
  45              	.LBB19:
 145:.\Generated_Source\PSoC4/PB.c **** 
 146:.\Generated_Source\PSoC4/PB.c **** 
 147:.\Generated_Source\PSoC4/PB.c **** /*******************************************************************************
 148:.\Generated_Source\PSoC4/PB.c **** * Function Name: PB_SetVector
 149:.\Generated_Source\PSoC4/PB.c **** ********************************************************************************
 150:.\Generated_Source\PSoC4/PB.c **** *
 151:.\Generated_Source\PSoC4/PB.c **** * Summary:
 152:.\Generated_Source\PSoC4/PB.c **** *   Change the ISR vector for the Interrupt. Note calling PB_Start
 153:.\Generated_Source\PSoC4/PB.c **** *   will override any effect this method would have had. To set the vector 
 154:.\Generated_Source\PSoC4/PB.c **** *   before the component has been started use PB_StartEx instead.
 155:.\Generated_Source\PSoC4/PB.c **** *
 156:.\Generated_Source\PSoC4/PB.c **** * Parameters:
 157:.\Generated_Source\PSoC4/PB.c **** *   address: Address of the ISR to set in the interrupt vector table.
 158:.\Generated_Source\PSoC4/PB.c **** *
 159:.\Generated_Source\PSoC4/PB.c **** * Return:
 160:.\Generated_Source\PSoC4/PB.c **** *   None
 161:.\Generated_Source\PSoC4/PB.c **** *
 162:.\Generated_Source\PSoC4/PB.c **** *******************************************************************************/
 163:.\Generated_Source\PSoC4/PB.c **** void PB_SetVector(cyisraddress address)
 164:.\Generated_Source\PSoC4/PB.c **** {
 165:.\Generated_Source\PSoC4/PB.c ****     CyRamVectors[CYINT_IRQ_BASE + PB__INTC_NUMBER] = address;
 166:.\Generated_Source\PSoC4/PB.c **** }
 167:.\Generated_Source\PSoC4/PB.c **** 
 168:.\Generated_Source\PSoC4/PB.c **** 
 169:.\Generated_Source\PSoC4/PB.c **** /*******************************************************************************
 170:.\Generated_Source\PSoC4/PB.c **** * Function Name: PB_GetVector
 171:.\Generated_Source\PSoC4/PB.c **** ********************************************************************************
 172:.\Generated_Source\PSoC4/PB.c **** *
 173:.\Generated_Source\PSoC4/PB.c **** * Summary:
 174:.\Generated_Source\PSoC4/PB.c **** *   Gets the "address" of the current ISR vector for the Interrupt.
 175:.\Generated_Source\PSoC4/PB.c **** *
 176:.\Generated_Source\PSoC4/PB.c **** * Parameters:
 177:.\Generated_Source\PSoC4/PB.c **** *   None
 178:.\Generated_Source\PSoC4/PB.c **** *
 179:.\Generated_Source\PSoC4/PB.c **** * Return:
 180:.\Generated_Source\PSoC4/PB.c **** *   Address of the ISR in the interrupt vector table.
 181:.\Generated_Source\PSoC4/PB.c **** *
 182:.\Generated_Source\PSoC4/PB.c **** *******************************************************************************/
ARM GAS  C:\Users\Computer\AppData\Local\Temp\ccXipcXa.s 			page 5


 183:.\Generated_Source\PSoC4/PB.c **** cyisraddress PB_GetVector(void)
 184:.\Generated_Source\PSoC4/PB.c **** {
 185:.\Generated_Source\PSoC4/PB.c ****     return CyRamVectors[CYINT_IRQ_BASE + PB__INTC_NUMBER];
 186:.\Generated_Source\PSoC4/PB.c **** }
 187:.\Generated_Source\PSoC4/PB.c **** 
 188:.\Generated_Source\PSoC4/PB.c **** 
 189:.\Generated_Source\PSoC4/PB.c **** /*******************************************************************************
 190:.\Generated_Source\PSoC4/PB.c **** * Function Name: PB_SetPriority
 191:.\Generated_Source\PSoC4/PB.c **** ********************************************************************************
 192:.\Generated_Source\PSoC4/PB.c **** *
 193:.\Generated_Source\PSoC4/PB.c **** * Summary:
 194:.\Generated_Source\PSoC4/PB.c **** *   Sets the Priority of the Interrupt. Note calling PB_Start
 195:.\Generated_Source\PSoC4/PB.c **** *   or PB_StartEx will override any effect this method would 
 196:.\Generated_Source\PSoC4/PB.c **** *   have had. This method should only be called after PB_Start or 
 197:.\Generated_Source\PSoC4/PB.c **** *   PB_StartEx has been called. To set the initial
 198:.\Generated_Source\PSoC4/PB.c **** *   priority for the component use the cydwr file in the tool.
 199:.\Generated_Source\PSoC4/PB.c **** *
 200:.\Generated_Source\PSoC4/PB.c **** * Parameters:
 201:.\Generated_Source\PSoC4/PB.c **** *   priority: Priority of the interrupt. 0 - 3, 0 being the highest.
 202:.\Generated_Source\PSoC4/PB.c **** *
 203:.\Generated_Source\PSoC4/PB.c **** * Return:
 204:.\Generated_Source\PSoC4/PB.c **** *   None
 205:.\Generated_Source\PSoC4/PB.c **** *
 206:.\Generated_Source\PSoC4/PB.c **** *******************************************************************************/
 207:.\Generated_Source\PSoC4/PB.c **** void PB_SetPriority(uint8 priority)
 208:.\Generated_Source\PSoC4/PB.c **** {
 209:.\Generated_Source\PSoC4/PB.c **** 	uint8 interruptState;
 210:.\Generated_Source\PSoC4/PB.c ****     uint32 priorityOffset = ((PB__INTC_NUMBER % 4u) * 8u) + 6u;
 211:.\Generated_Source\PSoC4/PB.c ****     
 212:.\Generated_Source\PSoC4/PB.c **** 	interruptState = CyEnterCriticalSection();
 213:.\Generated_Source\PSoC4/PB.c ****     *PB_INTC_PRIOR = (*PB_INTC_PRIOR & (uint32)(~PB__INTC_PRIOR_MASK)) |
 214:.\Generated_Source\PSoC4/PB.c ****                                     ((uint32)priority << priorityOffset);
 215:.\Generated_Source\PSoC4/PB.c **** 	CyExitCriticalSection(interruptState);
 216:.\Generated_Source\PSoC4/PB.c **** }
 217:.\Generated_Source\PSoC4/PB.c **** 
 218:.\Generated_Source\PSoC4/PB.c **** 
 219:.\Generated_Source\PSoC4/PB.c **** /*******************************************************************************
 220:.\Generated_Source\PSoC4/PB.c **** * Function Name: PB_GetPriority
 221:.\Generated_Source\PSoC4/PB.c **** ********************************************************************************
 222:.\Generated_Source\PSoC4/PB.c **** *
 223:.\Generated_Source\PSoC4/PB.c **** * Summary:
 224:.\Generated_Source\PSoC4/PB.c **** *   Gets the Priority of the Interrupt.
 225:.\Generated_Source\PSoC4/PB.c **** *
 226:.\Generated_Source\PSoC4/PB.c **** * Parameters:
 227:.\Generated_Source\PSoC4/PB.c **** *   None
 228:.\Generated_Source\PSoC4/PB.c **** *
 229:.\Generated_Source\PSoC4/PB.c **** * Return:
 230:.\Generated_Source\PSoC4/PB.c **** *   Priority of the interrupt. 0 - 3, 0 being the highest.
 231:.\Generated_Source\PSoC4/PB.c **** *
 232:.\Generated_Source\PSoC4/PB.c **** *******************************************************************************/
 233:.\Generated_Source\PSoC4/PB.c **** uint8 PB_GetPriority(void)
 234:.\Generated_Source\PSoC4/PB.c **** {
 235:.\Generated_Source\PSoC4/PB.c ****     uint32 priority;
 236:.\Generated_Source\PSoC4/PB.c **** 	uint32 priorityOffset = ((PB__INTC_NUMBER % 4u) * 8u) + 6u;
 237:.\Generated_Source\PSoC4/PB.c **** 
 238:.\Generated_Source\PSoC4/PB.c ****     priority = (*PB_INTC_PRIOR & PB__INTC_PRIOR_MASK) >> priorityOffset;
 239:.\Generated_Source\PSoC4/PB.c **** 
ARM GAS  C:\Users\Computer\AppData\Local\Temp\ccXipcXa.s 			page 6


 240:.\Generated_Source\PSoC4/PB.c ****     return (uint8)priority;
 241:.\Generated_Source\PSoC4/PB.c **** }
 242:.\Generated_Source\PSoC4/PB.c **** 
 243:.\Generated_Source\PSoC4/PB.c **** 
 244:.\Generated_Source\PSoC4/PB.c **** /*******************************************************************************
 245:.\Generated_Source\PSoC4/PB.c **** * Function Name: PB_Enable
 246:.\Generated_Source\PSoC4/PB.c **** ********************************************************************************
 247:.\Generated_Source\PSoC4/PB.c **** *
 248:.\Generated_Source\PSoC4/PB.c **** * Summary:
 249:.\Generated_Source\PSoC4/PB.c **** *   Enables the interrupt.
 250:.\Generated_Source\PSoC4/PB.c **** *
 251:.\Generated_Source\PSoC4/PB.c **** * Parameters:
 252:.\Generated_Source\PSoC4/PB.c **** *   None
 253:.\Generated_Source\PSoC4/PB.c **** *
 254:.\Generated_Source\PSoC4/PB.c **** * Return:
 255:.\Generated_Source\PSoC4/PB.c **** *   None
 256:.\Generated_Source\PSoC4/PB.c **** *
 257:.\Generated_Source\PSoC4/PB.c **** *******************************************************************************/
 258:.\Generated_Source\PSoC4/PB.c **** void PB_Enable(void)
 259:.\Generated_Source\PSoC4/PB.c **** {
 260:.\Generated_Source\PSoC4/PB.c ****     /* Enable the general interrupt. */
 261:.\Generated_Source\PSoC4/PB.c ****     *PB_INTC_SET_EN = PB__INTC_MASK;
 262:.\Generated_Source\PSoC4/PB.c **** }
 263:.\Generated_Source\PSoC4/PB.c **** 
 264:.\Generated_Source\PSoC4/PB.c **** 
 265:.\Generated_Source\PSoC4/PB.c **** /*******************************************************************************
 266:.\Generated_Source\PSoC4/PB.c **** * Function Name: PB_GetState
 267:.\Generated_Source\PSoC4/PB.c **** ********************************************************************************
 268:.\Generated_Source\PSoC4/PB.c **** *
 269:.\Generated_Source\PSoC4/PB.c **** * Summary:
 270:.\Generated_Source\PSoC4/PB.c **** *   Gets the state (enabled, disabled) of the Interrupt.
 271:.\Generated_Source\PSoC4/PB.c **** *
 272:.\Generated_Source\PSoC4/PB.c **** * Parameters:
 273:.\Generated_Source\PSoC4/PB.c **** *   None
 274:.\Generated_Source\PSoC4/PB.c **** *
 275:.\Generated_Source\PSoC4/PB.c **** * Return:
 276:.\Generated_Source\PSoC4/PB.c **** *   1 if enabled, 0 if disabled.
 277:.\Generated_Source\PSoC4/PB.c **** *
 278:.\Generated_Source\PSoC4/PB.c **** *******************************************************************************/
 279:.\Generated_Source\PSoC4/PB.c **** uint8 PB_GetState(void)
 280:.\Generated_Source\PSoC4/PB.c **** {
 281:.\Generated_Source\PSoC4/PB.c ****     /* Get the state of the general interrupt. */
 282:.\Generated_Source\PSoC4/PB.c ****     return ((*PB_INTC_SET_EN & (uint32)PB__INTC_MASK) != 0u) ? 1u:0u;
 283:.\Generated_Source\PSoC4/PB.c **** }
 284:.\Generated_Source\PSoC4/PB.c **** 
 285:.\Generated_Source\PSoC4/PB.c **** 
 286:.\Generated_Source\PSoC4/PB.c **** /*******************************************************************************
 287:.\Generated_Source\PSoC4/PB.c **** * Function Name: PB_Disable
 288:.\Generated_Source\PSoC4/PB.c **** ********************************************************************************
 289:.\Generated_Source\PSoC4/PB.c **** *
 290:.\Generated_Source\PSoC4/PB.c **** * Summary:
 291:.\Generated_Source\PSoC4/PB.c **** *   Disables the Interrupt.
 292:.\Generated_Source\PSoC4/PB.c **** *
 293:.\Generated_Source\PSoC4/PB.c **** * Parameters:
 294:.\Generated_Source\PSoC4/PB.c **** *   None
 295:.\Generated_Source\PSoC4/PB.c **** *
 296:.\Generated_Source\PSoC4/PB.c **** * Return:
ARM GAS  C:\Users\Computer\AppData\Local\Temp\ccXipcXa.s 			page 7


 297:.\Generated_Source\PSoC4/PB.c **** *   None
 298:.\Generated_Source\PSoC4/PB.c **** *
 299:.\Generated_Source\PSoC4/PB.c **** *******************************************************************************/
 300:.\Generated_Source\PSoC4/PB.c **** void PB_Disable(void)
 301:.\Generated_Source\PSoC4/PB.c **** {
 302:.\Generated_Source\PSoC4/PB.c ****     /* Disable the general interrupt. */
 303:.\Generated_Source\PSoC4/PB.c ****     *PB_INTC_CLR_EN = PB__INTC_MASK;
  46              		.loc 1 303 0
  47 0000 034B     		ldr	r3, .L3
  48              	.LBE19:
  49              	.LBE18:
  50              	.LBB21:
  51              	.LBB22:
 165:.\Generated_Source\PSoC4/PB.c ****     CyRamVectors[CYINT_IRQ_BASE + PB__INTC_NUMBER] = address;
  52              		.loc 1 165 0
  53 0002 0448     		ldr	r0, .L3+4
  54 0004 0449     		ldr	r1, .L3+8
  55              	.LBE22:
  56              	.LBE21:
  57              	.LBB24:
  58              	.LBB20:
  59              		.loc 1 303 0
  60 0006 0122     		mov	r2, #1
  61 0008 1A60     		str	r2, [r3]
  62              	.LVL0:
  63              	.LBE20:
  64              	.LBE24:
 118:.\Generated_Source\PSoC4/PB.c **** }
  65              		.loc 1 118 0
  66              		@ sp needed for prologue
  67              	.LBB25:
  68              	.LBB23:
 165:.\Generated_Source\PSoC4/PB.c ****     CyRamVectors[CYINT_IRQ_BASE + PB__INTC_NUMBER] = address;
  69              		.loc 1 165 0
  70 000a 0864     		str	r0, [r1, #64]
  71              	.LBE23:
  72              	.LBE25:
 118:.\Generated_Source\PSoC4/PB.c **** }
  73              		.loc 1 118 0
  74 000c 7047     		bx	lr
  75              	.L4:
  76 000e C046     		.align	2
  77              	.L3:
  78 0010 80E100E0 		.word	-536813184
  79 0014 00000000 		.word	IntDefaultHandler
  80 0018 00000000 		.word	CyRamVectors
  81              		.cfi_endproc
  82              	.LFE2:
  83              		.size	PB_Stop, .-PB_Stop
  84              		.section	.text.PB_SetVector,"ax",%progbits
  85              		.align	2
  86              		.global	PB_SetVector
  87              		.code	16
  88              		.thumb_func
  89              		.type	PB_SetVector, %function
  90              	PB_SetVector:
  91              	.LFB4:
ARM GAS  C:\Users\Computer\AppData\Local\Temp\ccXipcXa.s 			page 8


 164:.\Generated_Source\PSoC4/PB.c **** {
  92              		.loc 1 164 0
  93              		.cfi_startproc
  94              	.LVL1:
 165:.\Generated_Source\PSoC4/PB.c ****     CyRamVectors[CYINT_IRQ_BASE + PB__INTC_NUMBER] = address;
  95              		.loc 1 165 0
  96 0000 014B     		ldr	r3, .L6
 166:.\Generated_Source\PSoC4/PB.c **** }
  97              		.loc 1 166 0
  98              		@ sp needed for prologue
 165:.\Generated_Source\PSoC4/PB.c ****     CyRamVectors[CYINT_IRQ_BASE + PB__INTC_NUMBER] = address;
  99              		.loc 1 165 0
 100 0002 1864     		str	r0, [r3, #64]
 166:.\Generated_Source\PSoC4/PB.c **** }
 101              		.loc 1 166 0
 102 0004 7047     		bx	lr
 103              	.L7:
 104 0006 C046     		.align	2
 105              	.L6:
 106 0008 00000000 		.word	CyRamVectors
 107              		.cfi_endproc
 108              	.LFE4:
 109              		.size	PB_SetVector, .-PB_SetVector
 110              		.section	.text.PB_GetVector,"ax",%progbits
 111              		.align	2
 112              		.global	PB_GetVector
 113              		.code	16
 114              		.thumb_func
 115              		.type	PB_GetVector, %function
 116              	PB_GetVector:
 117              	.LFB5:
 184:.\Generated_Source\PSoC4/PB.c **** {
 118              		.loc 1 184 0
 119              		.cfi_startproc
 185:.\Generated_Source\PSoC4/PB.c ****     return CyRamVectors[CYINT_IRQ_BASE + PB__INTC_NUMBER];
 120              		.loc 1 185 0
 121 0000 014B     		ldr	r3, .L9
 186:.\Generated_Source\PSoC4/PB.c **** }
 122              		.loc 1 186 0
 123              		@ sp needed for prologue
 185:.\Generated_Source\PSoC4/PB.c ****     return CyRamVectors[CYINT_IRQ_BASE + PB__INTC_NUMBER];
 124              		.loc 1 185 0
 125 0002 186C     		ldr	r0, [r3, #64]
 186:.\Generated_Source\PSoC4/PB.c **** }
 126              		.loc 1 186 0
 127 0004 7047     		bx	lr
 128              	.L10:
 129 0006 C046     		.align	2
 130              	.L9:
 131 0008 00000000 		.word	CyRamVectors
 132              		.cfi_endproc
 133              	.LFE5:
 134              		.size	PB_GetVector, .-PB_GetVector
 135              		.section	.text.PB_SetPriority,"ax",%progbits
 136              		.align	2
 137              		.global	PB_SetPriority
 138              		.code	16
ARM GAS  C:\Users\Computer\AppData\Local\Temp\ccXipcXa.s 			page 9


 139              		.thumb_func
 140              		.type	PB_SetPriority, %function
 141              	PB_SetPriority:
 142              	.LFB6:
 208:.\Generated_Source\PSoC4/PB.c **** {
 143              		.loc 1 208 0
 144              		.cfi_startproc
 145              	.LVL2:
 146 0000 10B5     		push	{r4, lr}
 147              	.LCFI0:
 148              		.cfi_def_cfa_offset 8
 149              		.cfi_offset 4, -8
 150              		.cfi_offset 14, -4
 208:.\Generated_Source\PSoC4/PB.c **** {
 151              		.loc 1 208 0
 152 0002 041C     		mov	r4, r0
 212:.\Generated_Source\PSoC4/PB.c **** 	interruptState = CyEnterCriticalSection();
 153              		.loc 1 212 0
 154 0004 FFF7FEFF 		bl	CyEnterCriticalSection
 155              	.LVL3:
 213:.\Generated_Source\PSoC4/PB.c ****     *PB_INTC_PRIOR = (*PB_INTC_PRIOR & (uint32)(~PB__INTC_PRIOR_MASK)) |
 156              		.loc 1 213 0
 157 0008 044B     		ldr	r3, .L12
 214:.\Generated_Source\PSoC4/PB.c ****                                     ((uint32)priority << priorityOffset);
 158              		.loc 1 214 0
 159 000a A201     		lsl	r2, r4, #6
 213:.\Generated_Source\PSoC4/PB.c ****     *PB_INTC_PRIOR = (*PB_INTC_PRIOR & (uint32)(~PB__INTC_PRIOR_MASK)) |
 160              		.loc 1 213 0
 161 000c 1968     		ldr	r1, [r3]
 162 000e C024     		mov	r4, #192
 163 0010 A143     		bic	r1, r4
 164 0012 1143     		orr	r1, r2
 165 0014 1960     		str	r1, [r3]
 215:.\Generated_Source\PSoC4/PB.c **** 	CyExitCriticalSection(interruptState);
 166              		.loc 1 215 0
 167 0016 FFF7FEFF 		bl	CyExitCriticalSection
 168              	.LVL4:
 216:.\Generated_Source\PSoC4/PB.c **** }
 169              		.loc 1 216 0
 170              		@ sp needed for prologue
 171 001a 10BD     		pop	{r4, pc}
 172              	.L13:
 173              		.align	2
 174              	.L12:
 175 001c 00E400E0 		.word	-536812544
 176              		.cfi_endproc
 177              	.LFE6:
 178              		.size	PB_SetPriority, .-PB_SetPriority
 179              		.section	.text.PB_StartEx,"ax",%progbits
 180              		.align	2
 181              		.global	PB_StartEx
 182              		.code	16
 183              		.thumb_func
 184              		.type	PB_StartEx, %function
 185              	PB_StartEx:
 186              	.LFB1:
  83:.\Generated_Source\PSoC4/PB.c **** {
ARM GAS  C:\Users\Computer\AppData\Local\Temp\ccXipcXa.s 			page 10


 187              		.loc 1 83 0
 188              		.cfi_startproc
 189              	.LVL5:
 190 0000 10B5     		push	{r4, lr}
 191              	.LCFI1:
 192              		.cfi_def_cfa_offset 8
 193              		.cfi_offset 4, -8
 194              		.cfi_offset 14, -4
 195              	.LBB26:
 196              	.LBB27:
 197              		.loc 1 303 0
 198 0002 054B     		ldr	r3, .L15
 199              	.LBE27:
 200              	.LBE26:
 201              	.LBB29:
 202              	.LBB30:
 165:.\Generated_Source\PSoC4/PB.c ****     CyRamVectors[CYINT_IRQ_BASE + PB__INTC_NUMBER] = address;
 203              		.loc 1 165 0
 204 0004 0549     		ldr	r1, .L15+4
 205              	.LBE30:
 206              	.LBE29:
 207              	.LBB32:
 208              	.LBB28:
 209              		.loc 1 303 0
 210 0006 0124     		mov	r4, #1
 211 0008 1C60     		str	r4, [r3]
 212              	.LVL6:
 213              	.LBE28:
 214              	.LBE32:
 215              	.LBB33:
 216              	.LBB31:
 165:.\Generated_Source\PSoC4/PB.c ****     CyRamVectors[CYINT_IRQ_BASE + PB__INTC_NUMBER] = address;
 217              		.loc 1 165 0
 218 000a 0864     		str	r0, [r1, #64]
 219              	.LBE31:
 220              	.LBE33:
  91:.\Generated_Source\PSoC4/PB.c ****     PB_SetPriority((uint8)PB_INTC_PRIOR_NUMBER);
 221              		.loc 1 91 0
 222 000c 0320     		mov	r0, #3
 223              	.LVL7:
 224 000e FFF7FEFF 		bl	PB_SetPriority
 225              	.LVL8:
 226              	.LBB34:
 227              	.LBB35:
 261:.\Generated_Source\PSoC4/PB.c ****     *PB_INTC_SET_EN = PB__INTC_MASK;
 228              		.loc 1 261 0
 229 0012 0348     		ldr	r0, .L15+8
 230              	.LBE35:
 231              	.LBE34:
  95:.\Generated_Source\PSoC4/PB.c **** }
 232              		.loc 1 95 0
 233              		@ sp needed for prologue
 234              	.LBB37:
 235              	.LBB36:
 261:.\Generated_Source\PSoC4/PB.c ****     *PB_INTC_SET_EN = PB__INTC_MASK;
 236              		.loc 1 261 0
 237 0014 0460     		str	r4, [r0]
ARM GAS  C:\Users\Computer\AppData\Local\Temp\ccXipcXa.s 			page 11


 238              	.LBE36:
 239              	.LBE37:
  95:.\Generated_Source\PSoC4/PB.c **** }
 240              		.loc 1 95 0
 241 0016 10BD     		pop	{r4, pc}
 242              	.L16:
 243              		.align	2
 244              	.L15:
 245 0018 80E100E0 		.word	-536813184
 246 001c 00000000 		.word	CyRamVectors
 247 0020 00E100E0 		.word	-536813312
 248              		.cfi_endproc
 249              	.LFE1:
 250              		.size	PB_StartEx, .-PB_StartEx
 251              		.section	.text.PB_Start,"ax",%progbits
 252              		.align	2
 253              		.global	PB_Start
 254              		.code	16
 255              		.thumb_func
 256              		.type	PB_Start, %function
 257              	PB_Start:
 258              	.LFB0:
  53:.\Generated_Source\PSoC4/PB.c **** {
 259              		.loc 1 53 0
 260              		.cfi_startproc
 261 0000 10B5     		push	{r4, lr}
 262              	.LCFI2:
 263              		.cfi_def_cfa_offset 8
 264              		.cfi_offset 4, -8
 265              		.cfi_offset 14, -4
 266              	.LBB38:
 267              	.LBB39:
 268              		.loc 1 303 0
 269 0002 064B     		ldr	r3, .L18
 270              	.LBE39:
 271              	.LBE38:
 272              	.LBB41:
 273              	.LBB42:
 165:.\Generated_Source\PSoC4/PB.c ****     CyRamVectors[CYINT_IRQ_BASE + PB__INTC_NUMBER] = address;
 274              		.loc 1 165 0
 275 0004 064A     		ldr	r2, .L18+4
 276 0006 0748     		ldr	r0, .L18+8
 277              	.LBE42:
 278              	.LBE41:
 279              	.LBB44:
 280              	.LBB40:
 281              		.loc 1 303 0
 282 0008 0124     		mov	r4, #1
 283 000a 1C60     		str	r4, [r3]
 284              	.LVL9:
 285              	.LBE40:
 286              	.LBE44:
 287              	.LBB45:
 288              	.LBB43:
 165:.\Generated_Source\PSoC4/PB.c ****     CyRamVectors[CYINT_IRQ_BASE + PB__INTC_NUMBER] = address;
 289              		.loc 1 165 0
 290 000c 0264     		str	r2, [r0, #64]
ARM GAS  C:\Users\Computer\AppData\Local\Temp\ccXipcXa.s 			page 12


 291              	.LBE43:
 292              	.LBE45:
  61:.\Generated_Source\PSoC4/PB.c ****     PB_SetPriority((uint8)PB_INTC_PRIOR_NUMBER);
 293              		.loc 1 61 0
 294 000e 0320     		mov	r0, #3
 295 0010 FFF7FEFF 		bl	PB_SetPriority
 296              	.LVL10:
 297              	.LBB46:
 298              	.LBB47:
 261:.\Generated_Source\PSoC4/PB.c ****     *PB_INTC_SET_EN = PB__INTC_MASK;
 299              		.loc 1 261 0
 300 0014 0449     		ldr	r1, .L18+12
 301              	.LBE47:
 302              	.LBE46:
  65:.\Generated_Source\PSoC4/PB.c **** }
 303              		.loc 1 65 0
 304              		@ sp needed for prologue
 305              	.LBB49:
 306              	.LBB48:
 261:.\Generated_Source\PSoC4/PB.c ****     *PB_INTC_SET_EN = PB__INTC_MASK;
 307              		.loc 1 261 0
 308 0016 0C60     		str	r4, [r1]
 309              	.LBE48:
 310              	.LBE49:
  65:.\Generated_Source\PSoC4/PB.c **** }
 311              		.loc 1 65 0
 312 0018 10BD     		pop	{r4, pc}
 313              	.L19:
 314 001a C046     		.align	2
 315              	.L18:
 316 001c 80E100E0 		.word	-536813184
 317 0020 00000000 		.word	PB_Interrupt
 318 0024 00000000 		.word	CyRamVectors
 319 0028 00E100E0 		.word	-536813312
 320              		.cfi_endproc
 321              	.LFE0:
 322              		.size	PB_Start, .-PB_Start
 323              		.section	.text.PB_GetPriority,"ax",%progbits
 324              		.align	2
 325              		.global	PB_GetPriority
 326              		.code	16
 327              		.thumb_func
 328              		.type	PB_GetPriority, %function
 329              	PB_GetPriority:
 330              	.LFB7:
 234:.\Generated_Source\PSoC4/PB.c **** {
 331              		.loc 1 234 0
 332              		.cfi_startproc
 333              	.LVL11:
 238:.\Generated_Source\PSoC4/PB.c ****     priority = (*PB_INTC_PRIOR & PB__INTC_PRIOR_MASK) >> priorityOffset;
 334              		.loc 1 238 0
 335 0000 024B     		ldr	r3, .L21
 241:.\Generated_Source\PSoC4/PB.c **** }
 336              		.loc 1 241 0
 337              		@ sp needed for prologue
 238:.\Generated_Source\PSoC4/PB.c ****     priority = (*PB_INTC_PRIOR & PB__INTC_PRIOR_MASK) >> priorityOffset;
 338              		.loc 1 238 0
ARM GAS  C:\Users\Computer\AppData\Local\Temp\ccXipcXa.s 			page 13


 339 0002 1868     		ldr	r0, [r3]
 340              	.LVL12:
 341 0004 0106     		lsl	r1, r0, #24
 240:.\Generated_Source\PSoC4/PB.c ****     return (uint8)priority;
 342              		.loc 1 240 0
 343 0006 880F     		lsr	r0, r1, #30
 344              	.LVL13:
 241:.\Generated_Source\PSoC4/PB.c **** }
 345              		.loc 1 241 0
 346 0008 7047     		bx	lr
 347              	.L22:
 348 000a C046     		.align	2
 349              	.L21:
 350 000c 00E400E0 		.word	-536812544
 351              		.cfi_endproc
 352              	.LFE7:
 353              		.size	PB_GetPriority, .-PB_GetPriority
 354              		.section	.text.PB_Enable,"ax",%progbits
 355              		.align	2
 356              		.global	PB_Enable
 357              		.code	16
 358              		.thumb_func
 359              		.type	PB_Enable, %function
 360              	PB_Enable:
 361              	.LFB8:
 259:.\Generated_Source\PSoC4/PB.c **** {
 362              		.loc 1 259 0
 363              		.cfi_startproc
 261:.\Generated_Source\PSoC4/PB.c ****     *PB_INTC_SET_EN = PB__INTC_MASK;
 364              		.loc 1 261 0
 365 0000 014B     		ldr	r3, .L24
 366 0002 0122     		mov	r2, #1
 367 0004 1A60     		str	r2, [r3]
 262:.\Generated_Source\PSoC4/PB.c **** }
 368              		.loc 1 262 0
 369              		@ sp needed for prologue
 370 0006 7047     		bx	lr
 371              	.L25:
 372              		.align	2
 373              	.L24:
 374 0008 00E100E0 		.word	-536813312
 375              		.cfi_endproc
 376              	.LFE8:
 377              		.size	PB_Enable, .-PB_Enable
 378              		.section	.text.PB_GetState,"ax",%progbits
 379              		.align	2
 380              		.global	PB_GetState
 381              		.code	16
 382              		.thumb_func
 383              		.type	PB_GetState, %function
 384              	PB_GetState:
 385              	.LFB9:
 280:.\Generated_Source\PSoC4/PB.c **** {
 386              		.loc 1 280 0
 387              		.cfi_startproc
 282:.\Generated_Source\PSoC4/PB.c ****     return ((*PB_INTC_SET_EN & (uint32)PB__INTC_MASK) != 0u) ? 1u:0u;
 388              		.loc 1 282 0
ARM GAS  C:\Users\Computer\AppData\Local\Temp\ccXipcXa.s 			page 14


 389 0000 024B     		ldr	r3, .L27
 390 0002 0120     		mov	r0, #1
 391 0004 1968     		ldr	r1, [r3]
 283:.\Generated_Source\PSoC4/PB.c **** }
 392              		.loc 1 283 0
 393              		@ sp needed for prologue
 282:.\Generated_Source\PSoC4/PB.c ****     return ((*PB_INTC_SET_EN & (uint32)PB__INTC_MASK) != 0u) ? 1u:0u;
 394              		.loc 1 282 0
 395 0006 0840     		and	r0, r1
 283:.\Generated_Source\PSoC4/PB.c **** }
 396              		.loc 1 283 0
 397 0008 7047     		bx	lr
 398              	.L28:
 399 000a C046     		.align	2
 400              	.L27:
 401 000c 00E100E0 		.word	-536813312
 402              		.cfi_endproc
 403              	.LFE9:
 404              		.size	PB_GetState, .-PB_GetState
 405              		.section	.text.PB_Disable,"ax",%progbits
 406              		.align	2
 407              		.global	PB_Disable
 408              		.code	16
 409              		.thumb_func
 410              		.type	PB_Disable, %function
 411              	PB_Disable:
 412              	.LFB10:
 301:.\Generated_Source\PSoC4/PB.c **** {
 413              		.loc 1 301 0
 414              		.cfi_startproc
 415              		.loc 1 303 0
 416 0000 014B     		ldr	r3, .L30
 417 0002 0122     		mov	r2, #1
 418 0004 1A60     		str	r2, [r3]
 304:.\Generated_Source\PSoC4/PB.c **** }
 419              		.loc 1 304 0
 420              		@ sp needed for prologue
 421 0006 7047     		bx	lr
 422              	.L31:
 423              		.align	2
 424              	.L30:
 425 0008 80E100E0 		.word	-536813184
 426              		.cfi_endproc
 427              	.LFE10:
 428              		.size	PB_Disable, .-PB_Disable
 429              		.section	.text.PB_SetPending,"ax",%progbits
 430              		.align	2
 431              		.global	PB_SetPending
 432              		.code	16
 433              		.thumb_func
 434              		.type	PB_SetPending, %function
 435              	PB_SetPending:
 436              	.LFB11:
 305:.\Generated_Source\PSoC4/PB.c **** 
 306:.\Generated_Source\PSoC4/PB.c **** 
 307:.\Generated_Source\PSoC4/PB.c **** /*******************************************************************************
 308:.\Generated_Source\PSoC4/PB.c **** * Function Name: PB_SetPending
ARM GAS  C:\Users\Computer\AppData\Local\Temp\ccXipcXa.s 			page 15


 309:.\Generated_Source\PSoC4/PB.c **** ********************************************************************************
 310:.\Generated_Source\PSoC4/PB.c **** *
 311:.\Generated_Source\PSoC4/PB.c **** * Summary:
 312:.\Generated_Source\PSoC4/PB.c **** *   Causes the Interrupt to enter the pending state, a software method of
 313:.\Generated_Source\PSoC4/PB.c **** *   generating the interrupt.
 314:.\Generated_Source\PSoC4/PB.c **** *
 315:.\Generated_Source\PSoC4/PB.c **** * Parameters:
 316:.\Generated_Source\PSoC4/PB.c **** *   None
 317:.\Generated_Source\PSoC4/PB.c **** *
 318:.\Generated_Source\PSoC4/PB.c **** * Return:
 319:.\Generated_Source\PSoC4/PB.c **** *   None
 320:.\Generated_Source\PSoC4/PB.c **** *
 321:.\Generated_Source\PSoC4/PB.c **** *******************************************************************************/
 322:.\Generated_Source\PSoC4/PB.c **** void PB_SetPending(void)
 323:.\Generated_Source\PSoC4/PB.c **** {
 437              		.loc 1 323 0
 438              		.cfi_startproc
 324:.\Generated_Source\PSoC4/PB.c ****     *PB_INTC_SET_PD = PB__INTC_MASK;
 439              		.loc 1 324 0
 440 0000 014B     		ldr	r3, .L33
 441 0002 0122     		mov	r2, #1
 442 0004 1A60     		str	r2, [r3]
 325:.\Generated_Source\PSoC4/PB.c **** }
 443              		.loc 1 325 0
 444              		@ sp needed for prologue
 445 0006 7047     		bx	lr
 446              	.L34:
 447              		.align	2
 448              	.L33:
 449 0008 00E200E0 		.word	-536813056
 450              		.cfi_endproc
 451              	.LFE11:
 452              		.size	PB_SetPending, .-PB_SetPending
 453              		.section	.text.PB_ClearPending,"ax",%progbits
 454              		.align	2
 455              		.global	PB_ClearPending
 456              		.code	16
 457              		.thumb_func
 458              		.type	PB_ClearPending, %function
 459              	PB_ClearPending:
 460              	.LFB12:
 326:.\Generated_Source\PSoC4/PB.c **** 
 327:.\Generated_Source\PSoC4/PB.c **** 
 328:.\Generated_Source\PSoC4/PB.c **** /*******************************************************************************
 329:.\Generated_Source\PSoC4/PB.c **** * Function Name: PB_ClearPending
 330:.\Generated_Source\PSoC4/PB.c **** ********************************************************************************
 331:.\Generated_Source\PSoC4/PB.c **** *
 332:.\Generated_Source\PSoC4/PB.c **** * Summary:
 333:.\Generated_Source\PSoC4/PB.c **** *   Clears a pending interrupt.
 334:.\Generated_Source\PSoC4/PB.c **** *
 335:.\Generated_Source\PSoC4/PB.c **** * Parameters:
 336:.\Generated_Source\PSoC4/PB.c **** *   None
 337:.\Generated_Source\PSoC4/PB.c **** *
 338:.\Generated_Source\PSoC4/PB.c **** * Return:
 339:.\Generated_Source\PSoC4/PB.c **** *   None
 340:.\Generated_Source\PSoC4/PB.c **** *
 341:.\Generated_Source\PSoC4/PB.c **** *******************************************************************************/
ARM GAS  C:\Users\Computer\AppData\Local\Temp\ccXipcXa.s 			page 16


 342:.\Generated_Source\PSoC4/PB.c **** void PB_ClearPending(void)
 343:.\Generated_Source\PSoC4/PB.c **** {
 461              		.loc 1 343 0
 462              		.cfi_startproc
 344:.\Generated_Source\PSoC4/PB.c ****     *PB_INTC_CLR_PD = PB__INTC_MASK;
 463              		.loc 1 344 0
 464 0000 014B     		ldr	r3, .L36
 465 0002 0122     		mov	r2, #1
 466 0004 1A60     		str	r2, [r3]
 345:.\Generated_Source\PSoC4/PB.c **** }
 467              		.loc 1 345 0
 468              		@ sp needed for prologue
 469 0006 7047     		bx	lr
 470              	.L37:
 471              		.align	2
 472              	.L36:
 473 0008 80E200E0 		.word	-536812928
 474              		.cfi_endproc
 475              	.LFE12:
 476              		.size	PB_ClearPending, .-PB_ClearPending
 477              		.text
 478              	.Letext0:
 479              		.file 2 "./Generated_Source/PSoC4/cytypes.h"
 480              		.file 3 "./Generated_Source/PSoC4/CyLib.h"
 481              		.section	.debug_info,"",%progbits
 482              	.Ldebug_info0:
 483 0000 8A030000 		.4byte	0x38a
 484 0004 0200     		.2byte	0x2
 485 0006 00000000 		.4byte	.Ldebug_abbrev0
 486 000a 04       		.byte	0x4
 487 000b 01       		.uleb128 0x1
 488 000c BA010000 		.4byte	.LASF32
 489 0010 01       		.byte	0x1
 490 0011 42020000 		.4byte	.LASF33
 491 0015 CF000000 		.4byte	.LASF34
 492 0019 C0000000 		.4byte	.Ldebug_ranges0+0xc0
 493 001d 00000000 		.4byte	0
 494 0021 00000000 		.4byte	0
 495 0025 00000000 		.4byte	.Ldebug_line0
 496 0029 02       		.uleb128 0x2
 497 002a 01       		.byte	0x1
 498 002b 06       		.byte	0x6
 499 002c 36020000 		.4byte	.LASF0
 500 0030 02       		.uleb128 0x2
 501 0031 01       		.byte	0x1
 502 0032 08       		.byte	0x8
 503 0033 4C000000 		.4byte	.LASF1
 504 0037 02       		.uleb128 0x2
 505 0038 02       		.byte	0x2
 506 0039 05       		.byte	0x5
 507 003a A3010000 		.4byte	.LASF2
 508 003e 02       		.uleb128 0x2
 509 003f 02       		.byte	0x2
 510 0040 07       		.byte	0x7
 511 0041 1C000000 		.4byte	.LASF3
 512 0045 02       		.uleb128 0x2
 513 0046 04       		.byte	0x4
ARM GAS  C:\Users\Computer\AppData\Local\Temp\ccXipcXa.s 			page 17


 514 0047 05       		.byte	0x5
 515 0048 12020000 		.4byte	.LASF4
 516 004c 02       		.uleb128 0x2
 517 004d 04       		.byte	0x4
 518 004e 07       		.byte	0x7
 519 004f 76000000 		.4byte	.LASF5
 520 0053 02       		.uleb128 0x2
 521 0054 08       		.byte	0x8
 522 0055 05       		.byte	0x5
 523 0056 82010000 		.4byte	.LASF6
 524 005a 02       		.uleb128 0x2
 525 005b 08       		.byte	0x8
 526 005c 07       		.byte	0x7
 527 005d 35000000 		.4byte	.LASF7
 528 0061 03       		.uleb128 0x3
 529 0062 04       		.byte	0x4
 530 0063 05       		.byte	0x5
 531 0064 696E7400 		.ascii	"int\000"
 532 0068 02       		.uleb128 0x2
 533 0069 04       		.byte	0x4
 534 006a 07       		.byte	0x7
 535 006b 24010000 		.4byte	.LASF8
 536 006f 04       		.uleb128 0x4
 537 0070 88000000 		.4byte	.LASF9
 538 0074 02       		.byte	0x2
 539 0075 5B       		.byte	0x5b
 540 0076 30000000 		.4byte	0x30
 541 007a 04       		.uleb128 0x4
 542 007b C8000000 		.4byte	.LASF10
 543 007f 02       		.byte	0x2
 544 0080 5D       		.byte	0x5d
 545 0081 4C000000 		.4byte	0x4c
 546 0085 02       		.uleb128 0x2
 547 0086 04       		.byte	0x4
 548 0087 04       		.byte	0x4
 549 0088 2F000000 		.4byte	.LASF11
 550 008c 02       		.uleb128 0x2
 551 008d 08       		.byte	0x8
 552 008e 04       		.byte	0x4
 553 008f A7000000 		.4byte	.LASF12
 554 0093 02       		.uleb128 0x2
 555 0094 01       		.byte	0x1
 556 0095 08       		.byte	0x8
 557 0096 9E010000 		.4byte	.LASF13
 558 009a 04       		.uleb128 0x4
 559 009b 00000000 		.4byte	.LASF14
 560 009f 02       		.byte	0x2
 561 00a0 F2       		.byte	0xf2
 562 00a1 A5000000 		.4byte	0xa5
 563 00a5 05       		.uleb128 0x5
 564 00a6 7A000000 		.4byte	0x7a
 565 00aa 06       		.uleb128 0x6
 566 00ab 62010000 		.4byte	.LASF15
 567 00af 02       		.byte	0x2
 568 00b0 0201     		.2byte	0x102
 569 00b2 B6000000 		.4byte	0xb6
 570 00b6 07       		.uleb128 0x7
ARM GAS  C:\Users\Computer\AppData\Local\Temp\ccXipcXa.s 			page 18


 571 00b7 04       		.byte	0x4
 572 00b8 BC000000 		.4byte	0xbc
 573 00bc 08       		.uleb128 0x8
 574 00bd 01       		.byte	0x1
 575 00be 02       		.uleb128 0x2
 576 00bf 04       		.byte	0x4
 577 00c0 07       		.byte	0x7
 578 00c1 6F010000 		.4byte	.LASF16
 579 00c5 09       		.uleb128 0x9
 580 00c6 01       		.byte	0x1
 581 00c7 57010000 		.4byte	.LASF17
 582 00cb 01       		.byte	0x1
 583 00cc 2C01     		.2byte	0x12c
 584 00ce 01       		.byte	0x1
 585 00cf 01       		.byte	0x1
 586 00d0 0A       		.uleb128 0xa
 587 00d1 01       		.byte	0x1
 588 00d2 60020000 		.4byte	.LASF35
 589 00d6 01       		.byte	0x1
 590 00d7 A3       		.byte	0xa3
 591 00d8 01       		.byte	0x1
 592 00d9 01       		.byte	0x1
 593 00da EA000000 		.4byte	0xea
 594 00de 0B       		.uleb128 0xb
 595 00df 39010000 		.4byte	.LASF25
 596 00e3 01       		.byte	0x1
 597 00e4 A3       		.byte	0xa3
 598 00e5 AA000000 		.4byte	0xaa
 599 00e9 00       		.byte	0
 600 00ea 09       		.uleb128 0x9
 601 00eb 01       		.byte	0x1
 602 00ec 78010000 		.4byte	.LASF18
 603 00f0 01       		.byte	0x1
 604 00f1 0201     		.2byte	0x102
 605 00f3 01       		.byte	0x1
 606 00f4 01       		.byte	0x1
 607 00f5 0C       		.uleb128 0xc
 608 00f6 01       		.byte	0x1
 609 00f7 AD010000 		.4byte	.LASF29
 610 00fb 01       		.byte	0x1
 611 00fc 8A       		.byte	0x8a
 612 00fd 01       		.byte	0x1
 613 00fe 00000000 		.4byte	.LFB3
 614 0102 02000000 		.4byte	.LFE3
 615 0106 02       		.byte	0x2
 616 0107 7D       		.byte	0x7d
 617 0108 00       		.sleb128 0
 618 0109 01       		.byte	0x1
 619 010a 0D       		.uleb128 0xd
 620 010b 01       		.byte	0x1
 621 010c 31010000 		.4byte	.LASF19
 622 0110 01       		.byte	0x1
 623 0111 6F       		.byte	0x6f
 624 0112 01       		.byte	0x1
 625 0113 00000000 		.4byte	.LFB2
 626 0117 1C000000 		.4byte	.LFE2
 627 011b 02       		.byte	0x2
ARM GAS  C:\Users\Computer\AppData\Local\Temp\ccXipcXa.s 			page 19


 628 011c 7D       		.byte	0x7d
 629 011d 00       		.sleb128 0
 630 011e 01       		.byte	0x1
 631 011f 48010000 		.4byte	0x148
 632 0123 0E       		.uleb128 0xe
 633 0124 C5000000 		.4byte	0xc5
 634 0128 00000000 		.4byte	.LBB18
 635 012c 00000000 		.4byte	.Ldebug_ranges0+0
 636 0130 01       		.byte	0x1
 637 0131 72       		.byte	0x72
 638 0132 0F       		.uleb128 0xf
 639 0133 D0000000 		.4byte	0xd0
 640 0137 02000000 		.4byte	.LBB21
 641 013b 18000000 		.4byte	.Ldebug_ranges0+0x18
 642 013f 01       		.byte	0x1
 643 0140 75       		.byte	0x75
 644 0141 10       		.uleb128 0x10
 645 0142 DE000000 		.4byte	0xde
 646 0146 00       		.byte	0
 647 0147 00       		.byte	0
 648 0148 11       		.uleb128 0x11
 649 0149 D0000000 		.4byte	0xd0
 650 014d 00000000 		.4byte	.LFB4
 651 0151 0C000000 		.4byte	.LFE4
 652 0155 02       		.byte	0x2
 653 0156 7D       		.byte	0x7d
 654 0157 00       		.sleb128 0
 655 0158 01       		.byte	0x1
 656 0159 65010000 		.4byte	0x165
 657 015d 12       		.uleb128 0x12
 658 015e DE000000 		.4byte	0xde
 659 0162 01       		.byte	0x1
 660 0163 50       		.byte	0x50
 661 0164 00       		.byte	0
 662 0165 13       		.uleb128 0x13
 663 0166 01       		.byte	0x1
 664 0167 5A000000 		.4byte	.LASF27
 665 016b 01       		.byte	0x1
 666 016c B7       		.byte	0xb7
 667 016d 01       		.byte	0x1
 668 016e AA000000 		.4byte	0xaa
 669 0172 00000000 		.4byte	.LFB5
 670 0176 0C000000 		.4byte	.LFE5
 671 017a 02       		.byte	0x2
 672 017b 7D       		.byte	0x7d
 673 017c 00       		.sleb128 0
 674 017d 01       		.byte	0x1
 675 017e 14       		.uleb128 0x14
 676 017f 01       		.byte	0x1
 677 0180 1B020000 		.4byte	.LASF20
 678 0184 01       		.byte	0x1
 679 0185 CF       		.byte	0xcf
 680 0186 01       		.byte	0x1
 681 0187 00000000 		.4byte	.LFB6
 682 018b 20000000 		.4byte	.LFE6
 683 018f 00000000 		.4byte	.LLST0
 684 0193 01       		.byte	0x1
ARM GAS  C:\Users\Computer\AppData\Local\Temp\ccXipcXa.s 			page 20


 685 0194 D5010000 		.4byte	0x1d5
 686 0198 15       		.uleb128 0x15
 687 0199 9E000000 		.4byte	.LASF24
 688 019d 01       		.byte	0x1
 689 019e CF       		.byte	0xcf
 690 019f 6F000000 		.4byte	0x6f
 691 01a3 20000000 		.4byte	.LLST1
 692 01a7 16       		.uleb128 0x16
 693 01a8 67000000 		.4byte	.LASF21
 694 01ac 01       		.byte	0x1
 695 01ad D1       		.byte	0xd1
 696 01ae 6F000000 		.4byte	0x6f
 697 01b2 41000000 		.4byte	.LLST2
 698 01b6 17       		.uleb128 0x17
 699 01b7 03020000 		.4byte	.LASF22
 700 01bb 01       		.byte	0x1
 701 01bc D2       		.byte	0xd2
 702 01bd 7A000000 		.4byte	0x7a
 703 01c1 06       		.byte	0x6
 704 01c2 18       		.uleb128 0x18
 705 01c3 08000000 		.4byte	.LVL3
 706 01c7 6F030000 		.4byte	0x36f
 707 01cb 18       		.uleb128 0x18
 708 01cc 1A000000 		.4byte	.LVL4
 709 01d0 7D030000 		.4byte	0x37d
 710 01d4 00       		.byte	0
 711 01d5 14       		.uleb128 0x14
 712 01d6 01       		.byte	0x1
 713 01d7 AE000000 		.4byte	.LASF23
 714 01db 01       		.byte	0x1
 715 01dc 52       		.byte	0x52
 716 01dd 01       		.byte	0x1
 717 01de 00000000 		.4byte	.LFB1
 718 01e2 24000000 		.4byte	.LFE1
 719 01e6 54000000 		.4byte	.LLST3
 720 01ea 01       		.byte	0x1
 721 01eb 49020000 		.4byte	0x249
 722 01ef 15       		.uleb128 0x15
 723 01f0 39010000 		.4byte	.LASF25
 724 01f4 01       		.byte	0x1
 725 01f5 52       		.byte	0x52
 726 01f6 AA000000 		.4byte	0xaa
 727 01fa 74000000 		.4byte	.LLST4
 728 01fe 0E       		.uleb128 0xe
 729 01ff C5000000 		.4byte	0xc5
 730 0203 02000000 		.4byte	.LBB26
 731 0207 30000000 		.4byte	.Ldebug_ranges0+0x30
 732 020b 01       		.byte	0x1
 733 020c 55       		.byte	0x55
 734 020d 19       		.uleb128 0x19
 735 020e D0000000 		.4byte	0xd0
 736 0212 04000000 		.4byte	.LBB29
 737 0216 48000000 		.4byte	.Ldebug_ranges0+0x48
 738 021a 01       		.byte	0x1
 739 021b 58       		.byte	0x58
 740 021c 2A020000 		.4byte	0x22a
 741 0220 1A       		.uleb128 0x1a
ARM GAS  C:\Users\Computer\AppData\Local\Temp\ccXipcXa.s 			page 21


 742 0221 DE000000 		.4byte	0xde
 743 0225 A2000000 		.4byte	.LLST5
 744 0229 00       		.byte	0
 745 022a 0E       		.uleb128 0xe
 746 022b EA000000 		.4byte	0xea
 747 022f 12000000 		.4byte	.LBB34
 748 0233 60000000 		.4byte	.Ldebug_ranges0+0x60
 749 0237 01       		.byte	0x1
 750 0238 5E       		.byte	0x5e
 751 0239 1B       		.uleb128 0x1b
 752 023a 12000000 		.4byte	.LVL8
 753 023e 7E010000 		.4byte	0x17e
 754 0242 1C       		.uleb128 0x1c
 755 0243 01       		.byte	0x1
 756 0244 50       		.byte	0x50
 757 0245 01       		.byte	0x1
 758 0246 33       		.byte	0x33
 759 0247 00       		.byte	0
 760 0248 00       		.byte	0
 761 0249 14       		.uleb128 0x14
 762 024a 01       		.byte	0x1
 763 024b 06000000 		.4byte	.LASF26
 764 024f 01       		.byte	0x1
 765 0250 34       		.byte	0x34
 766 0251 01       		.byte	0x1
 767 0252 00000000 		.4byte	.LFB0
 768 0256 2C000000 		.4byte	.LFE0
 769 025a D0000000 		.4byte	.LLST6
 770 025e 01       		.byte	0x1
 771 025f B1020000 		.4byte	0x2b1
 772 0263 0E       		.uleb128 0xe
 773 0264 C5000000 		.4byte	0xc5
 774 0268 02000000 		.4byte	.LBB38
 775 026c 78000000 		.4byte	.Ldebug_ranges0+0x78
 776 0270 01       		.byte	0x1
 777 0271 37       		.byte	0x37
 778 0272 19       		.uleb128 0x19
 779 0273 D0000000 		.4byte	0xd0
 780 0277 04000000 		.4byte	.LBB41
 781 027b 90000000 		.4byte	.Ldebug_ranges0+0x90
 782 027f 01       		.byte	0x1
 783 0280 3A       		.byte	0x3a
 784 0281 92020000 		.4byte	0x292
 785 0285 12       		.uleb128 0x12
 786 0286 DE000000 		.4byte	0xde
 787 028a 06       		.byte	0x6
 788 028b 03       		.byte	0x3
 789 028c 00000000 		.4byte	PB_Interrupt
 790 0290 9F       		.byte	0x9f
 791 0291 00       		.byte	0
 792 0292 0E       		.uleb128 0xe
 793 0293 EA000000 		.4byte	0xea
 794 0297 14000000 		.4byte	.LBB46
 795 029b A8000000 		.4byte	.Ldebug_ranges0+0xa8
 796 029f 01       		.byte	0x1
 797 02a0 40       		.byte	0x40
 798 02a1 1B       		.uleb128 0x1b
ARM GAS  C:\Users\Computer\AppData\Local\Temp\ccXipcXa.s 			page 22


 799 02a2 14000000 		.4byte	.LVL10
 800 02a6 7E010000 		.4byte	0x17e
 801 02aa 1C       		.uleb128 0x1c
 802 02ab 01       		.byte	0x1
 803 02ac 50       		.byte	0x50
 804 02ad 01       		.byte	0x1
 805 02ae 33       		.byte	0x33
 806 02af 00       		.byte	0
 807 02b0 00       		.byte	0
 808 02b1 1D       		.uleb128 0x1d
 809 02b2 01       		.byte	0x1
 810 02b3 B9000000 		.4byte	.LASF36
 811 02b7 01       		.byte	0x1
 812 02b8 E9       		.byte	0xe9
 813 02b9 01       		.byte	0x1
 814 02ba 6F000000 		.4byte	0x6f
 815 02be 00000000 		.4byte	.LFB7
 816 02c2 10000000 		.4byte	.LFE7
 817 02c6 02       		.byte	0x2
 818 02c7 7D       		.byte	0x7d
 819 02c8 00       		.sleb128 0
 820 02c9 01       		.byte	0x1
 821 02ca EA020000 		.4byte	0x2ea
 822 02ce 16       		.uleb128 0x16
 823 02cf 9E000000 		.4byte	.LASF24
 824 02d3 01       		.byte	0x1
 825 02d4 EB       		.byte	0xeb
 826 02d5 7A000000 		.4byte	0x7a
 827 02d9 F0000000 		.4byte	.LLST7
 828 02dd 17       		.uleb128 0x17
 829 02de 03020000 		.4byte	.LASF22
 830 02e2 01       		.byte	0x1
 831 02e3 EC       		.byte	0xec
 832 02e4 7A000000 		.4byte	0x7a
 833 02e8 06       		.byte	0x6
 834 02e9 00       		.byte	0
 835 02ea 1E       		.uleb128 0x1e
 836 02eb EA000000 		.4byte	0xea
 837 02ef 00000000 		.4byte	.LFB8
 838 02f3 0C000000 		.4byte	.LFE8
 839 02f7 02       		.byte	0x2
 840 02f8 7D       		.byte	0x7d
 841 02f9 00       		.sleb128 0
 842 02fa 01       		.byte	0x1
 843 02fb 1F       		.uleb128 0x1f
 844 02fc 01       		.byte	0x1
 845 02fd 2A020000 		.4byte	.LASF28
 846 0301 01       		.byte	0x1
 847 0302 1701     		.2byte	0x117
 848 0304 01       		.byte	0x1
 849 0305 6F000000 		.4byte	0x6f
 850 0309 00000000 		.4byte	.LFB9
 851 030d 10000000 		.4byte	.LFE9
 852 0311 02       		.byte	0x2
 853 0312 7D       		.byte	0x7d
 854 0313 00       		.sleb128 0
 855 0314 01       		.byte	0x1
ARM GAS  C:\Users\Computer\AppData\Local\Temp\ccXipcXa.s 			page 23


 856 0315 1E       		.uleb128 0x1e
 857 0316 C5000000 		.4byte	0xc5
 858 031a 00000000 		.4byte	.LFB10
 859 031e 0C000000 		.4byte	.LFE10
 860 0322 02       		.byte	0x2
 861 0323 7D       		.byte	0x7d
 862 0324 00       		.sleb128 0
 863 0325 01       		.byte	0x1
 864 0326 20       		.uleb128 0x20
 865 0327 01       		.byte	0x1
 866 0328 90010000 		.4byte	.LASF30
 867 032c 01       		.byte	0x1
 868 032d 4201     		.2byte	0x142
 869 032f 01       		.byte	0x1
 870 0330 00000000 		.4byte	.LFB11
 871 0334 0C000000 		.4byte	.LFE11
 872 0338 02       		.byte	0x2
 873 0339 7D       		.byte	0x7d
 874 033a 00       		.sleb128 0
 875 033b 01       		.byte	0x1
 876 033c 20       		.uleb128 0x20
 877 033d 01       		.byte	0x1
 878 033e 8E000000 		.4byte	.LASF31
 879 0342 01       		.byte	0x1
 880 0343 5601     		.2byte	0x156
 881 0345 01       		.byte	0x1
 882 0346 00000000 		.4byte	.LFB12
 883 034a 0C000000 		.4byte	.LFE12
 884 034e 02       		.byte	0x2
 885 034f 7D       		.byte	0x7d
 886 0350 00       		.sleb128 0
 887 0351 01       		.byte	0x1
 888 0352 21       		.uleb128 0x21
 889 0353 AA000000 		.4byte	0xaa
 890 0357 62030000 		.4byte	0x362
 891 035b 22       		.uleb128 0x22
 892 035c BE000000 		.4byte	0xbe
 893 0360 2F       		.byte	0x2f
 894 0361 00       		.byte	0
 895 0362 23       		.uleb128 0x23
 896 0363 0F000000 		.4byte	.LASF37
 897 0367 01       		.byte	0x1
 898 0368 20       		.byte	0x20
 899 0369 52030000 		.4byte	0x352
 900 036d 01       		.byte	0x1
 901 036e 01       		.byte	0x1
 902 036f 24       		.uleb128 0x24
 903 0370 01       		.byte	0x1
 904 0371 0D010000 		.4byte	.LASF38
 905 0375 03       		.byte	0x3
 906 0376 70       		.byte	0x70
 907 0377 01       		.byte	0x1
 908 0378 6F000000 		.4byte	0x6f
 909 037c 01       		.byte	0x1
 910 037d 25       		.uleb128 0x25
 911 037e 01       		.byte	0x1
 912 037f 41010000 		.4byte	.LASF39
ARM GAS  C:\Users\Computer\AppData\Local\Temp\ccXipcXa.s 			page 24


 913 0383 03       		.byte	0x3
 914 0384 71       		.byte	0x71
 915 0385 01       		.byte	0x1
 916 0386 01       		.byte	0x1
 917 0387 26       		.uleb128 0x26
 918 0388 6F000000 		.4byte	0x6f
 919 038c 00       		.byte	0
 920 038d 00       		.byte	0
 921              		.section	.debug_abbrev,"",%progbits
 922              	.Ldebug_abbrev0:
 923 0000 01       		.uleb128 0x1
 924 0001 11       		.uleb128 0x11
 925 0002 01       		.byte	0x1
 926 0003 25       		.uleb128 0x25
 927 0004 0E       		.uleb128 0xe
 928 0005 13       		.uleb128 0x13
 929 0006 0B       		.uleb128 0xb
 930 0007 03       		.uleb128 0x3
 931 0008 0E       		.uleb128 0xe
 932 0009 1B       		.uleb128 0x1b
 933 000a 0E       		.uleb128 0xe
 934 000b 55       		.uleb128 0x55
 935 000c 06       		.uleb128 0x6
 936 000d 11       		.uleb128 0x11
 937 000e 01       		.uleb128 0x1
 938 000f 52       		.uleb128 0x52
 939 0010 01       		.uleb128 0x1
 940 0011 10       		.uleb128 0x10
 941 0012 06       		.uleb128 0x6
 942 0013 00       		.byte	0
 943 0014 00       		.byte	0
 944 0015 02       		.uleb128 0x2
 945 0016 24       		.uleb128 0x24
 946 0017 00       		.byte	0
 947 0018 0B       		.uleb128 0xb
 948 0019 0B       		.uleb128 0xb
 949 001a 3E       		.uleb128 0x3e
 950 001b 0B       		.uleb128 0xb
 951 001c 03       		.uleb128 0x3
 952 001d 0E       		.uleb128 0xe
 953 001e 00       		.byte	0
 954 001f 00       		.byte	0
 955 0020 03       		.uleb128 0x3
 956 0021 24       		.uleb128 0x24
 957 0022 00       		.byte	0
 958 0023 0B       		.uleb128 0xb
 959 0024 0B       		.uleb128 0xb
 960 0025 3E       		.uleb128 0x3e
 961 0026 0B       		.uleb128 0xb
 962 0027 03       		.uleb128 0x3
 963 0028 08       		.uleb128 0x8
 964 0029 00       		.byte	0
 965 002a 00       		.byte	0
 966 002b 04       		.uleb128 0x4
 967 002c 16       		.uleb128 0x16
 968 002d 00       		.byte	0
 969 002e 03       		.uleb128 0x3
ARM GAS  C:\Users\Computer\AppData\Local\Temp\ccXipcXa.s 			page 25


 970 002f 0E       		.uleb128 0xe
 971 0030 3A       		.uleb128 0x3a
 972 0031 0B       		.uleb128 0xb
 973 0032 3B       		.uleb128 0x3b
 974 0033 0B       		.uleb128 0xb
 975 0034 49       		.uleb128 0x49
 976 0035 13       		.uleb128 0x13
 977 0036 00       		.byte	0
 978 0037 00       		.byte	0
 979 0038 05       		.uleb128 0x5
 980 0039 35       		.uleb128 0x35
 981 003a 00       		.byte	0
 982 003b 49       		.uleb128 0x49
 983 003c 13       		.uleb128 0x13
 984 003d 00       		.byte	0
 985 003e 00       		.byte	0
 986 003f 06       		.uleb128 0x6
 987 0040 16       		.uleb128 0x16
 988 0041 00       		.byte	0
 989 0042 03       		.uleb128 0x3
 990 0043 0E       		.uleb128 0xe
 991 0044 3A       		.uleb128 0x3a
 992 0045 0B       		.uleb128 0xb
 993 0046 3B       		.uleb128 0x3b
 994 0047 05       		.uleb128 0x5
 995 0048 49       		.uleb128 0x49
 996 0049 13       		.uleb128 0x13
 997 004a 00       		.byte	0
 998 004b 00       		.byte	0
 999 004c 07       		.uleb128 0x7
 1000 004d 0F       		.uleb128 0xf
 1001 004e 00       		.byte	0
 1002 004f 0B       		.uleb128 0xb
 1003 0050 0B       		.uleb128 0xb
 1004 0051 49       		.uleb128 0x49
 1005 0052 13       		.uleb128 0x13
 1006 0053 00       		.byte	0
 1007 0054 00       		.byte	0
 1008 0055 08       		.uleb128 0x8
 1009 0056 15       		.uleb128 0x15
 1010 0057 00       		.byte	0
 1011 0058 27       		.uleb128 0x27
 1012 0059 0C       		.uleb128 0xc
 1013 005a 00       		.byte	0
 1014 005b 00       		.byte	0
 1015 005c 09       		.uleb128 0x9
 1016 005d 2E       		.uleb128 0x2e
 1017 005e 00       		.byte	0
 1018 005f 3F       		.uleb128 0x3f
 1019 0060 0C       		.uleb128 0xc
 1020 0061 03       		.uleb128 0x3
 1021 0062 0E       		.uleb128 0xe
 1022 0063 3A       		.uleb128 0x3a
 1023 0064 0B       		.uleb128 0xb
 1024 0065 3B       		.uleb128 0x3b
 1025 0066 05       		.uleb128 0x5
 1026 0067 27       		.uleb128 0x27
ARM GAS  C:\Users\Computer\AppData\Local\Temp\ccXipcXa.s 			page 26


 1027 0068 0C       		.uleb128 0xc
 1028 0069 20       		.uleb128 0x20
 1029 006a 0B       		.uleb128 0xb
 1030 006b 00       		.byte	0
 1031 006c 00       		.byte	0
 1032 006d 0A       		.uleb128 0xa
 1033 006e 2E       		.uleb128 0x2e
 1034 006f 01       		.byte	0x1
 1035 0070 3F       		.uleb128 0x3f
 1036 0071 0C       		.uleb128 0xc
 1037 0072 03       		.uleb128 0x3
 1038 0073 0E       		.uleb128 0xe
 1039 0074 3A       		.uleb128 0x3a
 1040 0075 0B       		.uleb128 0xb
 1041 0076 3B       		.uleb128 0x3b
 1042 0077 0B       		.uleb128 0xb
 1043 0078 27       		.uleb128 0x27
 1044 0079 0C       		.uleb128 0xc
 1045 007a 20       		.uleb128 0x20
 1046 007b 0B       		.uleb128 0xb
 1047 007c 01       		.uleb128 0x1
 1048 007d 13       		.uleb128 0x13
 1049 007e 00       		.byte	0
 1050 007f 00       		.byte	0
 1051 0080 0B       		.uleb128 0xb
 1052 0081 05       		.uleb128 0x5
 1053 0082 00       		.byte	0
 1054 0083 03       		.uleb128 0x3
 1055 0084 0E       		.uleb128 0xe
 1056 0085 3A       		.uleb128 0x3a
 1057 0086 0B       		.uleb128 0xb
 1058 0087 3B       		.uleb128 0x3b
 1059 0088 0B       		.uleb128 0xb
 1060 0089 49       		.uleb128 0x49
 1061 008a 13       		.uleb128 0x13
 1062 008b 00       		.byte	0
 1063 008c 00       		.byte	0
 1064 008d 0C       		.uleb128 0xc
 1065 008e 2E       		.uleb128 0x2e
 1066 008f 00       		.byte	0
 1067 0090 3F       		.uleb128 0x3f
 1068 0091 0C       		.uleb128 0xc
 1069 0092 03       		.uleb128 0x3
 1070 0093 0E       		.uleb128 0xe
 1071 0094 3A       		.uleb128 0x3a
 1072 0095 0B       		.uleb128 0xb
 1073 0096 3B       		.uleb128 0x3b
 1074 0097 0B       		.uleb128 0xb
 1075 0098 27       		.uleb128 0x27
 1076 0099 0C       		.uleb128 0xc
 1077 009a 11       		.uleb128 0x11
 1078 009b 01       		.uleb128 0x1
 1079 009c 12       		.uleb128 0x12
 1080 009d 01       		.uleb128 0x1
 1081 009e 40       		.uleb128 0x40
 1082 009f 0A       		.uleb128 0xa
 1083 00a0 9742     		.uleb128 0x2117
ARM GAS  C:\Users\Computer\AppData\Local\Temp\ccXipcXa.s 			page 27


 1084 00a2 0C       		.uleb128 0xc
 1085 00a3 00       		.byte	0
 1086 00a4 00       		.byte	0
 1087 00a5 0D       		.uleb128 0xd
 1088 00a6 2E       		.uleb128 0x2e
 1089 00a7 01       		.byte	0x1
 1090 00a8 3F       		.uleb128 0x3f
 1091 00a9 0C       		.uleb128 0xc
 1092 00aa 03       		.uleb128 0x3
 1093 00ab 0E       		.uleb128 0xe
 1094 00ac 3A       		.uleb128 0x3a
 1095 00ad 0B       		.uleb128 0xb
 1096 00ae 3B       		.uleb128 0x3b
 1097 00af 0B       		.uleb128 0xb
 1098 00b0 27       		.uleb128 0x27
 1099 00b1 0C       		.uleb128 0xc
 1100 00b2 11       		.uleb128 0x11
 1101 00b3 01       		.uleb128 0x1
 1102 00b4 12       		.uleb128 0x12
 1103 00b5 01       		.uleb128 0x1
 1104 00b6 40       		.uleb128 0x40
 1105 00b7 0A       		.uleb128 0xa
 1106 00b8 9742     		.uleb128 0x2117
 1107 00ba 0C       		.uleb128 0xc
 1108 00bb 01       		.uleb128 0x1
 1109 00bc 13       		.uleb128 0x13
 1110 00bd 00       		.byte	0
 1111 00be 00       		.byte	0
 1112 00bf 0E       		.uleb128 0xe
 1113 00c0 1D       		.uleb128 0x1d
 1114 00c1 00       		.byte	0
 1115 00c2 31       		.uleb128 0x31
 1116 00c3 13       		.uleb128 0x13
 1117 00c4 52       		.uleb128 0x52
 1118 00c5 01       		.uleb128 0x1
 1119 00c6 55       		.uleb128 0x55
 1120 00c7 06       		.uleb128 0x6
 1121 00c8 58       		.uleb128 0x58
 1122 00c9 0B       		.uleb128 0xb
 1123 00ca 59       		.uleb128 0x59
 1124 00cb 0B       		.uleb128 0xb
 1125 00cc 00       		.byte	0
 1126 00cd 00       		.byte	0
 1127 00ce 0F       		.uleb128 0xf
 1128 00cf 1D       		.uleb128 0x1d
 1129 00d0 01       		.byte	0x1
 1130 00d1 31       		.uleb128 0x31
 1131 00d2 13       		.uleb128 0x13
 1132 00d3 52       		.uleb128 0x52
 1133 00d4 01       		.uleb128 0x1
 1134 00d5 55       		.uleb128 0x55
 1135 00d6 06       		.uleb128 0x6
 1136 00d7 58       		.uleb128 0x58
 1137 00d8 0B       		.uleb128 0xb
 1138 00d9 59       		.uleb128 0x59
 1139 00da 0B       		.uleb128 0xb
 1140 00db 00       		.byte	0
ARM GAS  C:\Users\Computer\AppData\Local\Temp\ccXipcXa.s 			page 28


 1141 00dc 00       		.byte	0
 1142 00dd 10       		.uleb128 0x10
 1143 00de 05       		.uleb128 0x5
 1144 00df 00       		.byte	0
 1145 00e0 31       		.uleb128 0x31
 1146 00e1 13       		.uleb128 0x13
 1147 00e2 00       		.byte	0
 1148 00e3 00       		.byte	0
 1149 00e4 11       		.uleb128 0x11
 1150 00e5 2E       		.uleb128 0x2e
 1151 00e6 01       		.byte	0x1
 1152 00e7 31       		.uleb128 0x31
 1153 00e8 13       		.uleb128 0x13
 1154 00e9 11       		.uleb128 0x11
 1155 00ea 01       		.uleb128 0x1
 1156 00eb 12       		.uleb128 0x12
 1157 00ec 01       		.uleb128 0x1
 1158 00ed 40       		.uleb128 0x40
 1159 00ee 0A       		.uleb128 0xa
 1160 00ef 9742     		.uleb128 0x2117
 1161 00f1 0C       		.uleb128 0xc
 1162 00f2 01       		.uleb128 0x1
 1163 00f3 13       		.uleb128 0x13
 1164 00f4 00       		.byte	0
 1165 00f5 00       		.byte	0
 1166 00f6 12       		.uleb128 0x12
 1167 00f7 05       		.uleb128 0x5
 1168 00f8 00       		.byte	0
 1169 00f9 31       		.uleb128 0x31
 1170 00fa 13       		.uleb128 0x13
 1171 00fb 02       		.uleb128 0x2
 1172 00fc 0A       		.uleb128 0xa
 1173 00fd 00       		.byte	0
 1174 00fe 00       		.byte	0
 1175 00ff 13       		.uleb128 0x13
 1176 0100 2E       		.uleb128 0x2e
 1177 0101 00       		.byte	0
 1178 0102 3F       		.uleb128 0x3f
 1179 0103 0C       		.uleb128 0xc
 1180 0104 03       		.uleb128 0x3
 1181 0105 0E       		.uleb128 0xe
 1182 0106 3A       		.uleb128 0x3a
 1183 0107 0B       		.uleb128 0xb
 1184 0108 3B       		.uleb128 0x3b
 1185 0109 0B       		.uleb128 0xb
 1186 010a 27       		.uleb128 0x27
 1187 010b 0C       		.uleb128 0xc
 1188 010c 49       		.uleb128 0x49
 1189 010d 13       		.uleb128 0x13
 1190 010e 11       		.uleb128 0x11
 1191 010f 01       		.uleb128 0x1
 1192 0110 12       		.uleb128 0x12
 1193 0111 01       		.uleb128 0x1
 1194 0112 40       		.uleb128 0x40
 1195 0113 0A       		.uleb128 0xa
 1196 0114 9742     		.uleb128 0x2117
 1197 0116 0C       		.uleb128 0xc
ARM GAS  C:\Users\Computer\AppData\Local\Temp\ccXipcXa.s 			page 29


 1198 0117 00       		.byte	0
 1199 0118 00       		.byte	0
 1200 0119 14       		.uleb128 0x14
 1201 011a 2E       		.uleb128 0x2e
 1202 011b 01       		.byte	0x1
 1203 011c 3F       		.uleb128 0x3f
 1204 011d 0C       		.uleb128 0xc
 1205 011e 03       		.uleb128 0x3
 1206 011f 0E       		.uleb128 0xe
 1207 0120 3A       		.uleb128 0x3a
 1208 0121 0B       		.uleb128 0xb
 1209 0122 3B       		.uleb128 0x3b
 1210 0123 0B       		.uleb128 0xb
 1211 0124 27       		.uleb128 0x27
 1212 0125 0C       		.uleb128 0xc
 1213 0126 11       		.uleb128 0x11
 1214 0127 01       		.uleb128 0x1
 1215 0128 12       		.uleb128 0x12
 1216 0129 01       		.uleb128 0x1
 1217 012a 40       		.uleb128 0x40
 1218 012b 06       		.uleb128 0x6
 1219 012c 9742     		.uleb128 0x2117
 1220 012e 0C       		.uleb128 0xc
 1221 012f 01       		.uleb128 0x1
 1222 0130 13       		.uleb128 0x13
 1223 0131 00       		.byte	0
 1224 0132 00       		.byte	0
 1225 0133 15       		.uleb128 0x15
 1226 0134 05       		.uleb128 0x5
 1227 0135 00       		.byte	0
 1228 0136 03       		.uleb128 0x3
 1229 0137 0E       		.uleb128 0xe
 1230 0138 3A       		.uleb128 0x3a
 1231 0139 0B       		.uleb128 0xb
 1232 013a 3B       		.uleb128 0x3b
 1233 013b 0B       		.uleb128 0xb
 1234 013c 49       		.uleb128 0x49
 1235 013d 13       		.uleb128 0x13
 1236 013e 02       		.uleb128 0x2
 1237 013f 06       		.uleb128 0x6
 1238 0140 00       		.byte	0
 1239 0141 00       		.byte	0
 1240 0142 16       		.uleb128 0x16
 1241 0143 34       		.uleb128 0x34
 1242 0144 00       		.byte	0
 1243 0145 03       		.uleb128 0x3
 1244 0146 0E       		.uleb128 0xe
 1245 0147 3A       		.uleb128 0x3a
 1246 0148 0B       		.uleb128 0xb
 1247 0149 3B       		.uleb128 0x3b
 1248 014a 0B       		.uleb128 0xb
 1249 014b 49       		.uleb128 0x49
 1250 014c 13       		.uleb128 0x13
 1251 014d 02       		.uleb128 0x2
 1252 014e 06       		.uleb128 0x6
 1253 014f 00       		.byte	0
 1254 0150 00       		.byte	0
ARM GAS  C:\Users\Computer\AppData\Local\Temp\ccXipcXa.s 			page 30


 1255 0151 17       		.uleb128 0x17
 1256 0152 34       		.uleb128 0x34
 1257 0153 00       		.byte	0
 1258 0154 03       		.uleb128 0x3
 1259 0155 0E       		.uleb128 0xe
 1260 0156 3A       		.uleb128 0x3a
 1261 0157 0B       		.uleb128 0xb
 1262 0158 3B       		.uleb128 0x3b
 1263 0159 0B       		.uleb128 0xb
 1264 015a 49       		.uleb128 0x49
 1265 015b 13       		.uleb128 0x13
 1266 015c 1C       		.uleb128 0x1c
 1267 015d 0B       		.uleb128 0xb
 1268 015e 00       		.byte	0
 1269 015f 00       		.byte	0
 1270 0160 18       		.uleb128 0x18
 1271 0161 898201   		.uleb128 0x4109
 1272 0164 00       		.byte	0
 1273 0165 11       		.uleb128 0x11
 1274 0166 01       		.uleb128 0x1
 1275 0167 31       		.uleb128 0x31
 1276 0168 13       		.uleb128 0x13
 1277 0169 00       		.byte	0
 1278 016a 00       		.byte	0
 1279 016b 19       		.uleb128 0x19
 1280 016c 1D       		.uleb128 0x1d
 1281 016d 01       		.byte	0x1
 1282 016e 31       		.uleb128 0x31
 1283 016f 13       		.uleb128 0x13
 1284 0170 52       		.uleb128 0x52
 1285 0171 01       		.uleb128 0x1
 1286 0172 55       		.uleb128 0x55
 1287 0173 06       		.uleb128 0x6
 1288 0174 58       		.uleb128 0x58
 1289 0175 0B       		.uleb128 0xb
 1290 0176 59       		.uleb128 0x59
 1291 0177 0B       		.uleb128 0xb
 1292 0178 01       		.uleb128 0x1
 1293 0179 13       		.uleb128 0x13
 1294 017a 00       		.byte	0
 1295 017b 00       		.byte	0
 1296 017c 1A       		.uleb128 0x1a
 1297 017d 05       		.uleb128 0x5
 1298 017e 00       		.byte	0
 1299 017f 31       		.uleb128 0x31
 1300 0180 13       		.uleb128 0x13
 1301 0181 02       		.uleb128 0x2
 1302 0182 06       		.uleb128 0x6
 1303 0183 00       		.byte	0
 1304 0184 00       		.byte	0
 1305 0185 1B       		.uleb128 0x1b
 1306 0186 898201   		.uleb128 0x4109
 1307 0189 01       		.byte	0x1
 1308 018a 11       		.uleb128 0x11
 1309 018b 01       		.uleb128 0x1
 1310 018c 31       		.uleb128 0x31
 1311 018d 13       		.uleb128 0x13
ARM GAS  C:\Users\Computer\AppData\Local\Temp\ccXipcXa.s 			page 31


 1312 018e 00       		.byte	0
 1313 018f 00       		.byte	0
 1314 0190 1C       		.uleb128 0x1c
 1315 0191 8A8201   		.uleb128 0x410a
 1316 0194 00       		.byte	0
 1317 0195 02       		.uleb128 0x2
 1318 0196 0A       		.uleb128 0xa
 1319 0197 9142     		.uleb128 0x2111
 1320 0199 0A       		.uleb128 0xa
 1321 019a 00       		.byte	0
 1322 019b 00       		.byte	0
 1323 019c 1D       		.uleb128 0x1d
 1324 019d 2E       		.uleb128 0x2e
 1325 019e 01       		.byte	0x1
 1326 019f 3F       		.uleb128 0x3f
 1327 01a0 0C       		.uleb128 0xc
 1328 01a1 03       		.uleb128 0x3
 1329 01a2 0E       		.uleb128 0xe
 1330 01a3 3A       		.uleb128 0x3a
 1331 01a4 0B       		.uleb128 0xb
 1332 01a5 3B       		.uleb128 0x3b
 1333 01a6 0B       		.uleb128 0xb
 1334 01a7 27       		.uleb128 0x27
 1335 01a8 0C       		.uleb128 0xc
 1336 01a9 49       		.uleb128 0x49
 1337 01aa 13       		.uleb128 0x13
 1338 01ab 11       		.uleb128 0x11
 1339 01ac 01       		.uleb128 0x1
 1340 01ad 12       		.uleb128 0x12
 1341 01ae 01       		.uleb128 0x1
 1342 01af 40       		.uleb128 0x40
 1343 01b0 0A       		.uleb128 0xa
 1344 01b1 9742     		.uleb128 0x2117
 1345 01b3 0C       		.uleb128 0xc
 1346 01b4 01       		.uleb128 0x1
 1347 01b5 13       		.uleb128 0x13
 1348 01b6 00       		.byte	0
 1349 01b7 00       		.byte	0
 1350 01b8 1E       		.uleb128 0x1e
 1351 01b9 2E       		.uleb128 0x2e
 1352 01ba 00       		.byte	0
 1353 01bb 31       		.uleb128 0x31
 1354 01bc 13       		.uleb128 0x13
 1355 01bd 11       		.uleb128 0x11
 1356 01be 01       		.uleb128 0x1
 1357 01bf 12       		.uleb128 0x12
 1358 01c0 01       		.uleb128 0x1
 1359 01c1 40       		.uleb128 0x40
 1360 01c2 0A       		.uleb128 0xa
 1361 01c3 9742     		.uleb128 0x2117
 1362 01c5 0C       		.uleb128 0xc
 1363 01c6 00       		.byte	0
 1364 01c7 00       		.byte	0
 1365 01c8 1F       		.uleb128 0x1f
 1366 01c9 2E       		.uleb128 0x2e
 1367 01ca 00       		.byte	0
 1368 01cb 3F       		.uleb128 0x3f
ARM GAS  C:\Users\Computer\AppData\Local\Temp\ccXipcXa.s 			page 32


 1369 01cc 0C       		.uleb128 0xc
 1370 01cd 03       		.uleb128 0x3
 1371 01ce 0E       		.uleb128 0xe
 1372 01cf 3A       		.uleb128 0x3a
 1373 01d0 0B       		.uleb128 0xb
 1374 01d1 3B       		.uleb128 0x3b
 1375 01d2 05       		.uleb128 0x5
 1376 01d3 27       		.uleb128 0x27
 1377 01d4 0C       		.uleb128 0xc
 1378 01d5 49       		.uleb128 0x49
 1379 01d6 13       		.uleb128 0x13
 1380 01d7 11       		.uleb128 0x11
 1381 01d8 01       		.uleb128 0x1
 1382 01d9 12       		.uleb128 0x12
 1383 01da 01       		.uleb128 0x1
 1384 01db 40       		.uleb128 0x40
 1385 01dc 0A       		.uleb128 0xa
 1386 01dd 9742     		.uleb128 0x2117
 1387 01df 0C       		.uleb128 0xc
 1388 01e0 00       		.byte	0
 1389 01e1 00       		.byte	0
 1390 01e2 20       		.uleb128 0x20
 1391 01e3 2E       		.uleb128 0x2e
 1392 01e4 00       		.byte	0
 1393 01e5 3F       		.uleb128 0x3f
 1394 01e6 0C       		.uleb128 0xc
 1395 01e7 03       		.uleb128 0x3
 1396 01e8 0E       		.uleb128 0xe
 1397 01e9 3A       		.uleb128 0x3a
 1398 01ea 0B       		.uleb128 0xb
 1399 01eb 3B       		.uleb128 0x3b
 1400 01ec 05       		.uleb128 0x5
 1401 01ed 27       		.uleb128 0x27
 1402 01ee 0C       		.uleb128 0xc
 1403 01ef 11       		.uleb128 0x11
 1404 01f0 01       		.uleb128 0x1
 1405 01f1 12       		.uleb128 0x12
 1406 01f2 01       		.uleb128 0x1
 1407 01f3 40       		.uleb128 0x40
 1408 01f4 0A       		.uleb128 0xa
 1409 01f5 9742     		.uleb128 0x2117
 1410 01f7 0C       		.uleb128 0xc
 1411 01f8 00       		.byte	0
 1412 01f9 00       		.byte	0
 1413 01fa 21       		.uleb128 0x21
 1414 01fb 01       		.uleb128 0x1
 1415 01fc 01       		.byte	0x1
 1416 01fd 49       		.uleb128 0x49
 1417 01fe 13       		.uleb128 0x13
 1418 01ff 01       		.uleb128 0x1
 1419 0200 13       		.uleb128 0x13
 1420 0201 00       		.byte	0
 1421 0202 00       		.byte	0
 1422 0203 22       		.uleb128 0x22
 1423 0204 21       		.uleb128 0x21
 1424 0205 00       		.byte	0
 1425 0206 49       		.uleb128 0x49
ARM GAS  C:\Users\Computer\AppData\Local\Temp\ccXipcXa.s 			page 33


 1426 0207 13       		.uleb128 0x13
 1427 0208 2F       		.uleb128 0x2f
 1428 0209 0B       		.uleb128 0xb
 1429 020a 00       		.byte	0
 1430 020b 00       		.byte	0
 1431 020c 23       		.uleb128 0x23
 1432 020d 34       		.uleb128 0x34
 1433 020e 00       		.byte	0
 1434 020f 03       		.uleb128 0x3
 1435 0210 0E       		.uleb128 0xe
 1436 0211 3A       		.uleb128 0x3a
 1437 0212 0B       		.uleb128 0xb
 1438 0213 3B       		.uleb128 0x3b
 1439 0214 0B       		.uleb128 0xb
 1440 0215 49       		.uleb128 0x49
 1441 0216 13       		.uleb128 0x13
 1442 0217 3F       		.uleb128 0x3f
 1443 0218 0C       		.uleb128 0xc
 1444 0219 3C       		.uleb128 0x3c
 1445 021a 0C       		.uleb128 0xc
 1446 021b 00       		.byte	0
 1447 021c 00       		.byte	0
 1448 021d 24       		.uleb128 0x24
 1449 021e 2E       		.uleb128 0x2e
 1450 021f 00       		.byte	0
 1451 0220 3F       		.uleb128 0x3f
 1452 0221 0C       		.uleb128 0xc
 1453 0222 03       		.uleb128 0x3
 1454 0223 0E       		.uleb128 0xe
 1455 0224 3A       		.uleb128 0x3a
 1456 0225 0B       		.uleb128 0xb
 1457 0226 3B       		.uleb128 0x3b
 1458 0227 0B       		.uleb128 0xb
 1459 0228 27       		.uleb128 0x27
 1460 0229 0C       		.uleb128 0xc
 1461 022a 49       		.uleb128 0x49
 1462 022b 13       		.uleb128 0x13
 1463 022c 3C       		.uleb128 0x3c
 1464 022d 0C       		.uleb128 0xc
 1465 022e 00       		.byte	0
 1466 022f 00       		.byte	0
 1467 0230 25       		.uleb128 0x25
 1468 0231 2E       		.uleb128 0x2e
 1469 0232 01       		.byte	0x1
 1470 0233 3F       		.uleb128 0x3f
 1471 0234 0C       		.uleb128 0xc
 1472 0235 03       		.uleb128 0x3
 1473 0236 0E       		.uleb128 0xe
 1474 0237 3A       		.uleb128 0x3a
 1475 0238 0B       		.uleb128 0xb
 1476 0239 3B       		.uleb128 0x3b
 1477 023a 0B       		.uleb128 0xb
 1478 023b 27       		.uleb128 0x27
 1479 023c 0C       		.uleb128 0xc
 1480 023d 3C       		.uleb128 0x3c
 1481 023e 0C       		.uleb128 0xc
 1482 023f 00       		.byte	0
ARM GAS  C:\Users\Computer\AppData\Local\Temp\ccXipcXa.s 			page 34


 1483 0240 00       		.byte	0
 1484 0241 26       		.uleb128 0x26
 1485 0242 05       		.uleb128 0x5
 1486 0243 00       		.byte	0
 1487 0244 49       		.uleb128 0x49
 1488 0245 13       		.uleb128 0x13
 1489 0246 00       		.byte	0
 1490 0247 00       		.byte	0
 1491 0248 00       		.byte	0
 1492              		.section	.debug_loc,"",%progbits
 1493              	.Ldebug_loc0:
 1494              	.LLST0:
 1495 0000 00000000 		.4byte	.LFB6
 1496 0004 02000000 		.4byte	.LCFI0
 1497 0008 0200     		.2byte	0x2
 1498 000a 7D       		.byte	0x7d
 1499 000b 00       		.sleb128 0
 1500 000c 02000000 		.4byte	.LCFI0
 1501 0010 20000000 		.4byte	.LFE6
 1502 0014 0200     		.2byte	0x2
 1503 0016 7D       		.byte	0x7d
 1504 0017 08       		.sleb128 8
 1505 0018 00000000 		.4byte	0
 1506 001c 00000000 		.4byte	0
 1507              	.LLST1:
 1508 0020 00000000 		.4byte	.LVL2
 1509 0024 07000000 		.4byte	.LVL3-1
 1510 0028 0100     		.2byte	0x1
 1511 002a 50       		.byte	0x50
 1512 002b 07000000 		.4byte	.LVL3-1
 1513 002f 20000000 		.4byte	.LFE6
 1514 0033 0400     		.2byte	0x4
 1515 0035 F3       		.byte	0xf3
 1516 0036 01       		.uleb128 0x1
 1517 0037 50       		.byte	0x50
 1518 0038 9F       		.byte	0x9f
 1519 0039 00000000 		.4byte	0
 1520 003d 00000000 		.4byte	0
 1521              	.LLST2:
 1522 0041 08000000 		.4byte	.LVL3
 1523 0045 19000000 		.4byte	.LVL4-1
 1524 0049 0100     		.2byte	0x1
 1525 004b 50       		.byte	0x50
 1526 004c 00000000 		.4byte	0
 1527 0050 00000000 		.4byte	0
 1528              	.LLST3:
 1529 0054 00000000 		.4byte	.LFB1
 1530 0058 02000000 		.4byte	.LCFI1
 1531 005c 0200     		.2byte	0x2
 1532 005e 7D       		.byte	0x7d
 1533 005f 00       		.sleb128 0
 1534 0060 02000000 		.4byte	.LCFI1
 1535 0064 24000000 		.4byte	.LFE1
 1536 0068 0200     		.2byte	0x2
 1537 006a 7D       		.byte	0x7d
 1538 006b 08       		.sleb128 8
 1539 006c 00000000 		.4byte	0
ARM GAS  C:\Users\Computer\AppData\Local\Temp\ccXipcXa.s 			page 35


 1540 0070 00000000 		.4byte	0
 1541              	.LLST4:
 1542 0074 00000000 		.4byte	.LVL5
 1543 0078 0E000000 		.4byte	.LVL7
 1544 007c 0100     		.2byte	0x1
 1545 007e 50       		.byte	0x50
 1546 007f 0E000000 		.4byte	.LVL7
 1547 0083 11000000 		.4byte	.LVL8-1
 1548 0087 0300     		.2byte	0x3
 1549 0089 71       		.byte	0x71
 1550 008a C000     		.sleb128 64
 1551 008c 11000000 		.4byte	.LVL8-1
 1552 0090 24000000 		.4byte	.LFE1
 1553 0094 0400     		.2byte	0x4
 1554 0096 F3       		.byte	0xf3
 1555 0097 01       		.uleb128 0x1
 1556 0098 50       		.byte	0x50
 1557 0099 9F       		.byte	0x9f
 1558 009a 00000000 		.4byte	0
 1559 009e 00000000 		.4byte	0
 1560              	.LLST5:
 1561 00a2 0A000000 		.4byte	.LVL6
 1562 00a6 0E000000 		.4byte	.LVL7
 1563 00aa 0100     		.2byte	0x1
 1564 00ac 50       		.byte	0x50
 1565 00ad 0E000000 		.4byte	.LVL7
 1566 00b1 11000000 		.4byte	.LVL8-1
 1567 00b5 0300     		.2byte	0x3
 1568 00b7 71       		.byte	0x71
 1569 00b8 C000     		.sleb128 64
 1570 00ba 11000000 		.4byte	.LVL8-1
 1571 00be 24000000 		.4byte	.LFE1
 1572 00c2 0400     		.2byte	0x4
 1573 00c4 F3       		.byte	0xf3
 1574 00c5 01       		.uleb128 0x1
 1575 00c6 50       		.byte	0x50
 1576 00c7 9F       		.byte	0x9f
 1577 00c8 00000000 		.4byte	0
 1578 00cc 00000000 		.4byte	0
 1579              	.LLST6:
 1580 00d0 00000000 		.4byte	.LFB0
 1581 00d4 02000000 		.4byte	.LCFI2
 1582 00d8 0200     		.2byte	0x2
 1583 00da 7D       		.byte	0x7d
 1584 00db 00       		.sleb128 0
 1585 00dc 02000000 		.4byte	.LCFI2
 1586 00e0 2C000000 		.4byte	.LFE0
 1587 00e4 0200     		.2byte	0x2
 1588 00e6 7D       		.byte	0x7d
 1589 00e7 08       		.sleb128 8
 1590 00e8 00000000 		.4byte	0
 1591 00ec 00000000 		.4byte	0
 1592              	.LLST7:
 1593 00f0 04000000 		.4byte	.LVL12
 1594 00f4 08000000 		.4byte	.LVL13
 1595 00f8 0800     		.2byte	0x8
 1596 00fa 70       		.byte	0x70
ARM GAS  C:\Users\Computer\AppData\Local\Temp\ccXipcXa.s 			page 36


 1597 00fb 00       		.sleb128 0
 1598 00fc 08       		.byte	0x8
 1599 00fd C0       		.byte	0xc0
 1600 00fe 1A       		.byte	0x1a
 1601 00ff 36       		.byte	0x36
 1602 0100 25       		.byte	0x25
 1603 0101 9F       		.byte	0x9f
 1604 0102 00000000 		.4byte	0
 1605 0106 00000000 		.4byte	0
 1606              		.section	.debug_aranges,"",%progbits
 1607 0000 7C000000 		.4byte	0x7c
 1608 0004 0200     		.2byte	0x2
 1609 0006 00000000 		.4byte	.Ldebug_info0
 1610 000a 04       		.byte	0x4
 1611 000b 00       		.byte	0
 1612 000c 0000     		.2byte	0
 1613 000e 0000     		.2byte	0
 1614 0010 00000000 		.4byte	.LFB3
 1615 0014 02000000 		.4byte	.LFE3-.LFB3
 1616 0018 00000000 		.4byte	.LFB2
 1617 001c 1C000000 		.4byte	.LFE2-.LFB2
 1618 0020 00000000 		.4byte	.LFB4
 1619 0024 0C000000 		.4byte	.LFE4-.LFB4
 1620 0028 00000000 		.4byte	.LFB5
 1621 002c 0C000000 		.4byte	.LFE5-.LFB5
 1622 0030 00000000 		.4byte	.LFB6
 1623 0034 20000000 		.4byte	.LFE6-.LFB6
 1624 0038 00000000 		.4byte	.LFB1
 1625 003c 24000000 		.4byte	.LFE1-.LFB1
 1626 0040 00000000 		.4byte	.LFB0
 1627 0044 2C000000 		.4byte	.LFE0-.LFB0
 1628 0048 00000000 		.4byte	.LFB7
 1629 004c 10000000 		.4byte	.LFE7-.LFB7
 1630 0050 00000000 		.4byte	.LFB8
 1631 0054 0C000000 		.4byte	.LFE8-.LFB8
 1632 0058 00000000 		.4byte	.LFB9
 1633 005c 10000000 		.4byte	.LFE9-.LFB9
 1634 0060 00000000 		.4byte	.LFB10
 1635 0064 0C000000 		.4byte	.LFE10-.LFB10
 1636 0068 00000000 		.4byte	.LFB11
 1637 006c 0C000000 		.4byte	.LFE11-.LFB11
 1638 0070 00000000 		.4byte	.LFB12
 1639 0074 0C000000 		.4byte	.LFE12-.LFB12
 1640 0078 00000000 		.4byte	0
 1641 007c 00000000 		.4byte	0
 1642              		.section	.debug_ranges,"",%progbits
 1643              	.Ldebug_ranges0:
 1644 0000 00000000 		.4byte	.LBB18
 1645 0004 02000000 		.4byte	.LBE18
 1646 0008 06000000 		.4byte	.LBB24
 1647 000c 0A000000 		.4byte	.LBE24
 1648 0010 00000000 		.4byte	0
 1649 0014 00000000 		.4byte	0
 1650 0018 02000000 		.4byte	.LBB21
 1651 001c 06000000 		.4byte	.LBE21
 1652 0020 0A000000 		.4byte	.LBB25
 1653 0024 0C000000 		.4byte	.LBE25
ARM GAS  C:\Users\Computer\AppData\Local\Temp\ccXipcXa.s 			page 37


 1654 0028 00000000 		.4byte	0
 1655 002c 00000000 		.4byte	0
 1656 0030 02000000 		.4byte	.LBB26
 1657 0034 04000000 		.4byte	.LBE26
 1658 0038 06000000 		.4byte	.LBB32
 1659 003c 0A000000 		.4byte	.LBE32
 1660 0040 00000000 		.4byte	0
 1661 0044 00000000 		.4byte	0
 1662 0048 04000000 		.4byte	.LBB29
 1663 004c 06000000 		.4byte	.LBE29
 1664 0050 0A000000 		.4byte	.LBB33
 1665 0054 0C000000 		.4byte	.LBE33
 1666 0058 00000000 		.4byte	0
 1667 005c 00000000 		.4byte	0
 1668 0060 12000000 		.4byte	.LBB34
 1669 0064 14000000 		.4byte	.LBE34
 1670 0068 14000000 		.4byte	.LBB37
 1671 006c 16000000 		.4byte	.LBE37
 1672 0070 00000000 		.4byte	0
 1673 0074 00000000 		.4byte	0
 1674 0078 02000000 		.4byte	.LBB38
 1675 007c 04000000 		.4byte	.LBE38
 1676 0080 08000000 		.4byte	.LBB44
 1677 0084 0C000000 		.4byte	.LBE44
 1678 0088 00000000 		.4byte	0
 1679 008c 00000000 		.4byte	0
 1680 0090 04000000 		.4byte	.LBB41
 1681 0094 08000000 		.4byte	.LBE41
 1682 0098 0C000000 		.4byte	.LBB45
 1683 009c 0E000000 		.4byte	.LBE45
 1684 00a0 00000000 		.4byte	0
 1685 00a4 00000000 		.4byte	0
 1686 00a8 14000000 		.4byte	.LBB46
 1687 00ac 16000000 		.4byte	.LBE46
 1688 00b0 16000000 		.4byte	.LBB49
 1689 00b4 18000000 		.4byte	.LBE49
 1690 00b8 00000000 		.4byte	0
 1691 00bc 00000000 		.4byte	0
 1692 00c0 00000000 		.4byte	.LFB3
 1693 00c4 02000000 		.4byte	.LFE3
 1694 00c8 00000000 		.4byte	.LFB2
 1695 00cc 1C000000 		.4byte	.LFE2
 1696 00d0 00000000 		.4byte	.LFB4
 1697 00d4 0C000000 		.4byte	.LFE4
 1698 00d8 00000000 		.4byte	.LFB5
 1699 00dc 0C000000 		.4byte	.LFE5
 1700 00e0 00000000 		.4byte	.LFB6
 1701 00e4 20000000 		.4byte	.LFE6
 1702 00e8 00000000 		.4byte	.LFB1
 1703 00ec 24000000 		.4byte	.LFE1
 1704 00f0 00000000 		.4byte	.LFB0
 1705 00f4 2C000000 		.4byte	.LFE0
 1706 00f8 00000000 		.4byte	.LFB7
 1707 00fc 10000000 		.4byte	.LFE7
 1708 0100 00000000 		.4byte	.LFB8
 1709 0104 0C000000 		.4byte	.LFE8
 1710 0108 00000000 		.4byte	.LFB9
ARM GAS  C:\Users\Computer\AppData\Local\Temp\ccXipcXa.s 			page 38


 1711 010c 10000000 		.4byte	.LFE9
 1712 0110 00000000 		.4byte	.LFB10
 1713 0114 0C000000 		.4byte	.LFE10
 1714 0118 00000000 		.4byte	.LFB11
 1715 011c 0C000000 		.4byte	.LFE11
 1716 0120 00000000 		.4byte	.LFB12
 1717 0124 0C000000 		.4byte	.LFE12
 1718 0128 00000000 		.4byte	0
 1719 012c 00000000 		.4byte	0
 1720              		.section	.debug_line,"",%progbits
 1721              	.Ldebug_line0:
 1722 0000 A0010000 		.section	.debug_str,"MS",%progbits,1
 1722      02004C00 
 1722      00000201 
 1722      FB0E0D00 
 1722      01010101 
 1723              	.LASF14:
 1724 0000 72656733 		.ascii	"reg32\000"
 1724      3200
 1725              	.LASF26:
 1726 0006 50425F53 		.ascii	"PB_Start\000"
 1726      74617274 
 1726      00
 1727              	.LASF37:
 1728 000f 43795261 		.ascii	"CyRamVectors\000"
 1728      6D566563 
 1728      746F7273 
 1728      00
 1729              	.LASF3:
 1730 001c 73686F72 		.ascii	"short unsigned int\000"
 1730      7420756E 
 1730      7369676E 
 1730      65642069 
 1730      6E7400
 1731              	.LASF11:
 1732 002f 666C6F61 		.ascii	"float\000"
 1732      7400
 1733              	.LASF7:
 1734 0035 6C6F6E67 		.ascii	"long long unsigned int\000"
 1734      206C6F6E 
 1734      6720756E 
 1734      7369676E 
 1734      65642069 
 1735              	.LASF1:
 1736 004c 756E7369 		.ascii	"unsigned char\000"
 1736      676E6564 
 1736      20636861 
 1736      7200
 1737              	.LASF27:
 1738 005a 50425F47 		.ascii	"PB_GetVector\000"
 1738      65745665 
 1738      63746F72 
 1738      00
 1739              	.LASF21:
 1740 0067 696E7465 		.ascii	"interruptState\000"
 1740      72727570 
 1740      74537461 
ARM GAS  C:\Users\Computer\AppData\Local\Temp\ccXipcXa.s 			page 39


 1740      746500
 1741              	.LASF5:
 1742 0076 6C6F6E67 		.ascii	"long unsigned int\000"
 1742      20756E73 
 1742      69676E65 
 1742      6420696E 
 1742      7400
 1743              	.LASF9:
 1744 0088 75696E74 		.ascii	"uint8\000"
 1744      3800
 1745              	.LASF31:
 1746 008e 50425F43 		.ascii	"PB_ClearPending\000"
 1746      6C656172 
 1746      50656E64 
 1746      696E6700 
 1747              	.LASF24:
 1748 009e 7072696F 		.ascii	"priority\000"
 1748      72697479 
 1748      00
 1749              	.LASF12:
 1750 00a7 646F7562 		.ascii	"double\000"
 1750      6C6500
 1751              	.LASF23:
 1752 00ae 50425F53 		.ascii	"PB_StartEx\000"
 1752      74617274 
 1752      457800
 1753              	.LASF36:
 1754 00b9 50425F47 		.ascii	"PB_GetPriority\000"
 1754      65745072 
 1754      696F7269 
 1754      747900
 1755              	.LASF10:
 1756 00c8 75696E74 		.ascii	"uint32\000"
 1756      333200
 1757              	.LASF34:
 1758 00cf 433A5C55 		.ascii	"C:\\Users\\Computer\\Documents\\Git\\GlowTime\\RGB_"
 1758      73657273 
 1758      5C436F6D 
 1758      70757465 
 1758      725C446F 
 1759 00fc 4C45445F 		.ascii	"LED_Matrix.cydsn\000"
 1759      4D617472 
 1759      69782E63 
 1759      7964736E 
 1759      00
 1760              	.LASF38:
 1761 010d 4379456E 		.ascii	"CyEnterCriticalSection\000"
 1761      74657243 
 1761      72697469 
 1761      63616C53 
 1761      65637469 
 1762              	.LASF8:
 1763 0124 756E7369 		.ascii	"unsigned int\000"
 1763      676E6564 
 1763      20696E74 
 1763      00
 1764              	.LASF19:
ARM GAS  C:\Users\Computer\AppData\Local\Temp\ccXipcXa.s 			page 40


 1765 0131 50425F53 		.ascii	"PB_Stop\000"
 1765      746F7000 
 1766              	.LASF25:
 1767 0139 61646472 		.ascii	"address\000"
 1767      65737300 
 1768              	.LASF39:
 1769 0141 43794578 		.ascii	"CyExitCriticalSection\000"
 1769      69744372 
 1769      69746963 
 1769      616C5365 
 1769      6374696F 
 1770              	.LASF17:
 1771 0157 50425F44 		.ascii	"PB_Disable\000"
 1771      69736162 
 1771      6C6500
 1772              	.LASF15:
 1773 0162 63796973 		.ascii	"cyisraddress\000"
 1773      72616464 
 1773      72657373 
 1773      00
 1774              	.LASF16:
 1775 016f 73697A65 		.ascii	"sizetype\000"
 1775      74797065 
 1775      00
 1776              	.LASF18:
 1777 0178 50425F45 		.ascii	"PB_Enable\000"
 1777      6E61626C 
 1777      6500
 1778              	.LASF6:
 1779 0182 6C6F6E67 		.ascii	"long long int\000"
 1779      206C6F6E 
 1779      6720696E 
 1779      7400
 1780              	.LASF30:
 1781 0190 50425F53 		.ascii	"PB_SetPending\000"
 1781      65745065 
 1781      6E64696E 
 1781      6700
 1782              	.LASF13:
 1783 019e 63686172 		.ascii	"char\000"
 1783      00
 1784              	.LASF2:
 1785 01a3 73686F72 		.ascii	"short int\000"
 1785      7420696E 
 1785      7400
 1786              	.LASF29:
 1787 01ad 50425F49 		.ascii	"PB_Interrupt\000"
 1787      6E746572 
 1787      72757074 
 1787      00
 1788              	.LASF32:
 1789 01ba 474E5520 		.ascii	"GNU C 4.7.3 20130312 (release) [ARM/embedded-4_7-br"
 1789      4320342E 
 1789      372E3320 
 1789      32303133 
 1789      30333132 
 1790 01ed 616E6368 		.ascii	"anch revision 196615]\000"
ARM GAS  C:\Users\Computer\AppData\Local\Temp\ccXipcXa.s 			page 41


 1790      20726576 
 1790      6973696F 
 1790      6E203139 
 1790      36363135 
 1791              	.LASF22:
 1792 0203 7072696F 		.ascii	"priorityOffset\000"
 1792      72697479 
 1792      4F666673 
 1792      657400
 1793              	.LASF4:
 1794 0212 6C6F6E67 		.ascii	"long int\000"
 1794      20696E74 
 1794      00
 1795              	.LASF20:
 1796 021b 50425F53 		.ascii	"PB_SetPriority\000"
 1796      65745072 
 1796      696F7269 
 1796      747900
 1797              	.LASF28:
 1798 022a 50425F47 		.ascii	"PB_GetState\000"
 1798      65745374 
 1798      61746500 
 1799              	.LASF0:
 1800 0236 7369676E 		.ascii	"signed char\000"
 1800      65642063 
 1800      68617200 
 1801              	.LASF33:
 1802 0242 2E5C4765 		.ascii	".\\Generated_Source\\PSoC4\\PB.c\000"
 1802      6E657261 
 1802      7465645F 
 1802      536F7572 
 1802      63655C50 
 1803              	.LASF35:
 1804 0260 50425F53 		.ascii	"PB_SetVector\000"
 1804      65745665 
 1804      63746F72 
 1804      00
 1805              		.ident	"GCC: (GNU Tools for ARM Embedded Processors) 4.7.3 20130312 (release) [ARM/embedded-4_7-br
