--------------- Clean Started: 01/18/2014 10:32:12 Project: RGB_LED_Matrix, Configuration: ARM GCC 4.7.3 Debug ---------------
Deleting file ".\CortexM0\ARM_GCC_473\Debug\main.o"
Deleting file ".\CortexM0\ARM_GCC_473\Debug\LED_Matrix.o"
Deleting file ".\CortexM0\ARM_GCC_473\Debug\cyfitter_cfg.o"
Deleting file ".\CortexM0\ARM_GCC_473\Debug\cymetadata.o"
Deleting file ".\CortexM0\ARM_GCC_473\Debug\CR_Addr.o"
Deleting file ".\CortexM0\ARM_GCC_473\Debug\isr_2.o"
Deleting file ".\CortexM0\ARM_GCC_473\Debug\LED_Matrix_1.o"
Deleting file ".\CortexM0\ARM_GCC_473\Debug\Cm0Start.o"
Deleting file ".\CortexM0\ARM_GCC_473\Debug\CyBootAsmGnu.o"
Deleting file ".\CortexM0\ARM_GCC_473\Debug\CyFlash.o"
Deleting file ".\CortexM0\ARM_GCC_473\Debug\CyLib.o"
Deleting file ".\CortexM0\ARM_GCC_473\Debug\cyPm.o"
Deleting file ".\CortexM0\ARM_GCC_473\Debug\cyutils.o"
Deleting file ".\CortexM0\ARM_GCC_473\Debug\P1_2_A.o"
Deleting file ".\CortexM0\ARM_GCC_473\Debug\P1_5_C.o"
Deleting file ".\CortexM0\ARM_GCC_473\Debug\P1_4_LAT.o"
Deleting file ".\CortexM0\ARM_GCC_473\Debug\P0_4_R1.o"
Deleting file ".\CortexM0\ARM_GCC_473\Debug\P0_5_G1.o"
Deleting file ".\CortexM0\ARM_GCC_473\Debug\P0_0_G2.o"
Deleting file ".\CortexM0\ARM_GCC_473\Debug\P0_7_B1.o"
Deleting file ".\CortexM0\ARM_GCC_473\Debug\P3_7_R2.o"
Deleting file ".\CortexM0\ARM_GCC_473\Debug\P1_3_done.o"
Deleting file ".\CortexM0\ARM_GCC_473\Debug\P2_0_ADC0.o"
Deleting file ".\CortexM0\ARM_GCC_473\Debug\ADC_SAR_Seq_1.o"
Deleting file ".\CortexM0\ARM_GCC_473\Debug\ADC_SAR_Seq_1_PM.o"
Deleting file ".\CortexM0\ARM_GCC_473\Debug\ADC_SAR_Seq_1_INT.o"
Deleting file ".\CortexM0\ARM_GCC_473\Debug\ADC_SAR_Seq_1_intClock.o"
Deleting file ".\CortexM0\ARM_GCC_473\Debug\ADC_SAR_Seq_1_IRQ.o"
Deleting file ".\CortexM0\ARM_GCC_473\Debug\P1_1_B.o"
Deleting file ".\CortexM0\ARM_GCC_473\Debug\P0_6_OE.o"
Deleting file ".\CortexM0\ARM_GCC_473\Debug\P3_1_CLK.o"
Deleting file ".\CortexM0\ARM_GCC_473\Debug\P3_0_B2.o"
Deleting file ".\CortexM0\ARM_GCC_473\Debug\RGB_LED_Matrix.hex"
Deleting file ".\CortexM0\ARM_GCC_473\Debug\RGB_LED_Matrix.elf"
Deleting file ".\CortexM0\ARM_GCC_473\Debug\RGB_LED_Matrix.map"
Deleting file ".\RGB_LED_Matrix.cycdx"
Deleting file ".\RGB_LED_Matrix.svd"
Deleting file ".\RGB_LED_Matrix.rpt"
Deleting file ".\RGB_LED_Matrix_timing.html"
Deleting file ".\CortexM0\ARM_GCC_473\Debug\.deps\C_FILE.P"
Deleting file ".\CortexM0\ARM_GCC_473\Debug\.deps\ARM_C_FILE.P"
Deleting file ".\CortexM0\ARM_GCC_473\Debug\.deps\GNU_ARM_ASM_FILE.P"
--------------- Clean Succeeded: 01/18/2014 10:32:13 ---------------
