--------------- Build Started: 01/10/2014 11:25:50 Project: RGB_LED_Matrix, Configuration: ARM GCC 4.7.3 Debug ---------------
cydsfit.exe "-.appdatapath" "C:\Users\Steve\AppData\Local\Cypress Semiconductor\PSoC Creator\3.0" "-.fdsnotice" "-.fdswarpdepfile=warp_dependencies.txt" "-.fdselabdepfile=elab_dependencies.txt" "-.fdsbldfile=generated_files.txt" "-p" "C:\Users\Steve\Desktop\RGB_LED_Matrix.COMMENTED4\RGB_LED_Matrix.cydsn\RGB_LED_Matrix.cyprj" "-d" "CY8C4245AXI-483" "-s" "C:\Users\Steve\Desktop\RGB_LED_Matrix.COMMENTED4\RGB_LED_Matrix.cydsn\Generated_Source\PSoC4" "--" "-yv2" "-v3" "-ygs" "-q10" "-o2" "-.fftcfgtype=LE"
Elaborating Design...
HDL Generation ...
Synthesis ...
Place and Route ...
Tech mapping ...
Info: mpr.M0053: Information from the design wide resources Pin Editor has overridden the control file entry for "P0_0_B1(0)". (App=cydsfit)
Info: mpr.M0053: Information from the design wide resources Pin Editor has overridden the control file entry for "P0_7_R1(0)". (App=cydsfit)
Info: mpr.M0053: Information from the design wide resources Pin Editor has overridden the control file entry for "P1_0_G2(0)". (App=cydsfit)
Info: mpr.M0053: Information from the design wide resources Pin Editor has overridden the control file entry for "P2_0_A(0)". (App=cydsfit)
Info: mpr.M0053: Information from the design wide resources Pin Editor has overridden the control file entry for "P2_1_B(0)". (App=cydsfit)
Info: mpr.M0053: Information from the design wide resources Pin Editor has overridden the control file entry for "P2_2_C(0)". (App=cydsfit)
Info: mpr.M0053: Information from the design wide resources Pin Editor has overridden the control file entry for "P2_3_LAT(0)". (App=cydsfit)
Info: mpr.M0053: Information from the design wide resources Pin Editor has overridden the control file entry for "P2_4_done(0)". (App=cydsfit)
Info: mpr.M0053: Information from the design wide resources Pin Editor has overridden the control file entry for "P2_6_CLK(0)". (App=cydsfit)
Info: mpr.M0053: Information from the design wide resources Pin Editor has overridden the control file entry for "P2_7_B2(0)". (App=cydsfit)
Info: mpr.M0053: Information from the design wide resources Pin Editor has overridden the control file entry for "P3_5_R2(0)". (App=cydsfit)
Info: mpr.M0053: Information from the design wide resources Pin Editor has overridden the control file entry for "P3_6_OE(0)". (App=cydsfit)
Info: mpr.M0053: Information from the design wide resources Pin Editor has overridden the control file entry for "P3_7_G1(0)". (App=cydsfit)
Info: mpr.M0037: Unused pieces of the design have been optimized out. See the Tech mapping section of the report file for details. (App=cydsfit)
Analog Placement ...
Analog Routing ...
Analog Code Generation ...
Digital Placement ...
Digital Routing ...
Bitstream Generation ...
Static timing analysis ...
API Generation ...
Warning: cdf.M0029: LED_Matrix_v1_00.cycdx: There was an error while parsing the debug data for component instance 'LED_Matrix_1': error at line 12: Error processing element 'register'. error at line 12: invalid address 'LED_Matrix_1_datapath_u0__A0_REG' (File=C:\Users\Steve\Desktop\RGB_LED_Matrix.COMMENTED4\RGB_LED_Matrix.cydsn\LED_Matrix_v1_00\LED_Matrix_v1_00.cycdx)
Dependency Generation ...
Clean Temporary Files ...
arm-none-eabi-gcc.exe -I. -I./Generated_Source/PSoC4 -Wno-main -mcpu=cortex-m0 -mthumb -Wall -g -D DEBUG -Wa,-alh=.\CortexM0\ARM_GCC_473\Debug\main.lst -O2 -ffunction-sections -c .\main.c -o .\CortexM0\ARM_GCC_473\Debug\main.o
arm-none-eabi-gcc.exe -I. -I./Generated_Source/PSoC4 -Wno-main -mcpu=cortex-m0 -mthumb -Wall -g -D DEBUG -Wa,-alh=.\CortexM0\ARM_GCC_473\Debug\LED_Matrix.lst -O2 -ffunction-sections -c .\LED_Matrix.c -o .\CortexM0\ARM_GCC_473\Debug\LED_Matrix.o
arm-none-eabi-gcc.exe -I. -I./Generated_Source/PSoC4 -Wno-main -mcpu=cortex-m0 -mthumb -Wall -g -D DEBUG -Wa,-alh=.\CortexM0\ARM_GCC_473\Debug\cyfitter_cfg.lst -O2 -ffunction-sections -c .\Generated_Source\PSoC4\cyfitter_cfg.c -o .\CortexM0\ARM_GCC_473\Debug\cyfitter_cfg.o
arm-none-eabi-gcc.exe -I. -I./Generated_Source/PSoC4 -Wno-main -mcpu=cortex-m0 -mthumb -Wall -g -D DEBUG -Wa,-alh=.\CortexM0\ARM_GCC_473\Debug\cymetadata.lst -O2 -ffunction-sections -c .\Generated_Source\PSoC4\cymetadata.c -o .\CortexM0\ARM_GCC_473\Debug\cymetadata.o
arm-none-eabi-gcc.exe -I. -I./Generated_Source/PSoC4 -Wno-main -mcpu=cortex-m0 -mthumb -Wall -g -D DEBUG -Wa,-alh=.\CortexM0\ARM_GCC_473\Debug\P2_0_A.lst -O2 -ffunction-sections -c .\Generated_Source\PSoC4\P2_0_A.c -o .\CortexM0\ARM_GCC_473\Debug\P2_0_A.o
arm-none-eabi-gcc.exe -I. -I./Generated_Source/PSoC4 -Wno-main -mcpu=cortex-m0 -mthumb -Wall -g -D DEBUG -Wa,-alh=.\CortexM0\ARM_GCC_473\Debug\P2_6_CLK.lst -O2 -ffunction-sections -c .\Generated_Source\PSoC4\P2_6_CLK.c -o .\CortexM0\ARM_GCC_473\Debug\P2_6_CLK.o
arm-none-eabi-gcc.exe -I. -I./Generated_Source/PSoC4 -Wno-main -mcpu=cortex-m0 -mthumb -Wall -g -D DEBUG -Wa,-alh=.\CortexM0\ARM_GCC_473\Debug\P3_6_OE.lst -O2 -ffunction-sections -c .\Generated_Source\PSoC4\P3_6_OE.c -o .\CortexM0\ARM_GCC_473\Debug\P3_6_OE.o
arm-none-eabi-gcc.exe -I. -I./Generated_Source/PSoC4 -Wno-main -mcpu=cortex-m0 -mthumb -Wall -g -D DEBUG -Wa,-alh=.\CortexM0\ARM_GCC_473\Debug\UART.lst -O2 -ffunction-sections -c .\Generated_Source\PSoC4\UART.c -o .\CortexM0\ARM_GCC_473\Debug\UART.o
arm-none-eabi-gcc.exe -I. -I./Generated_Source/PSoC4 -Wno-main -mcpu=cortex-m0 -mthumb -Wall -g -D DEBUG -Wa,-alh=.\CortexM0\ARM_GCC_473\Debug\UART_SPI_UART.lst -O2 -ffunction-sections -c .\Generated_Source\PSoC4\UART_SPI_UART.c -o .\CortexM0\ARM_GCC_473\Debug\UART_SPI_UART.o
arm-none-eabi-gcc.exe -I. -I./Generated_Source/PSoC4 -Wno-main -mcpu=cortex-m0 -mthumb -Wall -g -D DEBUG -Wa,-alh=.\CortexM0\ARM_GCC_473\Debug\UART_SPI_UART_INT.lst -O2 -ffunction-sections -c .\Generated_Source\PSoC4\UART_SPI_UART_INT.c -o .\CortexM0\ARM_GCC_473\Debug\UART_SPI_UART_INT.o
arm-none-eabi-gcc.exe -I. -I./Generated_Source/PSoC4 -Wno-main -mcpu=cortex-m0 -mthumb -Wall -g -D DEBUG -Wa,-alh=.\CortexM0\ARM_GCC_473\Debug\UART_PM.lst -O2 -ffunction-sections -c .\Generated_Source\PSoC4\UART_PM.c -o .\CortexM0\ARM_GCC_473\Debug\UART_PM.o
arm-none-eabi-gcc.exe -I. -I./Generated_Source/PSoC4 -Wno-main -mcpu=cortex-m0 -mthumb -Wall -g -D DEBUG -Wa,-alh=.\CortexM0\ARM_GCC_473\Debug\UART_UART.lst -O2 -ffunction-sections -c .\Generated_Source\PSoC4\UART_UART.c -o .\CortexM0\ARM_GCC_473\Debug\UART_UART.o
arm-none-eabi-gcc.exe -I. -I./Generated_Source/PSoC4 -Wno-main -mcpu=cortex-m0 -mthumb -Wall -g -D DEBUG -Wa,-alh=.\CortexM0\ARM_GCC_473\Debug\UART_BOOT.lst -O2 -ffunction-sections -c .\Generated_Source\PSoC4\UART_BOOT.c -o .\CortexM0\ARM_GCC_473\Debug\UART_BOOT.o
arm-none-eabi-gcc.exe -I. -I./Generated_Source/PSoC4 -Wno-main -mcpu=cortex-m0 -mthumb -Wall -g -D DEBUG -Wa,-alh=.\CortexM0\ARM_GCC_473\Debug\UART_UART_BOOT.lst -O2 -ffunction-sections -c .\Generated_Source\PSoC4\UART_UART_BOOT.c -o .\CortexM0\ARM_GCC_473\Debug\UART_UART_BOOT.o
arm-none-eabi-gcc.exe -I. -I./Generated_Source/PSoC4 -Wno-main -mcpu=cortex-m0 -mthumb -Wall -g -D DEBUG -Wa,-alh=.\CortexM0\ARM_GCC_473\Debug\CR_Addr.lst -O2 -ffunction-sections -c .\Generated_Source\PSoC4\CR_Addr.c -o .\CortexM0\ARM_GCC_473\Debug\CR_Addr.o
arm-none-eabi-gcc.exe -I. -I./Generated_Source/PSoC4 -Wno-main -mcpu=cortex-m0 -mthumb -Wall -g -D DEBUG -Wa,-alh=.\CortexM0\ARM_GCC_473\Debug\P2_1_B.lst -O2 -ffunction-sections -c .\Generated_Source\PSoC4\P2_1_B.c -o .\CortexM0\ARM_GCC_473\Debug\P2_1_B.o
arm-none-eabi-gcc.exe -I. -I./Generated_Source/PSoC4 -Wno-main -mcpu=cortex-m0 -mthumb -Wall -g -D DEBUG -Wa,-alh=.\CortexM0\ARM_GCC_473\Debug\P2_2_C.lst -O2 -ffunction-sections -c .\Generated_Source\PSoC4\P2_2_C.c -o .\CortexM0\ARM_GCC_473\Debug\P2_2_C.o
arm-none-eabi-gcc.exe -I. -I./Generated_Source/PSoC4 -Wno-main -mcpu=cortex-m0 -mthumb -Wall -g -D DEBUG -Wa,-alh=.\CortexM0\ARM_GCC_473\Debug\P2_7_B2.lst -O2 -ffunction-sections -c .\Generated_Source\PSoC4\P2_7_B2.c -o .\CortexM0\ARM_GCC_473\Debug\P2_7_B2.o
arm-none-eabi-gcc.exe -I. -I./Generated_Source/PSoC4 -Wno-main -mcpu=cortex-m0 -mthumb -Wall -g -D DEBUG -Wa,-alh=.\CortexM0\ARM_GCC_473\Debug\P2_3_LAT.lst -O2 -ffunction-sections -c .\Generated_Source\PSoC4\P2_3_LAT.c -o .\CortexM0\ARM_GCC_473\Debug\P2_3_LAT.o
arm-none-eabi-gcc.exe -I. -I./Generated_Source/PSoC4 -Wno-main -mcpu=cortex-m0 -mthumb -Wall -g -D DEBUG -Wa,-alh=.\CortexM0\ARM_GCC_473\Debug\P0_7_R1.lst -O2 -ffunction-sections -c .\Generated_Source\PSoC4\P0_7_R1.c -o .\CortexM0\ARM_GCC_473\Debug\P0_7_R1.o
arm-none-eabi-gcc.exe -I. -I./Generated_Source/PSoC4 -Wno-main -mcpu=cortex-m0 -mthumb -Wall -g -D DEBUG -Wa,-alh=.\CortexM0\ARM_GCC_473\Debug\P3_7_G1.lst -O2 -ffunction-sections -c .\Generated_Source\PSoC4\P3_7_G1.c -o .\CortexM0\ARM_GCC_473\Debug\P3_7_G1.o
arm-none-eabi-gcc.exe -I. -I./Generated_Source/PSoC4 -Wno-main -mcpu=cortex-m0 -mthumb -Wall -g -D DEBUG -Wa,-alh=.\CortexM0\ARM_GCC_473\Debug\P1_0_G2.lst -O2 -ffunction-sections -c .\Generated_Source\PSoC4\P1_0_G2.c -o .\CortexM0\ARM_GCC_473\Debug\P1_0_G2.o
arm-none-eabi-gcc.exe -I. -I./Generated_Source/PSoC4 -Wno-main -mcpu=cortex-m0 -mthumb -Wall -g -D DEBUG -Wa,-alh=.\CortexM0\ARM_GCC_473\Debug\P0_0_B1.lst -O2 -ffunction-sections -c .\Generated_Source\PSoC4\P0_0_B1.c -o .\CortexM0\ARM_GCC_473\Debug\P0_0_B1.o
arm-none-eabi-gcc.exe -I. -I./Generated_Source/PSoC4 -Wno-main -mcpu=cortex-m0 -mthumb -Wall -g -D DEBUG -Wa,-alh=.\CortexM0\ARM_GCC_473\Debug\P3_5_R2.lst -O2 -ffunction-sections -c .\Generated_Source\PSoC4\P3_5_R2.c -o .\CortexM0\ARM_GCC_473\Debug\P3_5_R2.o
arm-none-eabi-gcc.exe -I. -I./Generated_Source/PSoC4 -Wno-main -mcpu=cortex-m0 -mthumb -Wall -g -D DEBUG -Wa,-alh=.\CortexM0\ARM_GCC_473\Debug\P2_4_done.lst -O2 -ffunction-sections -c .\Generated_Source\PSoC4\P2_4_done.c -o .\CortexM0\ARM_GCC_473\Debug\P2_4_done.o
arm-none-eabi-gcc.exe -I. -I./Generated_Source/PSoC4 -Wno-main -mcpu=cortex-m0 -mthumb -Wall -g -D DEBUG -Wa,-alh=.\CortexM0\ARM_GCC_473\Debug\isr_2.lst -O2 -ffunction-sections -c .\Generated_Source\PSoC4\isr_2.c -o .\CortexM0\ARM_GCC_473\Debug\isr_2.o
arm-none-eabi-gcc.exe -I. -I./Generated_Source/PSoC4 -Wno-main -mcpu=cortex-m0 -mthumb -Wall -g -D DEBUG -Wa,-alh=.\CortexM0\ARM_GCC_473\Debug\LED_Matrix_1.lst -O2 -ffunction-sections -c .\Generated_Source\PSoC4\LED_Matrix_1.c -o .\CortexM0\ARM_GCC_473\Debug\LED_Matrix_1.o
.\Generated_Source\PSoC4\LED_Matrix_1.c: In function 'LED_Matrix_1_Start':
.\Generated_Source\PSoC4\LED_Matrix_1.c:38:23: warning: 'interruptState' is used uninitialized in this function [-Wuninitialized]
arm-none-eabi-gcc.exe -I. -I./Generated_Source/PSoC4 -Wno-main -mcpu=cortex-m0 -mthumb -Wall -g -D DEBUG -Wa,-alh=.\CortexM0\ARM_GCC_473\Debug\UART_rx.lst -O2 -ffunction-sections -c .\Generated_Source\PSoC4\UART_rx.c -o .\CortexM0\ARM_GCC_473\Debug\UART_rx.o
arm-none-eabi-gcc.exe -I. -I./Generated_Source/PSoC4 -Wno-main -mcpu=cortex-m0 -mthumb -Wall -g -D DEBUG -Wa,-alh=.\CortexM0\ARM_GCC_473\Debug\UART_SCBCLK.lst -O2 -ffunction-sections -c .\Generated_Source\PSoC4\UART_SCBCLK.c -o .\CortexM0\ARM_GCC_473\Debug\UART_SCBCLK.o
arm-none-eabi-gcc.exe -I. -I./Generated_Source/PSoC4 -Wno-main -mcpu=cortex-m0 -mthumb -Wall -g -D DEBUG -Wa,-alh=.\CortexM0\ARM_GCC_473\Debug\UART_tx.lst -O2 -ffunction-sections -c .\Generated_Source\PSoC4\UART_tx.c -o .\CortexM0\ARM_GCC_473\Debug\UART_tx.o
arm-none-eabi-gcc.exe -I. -I./Generated_Source/PSoC4 -Wno-main -mcpu=cortex-m0 -mthumb -Wall -g -D DEBUG -Wa,-alh=.\CortexM0\ARM_GCC_473\Debug\Cm0Start.lst -O2 -ffunction-sections -c .\Generated_Source\PSoC4\Cm0Start.c -o .\CortexM0\ARM_GCC_473\Debug\Cm0Start.o
arm-none-eabi-as.exe -I. -I./Generated_Source/PSoC4 -mcpu=cortex-m0 -mthumb -g -alh=.\CortexM0\ARM_GCC_473\Debug/CyBootAsmGnu.lst -o .\CortexM0\ARM_GCC_473\Debug\CyBootAsmGnu.o .\Generated_Source\PSoC4\CyBootAsmGnu.s
arm-none-eabi-gcc.exe -I. -I./Generated_Source/PSoC4 -Wno-main -mcpu=cortex-m0 -mthumb -Wall -g -D DEBUG -Wa,-alh=.\CortexM0\ARM_GCC_473\Debug\CyFlash.lst -O2 -ffunction-sections -c .\Generated_Source\PSoC4\CyFlash.c -o .\CortexM0\ARM_GCC_473\Debug\CyFlash.o
arm-none-eabi-gcc.exe -I. -I./Generated_Source/PSoC4 -Wno-main -mcpu=cortex-m0 -mthumb -Wall -g -D DEBUG -Wa,-alh=.\CortexM0\ARM_GCC_473\Debug\CyLib.lst -O2 -ffunction-sections -c .\Generated_Source\PSoC4\CyLib.c -o .\CortexM0\ARM_GCC_473\Debug\CyLib.o
arm-none-eabi-gcc.exe -I. -I./Generated_Source/PSoC4 -Wno-main -mcpu=cortex-m0 -mthumb -Wall -g -D DEBUG -Wa,-alh=.\CortexM0\ARM_GCC_473\Debug\cyPm.lst -O2 -ffunction-sections -c .\Generated_Source\PSoC4\cyPm.c -o .\CortexM0\ARM_GCC_473\Debug\cyPm.o
arm-none-eabi-gcc.exe -I. -I./Generated_Source/PSoC4 -Wno-main -mcpu=cortex-m0 -mthumb -Wall -g -D DEBUG -Wa,-alh=.\CortexM0\ARM_GCC_473\Debug\cyutils.lst -O2 -ffunction-sections -c .\Generated_Source\PSoC4\cyutils.c -o .\CortexM0\ARM_GCC_473\Debug\cyutils.o
arm-none-eabi-ar.exe -rs .\CortexM0\ARM_GCC_473\Debug\RGB_LED_Matrix.a .\CortexM0\ARM_GCC_473\Debug\cyfitter_cfg.o .\CortexM0\ARM_GCC_473\Debug\P2_0_A.o .\CortexM0\ARM_GCC_473\Debug\P2_6_CLK.o .\CortexM0\ARM_GCC_473\Debug\P3_6_OE.o .\CortexM0\ARM_GCC_473\Debug\UART.o .\CortexM0\ARM_GCC_473\Debug\UART_SPI_UART.o .\CortexM0\ARM_GCC_473\Debug\UART_SPI_UART_INT.o .\CortexM0\ARM_GCC_473\Debug\UART_PM.o .\CortexM0\ARM_GCC_473\Debug\UART_UART.o .\CortexM0\ARM_GCC_473\Debug\UART_BOOT.o .\CortexM0\ARM_GCC_473\Debug\UART_UART_BOOT.o .\CortexM0\ARM_GCC_473\Debug\CR_Addr.o .\CortexM0\ARM_GCC_473\Debug\P2_1_B.o .\CortexM0\ARM_GCC_473\Debug\P2_2_C.o .\CortexM0\ARM_GCC_473\Debug\P2_7_B2.o .\CortexM0\ARM_GCC_473\Debug\P2_3_LAT.o .\CortexM0\ARM_GCC_473\Debug\P0_7_R1.o .\CortexM0\ARM_GCC_473\Debug\P3_7_G1.o .\CortexM0\ARM_GCC_473\Debug\P1_0_G2.o .\CortexM0\ARM_GCC_473\Debug\P0_0_B1.o .\CortexM0\ARM_GCC_473\Debug\P3_5_R2.o .\CortexM0\ARM_GCC_473\Debug\P2_4_done.o .\CortexM0\ARM_GCC_473\Debug\isr_2.o .\CortexM0\ARM_GCC_473\Debug\LED_Matrix_1.o .\CortexM0\ARM_GCC_473\Debug\UART_rx.o .\CortexM0\ARM_GCC_473\Debug\UART_SCBCLK.o .\CortexM0\ARM_GCC_473\Debug\UART_tx.o .\CortexM0\ARM_GCC_473\Debug\CyBootAsmGnu.o .\CortexM0\ARM_GCC_473\Debug\CyFlash.o .\CortexM0\ARM_GCC_473\Debug\CyLib.o .\CortexM0\ARM_GCC_473\Debug\cyPm.o .\CortexM0\ARM_GCC_473\Debug\cyutils.o
arm-none-eabi-ar.exe: creating .\CortexM0\ARM_GCC_473\Debug\RGB_LED_Matrix.a
arm-none-eabi-gcc.exe -mthumb -march=armv6-m -T .\Generated_Source\PSoC4\cm0gcc.ld -g -Wl,-Map,.\CortexM0\ARM_GCC_473\Debug\RGB_LED_Matrix.map -specs=nano.specs -Wl,--gc-sections -Wl,--start-group -o .\CortexM0\ARM_GCC_473\Debug\RGB_LED_Matrix.elf .\CortexM0\ARM_GCC_473\Debug\main.o .\CortexM0\ARM_GCC_473\Debug\LED_Matrix.o .\CortexM0\ARM_GCC_473\Debug\cymetadata.o .\CortexM0\ARM_GCC_473\Debug\Cm0Start.o .\CortexM0\ARM_GCC_473\Debug\RGB_LED_Matrix.a "C:\Program Files (x86)\Cypress\PSoC Creator\3.0\PSoC Creator\psoc\content\cycomponentlibrary\CyComponentLibrary.cylib\CortexM0\ARM_GCC_473\Debug\CyComponentLibrary.a" -Wl,--end-group
cyelftool.exe -C C:\Users\Steve\Desktop\RGB_LED_Matrix.COMMENTED4\RGB_LED_Matrix.cydsn\CortexM0\ARM_GCC_473\Debug\RGB_LED_Matrix.elf --flash_size 32768 --flash_row_size 128
cyelftool.exe -S C:\Users\Steve\Desktop\RGB_LED_Matrix.COMMENTED4\RGB_LED_Matrix.cydsn\CortexM0\ARM_GCC_473\Debug\RGB_LED_Matrix.elf
Flash used: 3496 of 32768 bytes (10.7 %).
SRAM used: 2508 of 4096 bytes (61.2 %).
--------------- Build Succeeded: 01/10/2014 11:26:20 ---------------
