ARM GAS  C:\Users\Steve\AppData\Local\Temp\ccCbHacP.s 			page 1


   1              		.cpu cortex-m0
   2              		.fpu softvfp
   3              		.eabi_attribute 20, 1
   4              		.eabi_attribute 21, 1
   5              		.eabi_attribute 23, 3
   6              		.eabi_attribute 24, 1
   7              		.eabi_attribute 25, 1
   8              		.eabi_attribute 26, 1
   9              		.eabi_attribute 30, 2
  10              		.eabi_attribute 34, 0
  11              		.eabi_attribute 18, 4
  12              		.code	16
  13              		.file	"UART_SPI_UART_INT.c"
  14              		.text
  15              	.Ltext0:
  16              		.cfi_sections	.debug_frame
  17              		.section	.text.UART_SPI_UART_ISR,"ax",%progbits
  18              		.align	2
  19              		.global	UART_SPI_UART_ISR
  20              		.code	16
  21              		.thumb_func
  22              		.type	UART_SPI_UART_ISR, %function
  23              	UART_SPI_UART_ISR:
  24              	.LFB0:
  25              		.file 1 ".\\Generated_Source\\PSoC4\\UART_SPI_UART_INT.c"
   1:.\Generated_Source\PSoC4/UART_SPI_UART_INT.c **** /*******************************************************************************
   2:.\Generated_Source\PSoC4/UART_SPI_UART_INT.c **** * File Name: UART_SPI_UART_INT.c
   3:.\Generated_Source\PSoC4/UART_SPI_UART_INT.c **** * Version 1.10
   4:.\Generated_Source\PSoC4/UART_SPI_UART_INT.c **** *
   5:.\Generated_Source\PSoC4/UART_SPI_UART_INT.c **** * Description:
   6:.\Generated_Source\PSoC4/UART_SPI_UART_INT.c **** *  This file provides the source code to the Interrupt Servive Routine for
   7:.\Generated_Source\PSoC4/UART_SPI_UART_INT.c **** *  the SCB Component in SPI and UART modes.
   8:.\Generated_Source\PSoC4/UART_SPI_UART_INT.c **** *
   9:.\Generated_Source\PSoC4/UART_SPI_UART_INT.c **** * Note:
  10:.\Generated_Source\PSoC4/UART_SPI_UART_INT.c **** *
  11:.\Generated_Source\PSoC4/UART_SPI_UART_INT.c **** ********************************************************************************
  12:.\Generated_Source\PSoC4/UART_SPI_UART_INT.c **** * Copyright 2013, Cypress Semiconductor Corporation.  All rights reserved.
  13:.\Generated_Source\PSoC4/UART_SPI_UART_INT.c **** * You may use this file only in accordance with the license, terms, conditions,
  14:.\Generated_Source\PSoC4/UART_SPI_UART_INT.c **** * disclaimers, and limitations in the end user license agreement accompanying
  15:.\Generated_Source\PSoC4/UART_SPI_UART_INT.c **** * the software package with which this file was provided.
  16:.\Generated_Source\PSoC4/UART_SPI_UART_INT.c **** *******************************************************************************/
  17:.\Generated_Source\PSoC4/UART_SPI_UART_INT.c **** 
  18:.\Generated_Source\PSoC4/UART_SPI_UART_INT.c **** #include "UART_PVT.h"
  19:.\Generated_Source\PSoC4/UART_SPI_UART_INT.c **** #include "UART_SPI_UART_PVT.h"
  20:.\Generated_Source\PSoC4/UART_SPI_UART_INT.c **** 
  21:.\Generated_Source\PSoC4/UART_SPI_UART_INT.c **** 
  22:.\Generated_Source\PSoC4/UART_SPI_UART_INT.c **** /*******************************************************************************
  23:.\Generated_Source\PSoC4/UART_SPI_UART_INT.c **** * Function Name: UART_SPI_UART_ISR
  24:.\Generated_Source\PSoC4/UART_SPI_UART_INT.c **** ********************************************************************************
  25:.\Generated_Source\PSoC4/UART_SPI_UART_INT.c **** *
  26:.\Generated_Source\PSoC4/UART_SPI_UART_INT.c **** * Summary:
  27:.\Generated_Source\PSoC4/UART_SPI_UART_INT.c **** *  Handles Interrupt Service Routine for SCB SPI or UART modes.
  28:.\Generated_Source\PSoC4/UART_SPI_UART_INT.c **** *
  29:.\Generated_Source\PSoC4/UART_SPI_UART_INT.c **** * Parameters:
  30:.\Generated_Source\PSoC4/UART_SPI_UART_INT.c **** *  None
  31:.\Generated_Source\PSoC4/UART_SPI_UART_INT.c **** *
  32:.\Generated_Source\PSoC4/UART_SPI_UART_INT.c **** * Return:
ARM GAS  C:\Users\Steve\AppData\Local\Temp\ccCbHacP.s 			page 2


  33:.\Generated_Source\PSoC4/UART_SPI_UART_INT.c **** *  None
  34:.\Generated_Source\PSoC4/UART_SPI_UART_INT.c **** *
  35:.\Generated_Source\PSoC4/UART_SPI_UART_INT.c **** *******************************************************************************/
  36:.\Generated_Source\PSoC4/UART_SPI_UART_INT.c **** CY_ISR(UART_SPI_UART_ISR)
  37:.\Generated_Source\PSoC4/UART_SPI_UART_INT.c **** {
  26              		.loc 1 37 0
  27              		.cfi_startproc
  28 0000 08B5     		push	{r3, lr}
  29              	.LCFI0:
  30              		.cfi_def_cfa_offset 8
  31              		.cfi_offset 3, -8
  32              		.cfi_offset 14, -4
  38:.\Generated_Source\PSoC4/UART_SPI_UART_INT.c ****     #if(UART_INTERNAL_RX_SW_BUFFER_CONST)
  39:.\Generated_Source\PSoC4/UART_SPI_UART_INT.c ****         uint32 locHead;
  40:.\Generated_Source\PSoC4/UART_SPI_UART_INT.c ****         uint32 dataRx;
  41:.\Generated_Source\PSoC4/UART_SPI_UART_INT.c ****     #endif /* (UART_INTERNAL_RX_SW_BUFFER_CONST) */
  42:.\Generated_Source\PSoC4/UART_SPI_UART_INT.c **** 
  43:.\Generated_Source\PSoC4/UART_SPI_UART_INT.c ****     #if(UART_INTERNAL_TX_SW_BUFFER_CONST)
  44:.\Generated_Source\PSoC4/UART_SPI_UART_INT.c ****         uint32 locTail;
  45:.\Generated_Source\PSoC4/UART_SPI_UART_INT.c ****     #endif /* (UART_INTERNAL_TX_SW_BUFFER_CONST) */
  46:.\Generated_Source\PSoC4/UART_SPI_UART_INT.c **** 
  47:.\Generated_Source\PSoC4/UART_SPI_UART_INT.c ****     if(NULL != UART_customIntrHandler)
  33              		.loc 1 47 0
  34 0002 034B     		ldr	r3, .L7
  35 0004 1868     		ldr	r0, [r3]
  36 0006 0028     		cmp	r0, #0
  37 0008 00D0     		beq	.L1
  48:.\Generated_Source\PSoC4/UART_SPI_UART_INT.c ****     {
  49:.\Generated_Source\PSoC4/UART_SPI_UART_INT.c ****         UART_customIntrHandler(); /* Call customer routine if needed */
  38              		.loc 1 49 0
  39 000a 8047     		blx	r0
  40              	.LVL0:
  41              	.L1:
  50:.\Generated_Source\PSoC4/UART_SPI_UART_INT.c ****     }
  51:.\Generated_Source\PSoC4/UART_SPI_UART_INT.c **** 
  52:.\Generated_Source\PSoC4/UART_SPI_UART_INT.c ****     #if(UART_CHECK_SPI_WAKE_ENABLE)
  53:.\Generated_Source\PSoC4/UART_SPI_UART_INT.c ****     {
  54:.\Generated_Source\PSoC4/UART_SPI_UART_INT.c ****         /* Clear SPI wakeup source */
  55:.\Generated_Source\PSoC4/UART_SPI_UART_INT.c ****         UART_ClearSpiExtClkInterruptSource(UART_INTR_SPI_EC_WAKE_UP);
  56:.\Generated_Source\PSoC4/UART_SPI_UART_INT.c ****     }
  57:.\Generated_Source\PSoC4/UART_SPI_UART_INT.c ****     #endif
  58:.\Generated_Source\PSoC4/UART_SPI_UART_INT.c **** 
  59:.\Generated_Source\PSoC4/UART_SPI_UART_INT.c ****     #if(UART_CHECK_RX_SW_BUFFER)
  60:.\Generated_Source\PSoC4/UART_SPI_UART_INT.c ****     {
  61:.\Generated_Source\PSoC4/UART_SPI_UART_INT.c ****         /* Get data from RX FIFO */
  62:.\Generated_Source\PSoC4/UART_SPI_UART_INT.c ****         if(UART_CHECK_INTR_RX_MASKED(UART_INTR_RX_NOT_EMPTY))
  63:.\Generated_Source\PSoC4/UART_SPI_UART_INT.c ****         {
  64:.\Generated_Source\PSoC4/UART_SPI_UART_INT.c ****             while(0u != UART_GET_RX_FIFO_ENTRIES)
  65:.\Generated_Source\PSoC4/UART_SPI_UART_INT.c ****             {
  66:.\Generated_Source\PSoC4/UART_SPI_UART_INT.c ****                 /* Get data from RX FIFO */
  67:.\Generated_Source\PSoC4/UART_SPI_UART_INT.c ****                 dataRx = UART_RX_FIFO_RD_REG;
  68:.\Generated_Source\PSoC4/UART_SPI_UART_INT.c **** 
  69:.\Generated_Source\PSoC4/UART_SPI_UART_INT.c ****                 /* Move local head index */
  70:.\Generated_Source\PSoC4/UART_SPI_UART_INT.c ****                 locHead = (UART_rxBufferHead + 1u);
  71:.\Generated_Source\PSoC4/UART_SPI_UART_INT.c **** 
  72:.\Generated_Source\PSoC4/UART_SPI_UART_INT.c ****                 /* Adjust local head index */
  73:.\Generated_Source\PSoC4/UART_SPI_UART_INT.c ****                 if(UART_RX_BUFFER_SIZE == locHead)
ARM GAS  C:\Users\Steve\AppData\Local\Temp\ccCbHacP.s 			page 3


  74:.\Generated_Source\PSoC4/UART_SPI_UART_INT.c ****                 {
  75:.\Generated_Source\PSoC4/UART_SPI_UART_INT.c ****                     locHead = 0u;
  76:.\Generated_Source\PSoC4/UART_SPI_UART_INT.c ****                 }
  77:.\Generated_Source\PSoC4/UART_SPI_UART_INT.c **** 
  78:.\Generated_Source\PSoC4/UART_SPI_UART_INT.c ****                 if(locHead == UART_rxBufferTail)
  79:.\Generated_Source\PSoC4/UART_SPI_UART_INT.c ****                 {
  80:.\Generated_Source\PSoC4/UART_SPI_UART_INT.c ****                     /* Overflow: through away new data */
  81:.\Generated_Source\PSoC4/UART_SPI_UART_INT.c ****                     UART_rxBufferOverflow = (uint8) UART_INTR_RX_OVERFLOW;
  82:.\Generated_Source\PSoC4/UART_SPI_UART_INT.c ****                 }
  83:.\Generated_Source\PSoC4/UART_SPI_UART_INT.c ****                 else
  84:.\Generated_Source\PSoC4/UART_SPI_UART_INT.c ****                 {
  85:.\Generated_Source\PSoC4/UART_SPI_UART_INT.c ****                     /* Store received data */
  86:.\Generated_Source\PSoC4/UART_SPI_UART_INT.c ****                     UART_PutWordInRxBuffer(locHead, dataRx);
  87:.\Generated_Source\PSoC4/UART_SPI_UART_INT.c **** 
  88:.\Generated_Source\PSoC4/UART_SPI_UART_INT.c ****                     /* Move head index */
  89:.\Generated_Source\PSoC4/UART_SPI_UART_INT.c ****                     UART_rxBufferHead = locHead;
  90:.\Generated_Source\PSoC4/UART_SPI_UART_INT.c ****                 }
  91:.\Generated_Source\PSoC4/UART_SPI_UART_INT.c ****             }
  92:.\Generated_Source\PSoC4/UART_SPI_UART_INT.c **** 
  93:.\Generated_Source\PSoC4/UART_SPI_UART_INT.c ****             UART_ClearRxInterruptSource(UART_INTR_RX_NOT_EMPTY);
  94:.\Generated_Source\PSoC4/UART_SPI_UART_INT.c ****         }
  95:.\Generated_Source\PSoC4/UART_SPI_UART_INT.c ****     }
  96:.\Generated_Source\PSoC4/UART_SPI_UART_INT.c ****     #endif
  97:.\Generated_Source\PSoC4/UART_SPI_UART_INT.c **** 
  98:.\Generated_Source\PSoC4/UART_SPI_UART_INT.c **** 
  99:.\Generated_Source\PSoC4/UART_SPI_UART_INT.c ****     #if(UART_CHECK_TX_SW_BUFFER)
 100:.\Generated_Source\PSoC4/UART_SPI_UART_INT.c ****     {
 101:.\Generated_Source\PSoC4/UART_SPI_UART_INT.c ****         if(UART_CHECK_INTR_TX_MASKED(UART_INTR_TX_NOT_FULL))
 102:.\Generated_Source\PSoC4/UART_SPI_UART_INT.c ****         {
 103:.\Generated_Source\PSoC4/UART_SPI_UART_INT.c ****             /* Put data into TX FIFO */
 104:.\Generated_Source\PSoC4/UART_SPI_UART_INT.c ****             while(UART_FIFO_SIZE != UART_GET_TX_FIFO_ENTRIES)
 105:.\Generated_Source\PSoC4/UART_SPI_UART_INT.c ****             {
 106:.\Generated_Source\PSoC4/UART_SPI_UART_INT.c ****                 /* There is a data in TX software buffer */
 107:.\Generated_Source\PSoC4/UART_SPI_UART_INT.c ****                 if(UART_txBufferHead != UART_txBufferTail)
 108:.\Generated_Source\PSoC4/UART_SPI_UART_INT.c ****                 {
 109:.\Generated_Source\PSoC4/UART_SPI_UART_INT.c ****                     /* Mode local tail index */
 110:.\Generated_Source\PSoC4/UART_SPI_UART_INT.c ****                     locTail = (UART_txBufferTail + 1u);
 111:.\Generated_Source\PSoC4/UART_SPI_UART_INT.c **** 
 112:.\Generated_Source\PSoC4/UART_SPI_UART_INT.c ****                     /* Adjust local tail index */
 113:.\Generated_Source\PSoC4/UART_SPI_UART_INT.c ****                     if(UART_TX_BUFFER_SIZE == locTail)
 114:.\Generated_Source\PSoC4/UART_SPI_UART_INT.c ****                     {
 115:.\Generated_Source\PSoC4/UART_SPI_UART_INT.c ****                         locTail = 0u;
 116:.\Generated_Source\PSoC4/UART_SPI_UART_INT.c ****                     }
 117:.\Generated_Source\PSoC4/UART_SPI_UART_INT.c **** 
 118:.\Generated_Source\PSoC4/UART_SPI_UART_INT.c ****                     /* Put data into TX FIFO */
 119:.\Generated_Source\PSoC4/UART_SPI_UART_INT.c ****                     UART_TX_FIFO_WR_REG = UART_GetWordFromTxBuffer(locTail);
 120:.\Generated_Source\PSoC4/UART_SPI_UART_INT.c **** 
 121:.\Generated_Source\PSoC4/UART_SPI_UART_INT.c ****                     /* Mode tail index */
 122:.\Generated_Source\PSoC4/UART_SPI_UART_INT.c ****                     UART_txBufferTail = locTail;
 123:.\Generated_Source\PSoC4/UART_SPI_UART_INT.c ****                 }
 124:.\Generated_Source\PSoC4/UART_SPI_UART_INT.c ****                 else
 125:.\Generated_Source\PSoC4/UART_SPI_UART_INT.c ****                 {
 126:.\Generated_Source\PSoC4/UART_SPI_UART_INT.c ****                     /* TX software buffer is EMPTY: end of transmitting */
 127:.\Generated_Source\PSoC4/UART_SPI_UART_INT.c ****                     UART_DISABLE_INTR_TX(UART_INTR_TX_NOT_FULL);
 128:.\Generated_Source\PSoC4/UART_SPI_UART_INT.c ****                     break;
 129:.\Generated_Source\PSoC4/UART_SPI_UART_INT.c ****                 }
 130:.\Generated_Source\PSoC4/UART_SPI_UART_INT.c ****             }
ARM GAS  C:\Users\Steve\AppData\Local\Temp\ccCbHacP.s 			page 4


 131:.\Generated_Source\PSoC4/UART_SPI_UART_INT.c **** 
 132:.\Generated_Source\PSoC4/UART_SPI_UART_INT.c ****             UART_ClearTxInterruptSource(UART_INTR_TX_NOT_FULL);
 133:.\Generated_Source\PSoC4/UART_SPI_UART_INT.c ****         }
 134:.\Generated_Source\PSoC4/UART_SPI_UART_INT.c ****     }
 135:.\Generated_Source\PSoC4/UART_SPI_UART_INT.c ****     #endif
 136:.\Generated_Source\PSoC4/UART_SPI_UART_INT.c **** }
  42              		.loc 1 136 0
  43              		@ sp needed for prologue
  44 000c 08BD     		pop	{r3, pc}
  45              	.L8:
  46 000e C046     		.align	2
  47              	.L7:
  48 0010 00000000 		.word	UART_customIntrHandler
  49              		.cfi_endproc
  50              	.LFE0:
  51              		.size	UART_SPI_UART_ISR, .-UART_SPI_UART_ISR
  52              		.text
  53              	.Letext0:
  54              		.file 2 ".\\Generated_Source\\PSoC4\\cytypes.h"
  55              		.file 3 ".\\Generated_Source\\PSoC4\\UART_PVT.h"
  56              		.section	.debug_info,"",%progbits
  57              	.Ldebug_info0:
  58 0000 BF000000 		.4byte	0xbf
  59 0004 0200     		.2byte	0x2
  60 0006 00000000 		.4byte	.Ldebug_abbrev0
  61 000a 04       		.byte	0x4
  62 000b 01       		.uleb128 0x1
  63 000c 48000000 		.4byte	.LASF13
  64 0010 01       		.byte	0x1
  65 0011 1B000000 		.4byte	.LASF14
  66 0015 BA000000 		.4byte	.LASF15
  67 0019 00000000 		.4byte	.Ldebug_ranges0+0
  68 001d 00000000 		.4byte	0
  69 0021 00000000 		.4byte	0
  70 0025 00000000 		.4byte	.Ldebug_line0
  71 0029 02       		.uleb128 0x2
  72 002a 01       		.byte	0x1
  73 002b 06       		.byte	0x6
  74 002c 4F010000 		.4byte	.LASF0
  75 0030 02       		.uleb128 0x2
  76 0031 01       		.byte	0x1
  77 0032 08       		.byte	0x8
  78 0033 F5000000 		.4byte	.LASF1
  79 0037 02       		.uleb128 0x2
  80 0038 02       		.byte	0x2
  81 0039 05       		.byte	0x5
  82 003a 73010000 		.4byte	.LASF2
  83 003e 02       		.uleb128 0x2
  84 003f 02       		.byte	0x2
  85 0040 07       		.byte	0x7
  86 0041 3C010000 		.4byte	.LASF3
  87 0045 02       		.uleb128 0x2
  88 0046 04       		.byte	0x4
  89 0047 05       		.byte	0x5
  90 0048 1F010000 		.4byte	.LASF4
  91 004c 02       		.uleb128 0x2
  92 004d 04       		.byte	0x4
ARM GAS  C:\Users\Steve\AppData\Local\Temp\ccCbHacP.s 			page 5


  93 004e 07       		.byte	0x7
  94 004f 91000000 		.4byte	.LASF5
  95 0053 02       		.uleb128 0x2
  96 0054 08       		.byte	0x8
  97 0055 05       		.byte	0x5
  98 0056 00000000 		.4byte	.LASF6
  99 005a 02       		.uleb128 0x2
 100 005b 08       		.byte	0x8
 101 005c 07       		.byte	0x7
 102 005d A3000000 		.4byte	.LASF7
 103 0061 03       		.uleb128 0x3
 104 0062 04       		.byte	0x4
 105 0063 05       		.byte	0x5
 106 0064 696E7400 		.ascii	"int\000"
 107 0068 02       		.uleb128 0x2
 108 0069 04       		.byte	0x4
 109 006a 07       		.byte	0x7
 110 006b 0E000000 		.4byte	.LASF8
 111 006f 02       		.uleb128 0x2
 112 0070 04       		.byte	0x4
 113 0071 04       		.byte	0x4
 114 0072 5B010000 		.4byte	.LASF9
 115 0076 02       		.uleb128 0x2
 116 0077 08       		.byte	0x8
 117 0078 04       		.byte	0x4
 118 0079 35010000 		.4byte	.LASF10
 119 007d 02       		.uleb128 0x2
 120 007e 01       		.byte	0x1
 121 007f 08       		.byte	0x8
 122 0080 1A010000 		.4byte	.LASF11
 123 0084 04       		.uleb128 0x4
 124 0085 28010000 		.4byte	.LASF16
 125 0089 02       		.byte	0x2
 126 008a 0201     		.2byte	0x102
 127 008c 90000000 		.4byte	0x90
 128 0090 05       		.uleb128 0x5
 129 0091 04       		.byte	0x4
 130 0092 96000000 		.4byte	0x96
 131 0096 06       		.uleb128 0x6
 132 0097 01       		.byte	0x1
 133 0098 02       		.uleb128 0x2
 134 0099 04       		.byte	0x4
 135 009a 07       		.byte	0x7
 136 009b 7D010000 		.4byte	.LASF12
 137 009f 07       		.uleb128 0x7
 138 00a0 01       		.byte	0x1
 139 00a1 61010000 		.4byte	.LASF17
 140 00a5 01       		.byte	0x1
 141 00a6 24       		.byte	0x24
 142 00a7 01       		.byte	0x1
 143 00a8 00000000 		.4byte	.LFB0
 144 00ac 14000000 		.4byte	.LFE0
 145 00b0 00000000 		.4byte	.LLST0
 146 00b4 01       		.byte	0x1
 147 00b5 08       		.uleb128 0x8
 148 00b6 03010000 		.4byte	.LASF18
 149 00ba 03       		.byte	0x3
ARM GAS  C:\Users\Steve\AppData\Local\Temp\ccCbHacP.s 			page 6


 150 00bb 37       		.byte	0x37
 151 00bc 84000000 		.4byte	0x84
 152 00c0 01       		.byte	0x1
 153 00c1 01       		.byte	0x1
 154 00c2 00       		.byte	0
 155              		.section	.debug_abbrev,"",%progbits
 156              	.Ldebug_abbrev0:
 157 0000 01       		.uleb128 0x1
 158 0001 11       		.uleb128 0x11
 159 0002 01       		.byte	0x1
 160 0003 25       		.uleb128 0x25
 161 0004 0E       		.uleb128 0xe
 162 0005 13       		.uleb128 0x13
 163 0006 0B       		.uleb128 0xb
 164 0007 03       		.uleb128 0x3
 165 0008 0E       		.uleb128 0xe
 166 0009 1B       		.uleb128 0x1b
 167 000a 0E       		.uleb128 0xe
 168 000b 55       		.uleb128 0x55
 169 000c 06       		.uleb128 0x6
 170 000d 11       		.uleb128 0x11
 171 000e 01       		.uleb128 0x1
 172 000f 52       		.uleb128 0x52
 173 0010 01       		.uleb128 0x1
 174 0011 10       		.uleb128 0x10
 175 0012 06       		.uleb128 0x6
 176 0013 00       		.byte	0
 177 0014 00       		.byte	0
 178 0015 02       		.uleb128 0x2
 179 0016 24       		.uleb128 0x24
 180 0017 00       		.byte	0
 181 0018 0B       		.uleb128 0xb
 182 0019 0B       		.uleb128 0xb
 183 001a 3E       		.uleb128 0x3e
 184 001b 0B       		.uleb128 0xb
 185 001c 03       		.uleb128 0x3
 186 001d 0E       		.uleb128 0xe
 187 001e 00       		.byte	0
 188 001f 00       		.byte	0
 189 0020 03       		.uleb128 0x3
 190 0021 24       		.uleb128 0x24
 191 0022 00       		.byte	0
 192 0023 0B       		.uleb128 0xb
 193 0024 0B       		.uleb128 0xb
 194 0025 3E       		.uleb128 0x3e
 195 0026 0B       		.uleb128 0xb
 196 0027 03       		.uleb128 0x3
 197 0028 08       		.uleb128 0x8
 198 0029 00       		.byte	0
 199 002a 00       		.byte	0
 200 002b 04       		.uleb128 0x4
 201 002c 16       		.uleb128 0x16
 202 002d 00       		.byte	0
 203 002e 03       		.uleb128 0x3
 204 002f 0E       		.uleb128 0xe
 205 0030 3A       		.uleb128 0x3a
 206 0031 0B       		.uleb128 0xb
ARM GAS  C:\Users\Steve\AppData\Local\Temp\ccCbHacP.s 			page 7


 207 0032 3B       		.uleb128 0x3b
 208 0033 05       		.uleb128 0x5
 209 0034 49       		.uleb128 0x49
 210 0035 13       		.uleb128 0x13
 211 0036 00       		.byte	0
 212 0037 00       		.byte	0
 213 0038 05       		.uleb128 0x5
 214 0039 0F       		.uleb128 0xf
 215 003a 00       		.byte	0
 216 003b 0B       		.uleb128 0xb
 217 003c 0B       		.uleb128 0xb
 218 003d 49       		.uleb128 0x49
 219 003e 13       		.uleb128 0x13
 220 003f 00       		.byte	0
 221 0040 00       		.byte	0
 222 0041 06       		.uleb128 0x6
 223 0042 15       		.uleb128 0x15
 224 0043 00       		.byte	0
 225 0044 27       		.uleb128 0x27
 226 0045 0C       		.uleb128 0xc
 227 0046 00       		.byte	0
 228 0047 00       		.byte	0
 229 0048 07       		.uleb128 0x7
 230 0049 2E       		.uleb128 0x2e
 231 004a 00       		.byte	0
 232 004b 3F       		.uleb128 0x3f
 233 004c 0C       		.uleb128 0xc
 234 004d 03       		.uleb128 0x3
 235 004e 0E       		.uleb128 0xe
 236 004f 3A       		.uleb128 0x3a
 237 0050 0B       		.uleb128 0xb
 238 0051 3B       		.uleb128 0x3b
 239 0052 0B       		.uleb128 0xb
 240 0053 27       		.uleb128 0x27
 241 0054 0C       		.uleb128 0xc
 242 0055 11       		.uleb128 0x11
 243 0056 01       		.uleb128 0x1
 244 0057 12       		.uleb128 0x12
 245 0058 01       		.uleb128 0x1
 246 0059 40       		.uleb128 0x40
 247 005a 06       		.uleb128 0x6
 248 005b 9642     		.uleb128 0x2116
 249 005d 0C       		.uleb128 0xc
 250 005e 00       		.byte	0
 251 005f 00       		.byte	0
 252 0060 08       		.uleb128 0x8
 253 0061 34       		.uleb128 0x34
 254 0062 00       		.byte	0
 255 0063 03       		.uleb128 0x3
 256 0064 0E       		.uleb128 0xe
 257 0065 3A       		.uleb128 0x3a
 258 0066 0B       		.uleb128 0xb
 259 0067 3B       		.uleb128 0x3b
 260 0068 0B       		.uleb128 0xb
 261 0069 49       		.uleb128 0x49
 262 006a 13       		.uleb128 0x13
 263 006b 3F       		.uleb128 0x3f
ARM GAS  C:\Users\Steve\AppData\Local\Temp\ccCbHacP.s 			page 8


 264 006c 0C       		.uleb128 0xc
 265 006d 3C       		.uleb128 0x3c
 266 006e 0C       		.uleb128 0xc
 267 006f 00       		.byte	0
 268 0070 00       		.byte	0
 269 0071 00       		.byte	0
 270              		.section	.debug_loc,"",%progbits
 271              	.Ldebug_loc0:
 272              	.LLST0:
 273 0000 00000000 		.4byte	.LFB0
 274 0004 02000000 		.4byte	.LCFI0
 275 0008 0200     		.2byte	0x2
 276 000a 7D       		.byte	0x7d
 277 000b 00       		.sleb128 0
 278 000c 02000000 		.4byte	.LCFI0
 279 0010 14000000 		.4byte	.LFE0
 280 0014 0200     		.2byte	0x2
 281 0016 7D       		.byte	0x7d
 282 0017 08       		.sleb128 8
 283 0018 00000000 		.4byte	0
 284 001c 00000000 		.4byte	0
 285              		.section	.debug_aranges,"",%progbits
 286 0000 1C000000 		.4byte	0x1c
 287 0004 0200     		.2byte	0x2
 288 0006 00000000 		.4byte	.Ldebug_info0
 289 000a 04       		.byte	0x4
 290 000b 00       		.byte	0
 291 000c 0000     		.2byte	0
 292 000e 0000     		.2byte	0
 293 0010 00000000 		.4byte	.LFB0
 294 0014 14000000 		.4byte	.LFE0-.LFB0
 295 0018 00000000 		.4byte	0
 296 001c 00000000 		.4byte	0
 297              		.section	.debug_ranges,"",%progbits
 298              	.Ldebug_ranges0:
 299 0000 00000000 		.4byte	.LFB0
 300 0004 14000000 		.4byte	.LFE0
 301 0008 00000000 		.4byte	0
 302 000c 00000000 		.4byte	0
 303              		.section	.debug_line,"",%progbits
 304              	.Ldebug_line0:
 305 0000 7B000000 		.section	.debug_str,"MS",%progbits,1
 305      02005E00 
 305      00000201 
 305      FB0E0D00 
 305      01010101 
 306              	.LASF6:
 307 0000 6C6F6E67 		.ascii	"long long int\000"
 307      206C6F6E 
 307      6720696E 
 307      7400
 308              	.LASF8:
 309 000e 756E7369 		.ascii	"unsigned int\000"
 309      676E6564 
 309      20696E74 
 309      00
 310              	.LASF14:
ARM GAS  C:\Users\Steve\AppData\Local\Temp\ccCbHacP.s 			page 9


 311 001b 2E5C4765 		.ascii	".\\Generated_Source\\PSoC4\\UART_SPI_UART_INT.c\000"
 311      6E657261 
 311      7465645F 
 311      536F7572 
 311      63655C50 
 312              	.LASF13:
 313 0048 474E5520 		.ascii	"GNU C 4.7.3 20130312 (release) [ARM/embedded-4_7-br"
 313      4320342E 
 313      372E3320 
 313      32303133 
 313      30333132 
 314 007b 616E6368 		.ascii	"anch revision 196615]\000"
 314      20726576 
 314      6973696F 
 314      6E203139 
 314      36363135 
 315              	.LASF5:
 316 0091 6C6F6E67 		.ascii	"long unsigned int\000"
 316      20756E73 
 316      69676E65 
 316      6420696E 
 316      7400
 317              	.LASF7:
 318 00a3 6C6F6E67 		.ascii	"long long unsigned int\000"
 318      206C6F6E 
 318      6720756E 
 318      7369676E 
 318      65642069 
 319              	.LASF15:
 320 00ba 433A5C55 		.ascii	"C:\\Users\\Steve\\Documents\\Git\\GlowTime\\RGB_LED"
 320      73657273 
 320      5C537465 
 320      76655C44 
 320      6F63756D 
 321 00e7 5F4D6174 		.ascii	"_Matrix.cydsn\000"
 321      7269782E 
 321      63796473 
 321      6E00
 322              	.LASF1:
 323 00f5 756E7369 		.ascii	"unsigned char\000"
 323      676E6564 
 323      20636861 
 323      7200
 324              	.LASF18:
 325 0103 55415254 		.ascii	"UART_customIntrHandler\000"
 325      5F637573 
 325      746F6D49 
 325      6E747248 
 325      616E646C 
 326              	.LASF11:
 327 011a 63686172 		.ascii	"char\000"
 327      00
 328              	.LASF4:
 329 011f 6C6F6E67 		.ascii	"long int\000"
 329      20696E74 
 329      00
 330              	.LASF16:
ARM GAS  C:\Users\Steve\AppData\Local\Temp\ccCbHacP.s 			page 10


 331 0128 63796973 		.ascii	"cyisraddress\000"
 331      72616464 
 331      72657373 
 331      00
 332              	.LASF10:
 333 0135 646F7562 		.ascii	"double\000"
 333      6C6500
 334              	.LASF3:
 335 013c 73686F72 		.ascii	"short unsigned int\000"
 335      7420756E 
 335      7369676E 
 335      65642069 
 335      6E7400
 336              	.LASF0:
 337 014f 7369676E 		.ascii	"signed char\000"
 337      65642063 
 337      68617200 
 338              	.LASF9:
 339 015b 666C6F61 		.ascii	"float\000"
 339      7400
 340              	.LASF17:
 341 0161 55415254 		.ascii	"UART_SPI_UART_ISR\000"
 341      5F535049 
 341      5F554152 
 341      545F4953 
 341      5200
 342              	.LASF2:
 343 0173 73686F72 		.ascii	"short int\000"
 343      7420696E 
 343      7400
 344              	.LASF12:
 345 017d 73697A65 		.ascii	"sizetype\000"
 345      74797065 
 345      00
 346              		.ident	"GCC: (GNU Tools for ARM Embedded Processors) 4.7.3 20130312 (release) [ARM/embedded-4_7-br
